◈ BTCDetect Software Even and ODD v3.5 — Crypto Research Interface
──────────────────────────────────────────────────────────────────────────────
[ REVERSE ] All fields cleared. Enter a new Bitcoin Address.
──────────────────────────────────────────────────────────────────────────────
[ EXTRACT ] Bitcoin Address: 18FNS3J2FsY1fvbAwCZEhT7TW9VkMmYzpi
[ EXTRACT ] Querying Blockstream API...
[ EXTRACT ] Public Key found:
  029b4e34bfb7395a5f7e6558b759c9e24b3c3c3c1b527be3fe60d81f29f5f40d48
  Gx = 0x9b4e34bfb7395a5f7e6558b759c9e24b3c3c3c1b527be3fe60d81f29f5f40d48
  Gy = 0xb3faaffa7c6aa267acf8442df09ea298732915b7b6a79dd7f59e26ed7068aa1c
[ EXTRACT ] Ready. Press RUN to start scalar multiplication.
──────────────────────────────────────────────────────────────────────────────
[ RUN ] Starting scalar multiplication cycle...
[ RUN ] Total bits: 256
[ STEP 001 ] Bit #256 = '1' → Using Private_Key_Odd
  Next_Pubkey.Gx = 0x23023ad71a329cbe51...cec98bc9
  Next_Pubkey.Gy = 0x2872114f1e23bf1a26...e592b3aa
[ STEP 002 ] Bit #255 = '1' → Using Private_Key_Odd
  Next_Pubkey.Gx = 0xd51df1611b842345dd...62138b3f
  Next_Pubkey.Gy = 0x2bd468640037217f70...4461aa20
[ STEP 003 ] Bit #254 = '0' → Using Private_Key_Even
  Next_Pubkey.Gx = 0xa5f597519942abec27...30263965
  Next_Pubkey.Gy = 0x5397a8195af152f8d2...99e7ec71
[ STEP 004 ] Bit #253 = '0' → Using Private_Key_Even
  Next_Pubkey.Gx = 0x206fe50d91f3dd1d93...d8072439
  Next_Pubkey.Gy = 0xf86a0b807420159fca...3935f401
[ STEP 005 ] Bit #252 = '0' → Using Private_Key_Even
  Next_Pubkey.Gx = 0x9e144441b29dc58a0a...5039ea86
  Next_Pubkey.Gy = 0xa51bbb35acedc9a0d3...26d578a1
[ STEP 006 ] Bit #251 = '0' → Using Private_Key_Even
  Next_Pubkey.Gx = 0x57779cf0577bf5ac59...f5071b88
  Next_Pubkey.Gy = 0x17aaf57db85edf5d1b...40211e65
[ STEP 007 ] Bit #250 = '0' → Using Private_Key_Even
  Next_Pubkey.Gx = 0xf8f209e63a3ef8fa9d...9a9bb484
  Next_Pubkey.Gy = 0x1679dbd0488e2d45c0...b177eaef
[ STEP 008 ] Bit #249 = '0' → Using Private_Key_Even
  Next_Pubkey.Gx = 0x7758dbd1b225c2f47a...f94ee89e
  Next_Pubkey.Gy = 0xdc37bc62ce8b3d5d36...0e64f132
[ STEP 009 ] Bit #248 = '1' → Using Private_Key_Odd
  Next_Pubkey.Gx = 0xf688ae9ea2e18b49a0...2d1ba35c
  Next_Pubkey.Gy = 0xef0d75b0ab71b1e3a7...c965d133
[ STEP 010 ] Bit #247 = '1' → Using Private_Key_Odd
  Next_Pubkey.Gx = 0x15274dc2baa587ca11...e09366dc
  Next_Pubkey.Gy = 0xf23518283df50d7404...367380f1
[ STEP 011 ] Bit #246 = '1' → Using Private_Key_Odd
  Next_Pubkey.Gx = 0x5aab9df226b1a0e49d...84c0c271
  Next_Pubkey.Gy = 0xe4f56d61b777d5b441...844b167e
[ STEP 012 ] Bit #245 = '0' → Using Private_Key_Even
  Next_Pubkey.Gx = 0xddf8ee98b7c8f48b21...d5e7f304
  Next_Pubkey.Gy = 0xe3a52f0c90efa33a41...d2d7932a
[ STEP 013 ] Bit #244 = '0' → Using Private_Key_Even
  Next_Pubkey.Gx = 0xadc948b716e4f5ab9d...5bf77216
  Next_Pubkey.Gy = 0xc8652a8963e3e5ebb9...84c28d4a
[ STEP 014 ] Bit #243 = '0' → Using Private_Key_Even
  Next_Pubkey.Gx = 0x9466e51cbe806a0378...771c10ca
  Next_Pubkey.Gy = 0xef573424e234e650ab...0d918461
[ STEP 015 ] Bit #242 = '1' → Using Private_Key_Odd
  Next_Pubkey.Gx = 0x1cfda53c43ecd828fb...ecc89311
  Next_Pubkey.Gy = 0xcfe57d7299c2e88a8d...71d3bebc
[ STEP 016 ] Bit #241 = '1' → Using Private_Key_Odd
  Next_Pubkey.Gx = 0xe8aab7fe23c57a0f54...ef9f5a8d
  Next_Pubkey.Gy = 0xe7a0272acc4980bc48...5fab3cf9
[ STEP 017 ] Bit #240 = '0' → Using Private_Key_Even
  Next_Pubkey.Gx = 0xeb3cb4a24c068924b3...64eb1f2c
  Next_Pubkey.Gy = 0xd544b13954185c8fe0...ee16b5dc
[ STEP 018 ] Bit #239 = '0' → Using Private_Key_Even
  Next_Pubkey.Gx = 0xfc996938798f508f25...ad1f4d96
  Next_Pubkey.Gy = 0xff26ea7353abd3bf46...6c21b47b
[ STEP 019 ] Bit #238 = '0' → Using Private_Key_Even
  Next_Pubkey.Gx = 0x4baec67b5cf6fefc91...1b00351b
  Next_Pubkey.Gy = 0xaeb41f5a9cc9130be5...7f84d1fd
[ STEP 020 ] Bit #237 = '1' → Using Private_Key_Odd
  Next_Pubkey.Gx = 0xda008d3074915c0bd3...643a8785
  Next_Pubkey.Gy = 0xb7f1ca07be1f25c015...d5fd2c3e
[ STEP 021 ] Bit #236 = '0' → Using Private_Key_Even
  Next_Pubkey.Gx = 0xae6ce7513817b59000...4c85f2e1
  Next_Pubkey.Gy = 0xd37acacb3c684b0b8c...fec7e490
[ STEP 022 ] Bit #235 = '0' → Using Private_Key_Even
  Next_Pubkey.Gx = 0xf4701a2fc5d13da09f...e91d6297
  Next_Pubkey.Gy = 0x3bbaf9c76281436e71...5adbc72a
[ STEP 023 ] Bit #234 = '1' → Using Private_Key_Odd
  Next_Pubkey.Gx = 0x26e7203d0f7bbaa3f0...ddb0d99e
  Next_Pubkey.Gy = 0x8e9f8bb0f55ae98ad6...542297cf
[ STEP 024 ] Bit #233 = '0' → Using Private_Key_Even
  Next_Pubkey.Gx = 0xcea413581238f699e7...71a0cf3f
  Next_Pubkey.Gy = 0x388893abb759876400...5eefbe5c
[ STEP 025 ] Bit #232 = '0' → Using Private_Key_Even
  Next_Pubkey.Gx = 0x834c53872da5cf6ecf...a9044a19
  Next_Pubkey.Gy = 0x69e7aaae6a49f15831...e7fe0116
[ STEP 026 ] Bit #231 = '1' → Using Private_Key_Odd
  Next_Pubkey.Gx = 0xf8084c3bbfbf2b9540...660769d7
  Next_Pubkey.Gy = 0xbd31dafd9c3cb3b415...839bea08
[ STEP 027 ] Bit #230 = '0' → Using Private_Key_Even
  Next_Pubkey.Gx = 0x4952b1dd684532cf79...9754a0d3
  Next_Pubkey.Gy = 0x2549a5669ba836081c...03ceba7f
[ STEP 028 ] Bit #229 = '0' → Using Private_Key_Even
  Next_Pubkey.Gx = 0xfc499508cb682e3369...114ee272
  Next_Pubkey.Gy = 0xc2160f3dea93027ff1...47484b13
[ STEP 029 ] Bit #228 = '0' → Using Private_Key_Even
  Next_Pubkey.Gx = 0x7d92e1a6d49ca27616...4e127a26
  Next_Pubkey.Gy = 0xe5af3ff2d163c641ed...13ce1921
[ STEP 030 ] Bit #227 = '1' → Using Private_Key_Odd
  Next_Pubkey.Gx = 0x30c76662171e2b1e0f...340e604f
  Next_Pubkey.Gy = 0xa36c66afdc6cf34f2c...718f2911
[ STEP 031 ] Bit #226 = '0' → Using Private_Key_Even
  Next_Pubkey.Gx = 0xcbcebbee41d8b3c460...46d8765e
  Next_Pubkey.Gy = 0xdf93962439c179b3cd...8573993f
[ STEP 032 ] Bit #225 = '0' → Using Private_Key_Even
  Next_Pubkey.Gx = 0x12480087521fe95f26...0e76320c
  Next_Pubkey.Gy = 0xdf3217cab51c810305...338457fd
[ STEP 033 ] Bit #224 = '0' → Using Private_Key_Even
  Next_Pubkey.Gx = 0xb7d86cf162ac4970df...11f02d06
  Next_Pubkey.Gy = 0x3a51e6fa1cff6d35e0...1be56065
[ STEP 034 ] Bit #223 = '1' → Using Private_Key_Odd
  Next_Pubkey.Gx = 0xf597daf3bad45b7a24...2ef9f12f
  Next_Pubkey.Gy = 0xf112675058f3897f4a...99b79016
[ STEP 035 ] Bit #222 = '1' → Using Private_Key_Odd
  Next_Pubkey.Gx = 0xabde4d17e56da85ce8...63a907e0
  Next_Pubkey.Gy = 0xcea5e12d8ad05228b9...9cab7de3
[ STEP 036 ] Bit #221 = '1' → Using Private_Key_Odd
  Next_Pubkey.Gx = 0x7226104d8933583735...8a585215
  Next_Pubkey.Gy = 0xf2e4fc2c464c64aa9d...dee2c619
[ STEP 037 ] Bit #220 = '1' → Using Private_Key_Odd
  Next_Pubkey.Gx = 0x48317615dfadee5d0d...6e71e9fd
  Next_Pubkey.Gy = 0x930d123ec48a2a3710...7890b5dd
[ STEP 038 ] Bit #219 = '0' → Using Private_Key_Even
  Next_Pubkey.Gx = 0x620ef07ec4f501ec06...8f354536
  Next_Pubkey.Gy = 0x8d84bb71a0159d6c87...8963c209
[ STEP 039 ] Bit #218 = '1' → Using Private_Key_Odd
  Next_Pubkey.Gx = 0xa0ac3e558c2c9b3238...f8e4c6af
  Next_Pubkey.Gy = 0x64d25c70199015a219...d0461a09
[ STEP 040 ] Bit #217 = '1' → Using Private_Key_Odd
  Next_Pubkey.Gx = 0xcb22c15793a7f6a26f...006f88ba
  Next_Pubkey.Gy = 0x370230b9dbac86f2cd...7d3c1fb3
[ STEP 041 ] Bit #216 = '0' → Using Private_Key_Even
  Next_Pubkey.Gx = 0x620eaa0e34bb1d7eb1...e13bf9fd
  Next_Pubkey.Gy = 0xfc753bd900e5d9e596...15f81684
[ STEP 042 ] Bit #215 = '1' → Using Private_Key_Odd
  Next_Pubkey.Gx = 0x1ae1e96b8c543deda2...eae42f2f
  Next_Pubkey.Gy = 0x9ec69c830c41553327...b5b4c56f
[ STEP 043 ] Bit #214 = '1' → Using Private_Key_Odd
  Next_Pubkey.Gx = 0x76e24cd32b4d39a60e...6e60d140
  Next_Pubkey.Gy = 0x6baad0339d46116649...b416151e
[ STEP 044 ] Bit #213 = '0' → Using Private_Key_Even
  Next_Pubkey.Gx = 0x95e77cf6a44f5044a0...b1bf9b80
  Next_Pubkey.Gy = 0xe9ee947a19da75fb4b...6648a85c
[ STEP 045 ] Bit #212 = '0' → Using Private_Key_Even
  Next_Pubkey.Gx = 0x6ad121dba1af586995...5ed698e9
  Next_Pubkey.Gy = 0x439ca9b118163ecbe7...73380137
[ STEP 046 ] Bit #211 = '0' → Using Private_Key_Even
  Next_Pubkey.Gx = 0x42bd8045ff96b911b6...ca214a07
  Next_Pubkey.Gy = 0x9a1e371016c2d46ab9...19a435ed
[ STEP 047 ] Bit #210 = '1' → Using Private_Key_Odd
  Next_Pubkey.Gx = 0x6a619c3b37dedba857...bae8faa5
  Next_Pubkey.Gy = 0x9f55e007ea84afe4da...ecb5a180
[ STEP 048 ] Bit #209 = '0' → Using Private_Key_Even
  Next_Pubkey.Gx = 0x8ad2b4b4f9753a0ed1...6aec54d3
  Next_Pubkey.Gy = 0x270159022aeaa62b1d...22c2bf86
[ STEP 049 ] Bit #208 = '1' → Using Private_Key_Odd
  Next_Pubkey.Gx = 0xbe74b5e18bcb4aefcd...a462770b
  Next_Pubkey.Gy = 0xe25f49c3ffce29b81e...393ab70d
[ STEP 050 ] Bit #207 = '1' → Using Private_Key_Odd
  Next_Pubkey.Gx = 0x94edcd55f323e31261...508d827a
  Next_Pubkey.Gy = 0xb003c61d6cde45e7ba...f3897c33
[ STEP 051 ] Bit #206 = '1' → Using Private_Key_Odd
  Next_Pubkey.Gx = 0xd3c3a76c4e1f624294...1155ab42
  Next_Pubkey.Gy = 0x51890e70f78cf6668e...b6afb2e2
[ STEP 052 ] Bit #205 = '1' → Using Private_Key_Odd
  Next_Pubkey.Gx = 0xd76e87b47ac9790d2b...d676bea1
  Next_Pubkey.Gy = 0x9cc77cde0dcc62bb6b...58558f08
[ STEP 053 ] Bit #204 = '1' → Using Private_Key_Odd
  Next_Pubkey.Gx = 0xad2960478c2abeb56b...65ffccd5
  Next_Pubkey.Gy = 0x24ce617cc0c4241abf...5fb74447
[ STEP 054 ] Bit #203 = '1' → Using Private_Key_Odd
  Next_Pubkey.Gx = 0xe8df3fb7459ecf02cf...9e6d433b
  Next_Pubkey.Gy = 0x6ff54a4a9e9ae6979a...f38fcccb
[ STEP 055 ] Bit #202 = '0' → Using Private_Key_Even
  Next_Pubkey.Gx = 0xc056cb0dbe8a97b27e...53c80525
  Next_Pubkey.Gy = 0xd9a20d97abea0b4b88...48b36f80
[ STEP 056 ] Bit #201 = '0' → Using Private_Key_Even
  Next_Pubkey.Gx = 0x5bf5524b7a84603079...0725cb73
  Next_Pubkey.Gy = 0xa79dbc5f9235ef5036...5dab4e7a
[ STEP 057 ] Bit #200 = '0' → Using Private_Key_Even
  Next_Pubkey.Gx = 0xe44fac9ef5af92c9a4...5b764303
  Next_Pubkey.Gy = 0x473687914f52f43b46...d87ce45b
[ STEP 058 ] Bit #199 = '0' → Using Private_Key_Even
  Next_Pubkey.Gx = 0xe7bfed8e8750f4e756...fb5c7f1f
  Next_Pubkey.Gy = 0x82f6bffe089c5aafed...5316f600
[ STEP 059 ] Bit #198 = '1' → Using Private_Key_Odd
  Next_Pubkey.Gx = 0x34cf2de965c9d03073...c421e0e6
  Next_Pubkey.Gy = 0xc347feca006f0208f6...d106dd30
[ STEP 060 ] Bit #197 = '0' → Using Private_Key_Even
  Next_Pubkey.Gx = 0xe6d6efb7f5decb6434...a74fd75b
  Next_Pubkey.Gy = 0x61ef9706a1cff67453...f92397eb
[ STEP 061 ] Bit #196 = '0' → Using Private_Key_Even
  Next_Pubkey.Gx = 0xee4d3c98f332506eab...32486c0b
  Next_Pubkey.Gy = 0x2d72db426d5bb7997c...3bb6369c
[ STEP 062 ] Bit #195 = '1' → Using Private_Key_Odd
  Next_Pubkey.Gx = 0x4398412c335bb6142b...4c4bc600
  Next_Pubkey.Gy = 0xd7c9c36da06497f024...f55904d0
[ STEP 063 ] Bit #194 = '1' → Using Private_Key_Odd
  Next_Pubkey.Gx = 0xab2b3b555ebfd77de4...1add3779
  Next_Pubkey.Gy = 0x8a4f8b24fd4cbc1f59...0db511b3
[ STEP 064 ] Bit #193 = '0' → Using Private_Key_Even
  Next_Pubkey.Gx = 0xbf5365ba0241b703a7...778c024d
  Next_Pubkey.Gy = 0x1217663970ec3b303e...b7cd8fe4
[ STEP 065 ] Bit #192 = '0' → Using Private_Key_Even
  Next_Pubkey.Gx = 0xb47fc423feed6f97f1...f65edcc7
  Next_Pubkey.Gy = 0xa06f92ff07250c9143...3076154d
[ STEP 066 ] Bit #191 = '0' → Using Private_Key_Even
  Next_Pubkey.Gx = 0x7e60232c600d8a0049...18411c35
  Next_Pubkey.Gy = 0x719cfeaa4ad5c16f37...59ac8042
[ STEP 067 ] Bit #190 = '0' → Using Private_Key_Even
  Next_Pubkey.Gx = 0x69ced424891d7ccb91...716807fc
  Next_Pubkey.Gy = 0xac7d1f6da4f30123b7...bc584c8d
[ STEP 068 ] Bit #189 = '1' → Using Private_Key_Odd
  Next_Pubkey.Gx = 0xaded76c7debb50ec78...45a283eb
  Next_Pubkey.Gy = 0xb72baf8518db066d2a...ba7c3420
[ STEP 069 ] Bit #188 = '1' → Using Private_Key_Odd
  Next_Pubkey.Gx = 0x230bd866aa53561b5b...5273fd92
  Next_Pubkey.Gy = 0x6230f1f3069104a636...59def8dd
[ STEP 070 ] Bit #187 = '0' → Using Private_Key_Even
  Next_Pubkey.Gx = 0xc5e58940fb0358a302...0d00ac4e
  Next_Pubkey.Gy = 0x4a5af6b670983b5ecd...9efa2d66
[ STEP 071 ] Bit #186 = '1' → Using Private_Key_Odd
  Next_Pubkey.Gx = 0xe6246b08b52ca413a1...30778b2b
  Next_Pubkey.Gy = 0x4c49392c68883580f5...d9ce1c53
[ STEP 072 ] Bit #185 = '0' → Using Private_Key_Even
  Next_Pubkey.Gx = 0xf1d7348ed73cbd8d05...2081d373
  Next_Pubkey.Gy = 0x6d79e3c3ed9706e0ff...8102214c
[ STEP 073 ] Bit #184 = '1' → Using Private_Key_Odd
  Next_Pubkey.Gx = 0xedc5a3a9b058470b16...5787c568
  Next_Pubkey.Gy = 0x4b0dca6b8e73852f66...e40644df
[ STEP 074 ] Bit #183 = '0' → Using Private_Key_Even
  Next_Pubkey.Gx = 0x3a69fe06715cc70ff1...eb687310
  Next_Pubkey.Gy = 0xe8728f925ab1db89e4...2f6efdfa
[ STEP 075 ] Bit #182 = '0' → Using Private_Key_Even
  Next_Pubkey.Gx = 0xe2f2cc9ed3fc6f20a5...b2ffc444
  Next_Pubkey.Gy = 0xe3bbaba9e281dae42c...b7015336
[ STEP 076 ] Bit #181 = '1' → Using Private_Key_Odd
  Next_Pubkey.Gx = 0x4e6d050540dd416ac9...5f634e05
  Next_Pubkey.Gy = 0x42d923d7b7115cc162...88b3fa8a
[ STEP 077 ] Bit #180 = '0' → Using Private_Key_Even
  Next_Pubkey.Gx = 0x714c5b5ec0ee7163dc...16f3ecfe
  Next_Pubkey.Gy = 0x1c5a54d6c1e397a5e3...bd41d70b
[ STEP 078 ] Bit #179 = '0' → Using Private_Key_Even
  Next_Pubkey.Gx = 0xe7c27c992251c1efff...1b3e40a0
  Next_Pubkey.Gy = 0x2945f10bc0efc83af0...1ba684e6
[ STEP 079 ] Bit #178 = '0' → Using Private_Key_Even
  Next_Pubkey.Gx = 0xe8d99e69802c8dc38a...6226f68a
  Next_Pubkey.Gy = 0xb3a8fab9615d6f99b7...c7b2a317
[ STEP 080 ] Bit #177 = '1' → Using Private_Key_Odd
  Next_Pubkey.Gx = 0x22c073c73f016fa602...7651efee
  Next_Pubkey.Gy = 0x99bd5452076f74fd20...b5e709d9
[ STEP 081 ] Bit #176 = '0' → Using Private_Key_Even
  Next_Pubkey.Gx = 0x9ebf54542da978b8c5...88931571
  Next_Pubkey.Gy = 0xebfebed89f093f0275...5643e1f3
[ STEP 082 ] Bit #175 = '1' → Using Private_Key_Odd
  Next_Pubkey.Gx = 0x3bba95853886770794...fbf705a1
  Next_Pubkey.Gy = 0x3330acbaaae87a7621...9b35ff12
[ STEP 083 ] Bit #174 = '0' → Using Private_Key_Even
  Next_Pubkey.Gx = 0x1355174a6d9c557f31...2edddd66
  Next_Pubkey.Gy = 0xb3d973f34c61874af6...21d9085f
[ STEP 084 ] Bit #173 = '1' → Using Private_Key_Odd
  Next_Pubkey.Gx = 0x420a3252f41b75842b...5552ca86
  Next_Pubkey.Gy = 0x18e6244805cbf8e1ec...b8959326
[ STEP 085 ] Bit #172 = '1' → Using Private_Key_Odd
  Next_Pubkey.Gx = 0x285f90cb84049c4d9f...eb6bfe25
  Next_Pubkey.Gy = 0xa00d1da0976af2740e...95e53dd8
[ STEP 086 ] Bit #171 = '1' → Using Private_Key_Odd
  Next_Pubkey.Gx = 0x13b1cc75e9a5f5fa75...bd05a5ce
  Next_Pubkey.Gy = 0x280e83feba175abea3...b5cc9a79
[ STEP 087 ] Bit #170 = '0' → Using Private_Key_Even
  Next_Pubkey.Gx = 0x49d9aa86159f472152...20e2f221
  Next_Pubkey.Gy = 0x946e989a6faa3da163...ab9959f7
[ STEP 088 ] Bit #169 = '1' → Using Private_Key_Odd
  Next_Pubkey.Gx = 0x71a5d37262d98a0f1a...31e2624f
  Next_Pubkey.Gy = 0x66096a0d24129a2776...df81b879
[ STEP 089 ] Bit #168 = '0' → Using Private_Key_Even
  Next_Pubkey.Gx = 0x3715a4ba1b6e1c7515...5341cd4b
  Next_Pubkey.Gy = 0xd0f0a5718128e3562a...28d2a284
[ STEP 090 ] Bit #167 = '0' → Using Private_Key_Even
  Next_Pubkey.Gx = 0x50e9a1248952b68150...b4b000a7
  Next_Pubkey.Gy = 0xa10e3394f0f99a2595...d1d1247a
[ STEP 091 ] Bit #166 = '1' → Using Private_Key_Odd
  Next_Pubkey.Gx = 0x63b6d19431532e78ce...b6121d27
  Next_Pubkey.Gy = 0x9924fa7305897979f2...148c4eab
[ STEP 092 ] Bit #165 = '1' → Using Private_Key_Odd
  Next_Pubkey.Gx = 0xe4cd98c15f22c6deac...25470b0c
  Next_Pubkey.Gy = 0x9c61f52ce9b002a7b0...816676f8
[ STEP 093 ] Bit #164 = '1' → Using Private_Key_Odd
  Next_Pubkey.Gx = 0xfc7602310af224dc10...7ad61b0d
  Next_Pubkey.Gy = 0x551892f21da066882f...e93a2a1d
[ STEP 094 ] Bit #163 = '1' → Using Private_Key_Odd
  Next_Pubkey.Gx = 0xca59a446e99d7673fb...bbdffe65
  Next_Pubkey.Gy = 0xb2b100de5b300d8deb...7a743acd
[ STEP 095 ] Bit #162 = '1' → Using Private_Key_Odd
  Next_Pubkey.Gx = 0x4bf504b22ca48b8eb6...635d46ac
  Next_Pubkey.Gy = 0x7b35895f2b36dfa71d...fd8baee2
[ STEP 096 ] Bit #161 = '1' → Using Private_Key_Odd
  Next_Pubkey.Gx = 0xcd7cc2067afac63838...78c4862e
  Next_Pubkey.Gy = 0xf81094d088a6747e92...66d63590
[ STEP 097 ] Bit #160 = '1' → Using Private_Key_Odd
  Next_Pubkey.Gx = 0x56adae5fbe983d9e62...9662f432
  Next_Pubkey.Gy = 0x604e5562e5bea5969c...8eda41d0
[ STEP 098 ] Bit #159 = '1' → Using Private_Key_Odd
  Next_Pubkey.Gx = 0xcc6f05a8c8428d73f8...27f92948
  Next_Pubkey.Gy = 0xd0a50741a41694af7d...d52a6e55
[ STEP 099 ] Bit #158 = '0' → Using Private_Key_Even
  Next_Pubkey.Gx = 0xf49715dc5c0ebc6bef...06b74f26
  Next_Pubkey.Gy = 0xd6421ca111c3c8a85c...0f7add18
[ STEP 100 ] Bit #157 = '0' → Using Private_Key_Even
  Next_Pubkey.Gx = 0x232b7983059351dc32...3d1d490b
  Next_Pubkey.Gy = 0xdb114fe871f6b812af...8eab2945
[ STEP 101 ] Bit #156 = '1' → Using Private_Key_Odd
  Next_Pubkey.Gx = 0xc2ed231bb13e4dcd22...fa40ecf8
  Next_Pubkey.Gy = 0x1fa80a8b073f68c26f...a49d9a80
[ STEP 102 ] Bit #155 = '1' → Using Private_Key_Odd
  Next_Pubkey.Gx = 0x60efd424fba6471be2...0ff3550a
  Next_Pubkey.Gy = 0x79faafa94ca3f937f0...341ce8fb
[ STEP 103 ] Bit #154 = '0' → Using Private_Key_Even
  Next_Pubkey.Gx = 0x1acc74029b97367ac8...5dd6488d
  Next_Pubkey.Gy = 0x9192f4b5f2e9ebe11d...2358aa75
[ STEP 104 ] Bit #153 = '1' → Using Private_Key_Odd
  Next_Pubkey.Gx = 0xca3c7fcf5cb06f6436...d23031b3
  Next_Pubkey.Gy = 0xdf536a5a5333a029b7...37c5159c
[ STEP 105 ] Bit #152 = '0' → Using Private_Key_Even
  Next_Pubkey.Gx = 0x43a194dafb53056b22...562ff775
  Next_Pubkey.Gy = 0x2f4ab9f02e310fcc55...ffb12c0b
[ STEP 106 ] Bit #151 = '1' → Using Private_Key_Odd
  Next_Pubkey.Gx = 0xa29f6f8f2f6f427a40...d15ea4a1
  Next_Pubkey.Gy = 0x9964085d8070c0003c...e6a33ee8
[ STEP 107 ] Bit #150 = '1' → Using Private_Key_Odd
  Next_Pubkey.Gx = 0x9c4cf76120eb21aa04...426c5660
  Next_Pubkey.Gy = 0x5a3a926581a3f239ac...29d3caad
[ STEP 108 ] Bit #149 = '0' → Using Private_Key_Even
  Next_Pubkey.Gx = 0x84f43cc8ecfb5bd427...fbea8ff4
  Next_Pubkey.Gy = 0x2e097ed859539ab8a7...62d2708f
[ STEP 109 ] Bit #148 = '0' → Using Private_Key_Even
  Next_Pubkey.Gx = 0x847e8b90a4f62bd4d3...17ef14b1
  Next_Pubkey.Gy = 0xfbe307a675cfa8d3b7...4ed795c8
[ STEP 110 ] Bit #147 = '1' → Using Private_Key_Odd
  Next_Pubkey.Gx = 0xf9c8cee2aed9986d0c...f536c997
  Next_Pubkey.Gy = 0x9e6dff1e34b0a85e2c...1a704e5c
[ STEP 111 ] Bit #146 = '1' → Using Private_Key_Odd
  Next_Pubkey.Gx = 0x605ee876502ce55ea9...2f9b717e
  Next_Pubkey.Gy = 0x7ad77f185842bf000b...7ab71f4e
[ STEP 112 ] Bit #145 = '0' → Using Private_Key_Even
  Next_Pubkey.Gx = 0x7258245def5ebad0d9...dc6de666
  Next_Pubkey.Gy = 0x6f05ada788fcf9b201...1d67ceab
[ STEP 113 ] Bit #144 = '1' → Using Private_Key_Odd
  Next_Pubkey.Gx = 0xa1e0b7dc70d75b8e16...4cdc2518
  Next_Pubkey.Gy = 0xa9f7e432b476382d25...583f8d0b
[ STEP 114 ] Bit #143 = '0' → Using Private_Key_Even
  Next_Pubkey.Gx = 0xbb6bf80a17639f5e54...bd69d93c
  Next_Pubkey.Gy = 0x5feadbc439630bba31...cb09acc9
[ STEP 115 ] Bit #142 = '1' → Using Private_Key_Odd
  Next_Pubkey.Gx = 0x76c865e1273481a820...d726b786
  Next_Pubkey.Gy = 0xa0f2332610d5af209d...36d7f661
[ STEP 116 ] Bit #141 = '1' → Using Private_Key_Odd
  Next_Pubkey.Gx = 0xe543d3c3d0967c611e...b4d04ad8
  Next_Pubkey.Gy = 0xc4b7a568490f050c22...7160cda0
[ STEP 117 ] Bit #140 = '1' → Using Private_Key_Odd
  Next_Pubkey.Gx = 0x1abea47bb2aba05f55...69b1414a
  Next_Pubkey.Gy = 0x42ccb99c21c7f7895d...40d78d37
[ STEP 118 ] Bit #139 = '1' → Using Private_Key_Odd
  Next_Pubkey.Gx = 0x9836d27666143a9143...3b0aee0b
  Next_Pubkey.Gy = 0xf69f01e557291b2ae5...386b32d3
[ STEP 119 ] Bit #138 = '0' → Using Private_Key_Even
  Next_Pubkey.Gx = 0x60ceaaf21e022a25d2...0dcd68b1
  Next_Pubkey.Gy = 0x5204a882dca9b4112c...54342d0c
[ STEP 120 ] Bit #137 = '1' → Using Private_Key_Odd
  Next_Pubkey.Gx = 0x295c8fac71b768c7b1...49967034
  Next_Pubkey.Gy = 0xb2eac6970ba9123a22...66ad4f19
[ STEP 121 ] Bit #136 = '0' → Using Private_Key_Even
  Next_Pubkey.Gx = 0x1aabbcc2b41b9918b5...d1e9556a
  Next_Pubkey.Gy = 0xe84da42dd3e20e59f1...90501379
[ STEP 122 ] Bit #135 = '0' → Using Private_Key_Even
  Next_Pubkey.Gx = 0xdaec82f3d997d54fcf...f596c59f
  Next_Pubkey.Gy = 0xe01ad3cbacd7908886...9cfd88d7
[ STEP 123 ] Bit #134 = '0' → Using Private_Key_Even
  Next_Pubkey.Gx = 0xb16e6a47a68435ed8e...dcc59797
  Next_Pubkey.Gy = 0xa6cbdef5081d2d2585...018de740
[ STEP 124 ] Bit #133 = '0' → Using Private_Key_Even
  Next_Pubkey.Gx = 0x52ac25f63289841a55...a640b174
  Next_Pubkey.Gy = 0xb166b2b495f125d63c...3c7d428c
[ STEP 125 ] Bit #132 = '0' → Using Private_Key_Even
  Next_Pubkey.Gx = 0xdb9fa5e73dea89d5a5...23b18c24
  Next_Pubkey.Gy = 0x3b46dacd0845a3eb91...98026604
[ STEP 126 ] Bit #131 = '1' → Using Private_Key_Odd
  Next_Pubkey.Gx = 0x55a2ed5fc32b56c1cb...3c79f4cf
  Next_Pubkey.Gy = 0x1b83400d5ab6fd9711...0ea97550
[ STEP 127 ] Bit #130 = '0' → Using Private_Key_Even
  Next_Pubkey.Gx = 0x3e8e0ec2653555245d...a29b4f0e
  Next_Pubkey.Gy = 0x17f408c356c1b490fd...4888eaee
[ STEP 128 ] Bit #129 = '0' → Using Private_Key_Even
  Next_Pubkey.Gx = 0xfe23f44fd783563a94...ed30f022
  Next_Pubkey.Gy = 0x4b6fba89f4cf046439...74c9e0f5
[ STEP 129 ] Bit #128 = '0' → Using Private_Key_Even
  Next_Pubkey.Gx = 0x30e6b5293474be861d...13af2314
  Next_Pubkey.Gy = 0xd9a6df7eae621f5549...4cea6777
[ STEP 130 ] Bit #127 = '1' → Using Private_Key_Odd
  Next_Pubkey.Gx = 0x180bc97c4512bce235...95d55fe8
  Next_Pubkey.Gy = 0x94b34a49620f9f0200...ce398368
[ STEP 131 ] Bit #126 = '1' → Using Private_Key_Odd
  Next_Pubkey.Gx = 0x715f4ae1c10458eda2...a3460449
  Next_Pubkey.Gy = 0xfb890a744b1d994d53...c1506156
[ STEP 132 ] Bit #125 = '1' → Using Private_Key_Odd
  Next_Pubkey.Gx = 0x3701394602d0a9622c...e1215cd7
  Next_Pubkey.Gy = 0x82a016880d25197946...df695914
[ STEP 133 ] Bit #124 = '0' → Using Private_Key_Even
  Next_Pubkey.Gx = 0xf8dc73aa15dbf56975...f8f8f4d5
  Next_Pubkey.Gy = 0x75f81e8c85788c11c9...a2da19c5
[ STEP 134 ] Bit #123 = '1' → Using Private_Key_Odd
  Next_Pubkey.Gx = 0xfb6681fa6d28b846b8...cf6bdac4
  Next_Pubkey.Gy = 0xb3179ebe7d4f0ea56d...68cb3058
[ STEP 135 ] Bit #122 = '1' → Using Private_Key_Odd
  Next_Pubkey.Gx = 0xf95e30d07e63637559...b2ea5331
  Next_Pubkey.Gy = 0x8a9f3cbf1cad96f661...ef862aa7
[ STEP 136 ] Bit #121 = '0' → Using Private_Key_Even
  Next_Pubkey.Gx = 0xae636e3d72ecc511c8...5863bc5b
  Next_Pubkey.Gy = 0x8ab36eb06b64a10cd9...d7ba1ccb
[ STEP 137 ] Bit #120 = '0' → Using Private_Key_Even
  Next_Pubkey.Gx = 0x34cd14e10f25860431...cb0015d0
  Next_Pubkey.Gy = 0xeaa16540b9bc2a5792...d7547310
[ STEP 138 ] Bit #119 = '0' → Using Private_Key_Even
  Next_Pubkey.Gx = 0x92ba50bb4cd91bef9d...15e1a98b
  Next_Pubkey.Gy = 0x25b2ec0cdd71935d8f...7aea2487
[ STEP 139 ] Bit #118 = '1' → Using Private_Key_Odd
  Next_Pubkey.Gx = 0x744eac47f847a012fa...5e9346f8
  Next_Pubkey.Gy = 0xe60921b51e981459ee...0a08f5b0
[ STEP 140 ] Bit #117 = '0' → Using Private_Key_Even
  Next_Pubkey.Gx = 0x17b4fd81b42411e26c...84741fda
  Next_Pubkey.Gy = 0x3728e7ee4d713b4ee0...592b3fda
[ STEP 141 ] Bit #116 = '1' → Using Private_Key_Odd
  Next_Pubkey.Gx = 0x7dc5d5cb0a3997f441...1ed011da
  Next_Pubkey.Gy = 0x2cfe594b0712593c87...f471e3e2
[ STEP 142 ] Bit #115 = '1' → Using Private_Key_Odd
  Next_Pubkey.Gx = 0xffa3783df101a88466...dbbcb1d7
  Next_Pubkey.Gy = 0x96b5f9f5734be4dd8b...9a4dec6c
[ STEP 143 ] Bit #114 = '0' → Using Private_Key_Even
  Next_Pubkey.Gx = 0x445929c4048aec1031...385b02dd
  Next_Pubkey.Gy = 0x47909f24ca5f204113...10b39d3f
[ STEP 144 ] Bit #113 = '1' → Using Private_Key_Odd
  Next_Pubkey.Gx = 0x1e499c059d427efa4f...a172e9a9
  Next_Pubkey.Gy = 0xc98b7ac651376367f7...922ca013
[ STEP 145 ] Bit #112 = '1' → Using Private_Key_Odd
  Next_Pubkey.Gx = 0x9448ec483d63f5409f...f034a25b
  Next_Pubkey.Gy = 0x167bc6328ced402fcb...ab3ea1c6
[ STEP 146 ] Bit #111 = '0' → Using Private_Key_Even
  Next_Pubkey.Gx = 0x86f43785de2c7ff0f0...b703b1e4
  Next_Pubkey.Gy = 0x6b14936d0689f08637...15505fea
[ STEP 147 ] Bit #110 = '1' → Using Private_Key_Odd
  Next_Pubkey.Gx = 0xef5840ecf6930874a6...6225ce4a
  Next_Pubkey.Gy = 0x9433f7892b569e47a0...788f384d
[ STEP 148 ] Bit #109 = '0' → Using Private_Key_Even
  Next_Pubkey.Gx = 0x66bbd8f03a97ac65db...e35b2006
  Next_Pubkey.Gy = 0x3c80499488ef30523b...0604f779
[ STEP 149 ] Bit #108 = '1' → Using Private_Key_Odd
  Next_Pubkey.Gx = 0xf34a4318cd565e950c...24e48d88
  Next_Pubkey.Gy = 0x400ede26f1ec039d17...e486435e
[ STEP 150 ] Bit #107 = '1' → Using Private_Key_Odd
  Next_Pubkey.Gx = 0xcbd463629e8bbcdbd1...2c8dba50
  Next_Pubkey.Gy = 0x2858b99cdabd1d092c...401584f7
[ STEP 151 ] Bit #106 = '1' → Using Private_Key_Odd
  Next_Pubkey.Gx = 0x73937f399deaa0d230...557960a5
  Next_Pubkey.Gy = 0x3b36cc2f1cb9100b54...27f79929
[ STEP 152 ] Bit #105 = '1' → Using Private_Key_Odd
  Next_Pubkey.Gx = 0xff2eb1752a682b9fd2...80e05bff
  Next_Pubkey.Gy = 0x86b75422721fc76c92...ef05de8c
[ STEP 153 ] Bit #104 = '0' → Using Private_Key_Even
  Next_Pubkey.Gx = 0x2551596087d0ba3712...7fe186ab
  Next_Pubkey.Gy = 0x51b58343e8daee360d...ece5c9c6
[ STEP 154 ] Bit #103 = '1' → Using Private_Key_Odd
  Next_Pubkey.Gx = 0x539e0c6f20596f467a...7a0f96c8
  Next_Pubkey.Gy = 0xb459a2788bf7818219...d188ed80
[ STEP 155 ] Bit #102 = '1' → Using Private_Key_Odd
  Next_Pubkey.Gx = 0x74122c50d3f9356593...8e50c485
  Next_Pubkey.Gy = 0xe51162e69a0a7da5d4...29e4fa48
[ STEP 156 ] Bit #101 = '0' → Using Private_Key_Even
  Next_Pubkey.Gx = 0x3fb539059344749e16...8879f203
  Next_Pubkey.Gy = 0x16a8f6f2b6e2417591...a33ab201
[ STEP 157 ] Bit #100 = '0' → Using Private_Key_Even
  Next_Pubkey.Gx = 0xf2ef6acae670fc7764...9dbb8668
  Next_Pubkey.Gy = 0xe6e3c3713cb2010291...6cfccd6d
[ STEP 158 ] Bit #099 = '1' → Using Private_Key_Odd
  Next_Pubkey.Gx = 0x7ebb444194fda56b85...317e8185
  Next_Pubkey.Gy = 0xac0961b1634bfa30b1...e91eede3
[ STEP 159 ] Bit #098 = '0' → Using Private_Key_Even
  Next_Pubkey.Gx = 0x36e1b7c70d3bac5b0d...d46fe5f3
  Next_Pubkey.Gy = 0xd2ce1648b40192ef86...146b2415
[ STEP 160 ] Bit #097 = '0' → Using Private_Key_Even
  Next_Pubkey.Gx = 0x46c75a3a0b1d96bb57...333a0679
  Next_Pubkey.Gy = 0xbd1763a4afa73c0faf...efbdea3c
[ STEP 161 ] Bit #096 = '0' → Using Private_Key_Even
  Next_Pubkey.Gx = 0xf3fd99947aa34acca2...66a8f442
  Next_Pubkey.Gy = 0x4b3ced57428a13769b...c0496401
[ STEP 162 ] Bit #095 = '1' → Using Private_Key_Odd
  Next_Pubkey.Gx = 0xfa39f068c3c4e296d5...a18429ee
  Next_Pubkey.Gy = 0xe83d04c802f8a880d7...75ffbbc4
[ STEP 163 ] Bit #094 = '0' → Using Private_Key_Even
  Next_Pubkey.Gx = 0xdf8bcf8e0213edfe55...f2864e4b
  Next_Pubkey.Gy = 0xc6824f84a78ed59817...f1841d86
[ STEP 164 ] Bit #093 = '0' → Using Private_Key_Even
  Next_Pubkey.Gx = 0x286883c2829bffd043...32c12492
  Next_Pubkey.Gy = 0x575cc0b418737d6b38...69c1ccd2
[ STEP 165 ] Bit #092 = '1' → Using Private_Key_Odd
  Next_Pubkey.Gx = 0x67488c81fa69aa2dcb...cc3bea2d
  Next_Pubkey.Gy = 0x52e5f1853e4cc77e2c...f22c9b4f
[ STEP 166 ] Bit #091 = '0' → Using Private_Key_Even
  Next_Pubkey.Gx = 0xb1f677b8aa8ad42f7f...5f7e9f9d
  Next_Pubkey.Gy = 0x11989491285e97ace6...9d473d01
[ STEP 167 ] Bit #090 = '1' → Using Private_Key_Odd
  Next_Pubkey.Gx = 0xd291b6aa0f51bbd19c...d74241a0
  Next_Pubkey.Gy = 0x154e1442baef918d4c...3865d251
[ STEP 168 ] Bit #089 = '0' → Using Private_Key_Even
  Next_Pubkey.Gx = 0xe7daf6a79de474e166...81a1eecd
  Next_Pubkey.Gy = 0x5fefb79029d3b85e32...48b13fe0
[ STEP 169 ] Bit #088 = '0' → Using Private_Key_Even
  Next_Pubkey.Gx = 0xebc9a15a9ac3673aac...e476731f
  Next_Pubkey.Gy = 0xe950bf997e054bcfd6...814dca63
[ STEP 170 ] Bit #087 = '1' → Using Private_Key_Odd
  Next_Pubkey.Gx = 0x5faefc94eb843072da...de2d969c
  Next_Pubkey.Gy = 0x48707c6475bb9f1aba...0e137125
[ STEP 171 ] Bit #086 = '0' → Using Private_Key_Even
  Next_Pubkey.Gx = 0x8d6a194c92f35ced3e...d829137b
  Next_Pubkey.Gy = 0xc4e0a31cb7e7001d11...bdc3969a
[ STEP 172 ] Bit #085 = '0' → Using Private_Key_Even
  Next_Pubkey.Gx = 0xfe1cc52c72d53052d2...335c645f
  Next_Pubkey.Gy = 0x65d8503821bf90bc8c...c129cb34
[ STEP 173 ] Bit #084 = '0' → Using Private_Key_Even
  Next_Pubkey.Gx = 0x710cb7f7d89159acd8...5f6eff88
  Next_Pubkey.Gy = 0x849067c0094ca72fdb...cff92073
[ STEP 174 ] Bit #083 = '1' → Using Private_Key_Odd
  Next_Pubkey.Gx = 0xdedcec2930a8cd512c...f2189886
  Next_Pubkey.Gy = 0x4cc9f3842d6f5ac31b...da879258
[ STEP 175 ] Bit #082 = '1' → Using Private_Key_Odd
  Next_Pubkey.Gx = 0xab66acf8b09faff6bb...01a6518a
  Next_Pubkey.Gy = 0x840717bee43c6874f1...f9ae188f
[ STEP 176 ] Bit #081 = '1' → Using Private_Key_Odd
  Next_Pubkey.Gx = 0x909060cf1a953a1c06...3c1cde2b
  Next_Pubkey.Gy = 0xedec6ac6a2d1a285a9...b370f2dd
[ STEP 177 ] Bit #080 = '0' → Using Private_Key_Even
  Next_Pubkey.Gx = 0xc12c99b7a1ea05c2c5...832f8c38
  Next_Pubkey.Gy = 0xe219062b3bf40cdf9a...bdac104d
[ STEP 178 ] Bit #079 = '1' → Using Private_Key_Odd
  Next_Pubkey.Gx = 0xf4a69187cc69ab65c9...42a4314c
  Next_Pubkey.Gy = 0x70c433e62ce417cc7f...fa1c4074
[ STEP 179 ] Bit #078 = '1' → Using Private_Key_Odd
  Next_Pubkey.Gx = 0x152f85eb561e8b97e0...10bec743
  Next_Pubkey.Gy = 0xfe60ae96d777f52670...8df162c7
[ STEP 180 ] Bit #077 = '0' → Using Private_Key_Even
  Next_Pubkey.Gx = 0xdb8576f075b51b475b...b4687f5d
  Next_Pubkey.Gy = 0xf25852ca15d40a9bb9...29a524ff
[ STEP 181 ] Bit #076 = '1' → Using Private_Key_Odd
  Next_Pubkey.Gx = 0x77d3f1ea1ace8b895f...3d855913
  Next_Pubkey.Gy = 0x5ba08589e523057114...fb2c8f5d
[ STEP 182 ] Bit #075 = '1' → Using Private_Key_Odd
  Next_Pubkey.Gx = 0x28335ac95d000cd45d...a72ad01c
  Next_Pubkey.Gy = 0x474a0f5812160e62b5...30891b61
[ STEP 183 ] Bit #074 = '1' → Using Private_Key_Odd
  Next_Pubkey.Gx = 0xd24cf4154173bd54c8...db308fd0
  Next_Pubkey.Gy = 0xb16dbfaf0c03e687ab...553feb40
[ STEP 184 ] Bit #073 = '0' → Using Private_Key_Even
  Next_Pubkey.Gx = 0x724672324cc3c679ea...9a67929c
  Next_Pubkey.Gy = 0x8ad10ac2be103ca5ab...5156d82a
[ STEP 185 ] Bit #072 = '1' → Using Private_Key_Odd
  Next_Pubkey.Gx = 0xfc7a33a324eabf7f09...11b9350f
  Next_Pubkey.Gy = 0xeca0fb341ff9aace7c...ad23c1b1
[ STEP 186 ] Bit #071 = '0' → Using Private_Key_Even
  Next_Pubkey.Gx = 0x4ed4b725f8f9537d81...e8f72f02
  Next_Pubkey.Gy = 0xddb6bc47c246b97919...a98292c7
[ STEP 187 ] Bit #070 = '0' → Using Private_Key_Even
  Next_Pubkey.Gx = 0xc2ca1a38bd16cce583...5b65e021
  Next_Pubkey.Gy = 0xd487b6ef36f230f013...4b49c273
[ STEP 188 ] Bit #069 = '1' → Using Private_Key_Odd
  Next_Pubkey.Gx = 0xe61276dbff79f3159f...ef84c214
  Next_Pubkey.Gy = 0xa47c9ff281c4da1229...a57cdbfb
[ STEP 189 ] Bit #068 = '0' → Using Private_Key_Even
  Next_Pubkey.Gx = 0x2d951dae9271465972...77cd715a
  Next_Pubkey.Gy = 0xbe0f771ce5b7cb9c94...bd80ac96
[ STEP 190 ] Bit #067 = '1' → Using Private_Key_Odd
  Next_Pubkey.Gx = 0x5212d68f3b775ca63d...0e7b56be
  Next_Pubkey.Gy = 0xf211997a627c541aa4...e407a6b6
[ STEP 191 ] Bit #066 = '1' → Using Private_Key_Odd
  Next_Pubkey.Gx = 0xcf2fad0f64f55a7e7f...0a15d3ed
  Next_Pubkey.Gy = 0xbc287d803512871d46...347eac86
[ STEP 192 ] Bit #065 = '1' → Using Private_Key_Odd
  Next_Pubkey.Gx = 0xf24879ea4807cdfbeb...e52dad7f
  Next_Pubkey.Gy = 0x14ca63fd16ae4b6a8d...c9ae559b
[ STEP 193 ] Bit #064 = '0' → Using Private_Key_Even
  Next_Pubkey.Gx = 0x13b834a276d840326e...8c6bd681
  Next_Pubkey.Gy = 0x4c25de386d4b2ed036...a8f532b2
[ STEP 194 ] Bit #063 = '0' → Using Private_Key_Even
  Next_Pubkey.Gx = 0x6f09e7b6da024f5a26...3a008efd
  Next_Pubkey.Gy = 0x7dfda8b508f878a01f...95cd0c84
[ STEP 195 ] Bit #062 = '0' → Using Private_Key_Even
  Next_Pubkey.Gx = 0x41bb6fd6307db95bad...8f4592f8
  Next_Pubkey.Gy = 0x51a2a83149b75b0d46...b6b7fe36
[ STEP 196 ] Bit #061 = '1' → Using Private_Key_Odd
  Next_Pubkey.Gx = 0x4f93498bba5499cfa5...6b3a9bbc
  Next_Pubkey.Gy = 0x2af9362e7b64e8b6f0...43160608
[ STEP 197 ] Bit #060 = '0' → Using Private_Key_Even
  Next_Pubkey.Gx = 0x7232b678a737913b8e...0536b56f
  Next_Pubkey.Gy = 0x4e5c7c7690d25c75ae...55a30cca
[ STEP 198 ] Bit #059 = '1' → Using Private_Key_Odd
  Next_Pubkey.Gx = 0x5be03feede2bf55db7...e9995c2b
  Next_Pubkey.Gy = 0xc4212436e4f60cf980...0f25c6da
[ STEP 199 ] Bit #058 = '0' → Using Private_Key_Even
  Next_Pubkey.Gx = 0x718ad3f2c12b7cc3b9...a8993188
  Next_Pubkey.Gy = 0xad96b8afd5919f18a3...b71f6727
[ STEP 200 ] Bit #057 = '1' → Using Private_Key_Odd
  Next_Pubkey.Gx = 0xc5d3e4295f967a06bf...13d548d7
  Next_Pubkey.Gy = 0x43c01b47b02d020fc1...dbccf398
[ STEP 201 ] Bit #056 = '1' → Using Private_Key_Odd
  Next_Pubkey.Gx = 0x3fcd03163325faab30...2797246d
  Next_Pubkey.Gy = 0xe2032c809368d1cae3...eaa9057d
[ STEP 202 ] Bit #055 = '0' → Using Private_Key_Even
  Next_Pubkey.Gx = 0x51e8c9e0734777edb9...c52a2c45
  Next_Pubkey.Gy = 0xeb478d9714bd82a571...e6d2b56b
[ STEP 203 ] Bit #054 = '1' → Using Private_Key_Odd
  Next_Pubkey.Gx = 0xa401bb713055c6242f...177750ff
  Next_Pubkey.Gy = 0xc59df0b16960c7d693...235e444a
[ STEP 204 ] Bit #053 = '1' → Using Private_Key_Odd
  Next_Pubkey.Gx = 0x8288cc8db380e6691e...8ead9bfc
  Next_Pubkey.Gy = 0xf24cebfa2c60232482...12a3c646
[ STEP 205 ] Bit #052 = '0' → Using Private_Key_Even
  Next_Pubkey.Gx = 0x4d87cbbd3108e674a5...cf5cf9ad
  Next_Pubkey.Gy = 0xb08fd8a1f503e48d63...7b8d5742
[ STEP 206 ] Bit #051 = '1' → Using Private_Key_Odd
  Next_Pubkey.Gx = 0x4e23bcf2b2f6f82501...a0720b6c
  Next_Pubkey.Gy = 0xeacd74f44201727ecb...354e349f
[ STEP 207 ] Bit #050 = '0' → Using Private_Key_Even
  Next_Pubkey.Gx = 0x140136202730ade263...19a7dcdc
  Next_Pubkey.Gy = 0x432b685127c1fa01f0...5cb57138
[ STEP 208 ] Bit #049 = '1' → Using Private_Key_Odd
  Next_Pubkey.Gx = 0xddd420ac8bf7a73976...3af1efcb
  Next_Pubkey.Gy = 0xa1f9b63fd9d9dc1828...e13a2516
[ STEP 209 ] Bit #048 = '1' → Using Private_Key_Odd
  Next_Pubkey.Gx = 0xb28c7ce360a8dbac17...ab031606
  Next_Pubkey.Gy = 0xe4d2ce0334d6439053...08c9337f
[ STEP 210 ] Bit #047 = '1' → Using Private_Key_Odd
  Next_Pubkey.Gx = 0x1bc4919de1f068b767...2388a5b5
  Next_Pubkey.Gy = 0x61d040c722540f9a56...119b0701
[ STEP 211 ] Bit #046 = '1' → Using Private_Key_Odd
  Next_Pubkey.Gx = 0xfda72bf672402e21f4...f22759ea
  Next_Pubkey.Gy = 0xdf0529f90218eed935...72a2e645
[ STEP 212 ] Bit #045 = '0' → Using Private_Key_Even
  Next_Pubkey.Gx = 0xc425714e139d93934f...c8b7da12
  Next_Pubkey.Gy = 0x45c70dfdcf847a766a...caa76e91
[ STEP 213 ] Bit #044 = '1' → Using Private_Key_Odd
  Next_Pubkey.Gx = 0x7db03d3fa676d86588...b9bde1b5
  Next_Pubkey.Gy = 0x429150a1ba00a99891...e74debd3
[ STEP 214 ] Bit #043 = '1' → Using Private_Key_Odd
  Next_Pubkey.Gx = 0x27ae158aacc824f298...c83c89d4
  Next_Pubkey.Gy = 0x6e891b85f6bd903f8c...7eb94524
[ STEP 215 ] Bit #042 = '1' → Using Private_Key_Odd
  Next_Pubkey.Gx = 0xb54978bcb99afc0333...86cc9703
  Next_Pubkey.Gy = 0x85531b6b091130dc81...bb436189
[ STEP 216 ] Bit #041 = '1' → Using Private_Key_Odd
  Next_Pubkey.Gx = 0x8aaea1b545b40e4230...86399265
  Next_Pubkey.Gy = 0x2b87f8adad86d323d7...5c0190c1
[ STEP 217 ] Bit #040 = '1' → Using Private_Key_Odd
  Next_Pubkey.Gx = 0x92591c25d383a23298...47391336
  Next_Pubkey.Gy = 0x3b1adef18bec496fd1...70b246da
[ STEP 218 ] Bit #039 = '0' → Using Private_Key_Even
  Next_Pubkey.Gx = 0x592afaf6953bfde459...9206acb8
  Next_Pubkey.Gy = 0x79b8f49eb921a9d138...e543fd22
[ STEP 219 ] Bit #038 = '1' → Using Private_Key_Odd
  Next_Pubkey.Gx = 0xa0ed8191efe653f835...d7eb39c5
  Next_Pubkey.Gy = 0xf74d0bed2e0e6661a0...4a6d7655
[ STEP 220 ] Bit #037 = '1' → Using Private_Key_Odd
  Next_Pubkey.Gx = 0x24c96dae36b577ba82...03f0d443
  Next_Pubkey.Gy = 0x2753b80c70a8955fd2...732c4a7d
[ STEP 221 ] Bit #036 = '0' → Using Private_Key_Even
  Next_Pubkey.Gx = 0xa6e21c6ee8a8b28ecb...92659675
  Next_Pubkey.Gy = 0xca4e2bb0172ad4f804...ffcb8130
[ STEP 222 ] Bit #035 = '1' → Using Private_Key_Odd
  Next_Pubkey.Gx = 0xdb54e27685e63f1df2...802e7244
  Next_Pubkey.Gy = 0x3a778971dff6895372...9456775e
[ STEP 223 ] Bit #034 = '1' → Using Private_Key_Odd
  Next_Pubkey.Gx = 0x750bd4457bce9374b4...6dbb33a8
  Next_Pubkey.Gy = 0x872a978a8b7e0fee3b...48ddc97f
[ STEP 224 ] Bit #033 = '1' → Using Private_Key_Odd
  Next_Pubkey.Gx = 0x9cf512154acbe54c69...84efec84
  Next_Pubkey.Gy = 0xe74c9385cdde524c81...80117c73
[ STEP 225 ] Bit #032 = '1' → Using Private_Key_Odd
  Next_Pubkey.Gx = 0xaafef476d022560686...c05eb549
  Next_Pubkey.Gy = 0xbc7a92aa73f3873e09...a535c471
[ STEP 226 ] Bit #031 = '0' → Using Private_Key_Even
  Next_Pubkey.Gx = 0x653debabe5861fa563...efbc4db2
  Next_Pubkey.Gy = 0xe2a165fd4096983437...aa12d20e
[ STEP 227 ] Bit #030 = '0' → Using Private_Key_Even
  Next_Pubkey.Gx = 0xefcf6b871445ebf9be...0b080327
  Next_Pubkey.Gy = 0x524ff42676f1a26d54...fb2760d5
[ STEP 228 ] Bit #029 = '1' → Using Private_Key_Odd
  Next_Pubkey.Gx = 0xe60cab688b0820d6b4...722015e6
  Next_Pubkey.Gy = 0x3dca09309f28bf222d...5c54a41e
[ STEP 229 ] Bit #028 = '1' → Using Private_Key_Odd
  Next_Pubkey.Gx = 0xcf80eb844cda561ece...9b3c2290
  Next_Pubkey.Gy = 0x5a166f33adb0f703a2...432623c0
[ STEP 230 ] Bit #027 = '0' → Using Private_Key_Even
  Next_Pubkey.Gx = 0x4c7804290b2cfa1cab...a53ca77c
  Next_Pubkey.Gy = 0x7858af1d2dd6430360...a6d72dee
[ STEP 231 ] Bit #026 = '1' → Using Private_Key_Odd
  Next_Pubkey.Gx = 0xc7d7d5ab3c9e4ba39d...a1648ddc
  Next_Pubkey.Gy = 0xf1ffb91c89b2825215...ee00c7f2
[ STEP 232 ] Bit #025 = '0' → Using Private_Key_Even
  Next_Pubkey.Gx = 0x8d65d59b0c135f5d68...4dadef0f
  Next_Pubkey.Gy = 0x62337d7807eb7f0660...d3d292ff
[ STEP 233 ] Bit #024 = '1' → Using Private_Key_Odd
  Next_Pubkey.Gx = 0xc31df484ea13769b06...8a0c81e1
  Next_Pubkey.Gy = 0x55e9b3d9134446a536...eae5b030
[ STEP 234 ] Bit #023 = '1' → Using Private_Key_Odd
  Next_Pubkey.Gx = 0x47fa5b1a4341f9d48a...fbcc49a8
  Next_Pubkey.Gy = 0x6ec936096f6c7d2da0...f31bf85c
[ STEP 235 ] Bit #022 = '1' → Using Private_Key_Odd
  Next_Pubkey.Gx = 0xeaeacf6e0cc5207406...d536452e
  Next_Pubkey.Gy = 0x4c889ea72e846f67b6...a549fa4a
[ STEP 236 ] Bit #021 = '1' → Using Private_Key_Odd
  Next_Pubkey.Gx = 0x39984f08475bbbfc7e...11b485c7
  Next_Pubkey.Gy = 0x2eb3cb17559634f730...c6b44627
[ STEP 237 ] Bit #020 = '0' → Using Private_Key_Even
  Next_Pubkey.Gx = 0xea10cf290d7befb351...8d9ed1cb
  Next_Pubkey.Gy = 0xc636ad626fd362f864...efe1c475
[ STEP 238 ] Bit #019 = '0' → Using Private_Key_Even
  Next_Pubkey.Gx = 0x22cedbd1b05edd7c5d...6633a908
  Next_Pubkey.Gy = 0xa8dc9648a4755a288e...1040a44a
[ STEP 239 ] Bit #018 = '1' → Using Private_Key_Odd
  Next_Pubkey.Gx = 0x2ad0213c1eb83b013d...2e4ce7f0
  Next_Pubkey.Gy = 0xe55534942907c8931a...3891fee2
[ STEP 240 ] Bit #017 = '0' → Using Private_Key_Even
  Next_Pubkey.Gx = 0x9665396f31d480b198...4d4e6203
  Next_Pubkey.Gy = 0xb68e7aa818b0c1dfe9...d3cadb5f
[ STEP 241 ] Bit #016 = '1' → Using Private_Key_Odd
  Next_Pubkey.Gx = 0x5ae719022281f36aa5...011818af
  Next_Pubkey.Gy = 0x7271078c2e8eb38bf1...a1a5a2a2
[ STEP 242 ] Bit #015 = '1' → Using Private_Key_Odd
  Next_Pubkey.Gx = 0x93882a561ce28243bd...7ea10823
  Next_Pubkey.Gy = 0xb01ee76b9114aea5d4...6688bec1
[ STEP 243 ] Bit #014 = '1' → Using Private_Key_Odd
  Next_Pubkey.Gx = 0x440be1d31c48d2f764...43785b25
  Next_Pubkey.Gy = 0xfd0bdf56a97617c93c...4a49084e
[ STEP 244 ] Bit #013 = '1' → Using Private_Key_Odd
  Next_Pubkey.Gx = 0x922d6b50c3dc23d6c2...3cc4e3c2
  Next_Pubkey.Gy = 0x318741c961c0f19087...27d72fb5
[ STEP 245 ] Bit #012 = '1' → Using Private_Key_Odd
  Next_Pubkey.Gx = 0xd7f47b29e15560854e...c6755af7
  Next_Pubkey.Gy = 0xb00a465e6c52a93857...94d13ed6
[ STEP 246 ] Bit #011 = '0' → Using Private_Key_Even
  Next_Pubkey.Gx = 0x5cfc3390ce949e58fb...160c5d64
  Next_Pubkey.Gy = 0x7ec42453cffdc4e66c...a1b9f4c9
[ STEP 247 ] Bit #010 = '0' → Using Private_Key_Even
  Next_Pubkey.Gx = 0x2a55674e49c2d69961...d1bd33b0
  Next_Pubkey.Gy = 0xbe4604071f71870141...cb0106f6
[ STEP 248 ] Bit #009 = '0' → Using Private_Key_Even
  Next_Pubkey.Gx = 0x798203b9749058230f...e1a27c26
  Next_Pubkey.Gy = 0x34f6ddd4fe68ed9f30...adb96f00
[ STEP 249 ] Bit #008 = '1' → Using Private_Key_Odd
  Next_Pubkey.Gx = 0xcd6f9da88badfae412...be2fbc58
  Next_Pubkey.Gy = 0xcb6d6490e47ba6e6d0...546f3c48
[ STEP 250 ] Bit #007 = '0' → Using Private_Key_Even
  Next_Pubkey.Gx = 0xc0ad4bd392f93ecf66...229948d1
  Next_Pubkey.Gy = 0x53a8e3ea10dc2255f7...bdf1ffc3
[ STEP 251 ] Bit #006 = '0' → Using Private_Key_Even
  Next_Pubkey.Gx = 0x83391afc2d5ea45018...a1b8c722
  Next_Pubkey.Gy = 0x33260cdac95ccad1d7...a9d6bcf0
[ STEP 252 ] Bit #005 = '0' → Using Private_Key_Even
  Next_Pubkey.Gx = 0x45cbe140412e6b7002...503d1ada
  Next_Pubkey.Gy = 0xde50b965a3f039da65...33c57f2f
[ STEP 253 ] Bit #004 = '0' → Using Private_Key_Even
  Next_Pubkey.Gx = 0xafcab2eb245296506e...58f1d950
  Next_Pubkey.Gy = 0xd7600c9b7baec0df98...5778fc34
[ STEP 254 ] Bit #003 = '1' → Using Private_Key_Odd
  Next_Pubkey.Gx = 0x20f4988ed2554e3e1c...edad4814
  Next_Pubkey.Gy = 0xbe3bac7e984eba248b...0c5bccea
[ STEP 255 ] Bit #002 = '1' → Using Private_Key_Odd
  Next_Pubkey.Gx = 0x5766bef252404ebf8c...021363bb
  Next_Pubkey.Gy = 0xdccc03b0e3babf5e4d...44cb2356
[ STEP 256 ] Bit #001 = '1' → Using Private_Key_Odd
  Next_Pubkey.Gx = 0xb63075f534d2061aef...6962e5d3
  Next_Pubkey.Gy = 0xc0f460f1c8a0f3bda3...a6ca09dd
──────────────────────────────────────────────────────────────────────────────
[ RUN ] Scalar multiplication cycle COMPLETE.
[ RUN ] Press BIN to HEX to convert the accumulated bit sequence.
──────────────────────────────────────────────────────────────────────────────
Private Key Hexadecimal Format (64 characters [0-9A-F]):
E11F4F59EDF7ADA8E976E25226F5B46E20BD66B3FCBA8958643F46DE2248C703
──────────────────────────────────────────────────────────────────────────────
──────────────────────────────────────────────────────────────────────────────
Private Key WIF (uncompressed):
5KXS2caJHcLehQ7P1nWmowDWj1jmD5uwuC6ZiEUT7u2NUgbNqwF
Private Key WIF (compressed):
L4mKU81yJJyjPK1AATtQnAJECSFk8LghKMyZNzUAHSd3nuWBRiz2
──────────────────────────────────────────────────────────────────────────────