◈ BTCDetect Software Even and ODD v3.5 — Crypto Research Interface
──────────────────────────────────────────────────────────────────────────────
[ REVERSE ] All fields cleared. Enter a new Bitcoin Address.
──────────────────────────────────────────────────────────────────────────────
[ EXTRACT ] Bitcoin Address: 1uikAnfpE7SShjnEFKRsckKGnZ8t89ei8
[ EXTRACT ] Querying Blockstream API...
[ EXTRACT ] Public Key found:
  0373a82d6adc2ebcd089bcaa6fadf414d488fc3cd0d93a625dab5b2a5f763f57b0
  Gx = 0x73a82d6adc2ebcd089bcaa6fadf414d488fc3cd0d93a625dab5b2a5f763f57b0
  Gy = 0x17d6948994f353610486b9a12d0fb2a363faf10328012a3d5d8a67640feb6e81
[ EXTRACT ] Ready. Press RUN to start scalar multiplication.
──────────────────────────────────────────────────────────────────────────────
[ RUN ] Starting scalar multiplication cycle...
[ RUN ] Total bits: 256
[ STEP 001 ] Bit #256 = '1' → Using Private_Key_Odd
  Next_Pubkey.Gx = 0x4450d6a28dc3507be8...ed5657b8
  Next_Pubkey.Gy = 0x1295d00259ce0df18f...40730f94
[ STEP 002 ] Bit #255 = '1' → Using Private_Key_Odd
  Next_Pubkey.Gx = 0xf66af3605e932cdc41...cdd52d45
  Next_Pubkey.Gy = 0x73b45a711c6afd6cc7...efc938f9
[ STEP 003 ] Bit #254 = '1' → Using Private_Key_Odd
  Next_Pubkey.Gx = 0x7cd17a0e84dee44476...080b5086
  Next_Pubkey.Gy = 0x347fb44c4c7a2fc59c...e5c69c8c
[ STEP 004 ] Bit #253 = '1' → Using Private_Key_Odd
  Next_Pubkey.Gx = 0xe531aa639cbeb5813f...f575a2ea
  Next_Pubkey.Gy = 0xbf5f319feda0251f4e...ca5fbcc0
[ STEP 005 ] Bit #252 = '1' → Using Private_Key_Odd
  Next_Pubkey.Gx = 0x961888153def111ba9...5097b35d
  Next_Pubkey.Gy = 0xa04eee7d2423e906e1...07dcc40a
[ STEP 006 ] Bit #251 = '0' → Using Private_Key_Even
  Next_Pubkey.Gx = 0xd82203c58e56dad502...3950c849
  Next_Pubkey.Gy = 0x68cd7b1313e2697161...7f289de8
[ STEP 007 ] Bit #250 = '1' → Using Private_Key_Odd
  Next_Pubkey.Gx = 0xc6d4f2e46feb0ecfee...5ef45766
  Next_Pubkey.Gy = 0x79e464fc96ff706227...110496a7
[ STEP 008 ] Bit #249 = '0' → Using Private_Key_Even
  Next_Pubkey.Gx = 0xa9e280cb8c2a58c9d7...a087175f
  Next_Pubkey.Gy = 0x6e8ebfad9ff73bd75d...1fc56312
[ STEP 009 ] Bit #248 = '0' → Using Private_Key_Even
  Next_Pubkey.Gx = 0x90b5cc248a17522846...b8324b08
  Next_Pubkey.Gy = 0x40f47cf1c4dcc8828b...38aa7087
[ STEP 010 ] Bit #247 = '1' → Using Private_Key_Odd
  Next_Pubkey.Gx = 0xb28534a0dd356a42e5...6af9fb05
  Next_Pubkey.Gy = 0xe7787f460f3e5da3de...aa5fcc47
[ STEP 011 ] Bit #246 = '1' → Using Private_Key_Odd
  Next_Pubkey.Gx = 0x6d0c1a9a6b87dbe6a3...f55b161b
  Next_Pubkey.Gy = 0xed559a4883c83d8886...3cbd8870
[ STEP 012 ] Bit #245 = '0' → Using Private_Key_Even
  Next_Pubkey.Gx = 0xfa269267d6d7b9b4ce...cdda9fe2
  Next_Pubkey.Gy = 0x6187dd882e31c936dc...26903285
[ STEP 013 ] Bit #244 = '0' → Using Private_Key_Even
  Next_Pubkey.Gx = 0x5e069794b6a6db78fe...5ff4f2db
  Next_Pubkey.Gy = 0x3142ea02b60b9e4506...92e824f4
[ STEP 014 ] Bit #243 = '1' → Using Private_Key_Odd
  Next_Pubkey.Gx = 0xb5d1a57e76b65c16dc...27a3b512
  Next_Pubkey.Gy = 0xaf2fc2e2e997f1446d...7f8444f9
[ STEP 015 ] Bit #242 = '0' → Using Private_Key_Even
  Next_Pubkey.Gx = 0xdaa529ade308c38754...35c5b7c6
  Next_Pubkey.Gy = 0x7197fbacede87f501c...1f742f46
[ STEP 016 ] Bit #241 = '1' → Using Private_Key_Odd
  Next_Pubkey.Gx = 0xe38c0a1e377dbe89d2...909d17f5
  Next_Pubkey.Gy = 0x5dde87c71dbc816f05...b8e430c9
[ STEP 017 ] Bit #240 = '1' → Using Private_Key_Odd
  Next_Pubkey.Gx = 0x6c8810d3a1eb8b28cf...82783b21
  Next_Pubkey.Gy = 0x7b0b16d74104ebef25...38f49915
[ STEP 018 ] Bit #239 = '1' → Using Private_Key_Odd
  Next_Pubkey.Gx = 0xc77ab1c357fbc727c1...d505ec58
  Next_Pubkey.Gy = 0xdd382a22506377f228...7e0ef3bc
[ STEP 019 ] Bit #238 = '1' → Using Private_Key_Odd
  Next_Pubkey.Gx = 0x4cfa9b1988251e8e16...a5818980
  Next_Pubkey.Gy = 0xde87f14ecd39e3d102...1627eb26
[ STEP 020 ] Bit #237 = '1' → Using Private_Key_Odd
  Next_Pubkey.Gx = 0x92dcdf89c761551731...61e51535
  Next_Pubkey.Gy = 0xdfd978cd8e9d492059...99f37a0a
[ STEP 021 ] Bit #236 = '0' → Using Private_Key_Even
  Next_Pubkey.Gx = 0xcecfb0ce605e085a50...bef89d9c
  Next_Pubkey.Gy = 0xb60aad1b64995445e0...1feb1c5a
[ STEP 022 ] Bit #235 = '1' → Using Private_Key_Odd
  Next_Pubkey.Gx = 0x92497113619e24e5f1...e3beb0c8
  Next_Pubkey.Gy = 0x9df700d566afcb61ff...9062b3c5
[ STEP 023 ] Bit #234 = '1' → Using Private_Key_Odd
  Next_Pubkey.Gx = 0xd014c1dd6781bce419...325efa78
  Next_Pubkey.Gy = 0x4974858b6358ca9395...2664d190
[ STEP 024 ] Bit #233 = '0' → Using Private_Key_Even
  Next_Pubkey.Gx = 0x65a0e1ed608ca2fd33...7ad1c69f
  Next_Pubkey.Gy = 0x5ac83568e11244c2ef...a111f0ba
[ STEP 025 ] Bit #232 = '1' → Using Private_Key_Odd
  Next_Pubkey.Gx = 0xc56d5464783a73a2ca...31f8ddd0
  Next_Pubkey.Gy = 0xeb7fe0b85eef326231...4b8e595a
[ STEP 026 ] Bit #231 = '1' → Using Private_Key_Odd
  Next_Pubkey.Gx = 0x8e32c605ffb1f53bbb...1e427d23
  Next_Pubkey.Gy = 0xb2048d088063d82a89...66fdc6d7
[ STEP 027 ] Bit #230 = '0' → Using Private_Key_Even
  Next_Pubkey.Gx = 0x1d820dd71064c5ee29...47271b57
  Next_Pubkey.Gy = 0x784d0e958946143ee4...c2851f8d
[ STEP 028 ] Bit #229 = '0' → Using Private_Key_Even
  Next_Pubkey.Gx = 0x1ae3a7930d9788a575...8d2a730d
  Next_Pubkey.Gy = 0x4ac57f1c5661f74ab9...201394ed
[ STEP 029 ] Bit #228 = '0' → Using Private_Key_Even
  Next_Pubkey.Gx = 0xf4a79389d8264eb752...762b48f7
  Next_Pubkey.Gy = 0x529e74bca12b8ff383...ba4cfd71
[ STEP 030 ] Bit #227 = '1' → Using Private_Key_Odd
  Next_Pubkey.Gx = 0x7d3604fdb99523ae79...75736b11
  Next_Pubkey.Gy = 0x5c0f4612a76e9b4a41...f340d9ed
[ STEP 031 ] Bit #226 = '0' → Using Private_Key_Even
  Next_Pubkey.Gx = 0x3e4a75176797f6e912...f7b4c2df
  Next_Pubkey.Gy = 0xb033ae71102ee1bf3b...db6fb9a8
[ STEP 032 ] Bit #225 = '1' → Using Private_Key_Odd
  Next_Pubkey.Gx = 0xca3fbb5c7e6852ca4c...1e82a52e
  Next_Pubkey.Gy = 0xa861f9213155fbcb3a...fe4208d4
[ STEP 033 ] Bit #224 = '0' → Using Private_Key_Even
  Next_Pubkey.Gx = 0x1332fbadb91edb65fd...08872503
  Next_Pubkey.Gy = 0x1f135417a3066c7e75...2898ee29
[ STEP 034 ] Bit #223 = '1' → Using Private_Key_Odd
  Next_Pubkey.Gx = 0xc84bf5814fb9c1cd6c...3b53f3ec
  Next_Pubkey.Gy = 0xb0c437bebcc18474ac...fe586346
[ STEP 035 ] Bit #222 = '0' → Using Private_Key_Even
  Next_Pubkey.Gx = 0x203f239b4402057f96...7e4f99bd
  Next_Pubkey.Gy = 0x27e5823ac9a5424f7c...cc1d7c92
[ STEP 036 ] Bit #221 = '1' → Using Private_Key_Odd
  Next_Pubkey.Gx = 0x26cb6a00bf27733189...39f3b0f8
  Next_Pubkey.Gy = 0xcc3701cc299a565f50...dbc8b91b
[ STEP 037 ] Bit #220 = '0' → Using Private_Key_Even
  Next_Pubkey.Gx = 0xa668a99ae9add461f9...5a375016
  Next_Pubkey.Gy = 0x284afb3f71464c3ce0...204462e9
[ STEP 038 ] Bit #219 = '0' → Using Private_Key_Even
  Next_Pubkey.Gx = 0x67a80770f39c3c7f84...9258f431
  Next_Pubkey.Gy = 0x5f109a0e91ab3a4750...b9c4e48c
[ STEP 039 ] Bit #218 = '1' → Using Private_Key_Odd
  Next_Pubkey.Gx = 0x1eb96f598b71d36174...ab5df08d
  Next_Pubkey.Gy = 0x6d93771ad4a1407751...34da59ab
[ STEP 040 ] Bit #217 = '0' → Using Private_Key_Even
  Next_Pubkey.Gx = 0x3d45a7d62fa63dbffa...c166d3ee
  Next_Pubkey.Gy = 0x889c996d67b2184d59...7018258f
[ STEP 041 ] Bit #216 = '1' → Using Private_Key_Odd
  Next_Pubkey.Gx = 0xd2bc63b1369de1141c...31d52e29
  Next_Pubkey.Gy = 0xedd4c62d6fe71bc3c4...3767cfd9
[ STEP 042 ] Bit #215 = '0' → Using Private_Key_Even
  Next_Pubkey.Gx = 0xd778ca68a61c882c5a...c9ea5ed9
  Next_Pubkey.Gy = 0xe7af0d5860d69a9b3c...51ba461b
[ STEP 043 ] Bit #214 = '1' → Using Private_Key_Odd
  Next_Pubkey.Gx = 0xc361462299882590af...5d9d4979
  Next_Pubkey.Gy = 0xeec56149bc68c40375...6614d6b3
[ STEP 044 ] Bit #213 = '1' → Using Private_Key_Odd
  Next_Pubkey.Gx = 0x8645eaa7a67a468cac...0c00bf84
  Next_Pubkey.Gy = 0x37174ff3a5746aa2cb...08f1cf07
[ STEP 045 ] Bit #212 = '0' → Using Private_Key_Even
  Next_Pubkey.Gx = 0xeb0d1b4ff565b390fc...c40acea6
  Next_Pubkey.Gy = 0xd3f193daa77fbdd13f...5b755124
[ STEP 046 ] Bit #211 = '0' → Using Private_Key_Even
  Next_Pubkey.Gx = 0xa89b1c3680683eb3a7...a26abe98
  Next_Pubkey.Gy = 0x2a67a768d608b1a50c...b18a259b
[ STEP 047 ] Bit #210 = '1' → Using Private_Key_Odd
  Next_Pubkey.Gx = 0x46fe18c0372586acd9...9f9ac3a2
  Next_Pubkey.Gy = 0x2e17301d5358a4cd57...8db51f31
[ STEP 048 ] Bit #209 = '0' → Using Private_Key_Even
  Next_Pubkey.Gx = 0xacdf80cd687f19ebac...22515529
  Next_Pubkey.Gy = 0xca6f4126f9587e1e32...89102246
[ STEP 049 ] Bit #208 = '0' → Using Private_Key_Even
  Next_Pubkey.Gx = 0x4b764d36f3a447d7fa...ef32d567
  Next_Pubkey.Gy = 0x95b486c06c6945413f...fbfb4202
[ STEP 050 ] Bit #207 = '0' → Using Private_Key_Even
  Next_Pubkey.Gx = 0xd401ba0129576fd9fe...1f2aabb7
  Next_Pubkey.Gy = 0xc9015a19b965f7d015...66b7eb13
[ STEP 051 ] Bit #206 = '1' → Using Private_Key_Odd
  Next_Pubkey.Gx = 0xad219674e0a3a8d371...364232a9
  Next_Pubkey.Gy = 0x2f189eba4718d418f0...9c9faef9
[ STEP 052 ] Bit #205 = '1' → Using Private_Key_Odd
  Next_Pubkey.Gx = 0xc9362af494ccd85449...1c8c2319
  Next_Pubkey.Gy = 0x2d57ad371696484df1...19f7344c
[ STEP 053 ] Bit #204 = '1' → Using Private_Key_Odd
  Next_Pubkey.Gx = 0x5f149157dab3e95b3a...a31494a6
  Next_Pubkey.Gy = 0x8cd27456ff0aff0fef...5db19359
[ STEP 054 ] Bit #203 = '0' → Using Private_Key_Even
  Next_Pubkey.Gx = 0x46c9ec0c07ec6eb9c9...cdb8a674
  Next_Pubkey.Gy = 0x6f31d54540d0e59447...c4cac78a
[ STEP 055 ] Bit #202 = '1' → Using Private_Key_Odd
  Next_Pubkey.Gx = 0xe6052b6b0ef77bdc77...ea2cb9ac
  Next_Pubkey.Gy = 0xfac91e009e6602fbf4...7e72c935
[ STEP 056 ] Bit #201 = '0' → Using Private_Key_Even
  Next_Pubkey.Gx = 0x5d9f308064d6b5f470...c0d0f5f4
  Next_Pubkey.Gy = 0x19728b70420e640b8a...064c26a0
[ STEP 057 ] Bit #200 = '0' → Using Private_Key_Even
  Next_Pubkey.Gx = 0xbbcc68eb5e6085b3b5...c73037bb
  Next_Pubkey.Gy = 0x7a2a62875b66133104...5874a543
[ STEP 058 ] Bit #199 = '0' → Using Private_Key_Even
  Next_Pubkey.Gx = 0xc6c28d951c8df6bcc4...f9f926cf
  Next_Pubkey.Gy = 0xf0826da61e4983985c...c269b08c
[ STEP 059 ] Bit #198 = '0' → Using Private_Key_Even
  Next_Pubkey.Gx = 0xf0a593ed3987a1c447...2b63e955
  Next_Pubkey.Gy = 0x4ced21ea1ef90bd36a...bbb8eca5
[ STEP 060 ] Bit #197 = '1' → Using Private_Key_Odd
  Next_Pubkey.Gx = 0x2f846f5d7ab110524c...5fe7bb02
  Next_Pubkey.Gy = 0xfedaf7290e6be64811...5b973250
[ STEP 061 ] Bit #196 = '1' → Using Private_Key_Odd
  Next_Pubkey.Gx = 0x250c226712fec360fb...2c4a3e27
  Next_Pubkey.Gy = 0x878ec096e129033463...1b8a5eef
[ STEP 062 ] Bit #195 = '0' → Using Private_Key_Even
  Next_Pubkey.Gx = 0xdceca9e0264734d29a...482dec5d
  Next_Pubkey.Gy = 0xaa0d13454fc304b48c...97d3dffa
[ STEP 063 ] Bit #194 = '1' → Using Private_Key_Odd
  Next_Pubkey.Gx = 0x62396d2a09f68e2dcc...8b5556b6
  Next_Pubkey.Gy = 0x5d00859b689e662da0...ac611aab
[ STEP 064 ] Bit #193 = '1' → Using Private_Key_Odd
  Next_Pubkey.Gx = 0x199f4e65d3c906d9c3...e7f14bad
  Next_Pubkey.Gy = 0x1cd11b8328719a9757...83879d83
[ STEP 065 ] Bit #192 = '1' → Using Private_Key_Odd
  Next_Pubkey.Gx = 0x173ef077812432d253...172ef203
  Next_Pubkey.Gy = 0xd45b3155c2f0ce74be...7f16e0f7
[ STEP 066 ] Bit #191 = '1' → Using Private_Key_Odd
  Next_Pubkey.Gx = 0xe52cf68d6e43118885...96181de5
  Next_Pubkey.Gy = 0x69f1bda835f9b91014...755f6087
[ STEP 067 ] Bit #190 = '1' → Using Private_Key_Odd
  Next_Pubkey.Gx = 0x743161cf42a587d4ed...e273b2c5
  Next_Pubkey.Gy = 0xc6c754727176438451...6f8a90c9
[ STEP 068 ] Bit #189 = '0' → Using Private_Key_Even
  Next_Pubkey.Gx = 0x4adc24747cee57eb6c...38079583
  Next_Pubkey.Gy = 0xdf99f37787ff4f5c13...3f8f3ce3
[ STEP 069 ] Bit #188 = '1' → Using Private_Key_Odd
  Next_Pubkey.Gx = 0x69984ab1fb638ec79c...cec8a571
  Next_Pubkey.Gy = 0x1172ce114e9f9b59e0...0b3e9cd7
[ STEP 070 ] Bit #187 = '0' → Using Private_Key_Even
  Next_Pubkey.Gx = 0x9c1f4dea833748102e...ebbd09be
  Next_Pubkey.Gy = 0x639fd95a463c68a868...a51db717
[ STEP 071 ] Bit #186 = '1' → Using Private_Key_Odd
  Next_Pubkey.Gx = 0x231ca4d785a50bad1d...4102a603
  Next_Pubkey.Gy = 0x6e3e170c9d8bd4ca6c...dc9ca253
[ STEP 072 ] Bit #185 = '0' → Using Private_Key_Even
  Next_Pubkey.Gx = 0x8937a09662dbd6552b...45bca72e
  Next_Pubkey.Gy = 0x35cbdf3f04aaea4c03...9a259d02
[ STEP 073 ] Bit #184 = '0' → Using Private_Key_Even
  Next_Pubkey.Gx = 0x742f5073e2c8cd357b...db0a5890
  Next_Pubkey.Gy = 0x19992dc14794bb8e05...a7d33ec9
[ STEP 074 ] Bit #183 = '1' → Using Private_Key_Odd
  Next_Pubkey.Gx = 0xd297f0b298d622c704...1c96f7ff
  Next_Pubkey.Gy = 0x32e5393d8d4e78c14b...603b9078
[ STEP 075 ] Bit #182 = '1' → Using Private_Key_Odd
  Next_Pubkey.Gx = 0x48c71af121c9f808a3...f5196dd7
  Next_Pubkey.Gy = 0x33a075407180025613...1b82fd97
[ STEP 076 ] Bit #181 = '0' → Using Private_Key_Even
  Next_Pubkey.Gx = 0x92fc993dbbaa3f757a...3bd0c9a3
  Next_Pubkey.Gy = 0xf5cd58b376e4b136a7...82282c3f
[ STEP 077 ] Bit #180 = '0' → Using Private_Key_Even
  Next_Pubkey.Gx = 0xd1d22ffdcfce33bf0f...2e979718
  Next_Pubkey.Gy = 0x945dd2cfd9ebaf1f30...5af2dc2b
[ STEP 078 ] Bit #179 = '0' → Using Private_Key_Even
  Next_Pubkey.Gx = 0x4a032875721a150018...05edd262
  Next_Pubkey.Gy = 0x199a115c2314c4a006...6d3b75e9
[ STEP 079 ] Bit #178 = '0' → Using Private_Key_Even
  Next_Pubkey.Gx = 0x79aa529e9e25522388...817c923a
  Next_Pubkey.Gy = 0x39728bebf4d20c6c56...785f079b
[ STEP 080 ] Bit #177 = '0' → Using Private_Key_Even
  Next_Pubkey.Gx = 0x26af1aa290e5767a64...764e4923
  Next_Pubkey.Gy = 0x259a6541d1deb786ed...8350b5a7
[ STEP 081 ] Bit #176 = '0' → Using Private_Key_Even
  Next_Pubkey.Gx = 0x7b4722baddc31dbf2f...58d4ef99
  Next_Pubkey.Gy = 0xcd3a3d600571fa0026...82779071
[ STEP 082 ] Bit #175 = '1' → Using Private_Key_Odd
  Next_Pubkey.Gx = 0x139476b754b68d2f56...2fded459
  Next_Pubkey.Gy = 0xc9fce239bb79ed4d0b...8d878ed4
[ STEP 083 ] Bit #174 = '1' → Using Private_Key_Odd
  Next_Pubkey.Gx = 0xebb3ec9e86b945c950...df8957d5
  Next_Pubkey.Gy = 0x84c8b97516827d6133...5fb70d0f
[ STEP 084 ] Bit #173 = '1' → Using Private_Key_Odd
  Next_Pubkey.Gx = 0xae8124434671b044df...3473303e
  Next_Pubkey.Gy = 0x68aabfb3df50b0cfdc...7f5038e9
[ STEP 085 ] Bit #172 = '0' → Using Private_Key_Even
  Next_Pubkey.Gx = 0x90569e6d7aa2846567...ed136041
  Next_Pubkey.Gy = 0x20d564446688cd0b8d...ab90ed91
[ STEP 086 ] Bit #171 = '0' → Using Private_Key_Even
  Next_Pubkey.Gx = 0xaf5264c4145d61e383...8f7ad6e2
  Next_Pubkey.Gy = 0x78e9f042896a285635...ef3da000
[ STEP 087 ] Bit #170 = '0' → Using Private_Key_Even
  Next_Pubkey.Gx = 0x247733946eee7d7b9f...9af98b6a
  Next_Pubkey.Gy = 0x7cb57e787ba67b4861...61850b37
[ STEP 088 ] Bit #169 = '1' → Using Private_Key_Odd
  Next_Pubkey.Gx = 0xe04c29e0a9e328c620...43f683f3
  Next_Pubkey.Gy = 0xa7d04aa2e08dee0199...4d7fc29b
[ STEP 089 ] Bit #168 = '0' → Using Private_Key_Even
  Next_Pubkey.Gx = 0x77b5f622c2e51b0473...d5149168
  Next_Pubkey.Gy = 0x1467bfa1e7047d8a86...bf5dda6e
[ STEP 090 ] Bit #167 = '1' → Using Private_Key_Odd
  Next_Pubkey.Gx = 0xfb107f63b4f624ce3e...c42b6be6
  Next_Pubkey.Gy = 0xa3b54a02d9bdb4af23...1724fd1a
[ STEP 091 ] Bit #166 = '0' → Using Private_Key_Even
  Next_Pubkey.Gx = 0xd20f8b26ab1a6f0e58...094f117c
  Next_Pubkey.Gy = 0x3a49ea4cd3ecb9eb61...b8ed288c
[ STEP 092 ] Bit #165 = '0' → Using Private_Key_Even
  Next_Pubkey.Gx = 0xb66443779b1cbcdcc8...a2ddec1b
  Next_Pubkey.Gy = 0x898a90628e46e14399...539b6b30
[ STEP 093 ] Bit #164 = '1' → Using Private_Key_Odd
  Next_Pubkey.Gx = 0xa08994913e0c8e2084...22f4fb52
  Next_Pubkey.Gy = 0x4422ce213ac8ab864a...011fe0a2
[ STEP 094 ] Bit #163 = '1' → Using Private_Key_Odd
  Next_Pubkey.Gx = 0xc2e59dc97137b5ff96...bf1af348
  Next_Pubkey.Gy = 0x6fa9a01df500daba2f...517dc92c
[ STEP 095 ] Bit #162 = '1' → Using Private_Key_Odd
  Next_Pubkey.Gx = 0x4837e50850a519d6a0...34b96d95
  Next_Pubkey.Gy = 0xf5bb1d93b6333f485c...38bbbd92
[ STEP 096 ] Bit #161 = '0' → Using Private_Key_Even
  Next_Pubkey.Gx = 0x923226b60299a5f80e...2255da1a
  Next_Pubkey.Gy = 0x8987c571948333087a...5009c570
[ STEP 097 ] Bit #160 = '0' → Using Private_Key_Even
  Next_Pubkey.Gx = 0x480c71bf2d449cbb84...1bda2ee2
  Next_Pubkey.Gy = 0x798abd5f070354e793...37754315
[ STEP 098 ] Bit #159 = '1' → Using Private_Key_Odd
  Next_Pubkey.Gx = 0xe43e925f187442ce64...e6c26785
  Next_Pubkey.Gy = 0x381b7c0c2189146c2f...e90e5a72
[ STEP 099 ] Bit #158 = '1' → Using Private_Key_Odd
  Next_Pubkey.Gx = 0x6d03d5af49d15d42a1...8af80090
  Next_Pubkey.Gy = 0x1c3a70ac070ff3beab...953bec46
[ STEP 100 ] Bit #157 = '0' → Using Private_Key_Even
  Next_Pubkey.Gx = 0x25d1df088404128320...095ecc59
  Next_Pubkey.Gy = 0x8bb5e5149a358c1d29...88297be8
[ STEP 101 ] Bit #156 = '0' → Using Private_Key_Even
  Next_Pubkey.Gx = 0x98f1f8027c711b66e7...ae02bfc3
  Next_Pubkey.Gy = 0x5326d16aa3e1878770...641b0021
[ STEP 102 ] Bit #155 = '0' → Using Private_Key_Even
  Next_Pubkey.Gx = 0xa802dd4a412192a26e...6737bfd7
  Next_Pubkey.Gy = 0x5f386fea2b5da0ebd7...2c2f86b0
[ STEP 103 ] Bit #154 = '1' → Using Private_Key_Odd
  Next_Pubkey.Gx = 0x6035f7dcf2c9d8973a...1aae85f7
  Next_Pubkey.Gy = 0x7fd0601c9629d38ee2...ce9d6dbc
[ STEP 104 ] Bit #153 = '0' → Using Private_Key_Even
  Next_Pubkey.Gx = 0x6e382cb4ac07ebf839...9901b11f
  Next_Pubkey.Gy = 0xd060ace0bcd6aaa557...9a62385e
[ STEP 105 ] Bit #152 = '1' → Using Private_Key_Odd
  Next_Pubkey.Gx = 0x627a5d62e0acd45079...221a3286
  Next_Pubkey.Gy = 0x745c89d3376ce4e343...508ca126
[ STEP 106 ] Bit #151 = '0' → Using Private_Key_Even
  Next_Pubkey.Gx = 0xfde45d4d531ffb586b...ee574f81
  Next_Pubkey.Gy = 0x4ac5feb425db09c9e4...e6082191
[ STEP 107 ] Bit #150 = '1' → Using Private_Key_Odd
  Next_Pubkey.Gx = 0xceab82072a1c537303...e2915316
  Next_Pubkey.Gy = 0xbb8c1453937b3f33c0...9f32e171
[ STEP 108 ] Bit #149 = '0' → Using Private_Key_Even
  Next_Pubkey.Gx = 0xb807c954c66560c21b...100a5110
  Next_Pubkey.Gy = 0x18aa73b107f1a2a956...4596c77d
[ STEP 109 ] Bit #148 = '0' → Using Private_Key_Even
  Next_Pubkey.Gx = 0x6eb8d353757e312b73...904f4a74
  Next_Pubkey.Gy = 0x7034e7685872417d62...c863c2cc
[ STEP 110 ] Bit #147 = '0' → Using Private_Key_Even
  Next_Pubkey.Gx = 0x7dd374c602d8e5c17a...957fecaa
  Next_Pubkey.Gy = 0xf069a944487e6d1125...2ec9ae37
[ STEP 111 ] Bit #146 = '0' → Using Private_Key_Even
  Next_Pubkey.Gx = 0x401a27e53aa3942b3b...181e64a2
  Next_Pubkey.Gy = 0xec68bc6753a807149d...9fb6250a
[ STEP 112 ] Bit #145 = '1' → Using Private_Key_Odd
  Next_Pubkey.Gx = 0xff1152e993079e28f1...6fd67f76
  Next_Pubkey.Gy = 0xef309dbf13a685f8b4...00928e8e
[ STEP 113 ] Bit #144 = '1' → Using Private_Key_Odd
  Next_Pubkey.Gx = 0xad083579edab3ebb9d...cff5c060
  Next_Pubkey.Gy = 0x49f19363379edb8279...0cffbc26
[ STEP 114 ] Bit #143 = '0' → Using Private_Key_Even
  Next_Pubkey.Gx = 0x19b51e2ed68ccfa664...021a3d6d
  Next_Pubkey.Gy = 0x9d3bd20504ddc55387...d53fcee1
[ STEP 115 ] Bit #142 = '0' → Using Private_Key_Even
  Next_Pubkey.Gx = 0x18a3035323de3fe3b6...8032de28
  Next_Pubkey.Gy = 0x8674ba200b63d9af49...ea4a4da8
[ STEP 116 ] Bit #141 = '1' → Using Private_Key_Odd
  Next_Pubkey.Gx = 0x6fb3815b3857cfc268...0c885338
  Next_Pubkey.Gy = 0x896f1405d4db4969c7...86110184
[ STEP 117 ] Bit #140 = '1' → Using Private_Key_Odd
  Next_Pubkey.Gx = 0x1de69e3d5d67557e81...216de4fe
  Next_Pubkey.Gy = 0x9fa135a3692363b529...9193a1f8
[ STEP 118 ] Bit #139 = '0' → Using Private_Key_Even
  Next_Pubkey.Gx = 0x54e7ab965d80e75f9a...3c46f5ef
  Next_Pubkey.Gy = 0x2919f3a2f788529fb1...19983b40
[ STEP 119 ] Bit #138 = '1' → Using Private_Key_Odd
  Next_Pubkey.Gx = 0x19433020711204bca7...05617b80
  Next_Pubkey.Gy = 0xbf70f80fa52bac905f...c221339f
[ STEP 120 ] Bit #137 = '1' → Using Private_Key_Odd
  Next_Pubkey.Gx = 0x794d21a2a94ff79efa...bf65ed0d
  Next_Pubkey.Gy = 0x518db0122e10884cdc...aecb025d
[ STEP 121 ] Bit #136 = '0' → Using Private_Key_Even
  Next_Pubkey.Gx = 0x110fb7ec94245bca5d...4b1940e2
  Next_Pubkey.Gy = 0x4d0cc0219e39891d8e...e357fff9
[ STEP 122 ] Bit #135 = '0' → Using Private_Key_Even
  Next_Pubkey.Gx = 0x395de5ba23d1777b5f...f69113f0
  Next_Pubkey.Gy = 0x1a5e3f219228c282d8...d69ee6ac
[ STEP 123 ] Bit #134 = '1' → Using Private_Key_Odd
  Next_Pubkey.Gx = 0xfc4e140b15b5ebb7c7...ec749409
  Next_Pubkey.Gy = 0x46ad29d5f8c95e3b2b...dfb1e747
[ STEP 124 ] Bit #133 = '0' → Using Private_Key_Even
  Next_Pubkey.Gx = 0xb1b5ace8e6b571ac8e...076236c1
  Next_Pubkey.Gy = 0x62c3c66e5367100075...b8d54987
[ STEP 125 ] Bit #132 = '0' → Using Private_Key_Even
  Next_Pubkey.Gx = 0x7eefb9ab30f406ec03...3e6a152d
  Next_Pubkey.Gy = 0x8dd4e5be5dfbee2140...8f8e6f18
[ STEP 126 ] Bit #131 = '0' → Using Private_Key_Even
  Next_Pubkey.Gx = 0x9ebfa9ac7567175a95...0cbcb13c
  Next_Pubkey.Gy = 0xe945fc03a5ff1fe978...f33ca2ea
[ STEP 127 ] Bit #130 = '1' → Using Private_Key_Odd
  Next_Pubkey.Gx = 0x80007235186412cc67...7d94f764
  Next_Pubkey.Gy = 0x9cee66295382c8a811...fa304b20
[ STEP 128 ] Bit #129 = '0' → Using Private_Key_Even
  Next_Pubkey.Gx = 0xcc7e732e25b11640ac...4a986dfd
  Next_Pubkey.Gy = 0x939505c10371260dd0...b3e76121
[ STEP 129 ] Bit #128 = '0' → Using Private_Key_Even
  Next_Pubkey.Gx = 0xafe3fd18e21c636552...ac02f9f3
  Next_Pubkey.Gy = 0x7c7ab5a1b5224071b3...9ed2b211
[ STEP 130 ] Bit #127 = '1' → Using Private_Key_Odd
  Next_Pubkey.Gx = 0xc07a1240fa6b69a5a7...7000b682
  Next_Pubkey.Gy = 0xcfe2519ec26c2f86a4...3082b11d
[ STEP 131 ] Bit #126 = '0' → Using Private_Key_Even
  Next_Pubkey.Gx = 0xf0e679f9157b576838...913625aa
  Next_Pubkey.Gy = 0xeaffe7f41e5c2ae5be...3df38d4c
[ STEP 132 ] Bit #125 = '0' → Using Private_Key_Even
  Next_Pubkey.Gx = 0x15b4bf70c07e6b76a4...f865d21b
  Next_Pubkey.Gy = 0x3fcea7a9fb6e70b9a5...1c2d8ec2
[ STEP 133 ] Bit #124 = '0' → Using Private_Key_Even
  Next_Pubkey.Gx = 0xf9e5daf6674be0b018...456e68ae
  Next_Pubkey.Gy = 0xdce722eec9b1735059...769c7804
[ STEP 134 ] Bit #123 = '0' → Using Private_Key_Even
  Next_Pubkey.Gx = 0xae6ebe6d790033b0a2...b5537a81
  Next_Pubkey.Gy = 0xa2d67860e87b034928...14160e46
[ STEP 135 ] Bit #122 = '0' → Using Private_Key_Even
  Next_Pubkey.Gx = 0xaa77dc6bef4ca25a81...a8d230c0
  Next_Pubkey.Gy = 0x6856e227de0ab3d576...439cf1cb
[ STEP 136 ] Bit #121 = '1' → Using Private_Key_Odd
  Next_Pubkey.Gx = 0xc6e080c07b5bcd928f...bdd54b8c
  Next_Pubkey.Gy = 0x99f5b7abdd2ca6fda3...cafec31a
[ STEP 137 ] Bit #120 = '1' → Using Private_Key_Odd
  Next_Pubkey.Gx = 0xb9b463511498f2f64a...a63555b8
  Next_Pubkey.Gy = 0x543ed1091d11bfc928...4f8601d2
[ STEP 138 ] Bit #119 = '1' → Using Private_Key_Odd
  Next_Pubkey.Gx = 0x64c10c51b1948f010b...e28ec208
  Next_Pubkey.Gy = 0x897add7134ac0d7e14...7d3a8eb3
[ STEP 139 ] Bit #118 = '1' → Using Private_Key_Odd
  Next_Pubkey.Gx = 0xb654374fffe7b2a35e...166f676f
  Next_Pubkey.Gy = 0xb3ec6b68ddf2f90aa9...0d1a1747
[ STEP 140 ] Bit #117 = '1' → Using Private_Key_Odd
  Next_Pubkey.Gx = 0xfd90e0ed2ee55a6360...bbdf67e6
  Next_Pubkey.Gy = 0x81d44da3223f7285f0...e2d0755a
[ STEP 141 ] Bit #116 = '1' → Using Private_Key_Odd
  Next_Pubkey.Gx = 0xa5140a9b3d4a3f4fd6...1a88b6c5
  Next_Pubkey.Gy = 0xbd710be2ff833d4cb4...3b5bbb6d
[ STEP 142 ] Bit #115 = '0' → Using Private_Key_Even
  Next_Pubkey.Gx = 0x26fdc949fd5ddd24ca...2cd95054
  Next_Pubkey.Gy = 0xceb0a1a31921d6e6b7...1ae3324e
[ STEP 143 ] Bit #114 = '0' → Using Private_Key_Even
  Next_Pubkey.Gx = 0xd466d3c41c1b2b0915...36e5a080
  Next_Pubkey.Gy = 0x505a6fd45e73a47830...0a098ff1
[ STEP 144 ] Bit #113 = '0' → Using Private_Key_Even
  Next_Pubkey.Gx = 0x9cbd2c8b4ebad6fb88...cef3de68
  Next_Pubkey.Gy = 0x7a4f6f24bec7f0e151...3917c8c5
[ STEP 145 ] Bit #112 = '1' → Using Private_Key_Odd
  Next_Pubkey.Gx = 0xf8d1cff0a607bf2ffb...064316f1
  Next_Pubkey.Gy = 0xfa43a85d2c1b19ac75...5c623acb
[ STEP 146 ] Bit #111 = '1' → Using Private_Key_Odd
  Next_Pubkey.Gx = 0x7cb8a5cdfdca0f3ac3...1e12c954
  Next_Pubkey.Gy = 0x3859da1f793773f9e1...7d8359dc
[ STEP 147 ] Bit #110 = '0' → Using Private_Key_Even
  Next_Pubkey.Gx = 0x9dfca8e5b1d7ec8622...368180aa
  Next_Pubkey.Gy = 0x665c1a31be4bcdc689...330ad047
[ STEP 148 ] Bit #109 = '1' → Using Private_Key_Odd
  Next_Pubkey.Gx = 0xf634e23ab676281a57...34ee7c6b
  Next_Pubkey.Gy = 0x42c3f692fd7c4126fd...9c19cc0f
[ STEP 149 ] Bit #108 = '1' → Using Private_Key_Odd
  Next_Pubkey.Gx = 0xf80302b1fb58a53326...037e8bcf
  Next_Pubkey.Gy = 0x358d81c53a15a5b969...c1b8922f
[ STEP 150 ] Bit #107 = '1' → Using Private_Key_Odd
  Next_Pubkey.Gx = 0x910eb6ebe7d1e1b71c...751ebf92
  Next_Pubkey.Gy = 0x3237aa6dfa22f2656a...3386b49f
[ STEP 151 ] Bit #106 = '1' → Using Private_Key_Odd
  Next_Pubkey.Gx = 0x18e1adfbd4815b3450...3e839739
  Next_Pubkey.Gy = 0x9720d3b6770b9d332f...c6ad30ca
[ STEP 152 ] Bit #105 = '0' → Using Private_Key_Even
  Next_Pubkey.Gx = 0xcdbf14f0779e7f0a50...bcf2f1c1
  Next_Pubkey.Gy = 0xa82505364bcc8e5dc8...cbc7a6ae
[ STEP 153 ] Bit #104 = '1' → Using Private_Key_Odd
  Next_Pubkey.Gx = 0xfbb74d0893c959b67c...f7d26618
  Next_Pubkey.Gy = 0x789b56886a94f9594d...9b850727
[ STEP 154 ] Bit #103 = '1' → Using Private_Key_Odd
  Next_Pubkey.Gx = 0xe302e737f5454e086c...787666d8
  Next_Pubkey.Gy = 0xbaaa72efbff54948a5...d0e501b0
[ STEP 155 ] Bit #102 = '0' → Using Private_Key_Even
  Next_Pubkey.Gx = 0x8216f8237e31100827...57d5e4cc
  Next_Pubkey.Gy = 0xe92474c6e5aa77b34f...f2a388c3
[ STEP 156 ] Bit #101 = '0' → Using Private_Key_Even
  Next_Pubkey.Gx = 0xef4d9a12b11d61c504...e7dcf9b1
  Next_Pubkey.Gy = 0x4f71d3a67b0a86a824...44be804d
[ STEP 157 ] Bit #100 = '1' → Using Private_Key_Odd
  Next_Pubkey.Gx = 0xc95ddeb589a26d84ef...28b75c24
  Next_Pubkey.Gy = 0x4c6317ce34a3f4d3f6...711382d2
[ STEP 158 ] Bit #099 = '0' → Using Private_Key_Even
  Next_Pubkey.Gx = 0x86ad21b26b8b41ffaa...6b658c7c
  Next_Pubkey.Gy = 0xf1d3af045a2cfd7cac...d35ec87b
[ STEP 159 ] Bit #098 = '0' → Using Private_Key_Even
  Next_Pubkey.Gx = 0x86a1458e74bcdfdf6c...407bc4d8
  Next_Pubkey.Gy = 0xd976726eaade13edd5...fdc72c9e
[ STEP 160 ] Bit #097 = '1' → Using Private_Key_Odd
  Next_Pubkey.Gx = 0x4c62cdaf96f46789d3...6884057f
  Next_Pubkey.Gy = 0x861526ab2fb14cffc6...169ddc51
[ STEP 161 ] Bit #096 = '0' → Using Private_Key_Even
  Next_Pubkey.Gx = 0xa5784dc0c5c7f45d38...b46a97e4
  Next_Pubkey.Gy = 0xb1fa77302361d0ffa9...9ab0a0dc
[ STEP 162 ] Bit #095 = '0' → Using Private_Key_Even
  Next_Pubkey.Gx = 0xeb699cd7185a5af9ce...46704762
  Next_Pubkey.Gy = 0xa997a2187c854daf7f...0dc2bd49
[ STEP 163 ] Bit #094 = '0' → Using Private_Key_Even
  Next_Pubkey.Gx = 0xc00086e0f955ae2cf3...ac6a8540
  Next_Pubkey.Gy = 0x333be97515fcd21e97...5015b197
[ STEP 164 ] Bit #093 = '1' → Using Private_Key_Odd
  Next_Pubkey.Gx = 0x9f56513b9c1fd7dc27...a9fbbf25
  Next_Pubkey.Gy = 0x54795f77ac8c189891...4dad3d11
[ STEP 165 ] Bit #092 = '0' → Using Private_Key_Even
  Next_Pubkey.Gx = 0x87db8c4ac599771f8a...4269f321
  Next_Pubkey.Gy = 0xdce46726190abea8c8...a7e02e79
[ STEP 166 ] Bit #091 = '1' → Using Private_Key_Odd
  Next_Pubkey.Gx = 0x15281191f1105f86e5...b1953d2b
  Next_Pubkey.Gy = 0x66db40817ca184798b...2b9532fb
[ STEP 167 ] Bit #090 = '1' → Using Private_Key_Odd
  Next_Pubkey.Gx = 0xe3c7d2f38efc008d1e...36f2ddfd
  Next_Pubkey.Gy = 0xae9ee755101b6c56c6...a6587422
[ STEP 168 ] Bit #089 = '0' → Using Private_Key_Even
  Next_Pubkey.Gx = 0xa846dee59cd49c9615...2ba72e00
  Next_Pubkey.Gy = 0xb154e0979bda4c15c8...edf22a92
[ STEP 169 ] Bit #088 = '1' → Using Private_Key_Odd
  Next_Pubkey.Gx = 0x2263ab6990a885c3c8...1ffc60e4
  Next_Pubkey.Gy = 0xa0539503800bdeecbc...ae7538b3
[ STEP 170 ] Bit #087 = '0' → Using Private_Key_Even
  Next_Pubkey.Gx = 0xe789f759af60ba986d...ed255d2c
  Next_Pubkey.Gy = 0xb3052fddd1a44c472b...d0e8d9d3
[ STEP 171 ] Bit #086 = '1' → Using Private_Key_Odd
  Next_Pubkey.Gx = 0x75da2e4156e0ced5d8...565aca43
  Next_Pubkey.Gy = 0x4a1c48715b181c4e21...67dde092
[ STEP 172 ] Bit #085 = '1' → Using Private_Key_Odd
  Next_Pubkey.Gx = 0x3292711aab7696b518...900ad50a
  Next_Pubkey.Gy = 0xb3b43e1c3db444a792...4c8dd00c
[ STEP 173 ] Bit #084 = '0' → Using Private_Key_Even
  Next_Pubkey.Gx = 0x50c9483ca515858f4e...c26b8467
  Next_Pubkey.Gy = 0x30dbebff9d046a0499...c1d97690
[ STEP 174 ] Bit #083 = '1' → Using Private_Key_Odd
  Next_Pubkey.Gx = 0xf84833e3732bca04f7...a900980d
  Next_Pubkey.Gy = 0x4037f55653cdb56268...558ad841
[ STEP 175 ] Bit #082 = '1' → Using Private_Key_Odd
  Next_Pubkey.Gx = 0x2b9db078dafe58feb2...ca828f7c
  Next_Pubkey.Gy = 0x1531ee9b7815d43e18...78c400fa
[ STEP 176 ] Bit #081 = '0' → Using Private_Key_Even
  Next_Pubkey.Gx = 0xa47dcb067421193f2a...c8e5d126
  Next_Pubkey.Gy = 0xd29ce9662b8e6abb1b...cc834e76
[ STEP 177 ] Bit #080 = '1' → Using Private_Key_Odd
  Next_Pubkey.Gx = 0x78f01bdd7418905188...7d588c7c
  Next_Pubkey.Gy = 0x44577dc8a873cb9eed...8776b4a1
[ STEP 178 ] Bit #079 = '0' → Using Private_Key_Even
  Next_Pubkey.Gx = 0x1216fc56ca85d30ec9...b7a7e049
  Next_Pubkey.Gy = 0xaf6415a0d0392ff529...6290281c
[ STEP 179 ] Bit #078 = '0' → Using Private_Key_Even
  Next_Pubkey.Gx = 0x8988005cbbd33f21be...84469933
  Next_Pubkey.Gy = 0x979231f7c6adf8033a...c8b77a72
[ STEP 180 ] Bit #077 = '1' → Using Private_Key_Odd
  Next_Pubkey.Gx = 0xf9665769a65b49e3db...1c9476f9
  Next_Pubkey.Gy = 0xb1509a876ce0586ed7...4974e29d
[ STEP 181 ] Bit #076 = '1' → Using Private_Key_Odd
  Next_Pubkey.Gx = 0x452e5e981c1b87612e...fe1b4e4c
  Next_Pubkey.Gy = 0x24ac17162989113c7e...a64c99bc
[ STEP 182 ] Bit #075 = '0' → Using Private_Key_Even
  Next_Pubkey.Gx = 0x24c3884c91cf6b1c84...ffa8b13b
  Next_Pubkey.Gy = 0x79b5466ffce4cb8264...f2910aa4
[ STEP 183 ] Bit #074 = '0' → Using Private_Key_Even
  Next_Pubkey.Gx = 0xb98eacc7d7d8e9fa7f...69c8d5c7
  Next_Pubkey.Gy = 0x364b388df855213a42...5a0535ea
[ STEP 184 ] Bit #073 = '0' → Using Private_Key_Even
  Next_Pubkey.Gx = 0x7a006bcbd5e8881c35...596153eb
  Next_Pubkey.Gy = 0x171192f84f00b3fe4a...e0fd6df5
[ STEP 185 ] Bit #072 = '1' → Using Private_Key_Odd
  Next_Pubkey.Gx = 0x2c204690fb9a75025f...c76b1c89
  Next_Pubkey.Gy = 0x87db0c82d7277fe795...90a99da3
[ STEP 186 ] Bit #071 = '0' → Using Private_Key_Even
  Next_Pubkey.Gx = 0xf4d63a965f370a1098...b2d1a082
  Next_Pubkey.Gy = 0xff915b540352146ed6...80e7f0f9
[ STEP 187 ] Bit #070 = '0' → Using Private_Key_Even
  Next_Pubkey.Gx = 0xfff83fcdcb8bae165c...93df0bc0
  Next_Pubkey.Gy = 0x2a71f08e9aa651c53c...942ae109
[ STEP 188 ] Bit #069 = '1' → Using Private_Key_Odd
  Next_Pubkey.Gx = 0xc7903b40cca6019280...a74564ae
  Next_Pubkey.Gy = 0x5646874521312b4c85...6f427b4e
[ STEP 189 ] Bit #068 = '0' → Using Private_Key_Even
  Next_Pubkey.Gx = 0xc70844ab13cbe3ad72...6e98e13d
  Next_Pubkey.Gy = 0x589bcf3f41ee498752...17459954
[ STEP 190 ] Bit #067 = '0' → Using Private_Key_Even
  Next_Pubkey.Gx = 0x9bb1d95564b542d9eb...d1eb7487
  Next_Pubkey.Gy = 0xfc578d59e37cdcc795...291460e2
[ STEP 191 ] Bit #066 = '0' → Using Private_Key_Even
  Next_Pubkey.Gx = 0x8e08631d20c33dd949...10688722
  Next_Pubkey.Gy = 0x2120410385d6ead405...7ec8e1ae
[ STEP 192 ] Bit #065 = '1' → Using Private_Key_Odd
  Next_Pubkey.Gx = 0x25167d2d51f84ed621...9cb42ff9
  Next_Pubkey.Gy = 0x26b41884f18c9a141d...69883374
[ STEP 193 ] Bit #064 = '0' → Using Private_Key_Even
  Next_Pubkey.Gx = 0xf8a7faf693d7914899...3eca6833
  Next_Pubkey.Gy = 0xe350da063a4905d2ee...69abcd99
[ STEP 194 ] Bit #063 = '0' → Using Private_Key_Even
  Next_Pubkey.Gx = 0x93a4adb9cc58ec9adc...aa5c45bd
  Next_Pubkey.Gy = 0x2faf0647486f5e3b1a...bb43c8e3
[ STEP 195 ] Bit #062 = '0' → Using Private_Key_Even
  Next_Pubkey.Gx = 0xd9d20a635e6ccefc13...48355be5
  Next_Pubkey.Gy = 0x6ba3ec3bef24a55776...00d9e186
[ STEP 196 ] Bit #061 = '0' → Using Private_Key_Even
  Next_Pubkey.Gx = 0x8fe1e12dc5dd162e22...f4a62171
  Next_Pubkey.Gy = 0x1ed9bfeb410ad34671...3e6c61c6
[ STEP 197 ] Bit #060 = '0' → Using Private_Key_Even
  Next_Pubkey.Gx = 0xc5ce9d8224ec7bac69...4a283c05
  Next_Pubkey.Gy = 0x238a43c3bdfd8dab5e...3653188d
[ STEP 198 ] Bit #059 = '1' → Using Private_Key_Odd
  Next_Pubkey.Gx = 0xa4bb11016ad5250c17...4a23187a
  Next_Pubkey.Gy = 0xda783d48bb2b93798c...f3f8d3b1
[ STEP 199 ] Bit #058 = '1' → Using Private_Key_Odd
  Next_Pubkey.Gx = 0x2dcb91e4b0928959dc...b3e2036a
  Next_Pubkey.Gy = 0xa0f489611667b0316a...9e1bd29d
[ STEP 200 ] Bit #057 = '0' → Using Private_Key_Even
  Next_Pubkey.Gx = 0x42b81064ec7d334a99...837890f0
  Next_Pubkey.Gy = 0x512c20518bd07ba1fc...e0c0ed69
[ STEP 201 ] Bit #056 = '1' → Using Private_Key_Odd
  Next_Pubkey.Gx = 0x1c25dfb8712b6426f6...aff837c6
  Next_Pubkey.Gy = 0xdfe1401d013373b074...9de5816e
[ STEP 202 ] Bit #055 = '1' → Using Private_Key_Odd
  Next_Pubkey.Gx = 0xb01ca2561c62f45905...d54e9323
  Next_Pubkey.Gy = 0x8fcbab7b9193d4fcaf...032c9bb5
[ STEP 203 ] Bit #054 = '1' → Using Private_Key_Odd
  Next_Pubkey.Gx = 0xd4da87e0922a8e2b56...534ee123
  Next_Pubkey.Gy = 0xc54e66109be8f2166e...5fb91e23
[ STEP 204 ] Bit #053 = '1' → Using Private_Key_Odd
  Next_Pubkey.Gx = 0x2d66e51ede07b8d451...67c19c4f
  Next_Pubkey.Gy = 0xa3b14ecc06d1504d2a...41385f32
[ STEP 205 ] Bit #052 = '1' → Using Private_Key_Odd
  Next_Pubkey.Gx = 0xad1196dd8084e2238e...2881d294
  Next_Pubkey.Gy = 0xf6acef38c5f1bca5e7...67ebb8b8
[ STEP 206 ] Bit #051 = '1' → Using Private_Key_Odd
  Next_Pubkey.Gx = 0x1b52e96bd8637370b5...d96f2461
  Next_Pubkey.Gy = 0x649470328fb8976b22...0323f6a2
[ STEP 207 ] Bit #050 = '1' → Using Private_Key_Odd
  Next_Pubkey.Gx = 0x76d135813507c3ba78...874257c7
  Next_Pubkey.Gy = 0x57ca7c6c6d4e267e00...fa291d01
[ STEP 208 ] Bit #049 = '1' → Using Private_Key_Odd
  Next_Pubkey.Gx = 0x3b12132bc8ae1ef8fa...a68fba60
  Next_Pubkey.Gy = 0xee972968ce77d909f2...fe3c8760
[ STEP 209 ] Bit #048 = '1' → Using Private_Key_Odd
  Next_Pubkey.Gx = 0x12ccc18c97a50ac062...9fa433ac
  Next_Pubkey.Gy = 0xe0de06f1ebcca16ae2...6bf20483
[ STEP 210 ] Bit #047 = '1' → Using Private_Key_Odd
  Next_Pubkey.Gx = 0xb07713f6759ad0b22a...d1dc18aa
  Next_Pubkey.Gy = 0x5bd70406a129455450...c07a3d55
[ STEP 211 ] Bit #046 = '1' → Using Private_Key_Odd
  Next_Pubkey.Gx = 0xb7ff7e7d3a7cc445d6...96e82c18
  Next_Pubkey.Gy = 0xd46ce1e58aebc2d044...d325fc77
[ STEP 212 ] Bit #045 = '1' → Using Private_Key_Odd
  Next_Pubkey.Gx = 0xfdcd24bb89b404cd46...b9d21e75
  Next_Pubkey.Gy = 0x6c515fcdd8bd341742...375e5845
[ STEP 213 ] Bit #044 = '0' → Using Private_Key_Even
  Next_Pubkey.Gx = 0x290cdf79d6f750b4f8...c2aa36a9
  Next_Pubkey.Gy = 0xef843a8851796cfa9a...2d6d5a84
[ STEP 214 ] Bit #043 = '1' → Using Private_Key_Odd
  Next_Pubkey.Gx = 0x138e9441fed20ad08c...bc264236
  Next_Pubkey.Gy = 0xe99c39d73b167e19ef...893caf12
[ STEP 215 ] Bit #042 = '0' → Using Private_Key_Even
  Next_Pubkey.Gx = 0x532428cd1828bf2534...e56b572a
  Next_Pubkey.Gy = 0x1660643357aa51885a...832f2d32
[ STEP 216 ] Bit #041 = '1' → Using Private_Key_Odd
  Next_Pubkey.Gx = 0xa8ee5436538d6ca943...68d7b7a9
  Next_Pubkey.Gy = 0x66b06af04b1c545865...00f9b8c4
[ STEP 217 ] Bit #040 = '0' → Using Private_Key_Even
  Next_Pubkey.Gx = 0x2e559b4d8d7e263752...e9a70ddb
  Next_Pubkey.Gy = 0xedcc27db6535d334df...47703fb6
[ STEP 218 ] Bit #039 = '1' → Using Private_Key_Odd
  Next_Pubkey.Gx = 0xb195108d984aca8ea5...909ae65a
  Next_Pubkey.Gy = 0xb61ea2d671fcbf6901...60bd94d4
[ STEP 219 ] Bit #038 = '0' → Using Private_Key_Even
  Next_Pubkey.Gx = 0x2cf10033d56657018f...e12b4a7f
  Next_Pubkey.Gy = 0x2db4b43f56a2f6ee49...12d27620
[ STEP 220 ] Bit #037 = '1' → Using Private_Key_Odd
  Next_Pubkey.Gx = 0x28a3a2d5ebd5c68267...5f339410
  Next_Pubkey.Gy = 0x4ae47aba6b7610adea...1bf9391e
[ STEP 221 ] Bit #036 = '1' → Using Private_Key_Odd
  Next_Pubkey.Gx = 0x635b2415bc0ba670d5...0cde430a
  Next_Pubkey.Gy = 0xb393db1acd435fe5a3...08328a7b
[ STEP 222 ] Bit #035 = '1' → Using Private_Key_Odd
  Next_Pubkey.Gx = 0x1f1f13164b34c61e5d...8b8a471f
  Next_Pubkey.Gy = 0xce883d1bdb13ce53ed...e2fc9b0e
[ STEP 223 ] Bit #034 = '1' → Using Private_Key_Odd
  Next_Pubkey.Gx = 0xa5a0c55aff1c23a87b...4f8d7696
  Next_Pubkey.Gy = 0xb32914fae82a6eced0...95d77cba
[ STEP 224 ] Bit #033 = '1' → Using Private_Key_Odd
  Next_Pubkey.Gx = 0xac0a95fbdb5bac8553...77eeb219
  Next_Pubkey.Gy = 0xf24d0d9f700443f514...b8024cba
[ STEP 225 ] Bit #032 = '1' → Using Private_Key_Odd
  Next_Pubkey.Gx = 0xb2aafefd1693ee0f95...219b5674
  Next_Pubkey.Gy = 0x229e0f944cc909d995...f5910468
[ STEP 226 ] Bit #031 = '1' → Using Private_Key_Odd
  Next_Pubkey.Gx = 0xd4f463d66b47b2c8ca...d186ffd4
  Next_Pubkey.Gy = 0x782110d7da432abe99...f85065fb
[ STEP 227 ] Bit #030 = '0' → Using Private_Key_Even
  Next_Pubkey.Gx = 0x38e86fb9124c786198...ecf162e4
  Next_Pubkey.Gy = 0xe049e706e27a269554...1dbd986f
[ STEP 228 ] Bit #029 = '1' → Using Private_Key_Odd
  Next_Pubkey.Gx = 0x25cd03f1394870709e...9a16e14a
  Next_Pubkey.Gy = 0xbd39d0895ea2a54ae4...d29c39d8
[ STEP 229 ] Bit #028 = '0' → Using Private_Key_Even
  Next_Pubkey.Gx = 0x6e5e7b2db51f59202d...4240f09e
  Next_Pubkey.Gy = 0xa5372be818d937ebf8...6bf47df6
[ STEP 230 ] Bit #027 = '0' → Using Private_Key_Even
  Next_Pubkey.Gx = 0xf1ff18a90f6351ef10...742644e2
  Next_Pubkey.Gy = 0x81d6e0efe7d255340f...702f178c
[ STEP 231 ] Bit #026 = '0' → Using Private_Key_Even
  Next_Pubkey.Gx = 0x9911b0b746ba9145be...694205ab
  Next_Pubkey.Gy = 0x33c91de380e472ab4b...22f3d7c4
[ STEP 232 ] Bit #025 = '1' → Using Private_Key_Odd
  Next_Pubkey.Gx = 0x37e0fac23085dc67db...6e94f46b
  Next_Pubkey.Gy = 0xfc99dd8e23a2eaa50f...173a1c0f
[ STEP 233 ] Bit #024 = '1' → Using Private_Key_Odd
  Next_Pubkey.Gx = 0xc216a935689e9ddf69...ef5d085e
  Next_Pubkey.Gy = 0x450664fc2037598917...6c878d1c
[ STEP 234 ] Bit #023 = '0' → Using Private_Key_Even
  Next_Pubkey.Gx = 0xa64c37e6caf327b3ff...b38029b9
  Next_Pubkey.Gy = 0x86cc0310aa751cec07...82a14463
[ STEP 235 ] Bit #022 = '0' → Using Private_Key_Even
  Next_Pubkey.Gx = 0x87e0eae3f2eb260fad...a9db025e
  Next_Pubkey.Gy = 0x7d5c9eee6ca90c8453...fda9ca54
[ STEP 236 ] Bit #021 = '1' → Using Private_Key_Odd
  Next_Pubkey.Gx = 0x5e18a7964c8923975d...8d0fd65c
  Next_Pubkey.Gy = 0xbb9145e030213b5f9c...4aa8788d
[ STEP 237 ] Bit #020 = '0' → Using Private_Key_Even
  Next_Pubkey.Gx = 0x2411dfdd3ae6ca12fe...8c8172fa
  Next_Pubkey.Gy = 0xfe029f170ea4acc48e...4f7fd732
[ STEP 238 ] Bit #019 = '1' → Using Private_Key_Odd
  Next_Pubkey.Gx = 0xe9e5de1536d56615cc...254381a0
  Next_Pubkey.Gy = 0x698251432aaf573c2d...9c4e3362
[ STEP 239 ] Bit #018 = '1' → Using Private_Key_Odd
  Next_Pubkey.Gx = 0x889c29bf462b7a8c23...f53093f5
  Next_Pubkey.Gy = 0xee9bb0427b58f04b1c...5baf93f5
[ STEP 240 ] Bit #017 = '1' → Using Private_Key_Odd
  Next_Pubkey.Gx = 0x509427edaeef146045...fe39c929
  Next_Pubkey.Gy = 0xe5ff42d5c8b205303d...394935f8
[ STEP 241 ] Bit #016 = '1' → Using Private_Key_Odd
  Next_Pubkey.Gx = 0xacca7ec7ca6cd3e23a...7c32bb78
  Next_Pubkey.Gy = 0x3bc48983d04d9c51a5...f1de4473
[ STEP 242 ] Bit #015 = '0' → Using Private_Key_Even
  Next_Pubkey.Gx = 0xfb7a057cf9140c52cf...9e29ca9c
  Next_Pubkey.Gy = 0x6dc0e40663ccc8fa47...7e280232
[ STEP 243 ] Bit #014 = '0' → Using Private_Key_Even
  Next_Pubkey.Gx = 0xf0e67034eec9b7dc37...3d56a805
  Next_Pubkey.Gy = 0x6e51244b9c01a6e1b9...b6baf029
[ STEP 244 ] Bit #013 = '0' → Using Private_Key_Even
  Next_Pubkey.Gx = 0xfc23a8fdc7514ae828...d4b43583
  Next_Pubkey.Gy = 0x1b598e11cd5bcf9de1...a63a8968
[ STEP 245 ] Bit #012 = '1' → Using Private_Key_Odd
  Next_Pubkey.Gx = 0x9d41af37165027b16d...83163d3c
  Next_Pubkey.Gy = 0x5bafa64f1ee2d00449...fda280ee
[ STEP 246 ] Bit #011 = '1' → Using Private_Key_Odd
  Next_Pubkey.Gx = 0x6842b6cf97b1bf3eb8...caeaf3a4
  Next_Pubkey.Gy = 0x31e19c3c2a1648ac30...9a47bc55
[ STEP 247 ] Bit #010 = '0' → Using Private_Key_Even
  Next_Pubkey.Gx = 0x34c411e57796fa3150...d1a012f3
  Next_Pubkey.Gy = 0x247676450387416588...fdbb9f2a
[ STEP 248 ] Bit #009 = '0' → Using Private_Key_Even
  Next_Pubkey.Gx = 0x2d7528cb0f53422d1d...372dd3be
  Next_Pubkey.Gy = 0x25ba34031e7fb169e5...9dada80f
[ STEP 249 ] Bit #008 = '1' → Using Private_Key_Odd
  Next_Pubkey.Gx = 0x14bfc042486c6d8622...1db64aac
  Next_Pubkey.Gy = 0x51e677102ddc41f8c2...bc8819d3
[ STEP 250 ] Bit #007 = '1' → Using Private_Key_Odd
  Next_Pubkey.Gx = 0x872f8bb89448d09436...47e3b560
  Next_Pubkey.Gy = 0x5347befab266e58827...746af013
[ STEP 251 ] Bit #006 = '1' → Using Private_Key_Odd
  Next_Pubkey.Gx = 0x84226d62c64ef2829d...046b4b95
  Next_Pubkey.Gy = 0x8238885a469c82cfb6...1341e9fd
[ STEP 252 ] Bit #005 = '1' → Using Private_Key_Odd
  Next_Pubkey.Gx = 0x697b3e1353309c4d9a...2155ca5e
  Next_Pubkey.Gy = 0x41d1ec67a1d6fe051f...4b34b0d2
[ STEP 253 ] Bit #004 = '1' → Using Private_Key_Odd
  Next_Pubkey.Gx = 0xb4349c874c12fdf64e...d6fcb5b5
  Next_Pubkey.Gy = 0x9863472b52efe3e0a1...246e9344
[ STEP 254 ] Bit #003 = '0' → Using Private_Key_Even
  Next_Pubkey.Gx = 0x94547273064409ff75...2a6d141a
  Next_Pubkey.Gy = 0x3d98a11c78be03fc9f...ed27fbbc
[ STEP 255 ] Bit #002 = '1' → Using Private_Key_Odd
  Next_Pubkey.Gx = 0x17569bbbce225497ce...198e1529
  Next_Pubkey.Gy = 0x468a39737cc78f095c...ba9d4e07
[ STEP 256 ] Bit #001 = '1' → Using Private_Key_Odd
  Next_Pubkey.Gx = 0x9b5a1b07db30c47923...4d72b8cf
  Next_Pubkey.Gy = 0x7577b49baee91f16bb...dea35fc7
──────────────────────────────────────────────────────────────────────────────
[ RUN ] Scalar multiplication cycle COMPLETE.
[ RUN ] Press BIN to HEX to convert the accumulated bit sequence.
──────────────────────────────────────────────────────────────────────────────
Private Key Hexadecimal Format (64 characters [0-9A-F]):
DF31E98BFAAFFF6089196D68937B1F8244D98546728E0657D85C4D4AA36FA65F
──────────────────────────────────────────────────────────────────────────────
──────────────────────────────────────────────────────────────────────────────
Private Key WIF (uncompressed):
5KWaoCtrEbCa7BKRPHQ7PdNytR1dLsCzSLEzrQ9u8S7hEuGTVY9
Private Key WIF (compressed):
L4haAwVrJyx58GYJdMP1Csa25vymQgbvWovnM3CH5orYbv14moJv
──────────────────────────────────────────────────────────────────────────────