◈ BTCDetect Software Even and ODD v3.5 — Crypto Research Interface
──────────────────────────────────────────────────────────────────────────────
[ REVERSE ] All fields cleared. Enter a new Bitcoin Address.
──────────────────────────────────────────────────────────────────────────────
[ EXTRACT ] Bitcoin Address: 17o9ZTmEYKcU3iPTaPcFY69n3hxe6MH3wB
[ EXTRACT ] Querying Blockstream API...
[ EXTRACT ] Public Key found:
  031f0b63646552daba56410eef513478d43ef4fb6bb87fcbfa80d52e5a5c8794c8
  Gx = 0x1f0b63646552daba56410eef513478d43ef4fb6bb87fcbfa80d52e5a5c8794c8
  Gy = 0x2745a4838110487c42bd44efcb5867068957642cf422d0040928c641120e7797
[ EXTRACT ] Ready. Press RUN to start scalar multiplication.
──────────────────────────────────────────────────────────────────────────────
[ RUN ] Starting scalar multiplication cycle...
[ RUN ] Total bits: 256
[ STEP 001 ] Bit #256 = '1' → Using Private_Key_Odd
  Next_Pubkey.Gx = 0xd169ec67471f1112a1...c74afb99
  Next_Pubkey.Gy = 0x90fab1cc544c569bc7...766a115e
[ STEP 002 ] Bit #255 = '0' → Using Private_Key_Even
  Next_Pubkey.Gx = 0xd77d1a27c514567840...1c457d53
  Next_Pubkey.Gy = 0x2d6f933757acc6df73...bdd26784
[ STEP 003 ] Bit #254 = '0' → Using Private_Key_Even
  Next_Pubkey.Gx = 0x8abbf00888c7317279...2a48931e
  Next_Pubkey.Gy = 0x4276932d198d9b97ad...945ee911
[ STEP 004 ] Bit #253 = '0' → Using Private_Key_Even
  Next_Pubkey.Gx = 0xa6cd830df299a4b485...501f4031
  Next_Pubkey.Gy = 0xf8afcf9316423d6162...96050a0f
[ STEP 005 ] Bit #252 = '1' → Using Private_Key_Odd
  Next_Pubkey.Gx = 0xa68468a3902f6053ce...33bdaa2f
  Next_Pubkey.Gy = 0x5308276826222861e5...6bfe0c6d
[ STEP 006 ] Bit #251 = '0' → Using Private_Key_Even
  Next_Pubkey.Gx = 0xd039e7c82aed8ba549...1952f35c
  Next_Pubkey.Gy = 0x1e05c3661d51b0e840...32dbaf69
[ STEP 007 ] Bit #250 = '1' → Using Private_Key_Odd
  Next_Pubkey.Gx = 0xe7e5aa0db423a74281...a2001aa1
  Next_Pubkey.Gy = 0x1caba6cd5331841845...cc621884
[ STEP 008 ] Bit #249 = '1' → Using Private_Key_Odd
  Next_Pubkey.Gx = 0x6cd40b5c756c78e6de...bc8fdb36
  Next_Pubkey.Gy = 0xb34fc36e245d97063f...8eae7291
[ STEP 009 ] Bit #248 = '1' → Using Private_Key_Odd
  Next_Pubkey.Gx = 0xe543118e0d7767bd60...90f42754
  Next_Pubkey.Gy = 0x61340a6b4e749da2ac...a68eac9d
[ STEP 010 ] Bit #247 = '1' → Using Private_Key_Odd
  Next_Pubkey.Gx = 0x65cd33c759bc04ee34...317fbee7
  Next_Pubkey.Gy = 0x56bc26413715f4e739...5fef99fd
[ STEP 011 ] Bit #246 = '1' → Using Private_Key_Odd
  Next_Pubkey.Gx = 0x81decf7ac98b964809...95c7b312
  Next_Pubkey.Gy = 0x9b32541e129fa1d509...2fc8f488
[ STEP 012 ] Bit #245 = '1' → Using Private_Key_Odd
  Next_Pubkey.Gx = 0x64653935ce492d20a5...ab7bcc08
  Next_Pubkey.Gy = 0x33124988480110081f...74aadb3c
[ STEP 013 ] Bit #244 = '1' → Using Private_Key_Odd
  Next_Pubkey.Gx = 0x1279e9f3e4fe1a760b...a14d7fe8
  Next_Pubkey.Gy = 0x745a4af8412612ddbf...c66eaf9f
[ STEP 014 ] Bit #243 = '0' → Using Private_Key_Even
  Next_Pubkey.Gx = 0x6fbbe35074ed7cdcb9...affcf0ac
  Next_Pubkey.Gy = 0x7d1e9dd13372a3c555...672e0c36
[ STEP 015 ] Bit #242 = '0' → Using Private_Key_Even
  Next_Pubkey.Gx = 0xddc28c00653cfa7023...c3fe9f4c
  Next_Pubkey.Gy = 0xdfc3714c42e585c377...a845bd82
[ STEP 016 ] Bit #241 = '1' → Using Private_Key_Odd
  Next_Pubkey.Gx = 0xa56bc71ca5a382b43f...edb7c1a7
  Next_Pubkey.Gy = 0x7bdbf31f7d0384a084...a5d405ef
[ STEP 017 ] Bit #240 = '1' → Using Private_Key_Odd
  Next_Pubkey.Gx = 0xd0a2f5055eeec52e28...43d27301
  Next_Pubkey.Gy = 0x8de22dcc25dfdd46d0...a10c8e7f
[ STEP 018 ] Bit #239 = '1' → Using Private_Key_Odd
  Next_Pubkey.Gx = 0xdd243b62267405b9f6...331adfce
  Next_Pubkey.Gy = 0x15132cc0ab2142fcab...fdb60f3e
[ STEP 019 ] Bit #238 = '1' → Using Private_Key_Odd
  Next_Pubkey.Gx = 0x450240fa28b15380b1...8af81ae5
  Next_Pubkey.Gy = 0xbe483614c7b97c61fe...2984c7d3
[ STEP 020 ] Bit #237 = '0' → Using Private_Key_Even
  Next_Pubkey.Gx = 0x30066ede4e733ff19b...28e89ff1
  Next_Pubkey.Gy = 0x5696b6352de342450e...aef289e7
[ STEP 021 ] Bit #236 = '1' → Using Private_Key_Odd
  Next_Pubkey.Gx = 0x6a031d029f63548a94...4f9cef79
  Next_Pubkey.Gy = 0xad378c8f8c01601753...a2b89a8e
[ STEP 022 ] Bit #235 = '1' → Using Private_Key_Odd
  Next_Pubkey.Gx = 0xe484d2e64f1f9a4fab...32fd0258
  Next_Pubkey.Gy = 0x124f9b3a6e4d3c8fa8...fe5babd4
[ STEP 023 ] Bit #234 = '1' → Using Private_Key_Odd
  Next_Pubkey.Gx = 0x35bc89e3586e2c6484...7cd5fca1
  Next_Pubkey.Gy = 0x17df3ab8d9789550f0...7c90f427
[ STEP 024 ] Bit #233 = '0' → Using Private_Key_Even
  Next_Pubkey.Gx = 0xca3b870c841848554c...d2a4ac38
  Next_Pubkey.Gy = 0xb692fc2696ba76dbb0...fece8eb5
[ STEP 025 ] Bit #232 = '1' → Using Private_Key_Odd
  Next_Pubkey.Gx = 0x892f4216d16c696c0f...e3ce7495
  Next_Pubkey.Gy = 0x6c9f675dffd666c934...42b8e064
[ STEP 026 ] Bit #231 = '0' → Using Private_Key_Even
  Next_Pubkey.Gx = 0x27169f82f20dfa7e81...979f9bd0
  Next_Pubkey.Gy = 0x97e8bd1017f5a8fef3...818d852c
[ STEP 027 ] Bit #230 = '0' → Using Private_Key_Even
  Next_Pubkey.Gx = 0x33ee0cace39f281516...745641bf
  Next_Pubkey.Gy = 0xd840b8d6cc9ddedd4d...b702a1d9
[ STEP 028 ] Bit #229 = '1' → Using Private_Key_Odd
  Next_Pubkey.Gx = 0x9f7397ff7476f72c8f...7c9c7fce
  Next_Pubkey.Gy = 0x11303e8ffa575a4ef7...73505f45
[ STEP 029 ] Bit #228 = '0' → Using Private_Key_Even
  Next_Pubkey.Gx = 0x1a467e1b35204541dd...bbc67869
  Next_Pubkey.Gy = 0x3d517f49adf4732f84...d8bd0bc5
[ STEP 030 ] Bit #227 = '1' → Using Private_Key_Odd
  Next_Pubkey.Gx = 0xad043b070779f50d02...23d6d1f1
  Next_Pubkey.Gy = 0xa120fcefe073cca6c2...091270e6
[ STEP 031 ] Bit #226 = '1' → Using Private_Key_Odd
  Next_Pubkey.Gx = 0x53f54a011ada1e0aa8...eb1c1224
  Next_Pubkey.Gy = 0xd31480347d1f64014d...5aff9fde
[ STEP 032 ] Bit #225 = '0' → Using Private_Key_Even
  Next_Pubkey.Gx = 0x48ab481ac65e3325f1...e998bd9d
  Next_Pubkey.Gy = 0xf3e0e5c5eccabe54b2...3564986a
[ STEP 033 ] Bit #224 = '1' → Using Private_Key_Odd
  Next_Pubkey.Gx = 0xe5a54174ff8509b23b...c1e4419c
  Next_Pubkey.Gy = 0x3774c48af38a21c837...2617da1f
[ STEP 034 ] Bit #223 = '0' → Using Private_Key_Even
  Next_Pubkey.Gx = 0xe081f5f8baced41253...8eb203ba
  Next_Pubkey.Gy = 0x78de4642ac59cb9fef...4c9f0fd3
[ STEP 035 ] Bit #222 = '1' → Using Private_Key_Odd
  Next_Pubkey.Gx = 0xed4148f59a42cd7335...3141772a
  Next_Pubkey.Gy = 0x18d0b2c84832b62822...e9210797
[ STEP 036 ] Bit #221 = '0' → Using Private_Key_Even
  Next_Pubkey.Gx = 0x778e417ce8c87c35b1...a60a6259
  Next_Pubkey.Gy = 0xea81697ae7e0a4e26e...2c39d87b
[ STEP 037 ] Bit #220 = '0' → Using Private_Key_Even
  Next_Pubkey.Gx = 0x8ea15179ceeeeb75c8...690e27cc
  Next_Pubkey.Gy = 0xb83835e28c669228c1...b98a13d9
[ STEP 038 ] Bit #219 = '1' → Using Private_Key_Odd
  Next_Pubkey.Gx = 0xa9c7cba1a7480ce6c0...16607932
  Next_Pubkey.Gy = 0xc58526f4a06cb33451...bf3f8000
[ STEP 039 ] Bit #218 = '1' → Using Private_Key_Odd
  Next_Pubkey.Gx = 0xb391b32b7fd7db376d...cd42341c
  Next_Pubkey.Gy = 0xa69b58cf0b0b0a75b5...77e557c9
[ STEP 040 ] Bit #217 = '0' → Using Private_Key_Even
  Next_Pubkey.Gx = 0x4c5f30232fcea741b3...b93be0c4
  Next_Pubkey.Gy = 0xc95d3bdef800500a51...4aa8847a
[ STEP 041 ] Bit #216 = '0' → Using Private_Key_Even
  Next_Pubkey.Gx = 0xbaccc62cfc8047d207...d70a3573
  Next_Pubkey.Gy = 0x59c68d7a3226b3390f...fffdc2ff
[ STEP 042 ] Bit #215 = '0' → Using Private_Key_Even
  Next_Pubkey.Gx = 0xe0ec5ef39cef1d1b4c...8654a65f
  Next_Pubkey.Gy = 0x1ce87e5cb2c9151988...cfc7c9bb
[ STEP 043 ] Bit #214 = '0' → Using Private_Key_Even
  Next_Pubkey.Gx = 0x3b4bbd028818568059...eee652e6
  Next_Pubkey.Gy = 0xf3e0a0d22c0f0029cc...e6f5168d
[ STEP 044 ] Bit #213 = '1' → Using Private_Key_Odd
  Next_Pubkey.Gx = 0x5112a165f9947dc323...40b4853d
  Next_Pubkey.Gy = 0x947ed26e7d8212909e...b31fd5fb
[ STEP 045 ] Bit #212 = '1' → Using Private_Key_Odd
  Next_Pubkey.Gx = 0x74a499a3121115f400...72c9f301
  Next_Pubkey.Gy = 0x13f1d61ba7161770e7...3bbd66c6
[ STEP 046 ] Bit #211 = '0' → Using Private_Key_Even
  Next_Pubkey.Gx = 0x5488b331fa14095c8c...73b04b04
  Next_Pubkey.Gy = 0xe73be68f395a15ca6e...4ec3ca12
[ STEP 047 ] Bit #210 = '1' → Using Private_Key_Odd
  Next_Pubkey.Gx = 0xde4947fb4a3b3297b3...9501454e
  Next_Pubkey.Gy = 0x54becbe986f667c17d...aa2c89d2
[ STEP 048 ] Bit #209 = '1' → Using Private_Key_Odd
  Next_Pubkey.Gx = 0xc8cfa37ba1b6f94d43...706f0f5d
  Next_Pubkey.Gy = 0x582cd3cfcb36d84025...e54456c2
[ STEP 049 ] Bit #208 = '0' → Using Private_Key_Even
  Next_Pubkey.Gx = 0x7ff2cc2ae574daa6e6...4a343581
  Next_Pubkey.Gy = 0x5f7fc1fe99f4f016bf...cc18cca5
[ STEP 050 ] Bit #207 = '0' → Using Private_Key_Even
  Next_Pubkey.Gx = 0x29124a142e417c868f...84dcf279
  Next_Pubkey.Gy = 0x29fc10b0c0bd4dfca9...943bdb41
[ STEP 051 ] Bit #206 = '1' → Using Private_Key_Odd
  Next_Pubkey.Gx = 0x102ff48e30fef67df9...bd3dfc92
  Next_Pubkey.Gy = 0xc41a7a38dd15aa13ee...7831fdbc
[ STEP 052 ] Bit #205 = '0' → Using Private_Key_Even
  Next_Pubkey.Gx = 0x597c4389f40c194cc6...9206cf1e
  Next_Pubkey.Gy = 0x3de3825eb1462d6ef7...c73a8289
[ STEP 053 ] Bit #204 = '1' → Using Private_Key_Odd
  Next_Pubkey.Gx = 0x6f1567bd3cdb8f2ad0...b32fe982
  Next_Pubkey.Gy = 0xf00ff4fba740dcfe30...022ebc8f
[ STEP 054 ] Bit #203 = '0' → Using Private_Key_Even
  Next_Pubkey.Gx = 0x5a80d0b19f14066ca6...cec6930a
  Next_Pubkey.Gy = 0x89e7abb2cb0c6cf9c4...76113b7d
[ STEP 055 ] Bit #202 = '0' → Using Private_Key_Even
  Next_Pubkey.Gx = 0x432bc3a4c7c26df439...50372bd0
  Next_Pubkey.Gy = 0x4df9bddd412533175a...7a76f284
[ STEP 056 ] Bit #201 = '0' → Using Private_Key_Even
  Next_Pubkey.Gx = 0x81681d4c882dda86bc...1ac99a86
  Next_Pubkey.Gy = 0xd4f80846b03a592336...79ee52a3
[ STEP 057 ] Bit #200 = '1' → Using Private_Key_Odd
  Next_Pubkey.Gx = 0x7d6e46976646618d4f...090bacc8
  Next_Pubkey.Gy = 0x60abc21d5e6be1ae62...d6d55f60
[ STEP 058 ] Bit #199 = '0' → Using Private_Key_Even
  Next_Pubkey.Gx = 0x7de50197e0e3748176...43a94d80
  Next_Pubkey.Gy = 0x5ca2293bfe36f33bbd...bd7da2bb
[ STEP 059 ] Bit #198 = '1' → Using Private_Key_Odd
  Next_Pubkey.Gx = 0xa43e71754842f20c06...a15a2ab1
  Next_Pubkey.Gy = 0x96945a3a73fa8e6c81...2f99f0d2
[ STEP 060 ] Bit #197 = '1' → Using Private_Key_Odd
  Next_Pubkey.Gx = 0x9bd3977cb8cb61adee...225291c4
  Next_Pubkey.Gy = 0x3fbd8a2db481d2d4e7...931bcdfa
[ STEP 061 ] Bit #196 = '1' → Using Private_Key_Odd
  Next_Pubkey.Gx = 0xeffbd07fcbadaf8d0e...83b9aa2c
  Next_Pubkey.Gy = 0xe6caa11784077f79c2...98ace32c
[ STEP 062 ] Bit #195 = '1' → Using Private_Key_Odd
  Next_Pubkey.Gx = 0x5111322be0708e470f...ea8f6810
  Next_Pubkey.Gy = 0x4b8c849226b00959a4...40b792ce
[ STEP 063 ] Bit #194 = '0' → Using Private_Key_Even
  Next_Pubkey.Gx = 0x1a7ae257809a6c2acc...020777c3
  Next_Pubkey.Gy = 0x6b00d497feea65e51c...26cc97c5
[ STEP 064 ] Bit #193 = '0' → Using Private_Key_Even
  Next_Pubkey.Gx = 0x5d062df7ce398fec53...d016ae8c
  Next_Pubkey.Gy = 0xad0e4651347bde736a...7e0f0f26
[ STEP 065 ] Bit #192 = '0' → Using Private_Key_Even
  Next_Pubkey.Gx = 0x5bd36ea95446c5f40f...6f6512b2
  Next_Pubkey.Gy = 0x58073e072a4b7a631d...72869747
[ STEP 066 ] Bit #191 = '1' → Using Private_Key_Odd
  Next_Pubkey.Gx = 0x703bad488b6fea9bc8...861a6057
  Next_Pubkey.Gy = 0x6c0faeca6e1a3095ff...e76373e4
[ STEP 067 ] Bit #190 = '0' → Using Private_Key_Even
  Next_Pubkey.Gx = 0xd823547ccbd704bf49...94b4fd66
  Next_Pubkey.Gy = 0x7cdeff45fb955ca3c5...41978d48
[ STEP 068 ] Bit #189 = '0' → Using Private_Key_Even
  Next_Pubkey.Gx = 0x6e11c6fbc69789c396...c8507fcd
  Next_Pubkey.Gy = 0x43bd19cc9603cc1bc5...3368925a
[ STEP 069 ] Bit #188 = '1' → Using Private_Key_Odd
  Next_Pubkey.Gx = 0x4d8c543b3d6a27dc78...97c9c7d7
  Next_Pubkey.Gy = 0xace827f7f0ea34cea8...156219dd
[ STEP 070 ] Bit #187 = '0' → Using Private_Key_Even
  Next_Pubkey.Gx = 0x97304ceda2d7c6fbdd...2e199f58
  Next_Pubkey.Gy = 0xca6d662e8053cc8c03...3181fe51
[ STEP 071 ] Bit #186 = '1' → Using Private_Key_Odd
  Next_Pubkey.Gx = 0xed7b96be0934e7339e...19a44bac
  Next_Pubkey.Gy = 0xb05dd47871baf6840e...9e6586c5
[ STEP 072 ] Bit #185 = '0' → Using Private_Key_Even
  Next_Pubkey.Gx = 0xbaf0ac1493676d4a57...9c7c2498
  Next_Pubkey.Gy = 0xebbdfa0a3c3ba4dc78...32cd9817
[ STEP 073 ] Bit #184 = '1' → Using Private_Key_Odd
  Next_Pubkey.Gx = 0xa9bee9a4eb0ce3a078...6c18e83c
  Next_Pubkey.Gy = 0x1b7dbe7649299b169c...2736780a
[ STEP 074 ] Bit #183 = '0' → Using Private_Key_Even
  Next_Pubkey.Gx = 0xebdf01a862ead5da85...06cebe52
  Next_Pubkey.Gy = 0xbd86963b52c777913e...89c753b1
[ STEP 075 ] Bit #182 = '0' → Using Private_Key_Even
  Next_Pubkey.Gx = 0x38bcfbe5ee0fa86dfc...0f3e6645
  Next_Pubkey.Gy = 0x99b90058cf7ba6fa1d...2b898f73
[ STEP 076 ] Bit #181 = '0' → Using Private_Key_Even
  Next_Pubkey.Gx = 0x46ea14f2a5490aea1b...b60cd66e
  Next_Pubkey.Gy = 0xdc9148631dd0cf1dcf...924b865f
[ STEP 077 ] Bit #180 = '1' → Using Private_Key_Odd
  Next_Pubkey.Gx = 0xbf3d7028fde34463d1...999e9462
  Next_Pubkey.Gy = 0xf12f5519a42dcbcea2...42e14090
[ STEP 078 ] Bit #179 = '1' → Using Private_Key_Odd
  Next_Pubkey.Gx = 0xac86a15f1c8cf4a11e...cd7bd3a2
  Next_Pubkey.Gy = 0x5f51fa759712275139...9d623df6
[ STEP 079 ] Bit #178 = '0' → Using Private_Key_Even
  Next_Pubkey.Gx = 0xa3b52c3921cf085eb2...1c391af3
  Next_Pubkey.Gy = 0x79e3b1109e4155f5f4...9c217520
[ STEP 080 ] Bit #177 = '1' → Using Private_Key_Odd
  Next_Pubkey.Gx = 0x52224bb87a4157ac50...092560da
  Next_Pubkey.Gy = 0x2d2a10d6e6eb53bc2b...a528a35d
[ STEP 081 ] Bit #176 = '0' → Using Private_Key_Even
  Next_Pubkey.Gx = 0x83c48fa7e690733021...42877eb4
  Next_Pubkey.Gy = 0x90e0da6a69e11f0b87...1bf9a313
[ STEP 082 ] Bit #175 = '1' → Using Private_Key_Odd
  Next_Pubkey.Gx = 0x5dfc8111975daa7bdd...c5925f1f
  Next_Pubkey.Gy = 0xeebce3fa22d4ac7804...9e9eb037
[ STEP 083 ] Bit #174 = '0' → Using Private_Key_Even
  Next_Pubkey.Gx = 0xd89c89f3d412086d7b...09537c12
  Next_Pubkey.Gy = 0x7c9828029feac71005...35ab382f
[ STEP 084 ] Bit #173 = '0' → Using Private_Key_Even
  Next_Pubkey.Gx = 0x488b4e6a4b70d0835f...bcba8065
  Next_Pubkey.Gy = 0xd6447aca8af82c27c8...21349606
[ STEP 085 ] Bit #172 = '1' → Using Private_Key_Odd
  Next_Pubkey.Gx = 0xf6ccad7cf7a8900acf...fc7cc9fd
  Next_Pubkey.Gy = 0x2778758c20506428a9...dad17ab4
[ STEP 086 ] Bit #171 = '0' → Using Private_Key_Even
  Next_Pubkey.Gx = 0x786c90a4d0143a6aba...382325dc
  Next_Pubkey.Gy = 0x8c432408e37f24968b...7c73ac30
[ STEP 087 ] Bit #170 = '1' → Using Private_Key_Odd
  Next_Pubkey.Gx = 0xbb1ac97e0a164a31f3...52776a65
  Next_Pubkey.Gy = 0x64b49493c1c0d301d8...fc896898
[ STEP 088 ] Bit #169 = '1' → Using Private_Key_Odd
  Next_Pubkey.Gx = 0x9e8497c3034b52dffd...99048964
  Next_Pubkey.Gy = 0xaefa0ed7c5ccee817b...c4398c52
[ STEP 089 ] Bit #168 = '0' → Using Private_Key_Even
  Next_Pubkey.Gx = 0xd42300a9603f6f5c3a...3b18218a
  Next_Pubkey.Gy = 0xf7dce6acc031c65e4c...c22b4a69
[ STEP 090 ] Bit #167 = '1' → Using Private_Key_Odd
  Next_Pubkey.Gx = 0x66bc9d6b0aa2e1cf1f...41bb14d5
  Next_Pubkey.Gy = 0xcec05392e7df76fda5...f9e344a0
[ STEP 091 ] Bit #166 = '1' → Using Private_Key_Odd
  Next_Pubkey.Gx = 0xddd3bf8ae855e9b693...d25f75c6
  Next_Pubkey.Gy = 0x839afb1c557c9832ee...d8766aeb
[ STEP 092 ] Bit #165 = '1' → Using Private_Key_Odd
  Next_Pubkey.Gx = 0x643f4e8c993718c9fc...352c0ef1
  Next_Pubkey.Gy = 0x5ab0a10470c50c7685...03aea253
[ STEP 093 ] Bit #164 = '0' → Using Private_Key_Even
  Next_Pubkey.Gx = 0xbd179ba29a32e65580...750afa1d
  Next_Pubkey.Gy = 0xfbb30eccd7d823eff8...78e7687f
[ STEP 094 ] Bit #163 = '1' → Using Private_Key_Odd
  Next_Pubkey.Gx = 0x8c4975b79e0f69b002...3cb35bb4
  Next_Pubkey.Gy = 0x8e4ec9cfbe0b2d6c49...0fe3f518
[ STEP 095 ] Bit #162 = '0' → Using Private_Key_Even
  Next_Pubkey.Gx = 0x1dbd793f0368cf7ad3...af2f0fbd
  Next_Pubkey.Gy = 0x2dbcc332be415092b8...d4705364
[ STEP 096 ] Bit #161 = '1' → Using Private_Key_Odd
  Next_Pubkey.Gx = 0xef6c91920a8fb0cdac...2a3deb8d
  Next_Pubkey.Gy = 0xfbe9e2d40f3099568c...65c9213f
[ STEP 097 ] Bit #160 = '1' → Using Private_Key_Odd
  Next_Pubkey.Gx = 0x7e69f9a5465c637fa8...4c5b2ed4
  Next_Pubkey.Gy = 0xf8e9a4434bfe53d458...da8d86e3
[ STEP 098 ] Bit #159 = '0' → Using Private_Key_Even
  Next_Pubkey.Gx = 0x50ca9c6a13e073ae4c...74c4e3fe
  Next_Pubkey.Gy = 0x3b132524d78ce168da...96bb63f6
[ STEP 099 ] Bit #158 = '1' → Using Private_Key_Odd
  Next_Pubkey.Gx = 0x65283c474277dfc54c...3fe23a34
  Next_Pubkey.Gy = 0x2969010e0625b03fe8...346a5a62
[ STEP 100 ] Bit #157 = '0' → Using Private_Key_Even
  Next_Pubkey.Gx = 0xafcfcaea989266cad8...9ba2299e
  Next_Pubkey.Gy = 0xa1c250ce91f132a9b3...55215636
[ STEP 101 ] Bit #156 = '0' → Using Private_Key_Even
  Next_Pubkey.Gx = 0xc424c8e8f6cf075922...dc9e6353
  Next_Pubkey.Gy = 0x92da0521b6e878a0dd...78932b9a
[ STEP 102 ] Bit #155 = '0' → Using Private_Key_Even
  Next_Pubkey.Gx = 0x59127120ecfff3722a...df2e60ad
  Next_Pubkey.Gy = 0x6d3e4c046986470fb6...ccc9b571
[ STEP 103 ] Bit #154 = '1' → Using Private_Key_Odd
  Next_Pubkey.Gx = 0x2b9669bae5d851b987...9909ce6f
  Next_Pubkey.Gy = 0x10e8242312141a3300...ae80aacb
[ STEP 104 ] Bit #153 = '1' → Using Private_Key_Odd
  Next_Pubkey.Gx = 0xd60ada605a4591ca73...3f99298a
  Next_Pubkey.Gy = 0xd98d5d4d5556ee48c2...21c422ee
[ STEP 105 ] Bit #152 = '1' → Using Private_Key_Odd
  Next_Pubkey.Gx = 0x639d874f90f614568b...79799a50
  Next_Pubkey.Gy = 0x11a80a97907d655fbc...263776e2
[ STEP 106 ] Bit #151 = '0' → Using Private_Key_Even
  Next_Pubkey.Gx = 0xc61f0a20a5f9b44db2...90237b49
  Next_Pubkey.Gy = 0xd9dc9f75686631f963...48bd921a
[ STEP 107 ] Bit #150 = '1' → Using Private_Key_Odd
  Next_Pubkey.Gx = 0x6c968a262de218f2d4...00bc0cef
  Next_Pubkey.Gy = 0xf8900c87fcd7c13121...817bf700
[ STEP 108 ] Bit #149 = '1' → Using Private_Key_Odd
  Next_Pubkey.Gx = 0xccc34577223e1f4797...01181ed4
  Next_Pubkey.Gy = 0x61f83cc6b0e8024d73...bb3bf1f1
[ STEP 109 ] Bit #148 = '0' → Using Private_Key_Even
  Next_Pubkey.Gx = 0x24d97b1085d8d6bf5f...c2afabc2
  Next_Pubkey.Gy = 0xf300c8aac1090e3ea8...6fa1f8bb
[ STEP 110 ] Bit #147 = '0' → Using Private_Key_Even
  Next_Pubkey.Gx = 0x97c2c90e4047df1f9b...1d8cae5c
  Next_Pubkey.Gy = 0x29d6c61c8cd7882261...ecf6fbf5
[ STEP 111 ] Bit #146 = '1' → Using Private_Key_Odd
  Next_Pubkey.Gx = 0x17b6e3bf876cc76c46...f6454443
  Next_Pubkey.Gy = 0x8c27e5c70952f49096...b499d7a5
[ STEP 112 ] Bit #145 = '0' → Using Private_Key_Even
  Next_Pubkey.Gx = 0x6f4d32abcad9b34c73...deb487a1
  Next_Pubkey.Gy = 0x87e8bbcead3fc51fdb...153d1b2b
[ STEP 113 ] Bit #144 = '1' → Using Private_Key_Odd
  Next_Pubkey.Gx = 0x255e883c7ccc87b90b...7f158fbb
  Next_Pubkey.Gy = 0x6c9339a69b333d9f68...adb577e4
[ STEP 114 ] Bit #143 = '0' → Using Private_Key_Even
  Next_Pubkey.Gx = 0xcb3ccbd7e6d6612226...69c1a38a
  Next_Pubkey.Gy = 0x45bcf7c57397e8d57c...dbef5a2b
[ STEP 115 ] Bit #142 = '0' → Using Private_Key_Even
  Next_Pubkey.Gx = 0x87de1213631006f68b...f5179c24
  Next_Pubkey.Gy = 0xdbee87b5819daddd26...66858d45
[ STEP 116 ] Bit #141 = '1' → Using Private_Key_Odd
  Next_Pubkey.Gx = 0x31f9c119e09bc39560...f4842649
  Next_Pubkey.Gy = 0xf962c7db26eab7f0b3...3c96a5ef
[ STEP 117 ] Bit #140 = '1' → Using Private_Key_Odd
  Next_Pubkey.Gx = 0xfbe85f2019316eec5e...c6bd7778
  Next_Pubkey.Gy = 0x628a07c5d771a77ce0...f08dc5c9
[ STEP 118 ] Bit #139 = '1' → Using Private_Key_Odd
  Next_Pubkey.Gx = 0xf4cda00ffe3884e0ef...05ddc8fb
  Next_Pubkey.Gy = 0x7f054be25dcb2d1233...d98f95eb
[ STEP 119 ] Bit #138 = '1' → Using Private_Key_Odd
  Next_Pubkey.Gx = 0xb0b7a5e30afe68df91...5cc0e7f2
  Next_Pubkey.Gy = 0xaf17819146f0981e89...4b8bb61c
[ STEP 120 ] Bit #137 = '1' → Using Private_Key_Odd
  Next_Pubkey.Gx = 0x41f7f54ebdb6303e85...840623bd
  Next_Pubkey.Gy = 0x2d01fb19ad7ba8f1eb...b32ada8a
[ STEP 121 ] Bit #136 = '1' → Using Private_Key_Odd
  Next_Pubkey.Gx = 0x473e1842f1b321bd46...e7115c29
  Next_Pubkey.Gy = 0x4fa14051da88a10320...e81060b4
[ STEP 122 ] Bit #135 = '0' → Using Private_Key_Even
  Next_Pubkey.Gx = 0x5086ba7fec0154bd10...34780410
  Next_Pubkey.Gy = 0x43573c82c968f41eb8...cf41d800
[ STEP 123 ] Bit #134 = '1' → Using Private_Key_Odd
  Next_Pubkey.Gx = 0x50f9d6cdfa20e9feff...0619d88b
  Next_Pubkey.Gy = 0x8f04145452e6a9f8d7...830fcc48
[ STEP 124 ] Bit #133 = '0' → Using Private_Key_Even
  Next_Pubkey.Gx = 0xe5e0e3af4aa90c897a...378f9bd0
  Next_Pubkey.Gy = 0xacb5e73ad96b758b9f...844a2164
[ STEP 125 ] Bit #132 = '1' → Using Private_Key_Odd
  Next_Pubkey.Gx = 0xa0a60b87fd87e06ee3...326be708
  Next_Pubkey.Gy = 0xb3b8036cfcf51849bc...d630b67f
[ STEP 126 ] Bit #131 = '1' → Using Private_Key_Odd
  Next_Pubkey.Gx = 0xc393174137a062016e...bb4aab66
  Next_Pubkey.Gy = 0x46f3b07f9411bd44d2...10f79099
[ STEP 127 ] Bit #130 = '1' → Using Private_Key_Odd
  Next_Pubkey.Gx = 0x9f508a0fabcc730938...25b41428
  Next_Pubkey.Gy = 0x23b5bf1cb5013c769c...8e9b7eb3
[ STEP 128 ] Bit #129 = '0' → Using Private_Key_Even
  Next_Pubkey.Gx = 0x7f7a04bc56d1b94eb2...788970de
  Next_Pubkey.Gy = 0xad597c8a41b5f89e1a...a879ce14
[ STEP 129 ] Bit #128 = '0' → Using Private_Key_Even
  Next_Pubkey.Gx = 0x8c7bd6045de9a38582...058dee9b
  Next_Pubkey.Gy = 0x53c969901215ecbffd...47b06f5f
[ STEP 130 ] Bit #127 = '1' → Using Private_Key_Odd
  Next_Pubkey.Gx = 0xd4f7dd5ccb61278729...d74ec871
  Next_Pubkey.Gy = 0xd1039ff478e8f4854f...48f49e17
[ STEP 131 ] Bit #126 = '1' → Using Private_Key_Odd
  Next_Pubkey.Gx = 0x68396ceb220201f062...df3a7e3c
  Next_Pubkey.Gy = 0xe4badfa2979f666d9a...e376833b
[ STEP 132 ] Bit #125 = '0' → Using Private_Key_Even
  Next_Pubkey.Gx = 0x6e4d4156a80df82539...44b7b277
  Next_Pubkey.Gy = 0xb370a7c1cd22ada982...33762bb3
[ STEP 133 ] Bit #124 = '0' → Using Private_Key_Even
  Next_Pubkey.Gx = 0xebc17e98c5a9516360...35346cc7
  Next_Pubkey.Gy = 0x69cb037462702571f9...dd24daea
[ STEP 134 ] Bit #123 = '0' → Using Private_Key_Even
  Next_Pubkey.Gx = 0xfe158d8fa113feccd3...1c0fdb0b
  Next_Pubkey.Gy = 0x547d34d9c51b8b20dc...5012a89c
[ STEP 135 ] Bit #122 = '1' → Using Private_Key_Odd
  Next_Pubkey.Gx = 0x5e2e11ec4ab4483c49...775e56df
  Next_Pubkey.Gy = 0x721f04fee707b307f6...344dce38
[ STEP 136 ] Bit #121 = '0' → Using Private_Key_Even
  Next_Pubkey.Gx = 0x3a9b896fcb021293fa...a2db8221
  Next_Pubkey.Gy = 0xfe937ed7b13ca0a275...39136125
[ STEP 137 ] Bit #120 = '0' → Using Private_Key_Even
  Next_Pubkey.Gx = 0x59e70c69d457cb5f1b...d468d090
  Next_Pubkey.Gy = 0x78c1ca7781d18d852a...1106a2e9
[ STEP 138 ] Bit #119 = '1' → Using Private_Key_Odd
  Next_Pubkey.Gx = 0xd03d76d28ac9c721bc...feaf50d1
  Next_Pubkey.Gy = 0x1455bfd91132112819...f460e598
[ STEP 139 ] Bit #118 = '0' → Using Private_Key_Even
  Next_Pubkey.Gx = 0xbdadab2625e7c7b5b9...901a6249
  Next_Pubkey.Gy = 0x2b694dccf0cc5a8d00...c33c5a04
[ STEP 140 ] Bit #117 = '1' → Using Private_Key_Odd
  Next_Pubkey.Gx = 0xe024e141b259d545a8...aa6946a6
  Next_Pubkey.Gy = 0x6829146eac4d23c107...6062d463
[ STEP 141 ] Bit #116 = '1' → Using Private_Key_Odd
  Next_Pubkey.Gx = 0x6fc7a7945e86b4b1f7...06f5b127
  Next_Pubkey.Gy = 0x1add4ea15e7f29db1b...aeaf4de8
[ STEP 142 ] Bit #115 = '0' → Using Private_Key_Even
  Next_Pubkey.Gx = 0x6a79565a291024c08c...164336f9
  Next_Pubkey.Gy = 0x922647c272f3ff4cce...872a0ceb
[ STEP 143 ] Bit #114 = '1' → Using Private_Key_Odd
  Next_Pubkey.Gx = 0x829f3fe5cb59df1206...2726f4b7
  Next_Pubkey.Gy = 0x858bed19662801e0d3...143e327f
[ STEP 144 ] Bit #113 = '0' → Using Private_Key_Even
  Next_Pubkey.Gx = 0x812474808172c89267...a7b0d75a
  Next_Pubkey.Gy = 0x83c3e60c68e27d9032...aeb9fb24
[ STEP 145 ] Bit #112 = '1' → Using Private_Key_Odd
  Next_Pubkey.Gx = 0xce2ce1e281b18ffa65...3c21ed22
  Next_Pubkey.Gy = 0xaedc5076d7ba7b33ba...945ced6d
[ STEP 146 ] Bit #111 = '0' → Using Private_Key_Even
  Next_Pubkey.Gx = 0xea8aae938b3291c88c...e05a6fdb
  Next_Pubkey.Gy = 0xc4294d4f263d19e526...4dc7fcba
[ STEP 147 ] Bit #110 = '0' → Using Private_Key_Even
  Next_Pubkey.Gx = 0xfb2a32d4a85f3d6651...5fe23f26
  Next_Pubkey.Gy = 0x68dde694125a3709ad...811caf0c
[ STEP 148 ] Bit #109 = '0' → Using Private_Key_Even
  Next_Pubkey.Gx = 0xb514fbb0e0202556ab...1d77f768
  Next_Pubkey.Gy = 0x86a3cb1d70a23e0e2c...36794ae5
[ STEP 149 ] Bit #108 = '1' → Using Private_Key_Odd
  Next_Pubkey.Gx = 0x14802cc44e86acdcbf...f579fc5b
  Next_Pubkey.Gy = 0xc23de4e37def77f663...7008ead9
[ STEP 150 ] Bit #107 = '1' → Using Private_Key_Odd
  Next_Pubkey.Gx = 0x5a446a1e3181f3ebc2...4efe9772
  Next_Pubkey.Gy = 0xeab0b8b612f066a5a5...aed1b95c
[ STEP 151 ] Bit #106 = '1' → Using Private_Key_Odd
  Next_Pubkey.Gx = 0xb4cefc6a8a75082ec0...09473f51
  Next_Pubkey.Gy = 0xcef00e0f66bc2807a0...170886d9
[ STEP 152 ] Bit #105 = '0' → Using Private_Key_Even
  Next_Pubkey.Gx = 0xd987f7ebbf6777f440...e9e385ae
  Next_Pubkey.Gy = 0x9eb7bee514847d18a3...0f55f1e5
[ STEP 153 ] Bit #104 = '1' → Using Private_Key_Odd
  Next_Pubkey.Gx = 0xcf427009457a4cda69...6f154e5e
  Next_Pubkey.Gy = 0xd1560db117e348742f...d633ae3d
[ STEP 154 ] Bit #103 = '1' → Using Private_Key_Odd
  Next_Pubkey.Gx = 0xbc249c6582179fc1e3...d2e8f5f9
  Next_Pubkey.Gy = 0xde0e91cf5f4f5ea20a...a8f81a78
[ STEP 155 ] Bit #102 = '0' → Using Private_Key_Even
  Next_Pubkey.Gx = 0x5214a419b8950bf211...9bd1bed8
  Next_Pubkey.Gy = 0x5be1def189f8e59d29...8bce387d
[ STEP 156 ] Bit #101 = '1' → Using Private_Key_Odd
  Next_Pubkey.Gx = 0x891432b826e7c2d802...88bf528e
  Next_Pubkey.Gy = 0xc5d0980db13782052d...79546d5a
[ STEP 157 ] Bit #100 = '1' → Using Private_Key_Odd
  Next_Pubkey.Gx = 0xcba5372abcb0d6ebb9...074e2f46
  Next_Pubkey.Gy = 0xaea986d6ad06f6a568...7af57967
[ STEP 158 ] Bit #099 = '1' → Using Private_Key_Odd
  Next_Pubkey.Gx = 0x79f504b65eb0eb7859...97ccbf7d
  Next_Pubkey.Gy = 0xdcc6c8b1f8378dee82...a1918933
[ STEP 159 ] Bit #098 = '0' → Using Private_Key_Even
  Next_Pubkey.Gx = 0xbd86810c784743938b...4dba0dd8
  Next_Pubkey.Gy = 0x6e0cae941485dc7a93...1b6dce5e
[ STEP 160 ] Bit #097 = '1' → Using Private_Key_Odd
  Next_Pubkey.Gx = 0x69bd061dc0850f8053...ec036d6f
  Next_Pubkey.Gy = 0xb13334e671e51418e8...6de6fad4
[ STEP 161 ] Bit #096 = '0' → Using Private_Key_Even
  Next_Pubkey.Gx = 0x8d0ac66e6bfcf50694...5456ba55
  Next_Pubkey.Gy = 0xd50cb25dcfc9813c50...d52d19b5
[ STEP 162 ] Bit #095 = '1' → Using Private_Key_Odd
  Next_Pubkey.Gx = 0x550a48b166a142d8ac...fa718cf7
  Next_Pubkey.Gy = 0xd7bf3ffd5b1e52e363...412ee7ee
[ STEP 163 ] Bit #094 = '1' → Using Private_Key_Odd
  Next_Pubkey.Gx = 0x524ddd52d10bc05d9f...f053dc1b
  Next_Pubkey.Gy = 0x871980c75532391c6b...88d1c000
[ STEP 164 ] Bit #093 = '1' → Using Private_Key_Odd
  Next_Pubkey.Gx = 0x862c804968a610cc2c...f65ab253
  Next_Pubkey.Gy = 0x4a1884de6129b91fa3...5dcf3911
[ STEP 165 ] Bit #092 = '1' → Using Private_Key_Odd
  Next_Pubkey.Gx = 0x9cf77daf8e0e8ab054...794504d3
  Next_Pubkey.Gy = 0x1e6a0220ac383137d9...dc31af47
[ STEP 166 ] Bit #091 = '0' → Using Private_Key_Even
  Next_Pubkey.Gx = 0x8a5b9197bf65451763...9516becc
  Next_Pubkey.Gy = 0xef39253c992bd0d987...90fd28ca
[ STEP 167 ] Bit #090 = '1' → Using Private_Key_Odd
  Next_Pubkey.Gx = 0xaa0a8fe64c91202757...43303059
  Next_Pubkey.Gy = 0x84618cc6cb7518cfc8...b5931628
[ STEP 168 ] Bit #089 = '1' → Using Private_Key_Odd
  Next_Pubkey.Gx = 0xc411e72ba88b5da1a4...b8a3aba7
  Next_Pubkey.Gy = 0x96128e05a45630e568...8b4e65e8
[ STEP 169 ] Bit #088 = '1' → Using Private_Key_Odd
  Next_Pubkey.Gx = 0x3716418310563da698...1cfba74e
  Next_Pubkey.Gy = 0x95f2863521881dc8ca...c32978d7
[ STEP 170 ] Bit #087 = '1' → Using Private_Key_Odd
  Next_Pubkey.Gx = 0x57a0ddf598dffcd436...c6225d48
  Next_Pubkey.Gy = 0x8fb6b5a73d49c907af...e7a0d5f6
[ STEP 171 ] Bit #086 = '0' → Using Private_Key_Even
  Next_Pubkey.Gx = 0x2ea24fe1f2c353468a...9b2c6f0f
  Next_Pubkey.Gy = 0x33530c1dd878dadaa2...42de5053
[ STEP 172 ] Bit #085 = '0' → Using Private_Key_Even
  Next_Pubkey.Gx = 0xf675e3b9fcf85c06cb...52817f6a
  Next_Pubkey.Gy = 0x28bf44435e58c3cf0c...1a6b1004
[ STEP 173 ] Bit #084 = '0' → Using Private_Key_Even
  Next_Pubkey.Gx = 0x6aa3daeb8a1d8eeb67...008de892
  Next_Pubkey.Gy = 0x7913d5bf4af8db4890...8c49f8c5
[ STEP 174 ] Bit #083 = '1' → Using Private_Key_Odd
  Next_Pubkey.Gx = 0x330e16a02faeca97c3...df3eb6b8
  Next_Pubkey.Gy = 0x1d382203bfdc842a56...63dcccc1
[ STEP 175 ] Bit #082 = '0' → Using Private_Key_Even
  Next_Pubkey.Gx = 0xf601bb5f2c7a87a3d2...fdcfb13c
  Next_Pubkey.Gy = 0xb9c4212aac154195d0...e65e429f
[ STEP 176 ] Bit #081 = '1' → Using Private_Key_Odd
  Next_Pubkey.Gx = 0x8014553f816bf580fd...2659fa85
  Next_Pubkey.Gy = 0x7694da304cd59ca720...5aec9d8b
[ STEP 177 ] Bit #080 = '0' → Using Private_Key_Even
  Next_Pubkey.Gx = 0x7cba617d007164127c...bb6ebb73
  Next_Pubkey.Gy = 0x5f618353e2f1465d17...f52bdb9d
[ STEP 178 ] Bit #079 = '1' → Using Private_Key_Odd
  Next_Pubkey.Gx = 0x7c6112ca5f0ea29d39...4455d17a
  Next_Pubkey.Gy = 0xe4ca75b7f851b19ea7...35c8198e
[ STEP 179 ] Bit #078 = '0' → Using Private_Key_Even
  Next_Pubkey.Gx = 0x74f3b45d6ef084e17b...1e6a997e
  Next_Pubkey.Gy = 0xec77eb481039470b5d...a082459c
[ STEP 180 ] Bit #077 = '0' → Using Private_Key_Even
  Next_Pubkey.Gx = 0xd31958bbe8571c24dc...3df13cce
  Next_Pubkey.Gy = 0x240ac9912bd31ce5eb...ffbce4a1
[ STEP 181 ] Bit #076 = '1' → Using Private_Key_Odd
  Next_Pubkey.Gx = 0x7c5873ff78b16ff4ae...ada9e0b5
  Next_Pubkey.Gy = 0x519f0a8158d37e0833...3f1b0ff6
[ STEP 182 ] Bit #075 = '0' → Using Private_Key_Even
  Next_Pubkey.Gx = 0x74c1fabbbd0dbd3a23...e968f422
  Next_Pubkey.Gy = 0xacfd74e5d5d2dc8950...45800bae
[ STEP 183 ] Bit #074 = '0' → Using Private_Key_Even
  Next_Pubkey.Gx = 0x1adbbb16385f7145a9...d099e309
  Next_Pubkey.Gy = 0xefc2254ab7e5762428...4d04c9aa
[ STEP 184 ] Bit #073 = '0' → Using Private_Key_Even
  Next_Pubkey.Gx = 0x357156cdca92f5198f...8cd26b7a
  Next_Pubkey.Gy = 0xd6937cd905b2f45aa6...be99ca0b
[ STEP 185 ] Bit #072 = '0' → Using Private_Key_Even
  Next_Pubkey.Gx = 0xe3715a975690f35a7a...3d901a5d
  Next_Pubkey.Gy = 0x7d4bf993e12a3f2bf9...b50215fc
[ STEP 186 ] Bit #071 = '0' → Using Private_Key_Even
  Next_Pubkey.Gx = 0x55600eb00de1cd6c97...2db4138d
  Next_Pubkey.Gy = 0xad14e7dd41e2f6b283...d6b22cc0
[ STEP 187 ] Bit #070 = '1' → Using Private_Key_Odd
  Next_Pubkey.Gx = 0x191625c087a26f4d8c...8e1086f7
  Next_Pubkey.Gy = 0x86bc3bf365736ee6f3...b54ffa31
[ STEP 188 ] Bit #069 = '1' → Using Private_Key_Odd
  Next_Pubkey.Gx = 0xc6eeaccd45e073756b...ca5c4ae1
  Next_Pubkey.Gy = 0xec65af772b21ce19a3...3f768389
[ STEP 189 ] Bit #068 = '1' → Using Private_Key_Odd
  Next_Pubkey.Gx = 0xca6f8775927c99f153...6293c1eb
  Next_Pubkey.Gy = 0x507e5a3ffbe26b1be5...296f5a31
[ STEP 190 ] Bit #067 = '1' → Using Private_Key_Odd
  Next_Pubkey.Gx = 0xf09f49ca61441c75b2...d2733b69
  Next_Pubkey.Gy = 0x3ee20126590aa5327d...3ce19367
[ STEP 191 ] Bit #066 = '1' → Using Private_Key_Odd
  Next_Pubkey.Gx = 0xcee7268c373e7709c6...f18afaac
  Next_Pubkey.Gy = 0x52b0c4e476072781e1...e79b4272
[ STEP 192 ] Bit #065 = '0' → Using Private_Key_Even
  Next_Pubkey.Gx = 0xbd7541fe5df974db00...5236f6e9
  Next_Pubkey.Gy = 0x584e13627d47883128...200e5b73
[ STEP 193 ] Bit #064 = '0' → Using Private_Key_Even
  Next_Pubkey.Gx = 0xb18f1f9e073dfeecb0...653ffd38
  Next_Pubkey.Gy = 0x527e8a05766278c919...2d62b503
[ STEP 194 ] Bit #063 = '0' → Using Private_Key_Even
  Next_Pubkey.Gx = 0xfa6cf26477bc76f3d6...586c0cc7
  Next_Pubkey.Gy = 0xc6b3aaa89e83da7f08...b1de2024
[ STEP 195 ] Bit #062 = '0' → Using Private_Key_Even
  Next_Pubkey.Gx = 0xa53b80df75d7c9d58f...b9622821
  Next_Pubkey.Gy = 0x21c7a1912bfd531fed...2ebe474d
[ STEP 196 ] Bit #061 = '1' → Using Private_Key_Odd
  Next_Pubkey.Gx = 0x3bfb485aa7436a267c...b7890086
  Next_Pubkey.Gy = 0xa9f5ee5eae38e18c1b...4d0d8420
[ STEP 197 ] Bit #060 = '1' → Using Private_Key_Odd
  Next_Pubkey.Gx = 0x5c87b04c346c7966ae...2e87fc20
  Next_Pubkey.Gy = 0x5fb8442717bcc5557e...775f12b6
[ STEP 198 ] Bit #059 = '0' → Using Private_Key_Even
  Next_Pubkey.Gx = 0x7da3e746f5b07517cf...91e0ba30
  Next_Pubkey.Gy = 0xceb2ad4fb0427831fd...a5e5eaae
[ STEP 199 ] Bit #058 = '1' → Using Private_Key_Odd
  Next_Pubkey.Gx = 0x8f62f5bb543ec12eef...97f9f889
  Next_Pubkey.Gy = 0x2c337d5a3e05019e1e...4bd7e4bc
[ STEP 200 ] Bit #057 = '0' → Using Private_Key_Even
  Next_Pubkey.Gx = 0xe13cf77fe8750eab02...c2c54b2b
  Next_Pubkey.Gy = 0x8f084ce3028eee3087...0613dd66
[ STEP 201 ] Bit #056 = '1' → Using Private_Key_Odd
  Next_Pubkey.Gx = 0x432ca7609e4136cd1b...3fc2ef5c
  Next_Pubkey.Gy = 0x81f71f362b94c4d1f2...aa7aef5e
[ STEP 202 ] Bit #055 = '1' → Using Private_Key_Odd
  Next_Pubkey.Gx = 0xd06a8455904e142b13...07f821cf
  Next_Pubkey.Gy = 0xeaf33c82310af63cda...415d7a7c
[ STEP 203 ] Bit #054 = '0' → Using Private_Key_Even
  Next_Pubkey.Gx = 0xa6a03349e8a9833701...4844ce50
  Next_Pubkey.Gy = 0x6f08c27b0c71498db8...65e9ef2f
[ STEP 204 ] Bit #053 = '0' → Using Private_Key_Even
  Next_Pubkey.Gx = 0xd606e38cb58813ce0d...9286a9e6
  Next_Pubkey.Gy = 0x3718b2a380c5d2ccfd...21c3456c
[ STEP 205 ] Bit #052 = '1' → Using Private_Key_Odd
  Next_Pubkey.Gx = 0x408d818a60bc63004e...32d17222
  Next_Pubkey.Gy = 0x68413f1d77d5188060...af06ff48
[ STEP 206 ] Bit #051 = '1' → Using Private_Key_Odd
  Next_Pubkey.Gx = 0x361b30300cfef1e481...f2285108
  Next_Pubkey.Gy = 0x3f1411679b4cfe8cb8...09da56c1
[ STEP 207 ] Bit #050 = '1' → Using Private_Key_Odd
  Next_Pubkey.Gx = 0x5fbaff8624d0ee8707...4134b13c
  Next_Pubkey.Gy = 0xda7b7d812476e5bacb...9f1199d2
[ STEP 208 ] Bit #049 = '0' → Using Private_Key_Even
  Next_Pubkey.Gx = 0xc0396eb4464bd26b47...3cab1ee5
  Next_Pubkey.Gy = 0xa46aafbb4f6ceaa997...360ce67e
[ STEP 209 ] Bit #048 = '1' → Using Private_Key_Odd
  Next_Pubkey.Gx = 0x849638039fe62be6a7...d28c7c0d
  Next_Pubkey.Gy = 0x6a8570cac858c5e5c1...16ffd114
[ STEP 210 ] Bit #047 = '1' → Using Private_Key_Odd
  Next_Pubkey.Gx = 0xfc28a3d14aa4c5240f...cd55cef0
  Next_Pubkey.Gy = 0xd851c202fd1c0cd62b...a1f86aad
[ STEP 211 ] Bit #046 = '0' → Using Private_Key_Even
  Next_Pubkey.Gx = 0x3b14c4286b9034247e...57b555ad
  Next_Pubkey.Gy = 0x39e225e8e64324cb21...ecb34a16
[ STEP 212 ] Bit #045 = '1' → Using Private_Key_Odd
  Next_Pubkey.Gx = 0xab77b3a284dbfbc2fc...68ce8b28
  Next_Pubkey.Gy = 0xe4b15cef8518155aba...c472ef74
[ STEP 213 ] Bit #044 = '0' → Using Private_Key_Even
  Next_Pubkey.Gx = 0xa4384e333e46205fc5...f4e5553d
  Next_Pubkey.Gy = 0xe8099545ee965f8d03...7b92341e
[ STEP 214 ] Bit #043 = '1' → Using Private_Key_Odd
  Next_Pubkey.Gx = 0x395957d966c2e37537...59b862f7
  Next_Pubkey.Gy = 0x5db7cfb6a354320dae...7d3fa8d0
[ STEP 215 ] Bit #042 = '1' → Using Private_Key_Odd
  Next_Pubkey.Gx = 0x2aae906f677768448a...14e65be0
  Next_Pubkey.Gy = 0x8c3d8b39d5d782b9c9...e5632ec2
[ STEP 216 ] Bit #041 = '0' → Using Private_Key_Even
  Next_Pubkey.Gx = 0xe48359121bb2ad2032...5b5bdd90
  Next_Pubkey.Gy = 0x27177c4f4975191240...b84e549d
[ STEP 217 ] Bit #040 = '0' → Using Private_Key_Even
  Next_Pubkey.Gx = 0xad114786ecb419655a...1d7a32a5
  Next_Pubkey.Gy = 0xf65da562f5e87cf084...faea6930
[ STEP 218 ] Bit #039 = '1' → Using Private_Key_Odd
  Next_Pubkey.Gx = 0x58f76653a6b1712acb...7c1c60be
  Next_Pubkey.Gy = 0x9e4d62d4ccec4b88d4...0fdc6b04
[ STEP 219 ] Bit #038 = '0' → Using Private_Key_Even
  Next_Pubkey.Gx = 0xe4d29e7bbc8360bc33...f5c5b234
  Next_Pubkey.Gy = 0x5027fcf03f8d3e055d...03c22c96
[ STEP 220 ] Bit #037 = '0' → Using Private_Key_Even
  Next_Pubkey.Gx = 0x23c250f4db92252975...bb24774b
  Next_Pubkey.Gy = 0x6656bd28abf61e8216...39343359
[ STEP 221 ] Bit #036 = '1' → Using Private_Key_Odd
  Next_Pubkey.Gx = 0xab5040fc9e734f325b...d356b2a4
  Next_Pubkey.Gy = 0xfea6ca09fbc8d1938b...b747882f
[ STEP 222 ] Bit #035 = '1' → Using Private_Key_Odd
  Next_Pubkey.Gx = 0x7590c9fb65cdfad3b3...68c1a6af
  Next_Pubkey.Gy = 0xbdb26890fa48583263...bab50596
[ STEP 223 ] Bit #034 = '0' → Using Private_Key_Even
  Next_Pubkey.Gx = 0xfd0f3eba5cb6b93e88...96462cee
  Next_Pubkey.Gy = 0x5424d40e41afe3c2e0...397a3ab5
[ STEP 224 ] Bit #033 = '1' → Using Private_Key_Odd
  Next_Pubkey.Gx = 0x86c87de0af0ff82b20...71e254b3
  Next_Pubkey.Gy = 0xfa46a5a6dd8a54bf6a...f2ba9d14
[ STEP 225 ] Bit #032 = '1' → Using Private_Key_Odd
  Next_Pubkey.Gx = 0x29b81e1ae5f3543ea9...5e20b044
  Next_Pubkey.Gy = 0xfa4bbf87292efb3aaf...0c107895
[ STEP 226 ] Bit #031 = '0' → Using Private_Key_Even
  Next_Pubkey.Gx = 0x8a7f82539a2cde3170...6f332194
  Next_Pubkey.Gy = 0x8b05fe95e8f53cb6f6...e9c45d1b
[ STEP 227 ] Bit #030 = '0' → Using Private_Key_Even
  Next_Pubkey.Gx = 0x9bdddfffe70458d464...55e772b4
  Next_Pubkey.Gy = 0x43db589e7bd7a25ee0...7b1314b3
[ STEP 228 ] Bit #029 = '0' → Using Private_Key_Even
  Next_Pubkey.Gx = 0xa365f3ca3953a4577d...366b94ff
  Next_Pubkey.Gy = 0x942203210618183b44...56260cac
[ STEP 229 ] Bit #028 = '1' → Using Private_Key_Odd
  Next_Pubkey.Gx = 0x1dc157784881f78be9...761c7942
  Next_Pubkey.Gy = 0x890da3f9f674d9aaa0...452ea59d
[ STEP 230 ] Bit #027 = '0' → Using Private_Key_Even
  Next_Pubkey.Gx = 0x6ac20b7e8b39d0cf98...69e7ae58
  Next_Pubkey.Gy = 0xf35c95ad3a708d7021...71fffb02
[ STEP 231 ] Bit #026 = '1' → Using Private_Key_Odd
  Next_Pubkey.Gx = 0xaf2ea82fddc241da1f...ec8b2b7e
  Next_Pubkey.Gy = 0xb5c6030cf07aab6cc7...60267bd9
[ STEP 232 ] Bit #025 = '0' → Using Private_Key_Even
  Next_Pubkey.Gx = 0xbae4cdb41004c8c805...f9fb190f
  Next_Pubkey.Gy = 0x694de81abcf12bc72c...98817d86
[ STEP 233 ] Bit #024 = '0' → Using Private_Key_Even
  Next_Pubkey.Gx = 0xc33ad81a3c46a7205a...b8e5a70d
  Next_Pubkey.Gy = 0xaf18896f98470fe1e7...c62f5073
[ STEP 234 ] Bit #023 = '0' → Using Private_Key_Even
  Next_Pubkey.Gx = 0x3f0d48660117941dea...55d2da20
  Next_Pubkey.Gy = 0x16a183d838e2ef8e4c...bea4cdd2
[ STEP 235 ] Bit #022 = '1' → Using Private_Key_Odd
  Next_Pubkey.Gx = 0x8431e711719e963a4e...3deb8555
  Next_Pubkey.Gy = 0x517f70765ea734de36...8397031b
[ STEP 236 ] Bit #021 = '1' → Using Private_Key_Odd
  Next_Pubkey.Gx = 0x40b893c6c199dc23bb...d8971fdc
  Next_Pubkey.Gy = 0xb1771029072dd9b9d4...800a24ef
[ STEP 237 ] Bit #020 = '0' → Using Private_Key_Even
  Next_Pubkey.Gx = 0xd0fe5b50a245379a22...f3de27d8
  Next_Pubkey.Gy = 0x44eaa4c636228e7a45...66dfc1a8
[ STEP 238 ] Bit #019 = '0' → Using Private_Key_Even
  Next_Pubkey.Gx = 0xe341b96715277ba031...d630d3f3
  Next_Pubkey.Gy = 0xea0c37a0df8ab485e0...da3d5b37
[ STEP 239 ] Bit #018 = '1' → Using Private_Key_Odd
  Next_Pubkey.Gx = 0x9ebf924d0a383a556c...3870ce68
  Next_Pubkey.Gy = 0x1a59861520863523a4...4443a71e
[ STEP 240 ] Bit #017 = '0' → Using Private_Key_Even
  Next_Pubkey.Gx = 0x26638daf9197aed2f4...d36fa919
  Next_Pubkey.Gy = 0xfa6cf3726a8e751cd0...5a8cbe0c
[ STEP 241 ] Bit #016 = '1' → Using Private_Key_Odd
  Next_Pubkey.Gx = 0x9b748e946afa449d62...7b041641
  Next_Pubkey.Gy = 0x5b0279001f6d1d0b08...00b0dfef
[ STEP 242 ] Bit #015 = '1' → Using Private_Key_Odd
  Next_Pubkey.Gx = 0x4d9936a073f4b045b0...994fab58
  Next_Pubkey.Gy = 0xee9f73b32344abdbd5...8a379ca2
[ STEP 243 ] Bit #014 = '0' → Using Private_Key_Even
  Next_Pubkey.Gx = 0x137538d482ef6f46aa...62c4f3de
  Next_Pubkey.Gy = 0x5df35fc83770983b97...2b82eb6d
[ STEP 244 ] Bit #013 = '1' → Using Private_Key_Odd
  Next_Pubkey.Gx = 0x33229351746a49bf19...ab3a4a19
  Next_Pubkey.Gy = 0xdf281c11815aa1af77...8bb51c4b
[ STEP 245 ] Bit #012 = '0' → Using Private_Key_Even
  Next_Pubkey.Gx = 0x454eab0631dda623f5...b547183e
  Next_Pubkey.Gy = 0xa183ddec5eebf67938...1f731a78
[ STEP 246 ] Bit #011 = '1' → Using Private_Key_Odd
  Next_Pubkey.Gx = 0x4bd3e26a8d905ea566...e5ae657f
  Next_Pubkey.Gy = 0x4657d3d0208465dd6a...24b77df8
[ STEP 247 ] Bit #010 = '0' → Using Private_Key_Even
  Next_Pubkey.Gx = 0xc0b4fa8b40800cf019...7bbb799c
  Next_Pubkey.Gy = 0x87c2b339ae65a34d28...f91a02cc
[ STEP 248 ] Bit #009 = '0' → Using Private_Key_Even
  Next_Pubkey.Gx = 0xa1e71c174e1e75f09c...e1841008
  Next_Pubkey.Gy = 0xe55afae890c9cd1689...4eca456f
[ STEP 249 ] Bit #008 = '0' → Using Private_Key_Even
  Next_Pubkey.Gx = 0x92a2d1b3a277a688ac...27228ee8
  Next_Pubkey.Gy = 0x8ccf0597b539c7f915...d09c515d
[ STEP 250 ] Bit #007 = '0' → Using Private_Key_Even
  Next_Pubkey.Gx = 0x3c1407ae1b3bea2175...6b8dda36
  Next_Pubkey.Gy = 0xa68e1ed95d4e5ee9a8...b70f6ff3
[ STEP 251 ] Bit #006 = '0' → Using Private_Key_Even
  Next_Pubkey.Gx = 0xd4f49f5c4a4b0a7767...9553f3a6
  Next_Pubkey.Gy = 0xcf761f4e8aa33d8a6c...f899be03
[ STEP 252 ] Bit #005 = '1' → Using Private_Key_Odd
  Next_Pubkey.Gx = 0xc08c22ab0145f36c8e...af4e9f88
  Next_Pubkey.Gy = 0xbb4939e7b254f2368d...43d7d315
[ STEP 253 ] Bit #004 = '1' → Using Private_Key_Odd
  Next_Pubkey.Gx = 0x249ab4bf27bd6fc1c0...1f37fa9d
  Next_Pubkey.Gy = 0x853b3ed7b0fcfe6b13...2ba5d4c9
[ STEP 254 ] Bit #003 = '1' → Using Private_Key_Odd
  Next_Pubkey.Gx = 0x1aa5c38d0f9abba383...480ecf1b
  Next_Pubkey.Gy = 0x8ef11a5b81d2e5bdff...66628ee9
[ STEP 255 ] Bit #002 = '1' → Using Private_Key_Odd
  Next_Pubkey.Gx = 0xbb5e3a83f98fa05f41...4f9d7eb1
  Next_Pubkey.Gy = 0x58437e6c66f4b52bfa...896ae758
[ STEP 256 ] Bit #001 = '1' → Using Private_Key_Odd
  Next_Pubkey.Gx = 0xb32a2a4eef205c6eb9...ad99dbcd
  Next_Pubkey.Gy = 0x460558d5a4aee06fa2...f974f4de
──────────────────────────────────────────────────────────────────────────────
[ RUN ] Scalar multiplication cycle COMPLETE.
[ RUN ] Press BIN to HEX to convert the accumulated bit sequence.
──────────────────────────────────────────────────────────────────────────────
Private Key Hexadecimal Format (64 characters [0-9A-F]):
F82B4C51B26B73587C12A3DEBB715A4675F94DC5AED2B1523D14D86569779FD1
──────────────────────────────────────────────────────────────────────────────
──────────────────────────────────────────────────────────────────────────────
Private Key WIF (uncompressed):
5KhajEQmTqQonah8c4c3v8YfUEcD31yADMZHu88fcATkTiSUQ8V
Private Key WIF (compressed):
L5Y7sQBuFSg5WBi8ZkuhsWJkoD4Q7uGsfXjXb4UqQCm4pn4nVxLy
──────────────────────────────────────────────────────────────────────────────