◈ BTCDetect Software Even and ODD v3.5 — Crypto Research Interface
──────────────────────────────────────────────────────────────────────────────
[ REVERSE ] All fields cleared. Enter a new Bitcoin Address.
──────────────────────────────────────────────────────────────────────────────
[ EXTRACT ] Bitcoin Address: 1LGAgjfnKYvYUkS6P6SJ667vEtXPGM3v6y
[ EXTRACT ] Querying Blockstream API...
[ EXTRACT ] Public Key found:
  02ba859d41c77de4be737f730d313cc74e20711e5fe5dee59cab45489f8b1f201c
  Gx = 0xba859d41c77de4be737f730d313cc74e20711e5fe5dee59cab45489f8b1f201c
  Gy = 0x97b5231cff61485a5d8e68052e9777c512f282a5f2b985ff31ebfd25ae75ad62
[ EXTRACT ] Ready. Press RUN to start scalar multiplication.
──────────────────────────────────────────────────────────────────────────────
[ RUN ] Starting scalar multiplication cycle...
[ RUN ] Total bits: 256
[ STEP 001 ] Bit #256 = '0' → Using Private_Key_Even
  Next_Pubkey.Gx = 0xa5f59d885d2c1ff73b...dec03778
  Next_Pubkey.Gy = 0x782aa80ed8556cbc21...3a37e603
[ STEP 002 ] Bit #255 = '0' → Using Private_Key_Even
  Next_Pubkey.Gx = 0xf56a1c3eab05e08a34...aec19ea5
  Next_Pubkey.Gy = 0x2e15017ec19c6f4e25...a4d9ffa5
[ STEP 003 ] Bit #254 = '0' → Using Private_Key_Even
  Next_Pubkey.Gx = 0xe45a4f0ea24d1e9d84...34fb636d
  Next_Pubkey.Gy = 0xe7eeaa3b52c2a8e127...7bc6337c
[ STEP 004 ] Bit #253 = '0' → Using Private_Key_Even
  Next_Pubkey.Gx = 0x1696fc75b3b56f2748...af775c5b
  Next_Pubkey.Gy = 0xa130d261b159d52cb9...127d77b6
[ STEP 005 ] Bit #252 = '0' → Using Private_Key_Even
  Next_Pubkey.Gx = 0x9a8368a959a01dc69b...24b50d0e
  Next_Pubkey.Gy = 0x17838feacd5c440a4f...0de9e31d
[ STEP 006 ] Bit #251 = '0' → Using Private_Key_Even
  Next_Pubkey.Gx = 0x3b69288fd31adc6251...8789e622
  Next_Pubkey.Gy = 0x4689f514b4e08daada...78e50ecd
[ STEP 007 ] Bit #250 = '0' → Using Private_Key_Even
  Next_Pubkey.Gx = 0xa756dc6cc8d7a608f5...0215f573
  Next_Pubkey.Gy = 0xf7b9c0f29bac30c35a...26429c1c
[ STEP 008 ] Bit #249 = '1' → Using Private_Key_Odd
  Next_Pubkey.Gx = 0xc4d86222657eea69a3...6e64cd1b
  Next_Pubkey.Gy = 0x57224375d4d79df1c1...eebbe13a
[ STEP 009 ] Bit #248 = '0' → Using Private_Key_Even
  Next_Pubkey.Gx = 0xbbd61a5eae0f38ec49...0e0273b2
  Next_Pubkey.Gy = 0x58258bf27dab2a6bf3...026297e5
[ STEP 010 ] Bit #247 = '1' → Using Private_Key_Odd
  Next_Pubkey.Gx = 0xf3495aaecb2d1c1deb...76a213fa
  Next_Pubkey.Gy = 0xdd7c3d485eeefa88d5...d9b6ef14
[ STEP 011 ] Bit #246 = '0' → Using Private_Key_Even
  Next_Pubkey.Gx = 0x332c431cdeb0195e48...1ebf458b
  Next_Pubkey.Gy = 0x796c53e8cc60ee7847...5d2cfcb5
[ STEP 012 ] Bit #245 = '0' → Using Private_Key_Even
  Next_Pubkey.Gx = 0x8a798aad0d22846458...4b377ea5
  Next_Pubkey.Gy = 0x2ad1982483fb6920b3...e56c8045
[ STEP 013 ] Bit #244 = '1' → Using Private_Key_Odd
  Next_Pubkey.Gx = 0x32e5fda5b90e294539...1c2e48f2
  Next_Pubkey.Gy = 0x2eb6138b66bf26ca40...fa113189
[ STEP 014 ] Bit #243 = '1' → Using Private_Key_Odd
  Next_Pubkey.Gx = 0x5a64bb9ee6ed0fdcee...c3275e92
  Next_Pubkey.Gy = 0xad5be25e913e0ac1fc...5775f448
[ STEP 015 ] Bit #242 = '0' → Using Private_Key_Even
  Next_Pubkey.Gx = 0xa9f5ff44884e7d7e31...3ba31aaf
  Next_Pubkey.Gy = 0x87c071e372c7a025d9...21243de2
[ STEP 016 ] Bit #241 = '0' → Using Private_Key_Even
  Next_Pubkey.Gx = 0x817602fdf2faaaf4ad...1e5e4f6c
  Next_Pubkey.Gy = 0xebf9f28232542751c4...eb845736
[ STEP 017 ] Bit #240 = '0' → Using Private_Key_Even
  Next_Pubkey.Gx = 0x8fc6f3528f6efd175b...0f2d9faf
  Next_Pubkey.Gy = 0x5614c51e59295b06e2...64c98b22
[ STEP 018 ] Bit #239 = '1' → Using Private_Key_Odd
  Next_Pubkey.Gx = 0x4e45cbe27847775043...c859bdb2
  Next_Pubkey.Gy = 0x4148da90d9ef5e141a...ad48c17d
[ STEP 019 ] Bit #238 = '0' → Using Private_Key_Even
  Next_Pubkey.Gx = 0xc68495fa289bc1258e...c778bd01
  Next_Pubkey.Gy = 0x1294ff0a411a9b2d8a...eec81bcd
[ STEP 020 ] Bit #237 = '1' → Using Private_Key_Odd
  Next_Pubkey.Gx = 0x40d3ebe97bafad584b...37915131
  Next_Pubkey.Gy = 0xd84941a9bf711b5d1c...56a80229
[ STEP 021 ] Bit #236 = '0' → Using Private_Key_Even
  Next_Pubkey.Gx = 0x950a91b8244efaa654...2b0e7dc5
  Next_Pubkey.Gy = 0x29cdacd29f083b0052...58f9b9e3
[ STEP 022 ] Bit #235 = '1' → Using Private_Key_Odd
  Next_Pubkey.Gx = 0xc9a757360d780389e0...487aa789
  Next_Pubkey.Gy = 0x2c3758e4728e2a6217...94c4d543
[ STEP 023 ] Bit #234 = '1' → Using Private_Key_Odd
  Next_Pubkey.Gx = 0xf2484443b57f0fbcd1...3aea5f4d
  Next_Pubkey.Gy = 0xb6cd133a1a30a8ddae...276944eb
[ STEP 024 ] Bit #233 = '1' → Using Private_Key_Odd
  Next_Pubkey.Gx = 0x60644139afa947b529...3f627b9a
  Next_Pubkey.Gy = 0xc2a116af2727869c1f...64d6b6fb
[ STEP 025 ] Bit #232 = '0' → Using Private_Key_Even
  Next_Pubkey.Gx = 0xd00a46dec12046b75b...4110e287
  Next_Pubkey.Gy = 0x663ec032ec8c4821df...fb738918
[ STEP 026 ] Bit #231 = '0' → Using Private_Key_Even
  Next_Pubkey.Gx = 0x7c9865b2f5f9373799...4470e0ca
  Next_Pubkey.Gy = 0x786101db43025a2b92...1ff89114
[ STEP 027 ] Bit #230 = '0' → Using Private_Key_Even
  Next_Pubkey.Gx = 0x29900566de4249a07b...dcebe590
  Next_Pubkey.Gy = 0xbf78418631c7714d26...3ab099fb
[ STEP 028 ] Bit #229 = '1' → Using Private_Key_Odd
  Next_Pubkey.Gx = 0x3fc06e07487f36a4f4...52a6f360
  Next_Pubkey.Gy = 0x5f6fb696b9dcf90178...f2e87b4d
[ STEP 029 ] Bit #228 = '1' → Using Private_Key_Odd
  Next_Pubkey.Gx = 0x5e9f57ae5971207237...2214308a
  Next_Pubkey.Gy = 0x858461e1b05700b018...3011a7ea
[ STEP 030 ] Bit #227 = '1' → Using Private_Key_Odd
  Next_Pubkey.Gx = 0x4f1487d73d364bad6e...00b874c5
  Next_Pubkey.Gy = 0x165c9c47fab507dedb...56587704
[ STEP 031 ] Bit #226 = '1' → Using Private_Key_Odd
  Next_Pubkey.Gx = 0xcf94c192533ae271b5...da08c36e
  Next_Pubkey.Gy = 0x1af0671625931c76a9...713c5aa0
[ STEP 032 ] Bit #225 = '1' → Using Private_Key_Odd
  Next_Pubkey.Gx = 0x870e31cf3b57ff2a10...2d524a3e
  Next_Pubkey.Gy = 0x7d2f1979cb84826710...81a5b119
[ STEP 033 ] Bit #224 = '0' → Using Private_Key_Even
  Next_Pubkey.Gx = 0xa60012f01e675baa2b...6c9f602f
  Next_Pubkey.Gy = 0xe2c601763bcb51f826...d432c8ee
[ STEP 034 ] Bit #223 = '0' → Using Private_Key_Even
  Next_Pubkey.Gx = 0x825cafe2621db5bbb9...3a64b656
  Next_Pubkey.Gy = 0x3b1bdf1582eaef75df...28dd457f
[ STEP 035 ] Bit #222 = '0' → Using Private_Key_Even
  Next_Pubkey.Gx = 0x15fa142f2926da2b47...465495fe
  Next_Pubkey.Gy = 0x54bf026e74da1cc176...28f74694
[ STEP 036 ] Bit #221 = '1' → Using Private_Key_Odd
  Next_Pubkey.Gx = 0x3915324f653384e686...1f174746
  Next_Pubkey.Gy = 0xac1b6b694f54fe354b...c7e426e6
[ STEP 037 ] Bit #220 = '0' → Using Private_Key_Even
  Next_Pubkey.Gx = 0x8fadf5458c7535dbe5...0a6a4df7
  Next_Pubkey.Gy = 0x7ed76f54a3ce802fb8...bdfff356
[ STEP 038 ] Bit #219 = '1' → Using Private_Key_Odd
  Next_Pubkey.Gx = 0x886052854fabc507f1...8e460744
  Next_Pubkey.Gy = 0x2e37f15af9de058a8b...0bfaf395
[ STEP 039 ] Bit #218 = '0' → Using Private_Key_Even
  Next_Pubkey.Gx = 0xbc679aa39ddf380382...5d72ab0d
  Next_Pubkey.Gy = 0x1300753fe9a93c1f26...da2f4d30
[ STEP 040 ] Bit #217 = '0' → Using Private_Key_Even
  Next_Pubkey.Gx = 0xa72c215da2be245509...fdaadccc
  Next_Pubkey.Gy = 0xd3fa4565c4a010edcb...98085ef0
[ STEP 041 ] Bit #216 = '1' → Using Private_Key_Odd
  Next_Pubkey.Gx = 0x9f4d33950c4fd82b88...0e6e5315
  Next_Pubkey.Gy = 0x1f649a3cbf3d8ef837...9d2c005d
[ STEP 042 ] Bit #215 = '1' → Using Private_Key_Odd
  Next_Pubkey.Gx = 0x64af5ce0523e43d417...cadf327b
  Next_Pubkey.Gy = 0x6c331a3889a357fd0e...81f99d7c
[ STEP 043 ] Bit #214 = '1' → Using Private_Key_Odd
  Next_Pubkey.Gx = 0x8be664756446db5578...1d4e1b4c
  Next_Pubkey.Gy = 0xdd0183a8bc13f705d4...614f8729
[ STEP 044 ] Bit #213 = '1' → Using Private_Key_Odd
  Next_Pubkey.Gx = 0x9f33a91c5400536867...5c258890
  Next_Pubkey.Gy = 0xa4572c65f2c6d7b7a4...8a9f0cd3
[ STEP 045 ] Bit #212 = '0' → Using Private_Key_Even
  Next_Pubkey.Gx = 0x1105d9acb62380fa40...153163f8
  Next_Pubkey.Gy = 0xbdcd70c3ec355ddbf3...e6b1e211
[ STEP 046 ] Bit #211 = '1' → Using Private_Key_Odd
  Next_Pubkey.Gx = 0xb51525a215d89b0d56...364f7a03
  Next_Pubkey.Gy = 0xb228d8eff668213068...dc59c59b
[ STEP 047 ] Bit #210 = '0' → Using Private_Key_Even
  Next_Pubkey.Gx = 0x4c599bc2efe8087433...e0ee4b0b
  Next_Pubkey.Gy = 0x93656f8c743394b02b...41b8d252
[ STEP 048 ] Bit #209 = '1' → Using Private_Key_Odd
  Next_Pubkey.Gx = 0x49b4153db074ba04cb...e3d327c6
  Next_Pubkey.Gy = 0xfeb66657c099541436...d95bfba2
[ STEP 049 ] Bit #208 = '0' → Using Private_Key_Even
  Next_Pubkey.Gx = 0x270c3c4ed88ad07c40...ecbf1426
  Next_Pubkey.Gy = 0x9121fcc66a4f91f770...d331148c
[ STEP 050 ] Bit #207 = '1' → Using Private_Key_Odd
  Next_Pubkey.Gx = 0xf767c7c560b808255e...aa832645
  Next_Pubkey.Gy = 0x505b5bfc4bd963ae39...48de0d11
[ STEP 051 ] Bit #206 = '0' → Using Private_Key_Even
  Next_Pubkey.Gx = 0x18ec8ffe6e9741e767...f0935ae2
  Next_Pubkey.Gy = 0xf78fa5d99597e6be41...be0af54d
[ STEP 052 ] Bit #205 = '0' → Using Private_Key_Even
  Next_Pubkey.Gx = 0xffe4651a00389bd0c4...6b18ee6c
  Next_Pubkey.Gy = 0x15da7b11017a5f5bce...f0bd8ab0
[ STEP 053 ] Bit #204 = '0' → Using Private_Key_Even
  Next_Pubkey.Gx = 0xf29f3c05cbfc3db871...4f6d8d76
  Next_Pubkey.Gy = 0x2e822cf1510e6511ce...818f3667
[ STEP 054 ] Bit #203 = '0' → Using Private_Key_Even
  Next_Pubkey.Gx = 0x62e3fd8c1ed868cdc5...b96211e5
  Next_Pubkey.Gy = 0x7586a795e8e9925592...97a6c296
[ STEP 055 ] Bit #202 = '1' → Using Private_Key_Odd
  Next_Pubkey.Gx = 0x120eeab52e27e38d0e...4166aa97
  Next_Pubkey.Gy = 0xec7093ab14c9689f04...231640f4
[ STEP 056 ] Bit #201 = '1' → Using Private_Key_Odd
  Next_Pubkey.Gx = 0x784efefd5ebe9f9152...d74da25d
  Next_Pubkey.Gy = 0x95c260b2246499dd0d...1a40bb68
[ STEP 057 ] Bit #200 = '0' → Using Private_Key_Even
  Next_Pubkey.Gx = 0x11cb6369fc3c11d02e...39289356
  Next_Pubkey.Gy = 0x9d7999caef7bd76d56...734deaf1
[ STEP 058 ] Bit #199 = '0' → Using Private_Key_Even
  Next_Pubkey.Gx = 0x9caa8574bab764dd6b...d2f583d1
  Next_Pubkey.Gy = 0x87a9581a71d250b54c...220dc868
[ STEP 059 ] Bit #198 = '1' → Using Private_Key_Odd
  Next_Pubkey.Gx = 0x406a06cf7fdd76b250...ce2f30e3
  Next_Pubkey.Gy = 0x150abe75e54bc065eb...23a21142
[ STEP 060 ] Bit #197 = '0' → Using Private_Key_Even
  Next_Pubkey.Gx = 0x9fe39ab7668c44ddf7...898adb8b
  Next_Pubkey.Gy = 0x439f31149e76636215...c6d2bca2
[ STEP 061 ] Bit #196 = '0' → Using Private_Key_Even
  Next_Pubkey.Gx = 0x4317a171ec8da51c78...94c3c32d
  Next_Pubkey.Gy = 0x262f3459aec3b27932...414642fb
[ STEP 062 ] Bit #195 = '0' → Using Private_Key_Even
  Next_Pubkey.Gx = 0xc317803c6b9f16c936...48be9c82
  Next_Pubkey.Gy = 0x5a8cdd8d4bf253a2fc...5afa78af
[ STEP 063 ] Bit #194 = '1' → Using Private_Key_Odd
  Next_Pubkey.Gx = 0xdc87379387ed213e33...68ffc129
  Next_Pubkey.Gy = 0xdb407bc9c15228251c...6cb5d3fb
[ STEP 064 ] Bit #193 = '0' → Using Private_Key_Even
  Next_Pubkey.Gx = 0x6b1f34ff4af8102fc8...88b1d8fe
  Next_Pubkey.Gy = 0x94b0e2151837a6a3a1...e737ac51
[ STEP 065 ] Bit #192 = '1' → Using Private_Key_Odd
  Next_Pubkey.Gx = 0x3670ee3760f7643200...b88d2d17
  Next_Pubkey.Gy = 0xf4f62cccd674091172...a87e1d56
[ STEP 066 ] Bit #191 = '1' → Using Private_Key_Odd
  Next_Pubkey.Gx = 0xe7fdb122d6af83917b...5b20dbed
  Next_Pubkey.Gy = 0x9426c79349759da1b2...9ee15358
[ STEP 067 ] Bit #190 = '1' → Using Private_Key_Odd
  Next_Pubkey.Gx = 0xf482c88fbcbf59cfa7...3a6a6c61
  Next_Pubkey.Gy = 0x4a259d0dbed09e3e37...5e8a07a7
[ STEP 068 ] Bit #189 = '0' → Using Private_Key_Even
  Next_Pubkey.Gx = 0x76b85a50e3039710a2...0e94edf3
  Next_Pubkey.Gy = 0xa7efdc2c84fde075d2...762dac94
[ STEP 069 ] Bit #188 = '1' → Using Private_Key_Odd
  Next_Pubkey.Gx = 0x66b00ad4a98fade1d0...136421a7
  Next_Pubkey.Gy = 0xb893c2f17ab226aaee...6d7f77e5
[ STEP 070 ] Bit #187 = '1' → Using Private_Key_Odd
  Next_Pubkey.Gx = 0xc0e22b570b870320d0...0a5260c0
  Next_Pubkey.Gy = 0x74afd0ebff8481653d...1390748c
[ STEP 071 ] Bit #186 = '1' → Using Private_Key_Odd
  Next_Pubkey.Gx = 0x6cf59db12fed04cdae...62c36b2f
  Next_Pubkey.Gy = 0xd27afe01f0ddbc1302...64914089
[ STEP 072 ] Bit #185 = '0' → Using Private_Key_Even
  Next_Pubkey.Gx = 0xe189d3467602e9a41d...df3f301e
  Next_Pubkey.Gy = 0x526a22a86b43f0d228...8115c0fa
[ STEP 073 ] Bit #184 = '0' → Using Private_Key_Even
  Next_Pubkey.Gx = 0xf90464a955f0e771f6...c3dd4de9
  Next_Pubkey.Gy = 0x3e3b56de558b27f9d6...2d144d39
[ STEP 074 ] Bit #183 = '0' → Using Private_Key_Even
  Next_Pubkey.Gx = 0x4ad186812f8e6c46df...626ed973
  Next_Pubkey.Gy = 0xa0fd5ad462637e3298...51a51d78
[ STEP 075 ] Bit #182 = '1' → Using Private_Key_Odd
  Next_Pubkey.Gx = 0x883bb619b442a34d7a...4d77f4c6
  Next_Pubkey.Gy = 0x1d0d1d6629ea59439b...173c5ec4
[ STEP 076 ] Bit #181 = '0' → Using Private_Key_Even
  Next_Pubkey.Gx = 0x219a0e3760fa4e339c...77e95d37
  Next_Pubkey.Gy = 0x9b0004c3f7f2824cb4...a48b08da
[ STEP 077 ] Bit #180 = '1' → Using Private_Key_Odd
  Next_Pubkey.Gx = 0x671fd37e250c96798e...0f86d7dd
  Next_Pubkey.Gy = 0x67cca12e8fff6d07e8...52636672
[ STEP 078 ] Bit #179 = '0' → Using Private_Key_Even
  Next_Pubkey.Gx = 0xd1e741e29200f7b11d...4be58535
  Next_Pubkey.Gy = 0x1582800a04eb1c2b5d...bf5b27e3
[ STEP 079 ] Bit #178 = '1' → Using Private_Key_Odd
  Next_Pubkey.Gx = 0xe9500c96ce1c67cf08...bcac053a
  Next_Pubkey.Gy = 0x27a9ab0d449c937f7d...9f29a5be
[ STEP 080 ] Bit #177 = '1' → Using Private_Key_Odd
  Next_Pubkey.Gx = 0xcb91b687b95485004c...e64374ef
  Next_Pubkey.Gy = 0x49c106cfa7693b9f5c...f6b3580c
[ STEP 081 ] Bit #176 = '1' → Using Private_Key_Odd
  Next_Pubkey.Gx = 0x38bf5821fe54ed344e...4f35f556
  Next_Pubkey.Gy = 0xa8598be162d1d7f531...d8805586
[ STEP 082 ] Bit #175 = '1' → Using Private_Key_Odd
  Next_Pubkey.Gx = 0x86662f2fe25a25a3bf...fa5ca448
  Next_Pubkey.Gy = 0x13db5537d200fc7b08...68dbfa90
[ STEP 083 ] Bit #174 = '1' → Using Private_Key_Odd
  Next_Pubkey.Gx = 0xe119228c97c7e02d4b...b1287c22
  Next_Pubkey.Gy = 0x8ff08ed410c58dc6e9...f2b898f3
[ STEP 084 ] Bit #173 = '1' → Using Private_Key_Odd
  Next_Pubkey.Gx = 0x74b610121f455f5ef0...6f59d2f5
  Next_Pubkey.Gy = 0x2f2119fc4b8652dc75...2be5c374
[ STEP 085 ] Bit #172 = '1' → Using Private_Key_Odd
  Next_Pubkey.Gx = 0xca1dd3aec4a07f4590...9bbea0a9
  Next_Pubkey.Gy = 0x436b3d76298f09e1a7...d5bcb371
[ STEP 086 ] Bit #171 = '1' → Using Private_Key_Odd
  Next_Pubkey.Gx = 0x353fe9e002c7f356f1...e73bbd0a
  Next_Pubkey.Gy = 0x5bff0557541aa76cae...11103082
[ STEP 087 ] Bit #170 = '0' → Using Private_Key_Even
  Next_Pubkey.Gx = 0x97e5e6e77bc5e3b004...b81b4be4
  Next_Pubkey.Gy = 0x3d982ea446b69157d7...ed018011
[ STEP 088 ] Bit #169 = '0' → Using Private_Key_Even
  Next_Pubkey.Gx = 0xf59ed24467ebd0cb5d...aa73449f
  Next_Pubkey.Gy = 0xb08442ca2abff2a764...b598de1c
[ STEP 089 ] Bit #168 = '1' → Using Private_Key_Odd
  Next_Pubkey.Gx = 0x67a9acdb8229b82e0b...d618d73d
  Next_Pubkey.Gy = 0xc7ed8275fc22f43d13...3ab2b15b
[ STEP 090 ] Bit #167 = '0' → Using Private_Key_Even
  Next_Pubkey.Gx = 0x79e3ee48be87407827...42270663
  Next_Pubkey.Gy = 0xf41529943235549340...3e473305
[ STEP 091 ] Bit #166 = '1' → Using Private_Key_Odd
  Next_Pubkey.Gx = 0xfba7aaf40a40beb4cb...f9124551
  Next_Pubkey.Gy = 0x6a11a6dd4ba90bc1ed...27493662
[ STEP 092 ] Bit #165 = '1' → Using Private_Key_Odd
  Next_Pubkey.Gx = 0x6808141135f82730cf...d03a0992
  Next_Pubkey.Gy = 0x15068742719602e992...b82c15ac
[ STEP 093 ] Bit #164 = '0' → Using Private_Key_Even
  Next_Pubkey.Gx = 0xb10c60b58dd7e9bca3...2788f9bb
  Next_Pubkey.Gy = 0xe99c4cef652826b270...71ba85f3
[ STEP 094 ] Bit #163 = '1' → Using Private_Key_Odd
  Next_Pubkey.Gx = 0x87590bcf3d61277def...0315cc7e
  Next_Pubkey.Gy = 0xace54c65ebf5ec5b78...dbf66f26
[ STEP 095 ] Bit #162 = '1' → Using Private_Key_Odd
  Next_Pubkey.Gx = 0xc8dde6d6d589c4d866...d4697321
  Next_Pubkey.Gy = 0x2751bcb40f3ec8db32...25331902
[ STEP 096 ] Bit #161 = '1' → Using Private_Key_Odd
  Next_Pubkey.Gx = 0x49b6f6a407bfd0b723...94e0c15c
  Next_Pubkey.Gy = 0xf4c838a77d9e6a68d2...02dd4243
[ STEP 097 ] Bit #160 = '1' → Using Private_Key_Odd
  Next_Pubkey.Gx = 0x3971533e7e2e718b6c...2bf90508
  Next_Pubkey.Gy = 0xf6175f195fec81c4ce...6a759158
[ STEP 098 ] Bit #159 = '1' → Using Private_Key_Odd
  Next_Pubkey.Gx = 0x3bdad5d436967e68ab...6df244b7
  Next_Pubkey.Gy = 0xd56a6a3ff0292c4798...933647a9
[ STEP 099 ] Bit #158 = '1' → Using Private_Key_Odd
  Next_Pubkey.Gx = 0xa137fda5620bbf30e6...9f1fafd0
  Next_Pubkey.Gy = 0x76c67e8e0c7f23001e...88a7ad52
[ STEP 100 ] Bit #157 = '1' → Using Private_Key_Odd
  Next_Pubkey.Gx = 0x4d845c123a5152d5ae...ec0dfef0
  Next_Pubkey.Gy = 0xa9538025b410c7d2d9...9eb20b2c
[ STEP 101 ] Bit #156 = '0' → Using Private_Key_Even
  Next_Pubkey.Gx = 0x9cd60508c2ed9fa31c...254b1728
  Next_Pubkey.Gy = 0x4feacab73857279ae6...e2e83c90
[ STEP 102 ] Bit #155 = '0' → Using Private_Key_Even
  Next_Pubkey.Gx = 0x4d1c2a5926694ccd96...11f1dfc9
  Next_Pubkey.Gy = 0x83eaa92da820bdaa0b...0b2bf5c6
[ STEP 103 ] Bit #154 = '0' → Using Private_Key_Even
  Next_Pubkey.Gx = 0x4a5ea39d4d190c1143...a2214338
  Next_Pubkey.Gy = 0x1a76d4f331f3708857...e5f53a9a
[ STEP 104 ] Bit #153 = '0' → Using Private_Key_Even
  Next_Pubkey.Gx = 0x8ca093a78d8a318acb...629019ba
  Next_Pubkey.Gy = 0x962fada463d15b7e4d...c589b811
[ STEP 105 ] Bit #152 = '1' → Using Private_Key_Odd
  Next_Pubkey.Gx = 0xbe59f3df71580e6f6c...64d0a5a3
  Next_Pubkey.Gy = 0x928c5e429ff89d5dff...41f2c519
[ STEP 106 ] Bit #151 = '0' → Using Private_Key_Even
  Next_Pubkey.Gx = 0x49886458852f91f54a...81458e8e
  Next_Pubkey.Gy = 0x2d6e2d0a9e3f497473...0688c361
[ STEP 107 ] Bit #150 = '1' → Using Private_Key_Odd
  Next_Pubkey.Gx = 0xf8761291ac778e275c...b0810263
  Next_Pubkey.Gy = 0x3781057a8c4f3bfacf...9697d8e2
[ STEP 108 ] Bit #149 = '1' → Using Private_Key_Odd
  Next_Pubkey.Gx = 0xfdbeb607ef945397a2...bed2cf84
  Next_Pubkey.Gy = 0x2a6e12fd31e557ed20...86364930
[ STEP 109 ] Bit #148 = '1' → Using Private_Key_Odd
  Next_Pubkey.Gx = 0xb8e2479aab38baeee4...cf1d25e7
  Next_Pubkey.Gy = 0x139bf175129d3eda34...9237de6e
[ STEP 110 ] Bit #147 = '1' → Using Private_Key_Odd
  Next_Pubkey.Gx = 0xfe0a60572d741cebed...c146f950
  Next_Pubkey.Gy = 0xb7b695be04f1cd3339...469e118e
[ STEP 111 ] Bit #146 = '1' → Using Private_Key_Odd
  Next_Pubkey.Gx = 0x371ea6b5ed431f1e59...5c25c855
  Next_Pubkey.Gy = 0xaab83d7395e29228f3...b29c29cb
[ STEP 112 ] Bit #145 = '1' → Using Private_Key_Odd
  Next_Pubkey.Gx = 0x513a95cf373da64628...331c5c4e
  Next_Pubkey.Gy = 0x7163d2b826bb566766...48ebf082
[ STEP 113 ] Bit #144 = '1' → Using Private_Key_Odd
  Next_Pubkey.Gx = 0x3747ca4980cb36b002...b47fb38e
  Next_Pubkey.Gy = 0xc5e3a7bf7ef5e5e72e...c934dc79
[ STEP 114 ] Bit #143 = '0' → Using Private_Key_Even
  Next_Pubkey.Gx = 0x459bae556900384eba...ab7b4aed
  Next_Pubkey.Gy = 0xa11772a4cb776fe7a6...a934f357
[ STEP 115 ] Bit #142 = '1' → Using Private_Key_Odd
  Next_Pubkey.Gx = 0x5ed5f1a8950973eb0a...14219deb
  Next_Pubkey.Gy = 0x5b8d199c6436fc77c8...3af66809
[ STEP 116 ] Bit #141 = '1' → Using Private_Key_Odd
  Next_Pubkey.Gx = 0x4155e0b7ceaee0d89a...8b8f5cfb
  Next_Pubkey.Gy = 0xe5ac1c39665a2d99a5...0468715d
[ STEP 117 ] Bit #140 = '1' → Using Private_Key_Odd
  Next_Pubkey.Gx = 0x1d9756a6fc1a83c7b5...d8d94e79
  Next_Pubkey.Gy = 0x4508b7e6f68c79b0f6...36a78503
[ STEP 118 ] Bit #139 = '0' → Using Private_Key_Even
  Next_Pubkey.Gx = 0x392603d9aede379899...0a8e086b
  Next_Pubkey.Gy = 0x2db7aaf7858cad9ead...d598422a
[ STEP 119 ] Bit #138 = '0' → Using Private_Key_Even
  Next_Pubkey.Gx = 0x227de3a02d627e7d42...e401527e
  Next_Pubkey.Gy = 0x784c2ecfd6326f7f04...069385af
[ STEP 120 ] Bit #137 = '0' → Using Private_Key_Even
  Next_Pubkey.Gx = 0x44ab02070d68009fce...efafcf95
  Next_Pubkey.Gy = 0xf01f2d2d0cc66db119...c02e41af
[ STEP 121 ] Bit #136 = '1' → Using Private_Key_Odd
  Next_Pubkey.Gx = 0x91798649069368cfc4...666ffff2
  Next_Pubkey.Gy = 0x9942b0ed37d6de1b0a...070a1978
[ STEP 122 ] Bit #135 = '0' → Using Private_Key_Even
  Next_Pubkey.Gx = 0x3dc1a32a1b97f186ae...2cf1ca02
  Next_Pubkey.Gy = 0x44c1334e76ff171940...e3655669
[ STEP 123 ] Bit #134 = '1' → Using Private_Key_Odd
  Next_Pubkey.Gx = 0x4b21eb5257505bc838...c2ac1a9c
  Next_Pubkey.Gy = 0xe619223e9d299e547c...f5d98366
[ STEP 124 ] Bit #133 = '1' → Using Private_Key_Odd
  Next_Pubkey.Gx = 0x16894f169782482fbc...77919db5
  Next_Pubkey.Gy = 0x329b4042b0e21fc3c3...191d82ee
[ STEP 125 ] Bit #132 = '1' → Using Private_Key_Odd
  Next_Pubkey.Gx = 0xdf719eda7065303ac6...350553f0
  Next_Pubkey.Gy = 0x57539ac6c39cdac16b...10b5512a
[ STEP 126 ] Bit #131 = '1' → Using Private_Key_Odd
  Next_Pubkey.Gx = 0x2c12937e07bb69feff...f5cbb7fd
  Next_Pubkey.Gy = 0x420d7904a77d2e2ac0...91eb6257
[ STEP 127 ] Bit #130 = '1' → Using Private_Key_Odd
  Next_Pubkey.Gx = 0x26730ad5de1478ee1d...9e2aa821
  Next_Pubkey.Gy = 0x5789610b6df08d8aa7...5a171862
[ STEP 128 ] Bit #129 = '0' → Using Private_Key_Even
  Next_Pubkey.Gx = 0xe8e236b463ff0cb317...e66a2d1b
  Next_Pubkey.Gy = 0xa57de143129efdfd5d...390d2058
[ STEP 129 ] Bit #128 = '1' → Using Private_Key_Odd
  Next_Pubkey.Gx = 0x25fe50774a406951fe...2727c4aa
  Next_Pubkey.Gy = 0xf0545a3d2ada863bc8...600784e1
[ STEP 130 ] Bit #127 = '1' → Using Private_Key_Odd
  Next_Pubkey.Gx = 0x1691fb6b501d309ede...537d69cc
  Next_Pubkey.Gy = 0xd51311ba6b902ec836...44f1f2bd
[ STEP 131 ] Bit #126 = '0' → Using Private_Key_Even
  Next_Pubkey.Gx = 0xc99fa9831d0edab6e0...311295d9
  Next_Pubkey.Gy = 0x1e38836c03d46fba7d...be2d76f5
[ STEP 132 ] Bit #125 = '0' → Using Private_Key_Even
  Next_Pubkey.Gx = 0xee923710f398886635...2810be91
  Next_Pubkey.Gy = 0x8d4c17fbecbfe69082...f7bcdd0d
[ STEP 133 ] Bit #124 = '1' → Using Private_Key_Odd
  Next_Pubkey.Gx = 0x7ac0883903a5365012...88996dd0
  Next_Pubkey.Gy = 0xe0a1436d6af8c89a3b...00a30c5b
[ STEP 134 ] Bit #123 = '0' → Using Private_Key_Even
  Next_Pubkey.Gx = 0x39f08d3c869184ed9d...ce835888
  Next_Pubkey.Gy = 0x7f80a4241111d53842...a6e53b55
[ STEP 135 ] Bit #122 = '0' → Using Private_Key_Even
  Next_Pubkey.Gx = 0x156b67488b974285af...4899a7ce
  Next_Pubkey.Gy = 0xac995274833838902f...93bd06e7
[ STEP 136 ] Bit #121 = '0' → Using Private_Key_Even
  Next_Pubkey.Gx = 0x229613456819f934e7...25de3099
  Next_Pubkey.Gy = 0xda7f9f4caeb642eecf...a220a3c0
[ STEP 137 ] Bit #120 = '0' → Using Private_Key_Even
  Next_Pubkey.Gx = 0xe3fd24d2e94481ea8a...f3132106
  Next_Pubkey.Gy = 0x4117de7c79e73d579b...1a1e0862
[ STEP 138 ] Bit #119 = '0' → Using Private_Key_Even
  Next_Pubkey.Gx = 0xf0c807329a4a4d43f3...953375da
  Next_Pubkey.Gy = 0xfe1e9f7e72432d006a...dd431fef
[ STEP 139 ] Bit #118 = '0' → Using Private_Key_Even
  Next_Pubkey.Gx = 0x610786fd89dfe41748...0c4e2bba
  Next_Pubkey.Gy = 0x3ac670fc74e976f321...333e70c8
[ STEP 140 ] Bit #117 = '0' → Using Private_Key_Even
  Next_Pubkey.Gx = 0xc6c6c9763ecc00c908...33e7fef2
  Next_Pubkey.Gy = 0xde712115da21c332cb...c5f86e8b
[ STEP 141 ] Bit #116 = '0' → Using Private_Key_Even
  Next_Pubkey.Gx = 0xb306bb13d4e6ba6cd0...10d772ac
  Next_Pubkey.Gy = 0x83951fd647c797637f...a84b1bc4
[ STEP 142 ] Bit #115 = '1' → Using Private_Key_Odd
  Next_Pubkey.Gx = 0x72a55a9892d2ed9166...e93f9f06
  Next_Pubkey.Gy = 0x990fb0d78553ed517c...2b869bc5
[ STEP 143 ] Bit #114 = '1' → Using Private_Key_Odd
  Next_Pubkey.Gx = 0xf0be5d51f4353e75b8...32a318e6
  Next_Pubkey.Gy = 0xd21e359f8625f47782...bb33ff7f
[ STEP 144 ] Bit #113 = '0' → Using Private_Key_Even
  Next_Pubkey.Gx = 0x43f2c14a2a7c2fc41b...624f364e
  Next_Pubkey.Gy = 0x47a1891e6ab14b8e3c...560fde34
[ STEP 145 ] Bit #112 = '1' → Using Private_Key_Odd
  Next_Pubkey.Gx = 0x7e14229aa41d2e7ae0...913e5450
  Next_Pubkey.Gy = 0xfceb08f65879411bc5...8447b6e4
[ STEP 146 ] Bit #111 = '1' → Using Private_Key_Odd
  Next_Pubkey.Gx = 0x329454d7b18b963473...bfbd9614
  Next_Pubkey.Gy = 0x373fb0c713be51bcac...c17cd1bf
[ STEP 147 ] Bit #110 = '0' → Using Private_Key_Even
  Next_Pubkey.Gx = 0x1e9466f96784c36313...1d309ee2
  Next_Pubkey.Gy = 0x73e293ec3830f2536a...3ae72bae
[ STEP 148 ] Bit #109 = '0' → Using Private_Key_Even
  Next_Pubkey.Gx = 0x47ef8e21ab4fff5752...0398b971
  Next_Pubkey.Gy = 0xa50ca2d9982f7a622e...cc943b1a
[ STEP 149 ] Bit #108 = '0' → Using Private_Key_Even
  Next_Pubkey.Gx = 0xc116ff77ebc8e82dcb...308bdd2e
  Next_Pubkey.Gy = 0xb7b0867f94b87f8d3d...e89f00bc
[ STEP 150 ] Bit #107 = '0' → Using Private_Key_Even
  Next_Pubkey.Gx = 0x3b344333cd716eda8c...c48e9d3f
  Next_Pubkey.Gy = 0x79f4a43f24d3c11ccb...d7500819
[ STEP 151 ] Bit #106 = '0' → Using Private_Key_Even
  Next_Pubkey.Gx = 0x6cf3cb216fbfab79a5...566e2d89
  Next_Pubkey.Gy = 0xad0d61003cf4860a26...06dd3990
[ STEP 152 ] Bit #105 = '0' → Using Private_Key_Even
  Next_Pubkey.Gx = 0xccc7737948fb82da2b...6776ddf2
  Next_Pubkey.Gy = 0x254c1408096509c693...4af8739b
[ STEP 153 ] Bit #104 = '0' → Using Private_Key_Even
  Next_Pubkey.Gx = 0xa845097f99ea82f2f2...9ada0602
  Next_Pubkey.Gy = 0xe72193d33994078ae0...680137de
[ STEP 154 ] Bit #103 = '0' → Using Private_Key_Even
  Next_Pubkey.Gx = 0xce280149687ee22181...fe20fdbd
  Next_Pubkey.Gy = 0x6f3cc889a27ecd9ff3...1766630e
[ STEP 155 ] Bit #102 = '0' → Using Private_Key_Even
  Next_Pubkey.Gx = 0x9ec980c416639ba350...526020d6
  Next_Pubkey.Gy = 0xb160f007eadd02ae61...bec1c424
[ STEP 156 ] Bit #101 = '1' → Using Private_Key_Odd
  Next_Pubkey.Gx = 0xa6dfb51f2046bab665...aa8037a9
  Next_Pubkey.Gy = 0xf02110f69ec6970c9d...081b10ae
[ STEP 157 ] Bit #100 = '1' → Using Private_Key_Odd
  Next_Pubkey.Gx = 0x98114329d109f29360...2d21cc0d
  Next_Pubkey.Gy = 0xb26f6792ffc1bd272b...e4d466bd
[ STEP 158 ] Bit #099 = '0' → Using Private_Key_Even
  Next_Pubkey.Gx = 0x287d382b5b907ad54c...cc42de1b
  Next_Pubkey.Gy = 0xf4722d36eac5318aeb...8f6faf14
[ STEP 159 ] Bit #098 = '1' → Using Private_Key_Odd
  Next_Pubkey.Gx = 0xee049f753ca788f7bc...6553132e
  Next_Pubkey.Gy = 0x136769a86a49a82f89...7f4f430a
[ STEP 160 ] Bit #097 = '0' → Using Private_Key_Even
  Next_Pubkey.Gx = 0x6ab480a47d91fb37ae...8ccd995f
  Next_Pubkey.Gy = 0xa3557edaff0583f17d...2700ea98
[ STEP 161 ] Bit #096 = '0' → Using Private_Key_Even
  Next_Pubkey.Gx = 0x7e8428f39a940db6ca...c0f27da7
  Next_Pubkey.Gy = 0x9b64a2e6568c861970...c7a34877
[ STEP 162 ] Bit #095 = '0' → Using Private_Key_Even
  Next_Pubkey.Gx = 0x45cdc48fb293eba660...50cac911
  Next_Pubkey.Gy = 0xff3540d061234f9887...f8acc84b
[ STEP 163 ] Bit #094 = '1' → Using Private_Key_Odd
  Next_Pubkey.Gx = 0xbfaf01175e922de09a...d250e75e
  Next_Pubkey.Gy = 0x3c4829d58846d4797a...2440a545
[ STEP 164 ] Bit #093 = '1' → Using Private_Key_Odd
  Next_Pubkey.Gx = 0x859b2066df0a966eb4...b56aa996
  Next_Pubkey.Gy = 0x98068eaede76715f6b...49c0c0dd
[ STEP 165 ] Bit #092 = '1' → Using Private_Key_Odd
  Next_Pubkey.Gx = 0xc41e2a221327a38245...174182ba
  Next_Pubkey.Gy = 0xf4b1ea19448e3dce72...8285ce4f
[ STEP 166 ] Bit #091 = '0' → Using Private_Key_Even
  Next_Pubkey.Gx = 0x69a809a6fe5f0794e8...8d7b3c2f
  Next_Pubkey.Gy = 0xbeebf0fe826e71c614...1e977eaa
[ STEP 167 ] Bit #090 = '0' → Using Private_Key_Even
  Next_Pubkey.Gx = 0x90f1f0fafc9e7d4d20...fa54aab5
  Next_Pubkey.Gy = 0xe05e5775c48293f261...b9607df6
[ STEP 168 ] Bit #089 = '0' → Using Private_Key_Even
  Next_Pubkey.Gx = 0x582c0f058e3463615d...44df124a
  Next_Pubkey.Gy = 0xc1583568ec6c7cf317...517ead24
[ STEP 169 ] Bit #088 = '1' → Using Private_Key_Odd
  Next_Pubkey.Gx = 0x3eed45282761a0942b...23ce87bb
  Next_Pubkey.Gy = 0x2a00bf98a9ce992977...7b3af150
[ STEP 170 ] Bit #087 = '1' → Using Private_Key_Odd
  Next_Pubkey.Gx = 0xe24bc26b956623c016...fbdf4f72
  Next_Pubkey.Gy = 0xedfb23ce9ad7eed1f2...d7820909
[ STEP 171 ] Bit #086 = '0' → Using Private_Key_Even
  Next_Pubkey.Gx = 0xbb7b9e21b9c2d710cb...66c08962
  Next_Pubkey.Gy = 0xb93bce3cb7a38f2339...8910d976
[ STEP 172 ] Bit #085 = '1' → Using Private_Key_Odd
  Next_Pubkey.Gx = 0x243a5350f7e1db24a4...637abae7
  Next_Pubkey.Gy = 0x296b20d95f245fe80b...f24b103f
[ STEP 173 ] Bit #084 = '1' → Using Private_Key_Odd
  Next_Pubkey.Gx = 0x8fbaaaa5f2919014da...83ab6f6c
  Next_Pubkey.Gy = 0x23de549a7ba53fe9cf...4ad7ad61
[ STEP 174 ] Bit #083 = '0' → Using Private_Key_Even
  Next_Pubkey.Gx = 0x890337527da25800ab...9b007af1
  Next_Pubkey.Gy = 0x9caae7f0cc8b02d645...596739cb
[ STEP 175 ] Bit #082 = '0' → Using Private_Key_Even
  Next_Pubkey.Gx = 0x95914ced29ae1f4da5...156a0070
  Next_Pubkey.Gy = 0xe9b783eccca779b590...f42986c9
[ STEP 176 ] Bit #081 = '1' → Using Private_Key_Odd
  Next_Pubkey.Gx = 0xb4a669165a06543f88...ba09cf27
  Next_Pubkey.Gy = 0x481d6fd5e10a930929...2897fe46
[ STEP 177 ] Bit #080 = '1' → Using Private_Key_Odd
  Next_Pubkey.Gx = 0xbfdb25ca12e9162164...97f0e595
  Next_Pubkey.Gy = 0xe364d825754dfa06ff...7e87fabd
[ STEP 178 ] Bit #079 = '1' → Using Private_Key_Odd
  Next_Pubkey.Gx = 0xc14eefa28156878d34...e223a3ae
  Next_Pubkey.Gy = 0x20421c979386d4760d...ce3a33c2
[ STEP 179 ] Bit #078 = '0' → Using Private_Key_Even
  Next_Pubkey.Gx = 0xacc224316c4ce7ecae...f14c6831
  Next_Pubkey.Gy = 0x639ff20396537b552a...21a9eacf
[ STEP 180 ] Bit #077 = '1' → Using Private_Key_Odd
  Next_Pubkey.Gx = 0x3800a1c454e3e48c33...2865fc04
  Next_Pubkey.Gy = 0xb5276f54a8dd787302...78155e71
[ STEP 181 ] Bit #076 = '0' → Using Private_Key_Even
  Next_Pubkey.Gx = 0xfce7cf0a1814789b79...e64e90d0
  Next_Pubkey.Gy = 0x3bb99a9a6a1869846b...515325e0
[ STEP 182 ] Bit #075 = '1' → Using Private_Key_Odd
  Next_Pubkey.Gx = 0xac15625de536d13130...37b8fe9b
  Next_Pubkey.Gy = 0xe53f45e2cf9c81cb1d...8818011c
[ STEP 183 ] Bit #074 = '0' → Using Private_Key_Even
  Next_Pubkey.Gx = 0x1cafbc4c8f40d20fbb...b01ba125
  Next_Pubkey.Gy = 0x82d4891c0d475eb382...279b77cb
[ STEP 184 ] Bit #073 = '1' → Using Private_Key_Odd
  Next_Pubkey.Gx = 0x828499fe718265311e...b5e27934
  Next_Pubkey.Gy = 0x22abbfd0d80b39482d...c53dfa5b
[ STEP 185 ] Bit #072 = '0' → Using Private_Key_Even
  Next_Pubkey.Gx = 0x7e1db93cec157d91b0...3b64e72a
  Next_Pubkey.Gy = 0x559b21298f25650bf7...afb97083
[ STEP 186 ] Bit #071 = '0' → Using Private_Key_Even
  Next_Pubkey.Gx = 0xb509622ae5d546aa28...2e4b8af6
  Next_Pubkey.Gy = 0x4589cde3f8dc388bc0...f9cf9445
[ STEP 187 ] Bit #070 = '1' → Using Private_Key_Odd
  Next_Pubkey.Gx = 0x96a96b4a0e4483ce90...456adfa5
  Next_Pubkey.Gy = 0x978a683b96dadf676b...efc1e2a2
[ STEP 188 ] Bit #069 = '0' → Using Private_Key_Even
  Next_Pubkey.Gx = 0x1c412e11dc5acf6feb...9d474d9b
  Next_Pubkey.Gy = 0xe3d835b7620c0baf38...c18680b4
[ STEP 189 ] Bit #068 = '0' → Using Private_Key_Even
  Next_Pubkey.Gx = 0x11f12c7a6e571a82df...35709611
  Next_Pubkey.Gy = 0xe14e2d7562bcee7bd2...b541d998
[ STEP 190 ] Bit #067 = '0' → Using Private_Key_Even
  Next_Pubkey.Gx = 0x793e93759d093e7310...6555da20
  Next_Pubkey.Gy = 0xcc8de672eabd783411...f5635c34
[ STEP 191 ] Bit #066 = '1' → Using Private_Key_Odd
  Next_Pubkey.Gx = 0x4ef1fe3019d295d03c...3c51203d
  Next_Pubkey.Gy = 0x6f1a1b81a6ade54935...bbe67bdc
[ STEP 192 ] Bit #065 = '1' → Using Private_Key_Odd
  Next_Pubkey.Gx = 0x9236ed1d8cb1948537...283a8d4c
  Next_Pubkey.Gy = 0x9eb6e9efcc178054b2...dae4071b
[ STEP 193 ] Bit #064 = '0' → Using Private_Key_Even
  Next_Pubkey.Gx = 0xe796ff8010c2a50614...bb609b08
  Next_Pubkey.Gy = 0xce987f98e455ac2b63...f8ca2a4c
[ STEP 194 ] Bit #063 = '1' → Using Private_Key_Odd
  Next_Pubkey.Gx = 0x8bd68ac5af70931e17...bdf3589c
  Next_Pubkey.Gy = 0x583c955866fdb5fb4d...b7f014d4
[ STEP 195 ] Bit #062 = '1' → Using Private_Key_Odd
  Next_Pubkey.Gx = 0xf91dd23d87ff368286...f49592fc
  Next_Pubkey.Gy = 0xb2687815b9f47a6e17...381326dd
[ STEP 196 ] Bit #061 = '1' → Using Private_Key_Odd
  Next_Pubkey.Gx = 0x65f6e0564b380ac445...39032800
  Next_Pubkey.Gy = 0x1b9ab9b845bcf7e07f...aa11296d
[ STEP 197 ] Bit #060 = '0' → Using Private_Key_Even
  Next_Pubkey.Gx = 0x1d2b63d11818633969...1a097ace
  Next_Pubkey.Gy = 0x375fde188a7fc98ce6...4847f940
[ STEP 198 ] Bit #059 = '0' → Using Private_Key_Even
  Next_Pubkey.Gx = 0x28c74dbcb5f7648dd9...bbc33406
  Next_Pubkey.Gy = 0xfec49eeaf3aebff5c5...114f4559
[ STEP 199 ] Bit #058 = '1' → Using Private_Key_Odd
  Next_Pubkey.Gx = 0x5add35fbc7b0da8335...eb39c989
  Next_Pubkey.Gy = 0x67698070687365a27c...7a30b865
[ STEP 200 ] Bit #057 = '0' → Using Private_Key_Even
  Next_Pubkey.Gx = 0xb1681db2af3a345b1e...22f2dc20
  Next_Pubkey.Gy = 0x8e7bdd4c96da03578c...9e2a89c1
[ STEP 201 ] Bit #056 = '0' → Using Private_Key_Even
  Next_Pubkey.Gx = 0xe217dee6968814f19d...d135e66e
  Next_Pubkey.Gy = 0xc1daff36cd89f69639...ced4d7bd
[ STEP 202 ] Bit #055 = '0' → Using Private_Key_Even
  Next_Pubkey.Gx = 0xb602aec0bdfd6896e0...8141eb91
  Next_Pubkey.Gy = 0xeb5477853554084b80...e1710769
[ STEP 203 ] Bit #054 = '1' → Using Private_Key_Odd
  Next_Pubkey.Gx = 0xdf58ffdb02ab6fd988...c3c6c3fd
  Next_Pubkey.Gy = 0x60b6e3cdccebbf3556...4cb548e6
[ STEP 204 ] Bit #053 = '1' → Using Private_Key_Odd
  Next_Pubkey.Gx = 0x40c3ebe7856648b761...3234604f
  Next_Pubkey.Gy = 0xfe643aa8b046d400b9...30fea132
[ STEP 205 ] Bit #052 = '1' → Using Private_Key_Odd
  Next_Pubkey.Gx = 0xd14b20f0d6efd146bd...43fe5e0e
  Next_Pubkey.Gy = 0xf4694a6523cb5c406f...a897bc7f
[ STEP 206 ] Bit #051 = '1' → Using Private_Key_Odd
  Next_Pubkey.Gx = 0x46302d282bbc1aa951...32f25112
  Next_Pubkey.Gy = 0x171d62ff2c6f707adc...a98e9f52
[ STEP 207 ] Bit #050 = '1' → Using Private_Key_Odd
  Next_Pubkey.Gx = 0xeaa5bf2d2f6072592e...66b53810
  Next_Pubkey.Gy = 0x74dca78092b75c4f95...914e5937
[ STEP 208 ] Bit #049 = '0' → Using Private_Key_Even
  Next_Pubkey.Gx = 0xacb6523fb186366f16...67a49f24
  Next_Pubkey.Gy = 0xb88713747858090a27...20d0d0e3
[ STEP 209 ] Bit #048 = '1' → Using Private_Key_Odd
  Next_Pubkey.Gx = 0x639031b6cd6aa88148...9056fd63
  Next_Pubkey.Gy = 0x72d686dc9997124b5b...2ad3e4a1
[ STEP 210 ] Bit #047 = '0' → Using Private_Key_Even
  Next_Pubkey.Gx = 0x25c039a81584bd411f...d8ea9e88
  Next_Pubkey.Gy = 0x1c35ec3a2a15d2ad77...d7d82fa9
[ STEP 211 ] Bit #046 = '0' → Using Private_Key_Even
  Next_Pubkey.Gx = 0xe52b6aaf4c37f21398...2d0f1a53
  Next_Pubkey.Gy = 0x374dc3168589e650e8...fd36a0be
[ STEP 212 ] Bit #045 = '1' → Using Private_Key_Odd
  Next_Pubkey.Gx = 0x6cf4616ae635362cac...a38c9a5b
  Next_Pubkey.Gy = 0x69596e07b0522a35fa...ee52eae5
[ STEP 213 ] Bit #044 = '1' → Using Private_Key_Odd
  Next_Pubkey.Gx = 0xda6c89a5d37dc67a52...62029ccb
  Next_Pubkey.Gy = 0x165157986e9f56e6b3...043f788f
[ STEP 214 ] Bit #043 = '0' → Using Private_Key_Even
  Next_Pubkey.Gx = 0x5e63cfc0946fce3317...8009cf92
  Next_Pubkey.Gy = 0xbdda42ba69b0dae0c0...ea6209c9
[ STEP 215 ] Bit #042 = '0' → Using Private_Key_Even
  Next_Pubkey.Gx = 0x600f910f13bf2a726c...e65dbd0c
  Next_Pubkey.Gy = 0xd1aa086a352a1c4a1f...82273afa
[ STEP 216 ] Bit #041 = '1' → Using Private_Key_Odd
  Next_Pubkey.Gx = 0x9a45784fba063c5bf4...7e900293
  Next_Pubkey.Gy = 0x7c470e7dbd94731124...653de5cf
[ STEP 217 ] Bit #040 = '1' → Using Private_Key_Odd
  Next_Pubkey.Gx = 0xfd0b70ad547be69930...8fe6a471
  Next_Pubkey.Gy = 0xdc8e66bd938e37838c...6eee9722
[ STEP 218 ] Bit #039 = '0' → Using Private_Key_Even
  Next_Pubkey.Gx = 0xa244807e1419c82dde...13aeafae
  Next_Pubkey.Gy = 0x1f5b68a172a5f7a294...9d0f04e3
[ STEP 219 ] Bit #038 = '0' → Using Private_Key_Even
  Next_Pubkey.Gx = 0x94af6733cbe45cd253...a87e4900
  Next_Pubkey.Gy = 0x30fe388d564f893137...4cae9f7e
[ STEP 220 ] Bit #037 = '0' → Using Private_Key_Even
  Next_Pubkey.Gx = 0xefa981d29cd86f2277...75ed4d8b
  Next_Pubkey.Gy = 0x9a9cb21d1ebf90e297...fecd692f
[ STEP 221 ] Bit #036 = '0' → Using Private_Key_Even
  Next_Pubkey.Gx = 0xe17532aa0151ace01a...2a6b4679
  Next_Pubkey.Gy = 0x62f8d8056c6bf4be92...4f92d101
[ STEP 222 ] Bit #035 = '0' → Using Private_Key_Even
  Next_Pubkey.Gx = 0x9579e148ff5142d9ef...6a2fd2f2
  Next_Pubkey.Gy = 0x43e867ba858a01c936...76be7488
[ STEP 223 ] Bit #034 = '0' → Using Private_Key_Even
  Next_Pubkey.Gx = 0x8c4c12eff6c288dc79...902bcf59
  Next_Pubkey.Gy = 0x2b05983f135d9f9f14...fff0b1c2
[ STEP 224 ] Bit #033 = '0' → Using Private_Key_Even
  Next_Pubkey.Gx = 0x999cb3a924831e05b7...8bbebd67
  Next_Pubkey.Gy = 0x16a7f0b01ae23582d7...87bfc69c
[ STEP 225 ] Bit #032 = '0' → Using Private_Key_Even
  Next_Pubkey.Gx = 0xac5b13ab2cc2d15535...59438c9f
  Next_Pubkey.Gy = 0x7986bab3d56f4c4ca3...568ac462
[ STEP 226 ] Bit #031 = '1' → Using Private_Key_Odd
  Next_Pubkey.Gx = 0xf8a7e83727ba46ea2a...fdebdacb
  Next_Pubkey.Gy = 0x418a16883b2b4ce3df...8fa448ed
[ STEP 227 ] Bit #030 = '1' → Using Private_Key_Odd
  Next_Pubkey.Gx = 0xbda9db60878079a438...9ce0cba2
  Next_Pubkey.Gy = 0x34809cf4cff72a9e73...72d3bce8
[ STEP 228 ] Bit #029 = '1' → Using Private_Key_Odd
  Next_Pubkey.Gx = 0x802207c1100d548a97...be4e1b34
  Next_Pubkey.Gy = 0x69461f3651d96a0eed...fb2024b5
[ STEP 229 ] Bit #028 = '0' → Using Private_Key_Even
  Next_Pubkey.Gx = 0x449d421214eccc55bd...39da0d16
  Next_Pubkey.Gy = 0x850f56c446cdc9811a...a5c884a8
[ STEP 230 ] Bit #027 = '0' → Using Private_Key_Even
  Next_Pubkey.Gx = 0xac4b4063bcfe342a73...686a4c71
  Next_Pubkey.Gy = 0x9176817c49083fd8b7...27ba9f23
[ STEP 231 ] Bit #026 = '0' → Using Private_Key_Even
  Next_Pubkey.Gx = 0xc345841b7eff24f07d...e6cce752
  Next_Pubkey.Gy = 0xa14c39f368c2fafe10...d9ec4287
[ STEP 232 ] Bit #025 = '0' → Using Private_Key_Even
  Next_Pubkey.Gx = 0x169b972f20df5f3492...9dd8c80b
  Next_Pubkey.Gy = 0x25fcbca5b3dab828d0...d228bf72
[ STEP 233 ] Bit #024 = '1' → Using Private_Key_Odd
  Next_Pubkey.Gx = 0xcccbb0be15cc156139...74788326
  Next_Pubkey.Gy = 0x77530370f184d7d905...7a70047e
[ STEP 234 ] Bit #023 = '0' → Using Private_Key_Even
  Next_Pubkey.Gx = 0x6fdb446c6f8aa787f8...02d907cb
  Next_Pubkey.Gy = 0x95a7335aad973d1e85...e4c81d52
[ STEP 235 ] Bit #022 = '0' → Using Private_Key_Even
  Next_Pubkey.Gx = 0x980f19b2cdad551525...eceafc64
  Next_Pubkey.Gy = 0xbe061396b709b93332...d2b0f254
[ STEP 236 ] Bit #021 = '1' → Using Private_Key_Odd
  Next_Pubkey.Gx = 0xa47a43459d0071e3d2...9df47c53
  Next_Pubkey.Gy = 0x546b5239e5e15dd416...f447c96e
[ STEP 237 ] Bit #020 = '0' → Using Private_Key_Even
  Next_Pubkey.Gx = 0x50831be477d869df96...b2e509fa
  Next_Pubkey.Gy = 0x9dfc4f75763358990e...f4db2c38
[ STEP 238 ] Bit #019 = '0' → Using Private_Key_Even
  Next_Pubkey.Gx = 0x2dd79832f360a3a896...62e6dbed
  Next_Pubkey.Gy = 0xec56b99a11d004ceaf...598feecc
[ STEP 239 ] Bit #018 = '1' → Using Private_Key_Odd
  Next_Pubkey.Gx = 0xed15df51b0bcfe8238...6e4b993d
  Next_Pubkey.Gy = 0xfce94017d4d27b5885...20bbbee1
[ STEP 240 ] Bit #017 = '0' → Using Private_Key_Even
  Next_Pubkey.Gx = 0xe254326f45f9b207c2...a2850cb1
  Next_Pubkey.Gy = 0xc7bba0289f00afa23f...bd08c8a6
[ STEP 241 ] Bit #016 = '1' → Using Private_Key_Odd
  Next_Pubkey.Gx = 0xfe2b447389aa5a18a5...6bb01900
  Next_Pubkey.Gy = 0x4dbf33553abf6d9f17...9a2a4c6d
[ STEP 242 ] Bit #015 = '0' → Using Private_Key_Even
  Next_Pubkey.Gx = 0xfacc94668a300f9cfc...9a72a29f
  Next_Pubkey.Gy = 0x5152ee8a7807d4dffb...0ba39b52
[ STEP 243 ] Bit #014 = '1' → Using Private_Key_Odd
  Next_Pubkey.Gx = 0x88a98c5ed5042a8cef...a99a393a
  Next_Pubkey.Gy = 0x13918d783be5365153...6be09423
[ STEP 244 ] Bit #013 = '0' → Using Private_Key_Even
  Next_Pubkey.Gx = 0x3345e5f080a9f35581...5a21fada
  Next_Pubkey.Gy = 0xa4987237560f068fa5...8180013a
[ STEP 245 ] Bit #012 = '0' → Using Private_Key_Even
  Next_Pubkey.Gx = 0xf73175aeb9b0c86052...03569a42
  Next_Pubkey.Gy = 0x24c1dd58b52272e64a...4857da88
[ STEP 246 ] Bit #011 = '1' → Using Private_Key_Odd
  Next_Pubkey.Gx = 0xe86c2d1dbe9792126d...acea2250
  Next_Pubkey.Gy = 0xe4ee4b4d144527f70b...ab53053d
[ STEP 247 ] Bit #010 = '1' → Using Private_Key_Odd
  Next_Pubkey.Gx = 0xc1f7b4ed52baca3b84...d6c4c07a
  Next_Pubkey.Gy = 0x2d90f67bab3e3f3945...3a455b8a
[ STEP 248 ] Bit #009 = '1' → Using Private_Key_Odd
  Next_Pubkey.Gx = 0x34e5423992e30227c1...16132649
  Next_Pubkey.Gy = 0x877347aab35f4fd9a7...e9834cdd
[ STEP 249 ] Bit #008 = '0' → Using Private_Key_Even
  Next_Pubkey.Gx = 0x53a4fe9befabae02ba...d941ccdd
  Next_Pubkey.Gy = 0xde5cbd2d4d7ec417a2...833c383b
[ STEP 250 ] Bit #007 = '1' → Using Private_Key_Odd
  Next_Pubkey.Gx = 0xf0ca2c13bdfe1bb9d0...7e5235d9
  Next_Pubkey.Gy = 0xdf16d1610c911713a3...b65e516e
[ STEP 251 ] Bit #006 = '1' → Using Private_Key_Odd
  Next_Pubkey.Gx = 0x3f548bf3838cf4d375...b55f0687
  Next_Pubkey.Gy = 0x56fb27d284b9ed92fc...5b7f3167
[ STEP 252 ] Bit #005 = '0' → Using Private_Key_Even
  Next_Pubkey.Gx = 0x5237afdfd3b7d7fc56...5a7772cd
  Next_Pubkey.Gy = 0xda3e9cf04290831087...35f06a70
[ STEP 253 ] Bit #004 = '1' → Using Private_Key_Odd
  Next_Pubkey.Gx = 0xd2a7cc88eafdac440b...27e31d5d
  Next_Pubkey.Gy = 0x43029e63a33aedcb2e...9d15d2ff
[ STEP 254 ] Bit #003 = '0' → Using Private_Key_Even
  Next_Pubkey.Gx = 0xea1218267c5aebff72...f5ca1951
  Next_Pubkey.Gy = 0x639776fbbfd1ad4037...52dbfdff
[ STEP 255 ] Bit #002 = '1' → Using Private_Key_Odd
  Next_Pubkey.Gx = 0x31ad8c38ca748615bb...e59593d1
  Next_Pubkey.Gy = 0x3620115a305a527d42...e17dba60
[ STEP 256 ] Bit #001 = '1' → Using Private_Key_Odd
  Next_Pubkey.Gx = 0x6a1245c3ae76eeb6a9...b3cfb1fc
  Next_Pubkey.Gy = 0x35ab73583501e2cb9a...b771a0a9
──────────────────────────────────────────────────────────────────────────────
[ RUN ] Scalar multiplication cycle COMPLETE.
[ RUN ] Press BIN to HEX to convert the accumulated bit sequence.
──────────────────────────────────────────────────────────────────────────────
Private Key Hexadecimal Format (64 characters [0-9A-F]):
D6E5490E01997C4EC4AB9B1C580360137D1DFD0FED3FD47744C2AF28F8EA3280
──────────────────────────────────────────────────────────────────────────────
──────────────────────────────────────────────────────────────────────────────
Private Key WIF (uncompressed):
5KSvoVQkCCDckTGRmDsg79TDFACtaSKLfMV8JWrpGWT3cNWRBeN
Private Key WIF (compressed):
L4RSUCPoeQWgnnw6JBpfc8Jh3VdUeajwnHR9EJnsdSyxX4WxMNeX
──────────────────────────────────────────────────────────────────────────────