◈ BTCDetect Software Even and ODD v3.5 — Crypto Research Interface
──────────────────────────────────────────────────────────────────────────────
[ REVERSE ] All fields cleared. Enter a new Bitcoin Address.
──────────────────────────────────────────────────────────────────────────────
[ EXTRACT ] Bitcoin Address: 1EUW6d8ieMG9Eoj3aGxFFHDWg9gqsHB71D
[ EXTRACT ] Querying Blockstream API...
[ EXTRACT ] Public Key found:
  0266757819f6f8ca62de76af65719f6c59573da639f2b9fec5b7f52fa8d1e37d72
  Gx = 0x66757819f6f8ca62de76af65719f6c59573da639f2b9fec5b7f52fa8d1e37d72
  Gy = 0xd5b771b8f92f2bffa6979efad869546e9a576172e228f33c29bf06751b12c710
[ EXTRACT ] Ready. Press RUN to start scalar multiplication.
──────────────────────────────────────────────────────────────────────────────
[ RUN ] Starting scalar multiplication cycle...
[ RUN ] Total bits: 256
[ STEP 001 ] Bit #256 = '0' → Using Private_Key_Even
  Next_Pubkey.Gx = 0x92722ff5489d085d14...fceeb4b7
  Next_Pubkey.Gy = 0xc4fd27289fb0d7565e...b4dc6689
[ STEP 002 ] Bit #255 = '0' → Using Private_Key_Even
  Next_Pubkey.Gx = 0x43eca0704645e73a08...c1798ef9
  Next_Pubkey.Gy = 0xc1bba1484b5ef4bebb...27ea6772
[ STEP 003 ] Bit #254 = '1' → Using Private_Key_Odd
  Next_Pubkey.Gx = 0x1300d703696780d212...ee7c7b52
  Next_Pubkey.Gy = 0x87902cf9190b94e827...3777633c
[ STEP 004 ] Bit #253 = '0' → Using Private_Key_Even
  Next_Pubkey.Gx = 0x25c39990f784c92844...3364c73d
  Next_Pubkey.Gy = 0xe427b63f920477479e...b427a962
[ STEP 005 ] Bit #252 = '0' → Using Private_Key_Even
  Next_Pubkey.Gx = 0x6315f45ebb05b3b2a9...41f6efc0
  Next_Pubkey.Gy = 0x7bc63888bdf8fc39e6...9a5bb3b7
[ STEP 006 ] Bit #251 = '1' → Using Private_Key_Odd
  Next_Pubkey.Gx = 0x9fb402e3b225b33cde...5c261087
  Next_Pubkey.Gy = 0xcc94e5b48c2795dc32...49ed0344
[ STEP 007 ] Bit #250 = '0' → Using Private_Key_Even
  Next_Pubkey.Gx = 0xa17d6b083c7b6384b0...0a183d7d
  Next_Pubkey.Gy = 0x91a29ae8ac2632895c...b60f629c
[ STEP 008 ] Bit #249 = '0' → Using Private_Key_Even
  Next_Pubkey.Gx = 0x9659c6a2eeb77b9037...898f7d1e
  Next_Pubkey.Gy = 0x775cb2d3f4ec6798ca...2dd3b9d9
[ STEP 009 ] Bit #248 = '1' → Using Private_Key_Odd
  Next_Pubkey.Gx = 0xe0281cc6d8dfbe5251...9bc8026c
  Next_Pubkey.Gy = 0xaba3131e14d6974c30...0ca23c98
[ STEP 010 ] Bit #247 = '1' → Using Private_Key_Odd
  Next_Pubkey.Gx = 0x69529671ad30b3f29e...ef41ccac
  Next_Pubkey.Gy = 0x1a102539928f89e53f...58304424
[ STEP 011 ] Bit #246 = '1' → Using Private_Key_Odd
  Next_Pubkey.Gx = 0xa6b7312cc2f16754df...028e329b
  Next_Pubkey.Gy = 0x596fda0ad1980e5a9d...15578b92
[ STEP 012 ] Bit #245 = '1' → Using Private_Key_Odd
  Next_Pubkey.Gx = 0x2c934427380bd82c7a...7949d7fa
  Next_Pubkey.Gy = 0x3c970d76d4be9d8a83...ecc0b258
[ STEP 013 ] Bit #244 = '0' → Using Private_Key_Even
  Next_Pubkey.Gx = 0x62efcffb186fc06294...47e32221
  Next_Pubkey.Gy = 0x52b715c7bdb2834563...305b41f1
[ STEP 014 ] Bit #243 = '1' → Using Private_Key_Odd
  Next_Pubkey.Gx = 0xdf89cc85247c307941...317fee1d
  Next_Pubkey.Gy = 0x128c65e7a1488bde3c...65e865d6
[ STEP 015 ] Bit #242 = '1' → Using Private_Key_Odd
  Next_Pubkey.Gx = 0x94b17029864ada466a...f25b3ffa
  Next_Pubkey.Gy = 0x98293c6915eeeee4ff...4370f2e6
[ STEP 016 ] Bit #241 = '1' → Using Private_Key_Odd
  Next_Pubkey.Gx = 0x7dffdfe4c4624de728...408c5992
  Next_Pubkey.Gy = 0xdcd7c5985982b69673...3f29adc5
[ STEP 017 ] Bit #240 = '1' → Using Private_Key_Odd
  Next_Pubkey.Gx = 0xbaf7f19627dc0fa25e...b6aff797
  Next_Pubkey.Gy = 0x78d6ca1669329ddf15...890ef721
[ STEP 018 ] Bit #239 = '0' → Using Private_Key_Even
  Next_Pubkey.Gx = 0xad516ee83ceb065f5e...3439a50b
  Next_Pubkey.Gy = 0x5b8f8753a4dd9b2fc6...52912511
[ STEP 019 ] Bit #238 = '1' → Using Private_Key_Odd
  Next_Pubkey.Gx = 0x410ae79b0efc9d4e36...be8bdaf8
  Next_Pubkey.Gy = 0xef9eb83441a6b1b8b9...400ac882
[ STEP 020 ] Bit #237 = '1' → Using Private_Key_Odd
  Next_Pubkey.Gx = 0x8cd01601af3123a730...bd3e43b9
  Next_Pubkey.Gy = 0x71bca91beb8a7502c1...aca87a06
[ STEP 021 ] Bit #236 = '0' → Using Private_Key_Even
  Next_Pubkey.Gx = 0x56e703c4d9e39af922...a6d8d440
  Next_Pubkey.Gy = 0x20a001dfcf54ac8917...268363c5
[ STEP 022 ] Bit #235 = '0' → Using Private_Key_Even
  Next_Pubkey.Gx = 0x8e9668fc980f2e3a05...2611144e
  Next_Pubkey.Gy = 0xa2e1f91558bc1451d3...ee07fe7e
[ STEP 023 ] Bit #234 = '1' → Using Private_Key_Odd
  Next_Pubkey.Gx = 0x492eb88ea9264a95fd...657ca7cf
  Next_Pubkey.Gy = 0xb90c206ebceac3f0c9...7fa3a84d
[ STEP 024 ] Bit #233 = '1' → Using Private_Key_Odd
  Next_Pubkey.Gx = 0x5b9b487a055c23d814...d6f8216f
  Next_Pubkey.Gy = 0x39a6318630ae30024b...9d56e303
[ STEP 025 ] Bit #232 = '1' → Using Private_Key_Odd
  Next_Pubkey.Gx = 0x30559ac03be7d4a5bf...42d435e9
  Next_Pubkey.Gy = 0x6a411b5db73798b726...d5498b27
[ STEP 026 ] Bit #231 = '1' → Using Private_Key_Odd
  Next_Pubkey.Gx = 0x7dfcae3d676fce7f37...b0df9360
  Next_Pubkey.Gy = 0x6e7ed5dd8297e1f0f8...a9fd1a86
[ STEP 027 ] Bit #230 = '1' → Using Private_Key_Odd
  Next_Pubkey.Gx = 0xb0e85794c895b65632...40ab0a65
  Next_Pubkey.Gy = 0x1bc77616eec07c6ce2...bd8a0dad
[ STEP 028 ] Bit #229 = '0' → Using Private_Key_Even
  Next_Pubkey.Gx = 0x1a37d0742b717991b8...5477a0b0
  Next_Pubkey.Gy = 0x27745bf7d05af929ba...de0c9a88
[ STEP 029 ] Bit #228 = '1' → Using Private_Key_Odd
  Next_Pubkey.Gx = 0x2f3a7ea6a6dbdfcafe...56cc8b91
  Next_Pubkey.Gy = 0xcb33db8bb3d7779060...2bbdd334
[ STEP 030 ] Bit #227 = '1' → Using Private_Key_Odd
  Next_Pubkey.Gx = 0xec0af640b3bd6938b9...b4759825
  Next_Pubkey.Gy = 0x8f53f2f476a10a9f43...b1cc6de5
[ STEP 031 ] Bit #226 = '0' → Using Private_Key_Even
  Next_Pubkey.Gx = 0xe64a026e729074ded4...12266e4b
  Next_Pubkey.Gy = 0xfc4418cd20dee27370...87cde75b
[ STEP 032 ] Bit #225 = '1' → Using Private_Key_Odd
  Next_Pubkey.Gx = 0x33d518721e6a7f6fd5...111472c3
  Next_Pubkey.Gy = 0x9c24cb5d93384475b0...f60c4a2a
[ STEP 033 ] Bit #224 = '0' → Using Private_Key_Even
  Next_Pubkey.Gx = 0xf69b1c55063adb979a...bfbbe676
  Next_Pubkey.Gy = 0xb203f38b859d276ee7...36c5aebb
[ STEP 034 ] Bit #223 = '0' → Using Private_Key_Even
  Next_Pubkey.Gx = 0x98adb40822598901da...a34efa54
  Next_Pubkey.Gy = 0x6ecee67e17cd10d201...6cb941d6
[ STEP 035 ] Bit #222 = '1' → Using Private_Key_Odd
  Next_Pubkey.Gx = 0x717c87d0f35eabc1d5...02c777a0
  Next_Pubkey.Gy = 0xa48243ec54715abc3c...3f53192d
[ STEP 036 ] Bit #221 = '0' → Using Private_Key_Even
  Next_Pubkey.Gx = 0x92f5d1d02ca18a61aa...e94c903e
  Next_Pubkey.Gy = 0x75f127e76ef579d8fe...5e932a3f
[ STEP 037 ] Bit #220 = '1' → Using Private_Key_Odd
  Next_Pubkey.Gx = 0x2ea1b234c5fa8a6442...6921eb78
  Next_Pubkey.Gy = 0x6004fffabe0738fc42...7c43d32f
[ STEP 038 ] Bit #219 = '1' → Using Private_Key_Odd
  Next_Pubkey.Gx = 0x1d361ac893f110a1af...50849901
  Next_Pubkey.Gy = 0x826b72df01ccf7504d...225748ec
[ STEP 039 ] Bit #218 = '0' → Using Private_Key_Even
  Next_Pubkey.Gx = 0xc5230e00268eb902db...d16f4116
  Next_Pubkey.Gy = 0xca65a6750f1c1aee6b...0979926d
[ STEP 040 ] Bit #217 = '1' → Using Private_Key_Odd
  Next_Pubkey.Gx = 0x7557a75996831ce922...256a7732
  Next_Pubkey.Gy = 0x4af16439605c853e8b...c30392b5
[ STEP 041 ] Bit #216 = '1' → Using Private_Key_Odd
  Next_Pubkey.Gx = 0xd1d736984144abb3a2...c972099d
  Next_Pubkey.Gy = 0x76038b310a9742ed3e...60ba3455
[ STEP 042 ] Bit #215 = '0' → Using Private_Key_Even
  Next_Pubkey.Gx = 0x34cba7c5448f23652c...fca3f6b9
  Next_Pubkey.Gy = 0xde0bda766b0dd95c8e...ea252067
[ STEP 043 ] Bit #214 = '0' → Using Private_Key_Even
  Next_Pubkey.Gx = 0xdcd7833569d0b8abc2...f763e278
  Next_Pubkey.Gy = 0x508ae9fcfd4bb44444...5a27f529
[ STEP 044 ] Bit #213 = '0' → Using Private_Key_Even
  Next_Pubkey.Gx = 0xad458def5b6b154c7b...c3da2ce0
  Next_Pubkey.Gy = 0x9954a6f4635714f656...a3fae54c
[ STEP 045 ] Bit #212 = '0' → Using Private_Key_Even
  Next_Pubkey.Gx = 0x67ee39fad6c782fef8...1fa770c4
  Next_Pubkey.Gy = 0x890c3bb6f0126260fb...9d41d5f4
[ STEP 046 ] Bit #211 = '0' → Using Private_Key_Even
  Next_Pubkey.Gx = 0x46d152627c4f330179...8c82dc9a
  Next_Pubkey.Gy = 0x18e96d28863dee39ba...7e1a943d
[ STEP 047 ] Bit #210 = '0' → Using Private_Key_Even
  Next_Pubkey.Gx = 0xe3c8b8fea46509b4e5...2fa20f6c
  Next_Pubkey.Gy = 0x719e983ab8cb15f6cc...e52297fe
[ STEP 048 ] Bit #209 = '0' → Using Private_Key_Even
  Next_Pubkey.Gx = 0x6e9a099c587427197e...6728a648
  Next_Pubkey.Gy = 0xe839c4415bdb4d3fac...385ef413
[ STEP 049 ] Bit #208 = '1' → Using Private_Key_Odd
  Next_Pubkey.Gx = 0x141135fef7b5002f96...2b949211
  Next_Pubkey.Gy = 0xb9f81dbdd5eded9a80...5d3aed59
[ STEP 050 ] Bit #207 = '1' → Using Private_Key_Odd
  Next_Pubkey.Gx = 0x60f9d2188448873a0c...cac646d3
  Next_Pubkey.Gy = 0xec58ed166934afbc12...6a0afcc1
[ STEP 051 ] Bit #206 = '0' → Using Private_Key_Even
  Next_Pubkey.Gx = 0xa31741ce61cbd62e62...52ae24a4
  Next_Pubkey.Gy = 0xf0c17a168549c62c7a...c5a8f05b
[ STEP 052 ] Bit #205 = '1' → Using Private_Key_Odd
  Next_Pubkey.Gx = 0x9cd2e9ef3c1c680853...362260e7
  Next_Pubkey.Gy = 0x88c8bf470c93444003...248f4770
[ STEP 053 ] Bit #204 = '1' → Using Private_Key_Odd
  Next_Pubkey.Gx = 0x1715a6a719159eaaab...906a415c
  Next_Pubkey.Gy = 0xa0f517cb9e55048fa2...6719f37b
[ STEP 054 ] Bit #203 = '0' → Using Private_Key_Even
  Next_Pubkey.Gx = 0x19d9527448eb8087f1...8be7c4c3
  Next_Pubkey.Gy = 0xa1bd4070febcf99410...5264b4f7
[ STEP 055 ] Bit #202 = '0' → Using Private_Key_Even
  Next_Pubkey.Gx = 0x26d78a72f7789287e5...7ff138aa
  Next_Pubkey.Gy = 0xaf75c8348040d9a577...84d20f4f
[ STEP 056 ] Bit #201 = '0' → Using Private_Key_Even
  Next_Pubkey.Gx = 0x3ba8c1b09469a1ec52...cdbf47a6
  Next_Pubkey.Gy = 0x6a7b0cf8505bc3072d...0e5b5f4e
[ STEP 057 ] Bit #200 = '0' → Using Private_Key_Even
  Next_Pubkey.Gx = 0x73f999204eddb51934...55fb6dbd
  Next_Pubkey.Gy = 0xea69eb7ed02b273682...3afb94fd
[ STEP 058 ] Bit #199 = '1' → Using Private_Key_Odd
  Next_Pubkey.Gx = 0x1d7647c56afc8b3d79...3c328c95
  Next_Pubkey.Gy = 0xa8fa217259ed9b4448...f7c2bf0e
[ STEP 059 ] Bit #198 = '1' → Using Private_Key_Odd
  Next_Pubkey.Gx = 0x1ce33be7e10666abba...85e085fe
  Next_Pubkey.Gy = 0x80c17512c218d2e449...cdf1d56b
[ STEP 060 ] Bit #197 = '0' → Using Private_Key_Even
  Next_Pubkey.Gx = 0x1ae26fa0cf8fa59d76...fdfca37d
  Next_Pubkey.Gy = 0xa61cb6fdcdd3788c51...1e8f1654
[ STEP 061 ] Bit #196 = '1' → Using Private_Key_Odd
  Next_Pubkey.Gx = 0x39b104f40ff9cc9898...46bbeb37
  Next_Pubkey.Gy = 0x62ea9dfb6252e1fa3d...26ede84d
[ STEP 062 ] Bit #195 = '0' → Using Private_Key_Even
  Next_Pubkey.Gx = 0xef1adcd3fffe3ce7bb...c5f51585
  Next_Pubkey.Gy = 0x1bfadda620d28a587b...b931bea4
[ STEP 063 ] Bit #194 = '1' → Using Private_Key_Odd
  Next_Pubkey.Gx = 0xcb2c214d85904bc6ce...f358c4be
  Next_Pubkey.Gy = 0x7dfdb033242ae110c5...ec639b50
[ STEP 064 ] Bit #193 = '1' → Using Private_Key_Odd
  Next_Pubkey.Gx = 0xf3ab7737bfa88b4792...4ed4f1c6
  Next_Pubkey.Gy = 0x1197a4543ae3d4063f...414e364f
[ STEP 065 ] Bit #192 = '1' → Using Private_Key_Odd
  Next_Pubkey.Gx = 0x1f112640c488401191...bcd39fcc
  Next_Pubkey.Gy = 0x14b05c824f53197202...adce4fa4
[ STEP 066 ] Bit #191 = '1' → Using Private_Key_Odd
  Next_Pubkey.Gx = 0x99867dc5867e675ade...b58b0ed2
  Next_Pubkey.Gy = 0x54fec069e39681a63f...f9215cf0
[ STEP 067 ] Bit #190 = '0' → Using Private_Key_Even
  Next_Pubkey.Gx = 0x83387c924fcaa0e5f5...1371bfdc
  Next_Pubkey.Gy = 0xedb6eb2d94f86fd0a7...5ab08ce6
[ STEP 068 ] Bit #189 = '0' → Using Private_Key_Even
  Next_Pubkey.Gx = 0xc3ddbab6d77af36064...e5ebcff1
  Next_Pubkey.Gy = 0xb98ac96fcd59c9a526...b8128e07
[ STEP 069 ] Bit #188 = '0' → Using Private_Key_Even
  Next_Pubkey.Gx = 0xa63fb332b62bb8f552...ece3ea0f
  Next_Pubkey.Gy = 0xfdc76ba125cf79bc81...626b7122
[ STEP 070 ] Bit #187 = '1' → Using Private_Key_Odd
  Next_Pubkey.Gx = 0xcc3336a795786877dd...ec73bb88
  Next_Pubkey.Gy = 0x10be3087cefd671211...bf4c78fa
[ STEP 071 ] Bit #186 = '1' → Using Private_Key_Odd
  Next_Pubkey.Gx = 0x6f79a6fc122d383a28...d1326da3
  Next_Pubkey.Gy = 0x16f2c1dfb95e884136...9a7a6ff7
[ STEP 072 ] Bit #185 = '0' → Using Private_Key_Even
  Next_Pubkey.Gx = 0x6814d01575bd9fa6e8...e0057f55
  Next_Pubkey.Gy = 0x3dd03850a379f2e00f...8e2f61c9
[ STEP 073 ] Bit #184 = '0' → Using Private_Key_Even
  Next_Pubkey.Gx = 0xd2e0ad2741014cd2c1...f12e50bf
  Next_Pubkey.Gy = 0x582912bb07839d640f...d2f5f035
[ STEP 074 ] Bit #183 = '1' → Using Private_Key_Odd
  Next_Pubkey.Gx = 0x579aab3c41c048b322...ea4b5989
  Next_Pubkey.Gy = 0x25063b5353a37d3f5e...027c6145
[ STEP 075 ] Bit #182 = '0' → Using Private_Key_Even
  Next_Pubkey.Gx = 0x2ace026e9fc84d98a6...cfe941ac
  Next_Pubkey.Gy = 0x8af04ac0bae658c142...dd1c8d57
[ STEP 076 ] Bit #181 = '0' → Using Private_Key_Even
  Next_Pubkey.Gx = 0x20436d0eebe5db34a5...579e8066
  Next_Pubkey.Gy = 0xcfa41708fc07f1cd80...4fd88465
[ STEP 077 ] Bit #180 = '1' → Using Private_Key_Odd
  Next_Pubkey.Gx = 0x6fe28f4c399f9b84e0...0a0bfc89
  Next_Pubkey.Gy = 0x644a3beeb9f90397b3...cba71b16
[ STEP 078 ] Bit #179 = '0' → Using Private_Key_Even
  Next_Pubkey.Gx = 0x99e7da667cbde2bcbc...505c851c
  Next_Pubkey.Gy = 0xdf1668655d0079b588...a4350d47
[ STEP 079 ] Bit #178 = '1' → Using Private_Key_Odd
  Next_Pubkey.Gx = 0xb9ff8661ff45f19e76...f2b10a85
  Next_Pubkey.Gy = 0x97aca13a9b52afcdf3...7c99cdf7
[ STEP 080 ] Bit #177 = '1' → Using Private_Key_Odd
  Next_Pubkey.Gx = 0xfdb7ac3c3f9d8f42d1...6b67fb84
  Next_Pubkey.Gy = 0x6220f0dce22389a088...2f4f6196
[ STEP 081 ] Bit #176 = '0' → Using Private_Key_Even
  Next_Pubkey.Gx = 0x45eda90a532b293c98...c3bd77ff
  Next_Pubkey.Gy = 0x97af8a418971006b1c...f45dbdfa
[ STEP 082 ] Bit #175 = '1' → Using Private_Key_Odd
  Next_Pubkey.Gx = 0x3ac2de292ef1c8a9f6...ec32b055
  Next_Pubkey.Gy = 0x8b3e4fc3abe529e4a7...030d19e3
[ STEP 083 ] Bit #174 = '1' → Using Private_Key_Odd
  Next_Pubkey.Gx = 0x74890b6d34bd01bf20...e0c97d63
  Next_Pubkey.Gy = 0x80566d9d34b4c0cb9f...9026d30b
[ STEP 084 ] Bit #173 = '1' → Using Private_Key_Odd
  Next_Pubkey.Gx = 0xfcb49ab7d8ca217056...17e3b79b
  Next_Pubkey.Gy = 0x6a20c56ad1a171f907...300ea7f2
[ STEP 085 ] Bit #172 = '1' → Using Private_Key_Odd
  Next_Pubkey.Gx = 0xcf42db556b2d173f19...fd00a8a7
  Next_Pubkey.Gy = 0x26d45deef6fb38c814...d7c7bc2a
[ STEP 086 ] Bit #171 = '0' → Using Private_Key_Even
  Next_Pubkey.Gx = 0xc8a9598172ae4e416c...a1820531
  Next_Pubkey.Gy = 0x35365a21deb3862aed...26c8a27e
[ STEP 087 ] Bit #170 = '0' → Using Private_Key_Even
  Next_Pubkey.Gx = 0x769ca985c603c4a7ef...f180fd5a
  Next_Pubkey.Gy = 0x775e012fe956a02dad...357dd2b7
[ STEP 088 ] Bit #169 = '0' → Using Private_Key_Even
  Next_Pubkey.Gx = 0x8303cf3fc8fc9327e1...dd39715b
  Next_Pubkey.Gy = 0xeb4a9c685ea7773071...b6a7fc73
[ STEP 089 ] Bit #168 = '0' → Using Private_Key_Even
  Next_Pubkey.Gx = 0x9ec8e653e4e148d6d7...2dc0b5b7
  Next_Pubkey.Gy = 0xfec2265ba5c371b8f8...62e18ed0
[ STEP 090 ] Bit #167 = '0' → Using Private_Key_Even
  Next_Pubkey.Gx = 0x852669a76a11498ded...ca0afe63
  Next_Pubkey.Gy = 0x3bb3a722c5152ae206...51c18188
[ STEP 091 ] Bit #166 = '1' → Using Private_Key_Odd
  Next_Pubkey.Gx = 0x67d405e536c0e92492...66b3741f
  Next_Pubkey.Gy = 0x42e99a701576242682...eac23398
[ STEP 092 ] Bit #165 = '1' → Using Private_Key_Odd
  Next_Pubkey.Gx = 0xc8ae17f1dc5d54570e...26d24f82
  Next_Pubkey.Gy = 0x783b127c753be82c22...95e56009
[ STEP 093 ] Bit #164 = '1' → Using Private_Key_Odd
  Next_Pubkey.Gx = 0xf7ea61d70054f6a73f...7ca43ff1
  Next_Pubkey.Gy = 0x376af3b99acbaa105d...42ef8b86
[ STEP 094 ] Bit #163 = '1' → Using Private_Key_Odd
  Next_Pubkey.Gx = 0xdea87a3bc75cff9189...0348ef2b
  Next_Pubkey.Gy = 0xdb796085f4856427cd...65ac14b3
[ STEP 095 ] Bit #162 = '0' → Using Private_Key_Even
  Next_Pubkey.Gx = 0x9ba60a65c031e691e1...c72752e7
  Next_Pubkey.Gy = 0xbbbf17f89690d3dfb3...77e3f674
[ STEP 096 ] Bit #161 = '1' → Using Private_Key_Odd
  Next_Pubkey.Gx = 0x2c5a6156bc4972cac5...e77b38eb
  Next_Pubkey.Gy = 0xf5d0d95c74e1794f25...1a46869a
[ STEP 097 ] Bit #160 = '1' → Using Private_Key_Odd
  Next_Pubkey.Gx = 0x394ab4c75fb4234658...df035bf8
  Next_Pubkey.Gy = 0xc66aebe76fba264a45...6fe24a77
[ STEP 098 ] Bit #159 = '1' → Using Private_Key_Odd
  Next_Pubkey.Gx = 0x350860f21def0fbbd1...50ff61e2
  Next_Pubkey.Gy = 0x77157dcc5153062a27...c75c2058
[ STEP 099 ] Bit #158 = '1' → Using Private_Key_Odd
  Next_Pubkey.Gx = 0xc9f3a692c04dda2a9c...ece64296
  Next_Pubkey.Gy = 0x2bc36ece66268457de...ac90f522
[ STEP 100 ] Bit #157 = '0' → Using Private_Key_Even
  Next_Pubkey.Gx = 0xc622d8a51e20186bd2...b01c487f
  Next_Pubkey.Gy = 0xe98e0abc64cbe9e81e...6fa79bf7
[ STEP 101 ] Bit #156 = '0' → Using Private_Key_Even
  Next_Pubkey.Gx = 0x415a51912026ae4141...5dc7cec3
  Next_Pubkey.Gy = 0x3e626a3b1349017908...ce03fc15
[ STEP 102 ] Bit #155 = '1' → Using Private_Key_Odd
  Next_Pubkey.Gx = 0xdddbd49022b3d4fef6...492fafdb
  Next_Pubkey.Gy = 0x43db713ac3fdae5a55...74e0a763
[ STEP 103 ] Bit #154 = '1' → Using Private_Key_Odd
  Next_Pubkey.Gx = 0x6f22f98fb470fe7694...df10880b
  Next_Pubkey.Gy = 0xa5f18f8c66d0531e90...7d15802c
[ STEP 104 ] Bit #153 = '1' → Using Private_Key_Odd
  Next_Pubkey.Gx = 0x92f9e628d5f81778d9...1f023651
  Next_Pubkey.Gy = 0xfdd6aabcaa8eb3bd3c...10b3c4f2
[ STEP 105 ] Bit #152 = '0' → Using Private_Key_Even
  Next_Pubkey.Gx = 0xd6d740b736291fe3c9...d9b88c3d
  Next_Pubkey.Gy = 0x773ff4cc07a8a976fe...227db2a1
[ STEP 106 ] Bit #151 = '0' → Using Private_Key_Even
  Next_Pubkey.Gx = 0xeaad01d5af2499ea37...1e647175
  Next_Pubkey.Gy = 0x1e126e538a63076944...6c6f0aed
[ STEP 107 ] Bit #150 = '1' → Using Private_Key_Odd
  Next_Pubkey.Gx = 0xaf26d958879710fcc8...e83ac849
  Next_Pubkey.Gy = 0xca0e8f8f258d6a3ff7...298eebdb
[ STEP 108 ] Bit #149 = '1' → Using Private_Key_Odd
  Next_Pubkey.Gx = 0x7b57b6763c12dd60e5...c9e33dbb
  Next_Pubkey.Gy = 0x62030f67f1c2589d16...d44ec546
[ STEP 109 ] Bit #148 = '1' → Using Private_Key_Odd
  Next_Pubkey.Gx = 0x24f883ef3ac39850ee...840a9874
  Next_Pubkey.Gy = 0x34276cc5f676c2a9a9...4863a1c4
[ STEP 110 ] Bit #147 = '0' → Using Private_Key_Even
  Next_Pubkey.Gx = 0x4554a5324728324d14...2ae3c775
  Next_Pubkey.Gy = 0x9d3057a0cbd9af4e69...c937053c
[ STEP 111 ] Bit #146 = '0' → Using Private_Key_Even
  Next_Pubkey.Gx = 0x719f066afbe36d5146...9e8639d9
  Next_Pubkey.Gy = 0xe8d4102f4b9fe49d01...76625c41
[ STEP 112 ] Bit #145 = '0' → Using Private_Key_Even
  Next_Pubkey.Gx = 0xabd51537c74f9e168e...b95e6eeb
  Next_Pubkey.Gy = 0x853d63a0cd9badccaa...877a1acd
[ STEP 113 ] Bit #144 = '1' → Using Private_Key_Odd
  Next_Pubkey.Gx = 0x9ebd6d82b40854f0c2...2b5ae61d
  Next_Pubkey.Gy = 0xa93d71b4ea69ab1b72...97262c26
[ STEP 114 ] Bit #143 = '1' → Using Private_Key_Odd
  Next_Pubkey.Gx = 0xc1a03d862043fbf52a...0b827f31
  Next_Pubkey.Gy = 0xf4727f73107c325e58...222f9888
[ STEP 115 ] Bit #142 = '0' → Using Private_Key_Even
  Next_Pubkey.Gx = 0x13a0f8875f75b1243c...371ac081
  Next_Pubkey.Gy = 0xe8e427ab5988f918ad...c541a7f7
[ STEP 116 ] Bit #141 = '0' → Using Private_Key_Even
  Next_Pubkey.Gx = 0xd28c738074ec535bdf...f82191f2
  Next_Pubkey.Gy = 0x77a4b28d548cfe2e6d...aa9d96b5
[ STEP 117 ] Bit #140 = '0' → Using Private_Key_Even
  Next_Pubkey.Gx = 0xa28987c006be4df8d7...731482e1
  Next_Pubkey.Gy = 0x207e0c4e39cd7994f7...10392ec2
[ STEP 118 ] Bit #139 = '0' → Using Private_Key_Even
  Next_Pubkey.Gx = 0xac0ad6f9068fedc0af...ab3921d6
  Next_Pubkey.Gy = 0x7f767abbedbfa601ad...709fa8ab
[ STEP 119 ] Bit #138 = '1' → Using Private_Key_Odd
  Next_Pubkey.Gx = 0xb44792b1dc9da618cc...318291c7
  Next_Pubkey.Gy = 0x700c5ce4d6ca8fe95f...ebcd52f4
[ STEP 120 ] Bit #137 = '0' → Using Private_Key_Even
  Next_Pubkey.Gx = 0xd73c38137f7f9fa10d...a2b56046
  Next_Pubkey.Gy = 0x8b0778fb85dd29b5be...a4f8e38b
[ STEP 121 ] Bit #136 = '0' → Using Private_Key_Even
  Next_Pubkey.Gx = 0x95454785d4ff11b638...0bde7449
  Next_Pubkey.Gy = 0xbf6d422e0b637a450c...bfffd40d
[ STEP 122 ] Bit #135 = '0' → Using Private_Key_Even
  Next_Pubkey.Gx = 0x1c23d739da287e8357...311eebf3
  Next_Pubkey.Gy = 0xcb2bf93c4116936bb1...df9eced5
[ STEP 123 ] Bit #134 = '1' → Using Private_Key_Odd
  Next_Pubkey.Gx = 0xb73eb84bdf16168d7d...d617da55
  Next_Pubkey.Gy = 0xe6c5cd6cd33fdd6866...544ebc9c
[ STEP 124 ] Bit #133 = '0' → Using Private_Key_Even
  Next_Pubkey.Gx = 0x29bacb5e3cccf634a5...33174c62
  Next_Pubkey.Gy = 0x275a9c08f5c30c0355...17edac5c
[ STEP 125 ] Bit #132 = '0' → Using Private_Key_Even
  Next_Pubkey.Gx = 0xd52258344f5faedb7a...fd5536e4
  Next_Pubkey.Gy = 0x9274b04d30111506f9...0255bed5
[ STEP 126 ] Bit #131 = '1' → Using Private_Key_Odd
  Next_Pubkey.Gx = 0x4d48fcabc8f0df4a1e...d694523b
  Next_Pubkey.Gy = 0x29e31d81b4e1a4d711...b86e19a2
[ STEP 127 ] Bit #130 = '0' → Using Private_Key_Even
  Next_Pubkey.Gx = 0x4f92b4093e0639dbda...1703f203
  Next_Pubkey.Gy = 0xb5de477a4931acbffd...5d431de6
[ STEP 128 ] Bit #129 = '0' → Using Private_Key_Even
  Next_Pubkey.Gx = 0xecc708a7a4ec6843e9...d76e9b59
  Next_Pubkey.Gy = 0x2493f69f4519155049...38867369
[ STEP 129 ] Bit #128 = '0' → Using Private_Key_Even
  Next_Pubkey.Gx = 0xd1b8ac832dab4e2ffd...97a38242
  Next_Pubkey.Gy = 0x26d7a8dfb04dfaf69d...00a2a375
[ STEP 130 ] Bit #127 = '0' → Using Private_Key_Even
  Next_Pubkey.Gx = 0xcebd123fab4baa6c80...28247ba4
  Next_Pubkey.Gy = 0x8145e3a2386c65ffb9...c3fc382a
[ STEP 131 ] Bit #126 = '1' → Using Private_Key_Odd
  Next_Pubkey.Gx = 0x8844007b831c45c83c...44acee14
  Next_Pubkey.Gy = 0x17df98d16d91a9818a...9c361933
[ STEP 132 ] Bit #125 = '0' → Using Private_Key_Even
  Next_Pubkey.Gx = 0x9bb59f21eb74d4a6f3...be64df62
  Next_Pubkey.Gy = 0x54902250c7c2a1bc85...16e70619
[ STEP 133 ] Bit #124 = '1' → Using Private_Key_Odd
  Next_Pubkey.Gx = 0x1f21c0c383f083a4b4...e5350a8e
  Next_Pubkey.Gy = 0x9b13e94474e07d5549...67b0f86c
[ STEP 134 ] Bit #123 = '0' → Using Private_Key_Even
  Next_Pubkey.Gx = 0x357fdbd047d6e3b77c...094fc91b
  Next_Pubkey.Gy = 0xb5c0c8c6feee762150...c36ca5f2
[ STEP 135 ] Bit #122 = '1' → Using Private_Key_Odd
  Next_Pubkey.Gx = 0x5b96d89c7e281adb22...b1396f48
  Next_Pubkey.Gy = 0xf8cb1f3c27b0cd83db...e2d8ecdf
[ STEP 136 ] Bit #121 = '1' → Using Private_Key_Odd
  Next_Pubkey.Gx = 0xa8b249403497f6bf0c...e7e8cf08
  Next_Pubkey.Gy = 0xbe13a421f29de19841...df5a5fbe
[ STEP 137 ] Bit #120 = '1' → Using Private_Key_Odd
  Next_Pubkey.Gx = 0x10a4aaba2cc2e25241...6f98406b
  Next_Pubkey.Gy = 0xdffa55ba15c355a5cc...6ab5ec01
[ STEP 138 ] Bit #119 = '0' → Using Private_Key_Even
  Next_Pubkey.Gx = 0x3f661c27cef86a0887...24e9fd88
  Next_Pubkey.Gy = 0x680c4fac7bc7761eac...31a2acdf
[ STEP 139 ] Bit #118 = '1' → Using Private_Key_Odd
  Next_Pubkey.Gx = 0xc9441fed59ce46ce7a...0c6bd82f
  Next_Pubkey.Gy = 0x19dc4ceea30154a147...1b32388b
[ STEP 140 ] Bit #117 = '1' → Using Private_Key_Odd
  Next_Pubkey.Gx = 0xc1b9f75819b443f7be...6f74e384
  Next_Pubkey.Gy = 0xbcb84a2e0934d59334...cec29c1b
[ STEP 141 ] Bit #116 = '1' → Using Private_Key_Odd
  Next_Pubkey.Gx = 0x3155552b3d6112917e...0f420c69
  Next_Pubkey.Gy = 0x8ea080f5232cb19fb7...97d6f94f
[ STEP 142 ] Bit #115 = '0' → Using Private_Key_Even
  Next_Pubkey.Gx = 0xbd2e746babd1a42d0e...95d94785
  Next_Pubkey.Gy = 0x246701b5e85b826dfa...35c1b108
[ STEP 143 ] Bit #114 = '0' → Using Private_Key_Even
  Next_Pubkey.Gx = 0x7a3b9c699022f8e71e...de38fae7
  Next_Pubkey.Gy = 0x57147369dd8f4a8cac...09ff5752
[ STEP 144 ] Bit #113 = '1' → Using Private_Key_Odd
  Next_Pubkey.Gx = 0xd2d69a9b244f3d6274...77fb9814
  Next_Pubkey.Gy = 0xa6bd4874c9dc0ed662...4ef5275b
[ STEP 145 ] Bit #112 = '1' → Using Private_Key_Odd
  Next_Pubkey.Gx = 0xa3662151e19c9bc14d...eb02d4ff
  Next_Pubkey.Gy = 0xadd480eb79e5ff15e2...0c5dfa2b
[ STEP 146 ] Bit #111 = '0' → Using Private_Key_Even
  Next_Pubkey.Gx = 0xb39014645f103017bb...cb15f7b8
  Next_Pubkey.Gy = 0x4af12454865318015f...6548c837
[ STEP 147 ] Bit #110 = '0' → Using Private_Key_Even
  Next_Pubkey.Gx = 0xff3bd3ac1e9dd45d57...3efb7793
  Next_Pubkey.Gy = 0xaf1d3df4e9913c6071...08db05a9
[ STEP 148 ] Bit #109 = '0' → Using Private_Key_Even
  Next_Pubkey.Gx = 0xa2fbff79f8d73075ed...e688e01c
  Next_Pubkey.Gy = 0xeb4112b2271b9bb19d...83052194
[ STEP 149 ] Bit #108 = '1' → Using Private_Key_Odd
  Next_Pubkey.Gx = 0xb206b96bf0f8313194...c9900425
  Next_Pubkey.Gy = 0xb7a31d6f23f1715799...cb524930
[ STEP 150 ] Bit #107 = '0' → Using Private_Key_Even
  Next_Pubkey.Gx = 0xe44cf796473bd53ca4...b12b3413
  Next_Pubkey.Gy = 0x895158f72e1deb8557...275235f1
[ STEP 151 ] Bit #106 = '0' → Using Private_Key_Even
  Next_Pubkey.Gx = 0xa9ea02937080def218...5ddb16c1
  Next_Pubkey.Gy = 0x300251fd08e279db5c...58da5c23
[ STEP 152 ] Bit #105 = '0' → Using Private_Key_Even
  Next_Pubkey.Gx = 0x8789fe419362940e76...f26c0d13
  Next_Pubkey.Gy = 0xbc74b0b07d6983821e...b1feb96c
[ STEP 153 ] Bit #104 = '1' → Using Private_Key_Odd
  Next_Pubkey.Gx = 0xee2e44204a090b5b1c...e68bd722
  Next_Pubkey.Gy = 0x50a0dd288217480fd1...3eef27dd
[ STEP 154 ] Bit #103 = '1' → Using Private_Key_Odd
  Next_Pubkey.Gx = 0x5318d86e7ebf8e025d...15ebb48b
  Next_Pubkey.Gy = 0x23a05e5fcbb42b5b74...bd8bd227
[ STEP 155 ] Bit #102 = '1' → Using Private_Key_Odd
  Next_Pubkey.Gx = 0x4293dafaa5096daab6...943c313d
  Next_Pubkey.Gy = 0x7a13a1b4d9d8044509...74c4c35d
[ STEP 156 ] Bit #101 = '0' → Using Private_Key_Even
  Next_Pubkey.Gx = 0x76b4975f5a92b307b8...22ab1725
  Next_Pubkey.Gy = 0xc819c2d2ff8948ec44...eaca99c0
[ STEP 157 ] Bit #100 = '1' → Using Private_Key_Odd
  Next_Pubkey.Gx = 0x2a416c4041efa5c6c1...b1b3bb1d
  Next_Pubkey.Gy = 0xcd93a356272da2941c...e94a6c5a
[ STEP 158 ] Bit #099 = '0' → Using Private_Key_Even
  Next_Pubkey.Gx = 0xdaba622f5b63f627f3...8a604d5e
  Next_Pubkey.Gy = 0x6ad50dc3080f1e311b...f963abd4
[ STEP 159 ] Bit #098 = '1' → Using Private_Key_Odd
  Next_Pubkey.Gx = 0xf4a0568ed2202b6d65...54b232bc
  Next_Pubkey.Gy = 0x92a77e40acb315c97e...0a27bac5
[ STEP 160 ] Bit #097 = '0' → Using Private_Key_Even
  Next_Pubkey.Gx = 0xa1a9ed86dbf34ad1d2...339a6083
  Next_Pubkey.Gy = 0x9fb84db8ac86d772de...dd093117
[ STEP 161 ] Bit #096 = '0' → Using Private_Key_Even
  Next_Pubkey.Gx = 0xba80af9a0b2e70e84a...92752b9a
  Next_Pubkey.Gy = 0x6bd5e180c7fd81686b...68a8dd7a
[ STEP 162 ] Bit #095 = '0' → Using Private_Key_Even
  Next_Pubkey.Gx = 0x9452dbcadb7ce085f0...180eca73
  Next_Pubkey.Gy = 0xe922aee20958309c08...6ed31029
[ STEP 163 ] Bit #094 = '1' → Using Private_Key_Odd
  Next_Pubkey.Gx = 0xb74db0ea74cd3f7317...055d82fb
  Next_Pubkey.Gy = 0xc13e9ee48c27c63f20...96931c01
[ STEP 164 ] Bit #093 = '1' → Using Private_Key_Odd
  Next_Pubkey.Gx = 0x9a7e50eb9a05f09a8b...3307391e
  Next_Pubkey.Gy = 0xffa2947dda011b8eb1...2853845f
[ STEP 165 ] Bit #092 = '0' → Using Private_Key_Even
  Next_Pubkey.Gx = 0x2ffa4646552c31d05e...8028a63e
  Next_Pubkey.Gy = 0x3af994b25a91e60701...ee141712
[ STEP 166 ] Bit #091 = '0' → Using Private_Key_Even
  Next_Pubkey.Gx = 0x79e3e1473e4f6308f7...ad636698
  Next_Pubkey.Gy = 0xc3daf80f30db39be0e...bb2610fe
[ STEP 167 ] Bit #090 = '1' → Using Private_Key_Odd
  Next_Pubkey.Gx = 0x430fa7e231b04cbc4c...f577ab90
  Next_Pubkey.Gy = 0x4ee59ce5bf47384e94...8350060f
[ STEP 168 ] Bit #089 = '0' → Using Private_Key_Even
  Next_Pubkey.Gx = 0xa6a31d8e93d094a9fa...a1f01450
  Next_Pubkey.Gy = 0x299b98bdb96ad906d7...e0a0947d
[ STEP 169 ] Bit #088 = '1' → Using Private_Key_Odd
  Next_Pubkey.Gx = 0x4d4cca7c7120cb3d54...f53ee095
  Next_Pubkey.Gy = 0x55c358d015dd9e7325...df24e1c0
[ STEP 170 ] Bit #087 = '0' → Using Private_Key_Even
  Next_Pubkey.Gx = 0x56903ecdb3640ba244...c85e7eb6
  Next_Pubkey.Gy = 0x994234c560dce2f0e3...be975358
[ STEP 171 ] Bit #086 = '1' → Using Private_Key_Odd
  Next_Pubkey.Gx = 0x218b61103a2d22b2e1...6fa01913
  Next_Pubkey.Gy = 0xf9dd6e5f3ecf765866...d00435a8
[ STEP 172 ] Bit #085 = '1' → Using Private_Key_Odd
  Next_Pubkey.Gx = 0x4e5a4959b867d8ebf6...c4eeddb4
  Next_Pubkey.Gy = 0x7b86b5347a77539090...8434e232
[ STEP 173 ] Bit #084 = '0' → Using Private_Key_Even
  Next_Pubkey.Gx = 0x46278d4bc3b1106712...e3766b88
  Next_Pubkey.Gy = 0xb8810e3a5de883c6fc...5598a896
[ STEP 174 ] Bit #083 = '1' → Using Private_Key_Odd
  Next_Pubkey.Gx = 0xaffa116032b3bf9337...06492b2d
  Next_Pubkey.Gy = 0x2de198ab053620a3b3...ebf3a554
[ STEP 175 ] Bit #082 = '0' → Using Private_Key_Even
  Next_Pubkey.Gx = 0x17f966ca72967031a0...462db91b
  Next_Pubkey.Gy = 0xbc702fd4b81aa4d8b9...f2bf47ed
[ STEP 176 ] Bit #081 = '0' → Using Private_Key_Even
  Next_Pubkey.Gx = 0xf3bb6c3eb2099f9e52...9e06f3c5
  Next_Pubkey.Gy = 0xbd35ffeb7e49e3a0e5...ee3ae16f
[ STEP 177 ] Bit #080 = '1' → Using Private_Key_Odd
  Next_Pubkey.Gx = 0x49a890f67e3dfd2378...dbe1c4e7
  Next_Pubkey.Gy = 0x8a563569128e22a36a...ae2ad991
[ STEP 178 ] Bit #079 = '1' → Using Private_Key_Odd
  Next_Pubkey.Gx = 0x51c6bcac502d366829...3e34a7fd
  Next_Pubkey.Gy = 0xccd3a7eb3e63fbfc8f...508e6f2f
[ STEP 179 ] Bit #078 = '0' → Using Private_Key_Even
  Next_Pubkey.Gx = 0x33fffe7ed0bcfa9973...841c9c38
  Next_Pubkey.Gy = 0x21534394c79c1a2646...94d0d9d8
[ STEP 180 ] Bit #077 = '0' → Using Private_Key_Even
  Next_Pubkey.Gx = 0x3dc8c0def4a3ed41a7...2a0e9447
  Next_Pubkey.Gy = 0xf973189734c47dda5d...ff3c96d7
[ STEP 181 ] Bit #076 = '0' → Using Private_Key_Even
  Next_Pubkey.Gx = 0xdcad66931cf158f66d...19dda14f
  Next_Pubkey.Gy = 0x71721870659c2ce2d0...a54e2325
[ STEP 182 ] Bit #075 = '0' → Using Private_Key_Even
  Next_Pubkey.Gx = 0xed9213b59635e2ed99...a7103f85
  Next_Pubkey.Gy = 0x7cd2eec64cdc96a62d...f2fc2056
[ STEP 183 ] Bit #074 = '0' → Using Private_Key_Even
  Next_Pubkey.Gx = 0x2594236faaf0e19514...a2db219d
  Next_Pubkey.Gy = 0xa742e55894381f287b...29ed9b28
[ STEP 184 ] Bit #073 = '1' → Using Private_Key_Odd
  Next_Pubkey.Gx = 0x1b649bd728f8174f38...d2ca20ff
  Next_Pubkey.Gy = 0x938fbe5159ecac417e...ce9b2891
[ STEP 185 ] Bit #072 = '1' → Using Private_Key_Odd
  Next_Pubkey.Gx = 0x79ae9e96c9b09e28a5...739bf325
  Next_Pubkey.Gy = 0xecf56f4725d3da01ea...a4134469
[ STEP 186 ] Bit #071 = '0' → Using Private_Key_Even
  Next_Pubkey.Gx = 0x38f5cf1d693302b892...cc5eb3c8
  Next_Pubkey.Gy = 0x1b0637fbd206828498...ce7e051e
[ STEP 187 ] Bit #070 = '0' → Using Private_Key_Even
  Next_Pubkey.Gx = 0x18ac9efcdfb4ab307f...4aa44751
  Next_Pubkey.Gy = 0xdb749de8b3512494ce...a41e143c
[ STEP 188 ] Bit #069 = '1' → Using Private_Key_Odd
  Next_Pubkey.Gx = 0xa813229b9bde17c76b...6452fa98
  Next_Pubkey.Gy = 0xcb22aa8eb1eb06a846...0a087bc7
[ STEP 189 ] Bit #068 = '1' → Using Private_Key_Odd
  Next_Pubkey.Gx = 0xf8610dddcd9e044b2c...682ef80c
  Next_Pubkey.Gy = 0xf33012337d9713027d...287a2983
[ STEP 190 ] Bit #067 = '0' → Using Private_Key_Even
  Next_Pubkey.Gx = 0x75d0d4e1dfd42e48e1...3744fcc8
  Next_Pubkey.Gy = 0xc7e1acec44b6bc7ac7...49506937
[ STEP 191 ] Bit #066 = '1' → Using Private_Key_Odd
  Next_Pubkey.Gx = 0x3d7638e254a95a95e1...f4513b34
  Next_Pubkey.Gy = 0x79c99b863c94b4ef2d...c6a8f98a
[ STEP 192 ] Bit #065 = '1' → Using Private_Key_Odd
  Next_Pubkey.Gx = 0x2f9aa80972aeb61011...fd6442d3
  Next_Pubkey.Gy = 0x85e958ffd45ce74f99...72f766b9
[ STEP 193 ] Bit #064 = '1' → Using Private_Key_Odd
  Next_Pubkey.Gx = 0x62057c0325f4900995...d99c343d
  Next_Pubkey.Gy = 0x465fe161b383a5f005...0ff57a5a
[ STEP 194 ] Bit #063 = '0' → Using Private_Key_Even
  Next_Pubkey.Gx = 0x4a45827130fc6f345a...e8d1b4a2
  Next_Pubkey.Gy = 0x7353368fa7dbcbe29a...802c36b6
[ STEP 195 ] Bit #062 = '1' → Using Private_Key_Odd
  Next_Pubkey.Gx = 0xde3fd9ea810350d6e1...74236a22
  Next_Pubkey.Gy = 0x1ecf0a902d7605c521...ef675bcc
[ STEP 196 ] Bit #061 = '1' → Using Private_Key_Odd
  Next_Pubkey.Gx = 0x496fda8ff2f6520e32...13efe817
  Next_Pubkey.Gy = 0x85a210db73e1a2a6e2...8cab56f0
[ STEP 197 ] Bit #060 = '0' → Using Private_Key_Even
  Next_Pubkey.Gx = 0x59652ea0faa2ef261f...184f852d
  Next_Pubkey.Gy = 0x703b97d8a13af02547...19a35136
[ STEP 198 ] Bit #059 = '1' → Using Private_Key_Odd
  Next_Pubkey.Gx = 0xa0e121334cd4f9008c...521e3a90
  Next_Pubkey.Gy = 0x2b5f9a623856ce4cf5...3066ad32
[ STEP 199 ] Bit #058 = '1' → Using Private_Key_Odd
  Next_Pubkey.Gx = 0x1769c908b6178499c4...6ceab6ef
  Next_Pubkey.Gy = 0xd907dfecc77e65071e...086f2e28
[ STEP 200 ] Bit #057 = '1' → Using Private_Key_Odd
  Next_Pubkey.Gx = 0xeef237b537fa97cb34...c7c5ccb0
  Next_Pubkey.Gy = 0xf236797a512c6421cb...1e98afdd
[ STEP 201 ] Bit #056 = '0' → Using Private_Key_Even
  Next_Pubkey.Gx = 0xfb82d797735fd22835...766b5f07
  Next_Pubkey.Gy = 0x8ce34cfe70e9d5949b...99ba60ec
[ STEP 202 ] Bit #055 = '1' → Using Private_Key_Odd
  Next_Pubkey.Gx = 0x7464f59a07fcde4855...2ead7141
  Next_Pubkey.Gy = 0x5bf907a209edc83b87...51730d26
[ STEP 203 ] Bit #054 = '0' → Using Private_Key_Even
  Next_Pubkey.Gx = 0xaec511bcc6ebdb55cc...36bcdff0
  Next_Pubkey.Gy = 0x14aace92a3b255db06...591fe2dd
[ STEP 204 ] Bit #053 = '1' → Using Private_Key_Odd
  Next_Pubkey.Gx = 0x60b5330de8c6a0c955...b013994f
  Next_Pubkey.Gy = 0xaa367d8171bcb9bc73...ddd3658a
[ STEP 205 ] Bit #052 = '1' → Using Private_Key_Odd
  Next_Pubkey.Gx = 0xfab1d320e284157de1...a18676bf
  Next_Pubkey.Gy = 0xb70eff7f492c1d52d9...c63b84d6
[ STEP 206 ] Bit #051 = '1' → Using Private_Key_Odd
  Next_Pubkey.Gx = 0x9068cb280745f5d30e...bddf8918
  Next_Pubkey.Gy = 0xcde2d8b8e0598843e6...4d9cd38e
[ STEP 207 ] Bit #050 = '1' → Using Private_Key_Odd
  Next_Pubkey.Gx = 0xa581229c8b751473e5...d116b141
  Next_Pubkey.Gy = 0x92d74f438a69f89fa6...13773ca5
[ STEP 208 ] Bit #049 = '1' → Using Private_Key_Odd
  Next_Pubkey.Gx = 0x1450d6d8637b8073a5...03bab504
  Next_Pubkey.Gy = 0xb3a52d519ece2f9260...f373edc4
[ STEP 209 ] Bit #048 = '0' → Using Private_Key_Even
  Next_Pubkey.Gx = 0xa9af58fe902bd48e37...d8346d0f
  Next_Pubkey.Gy = 0x1c211ac70b613ba579...4fd222c3
[ STEP 210 ] Bit #047 = '0' → Using Private_Key_Even
  Next_Pubkey.Gx = 0xe0147926e0edee47b4...bb58e86d
  Next_Pubkey.Gy = 0x8f3ac117cc2aaf20d2...28ae596c
[ STEP 211 ] Bit #046 = '1' → Using Private_Key_Odd
  Next_Pubkey.Gx = 0x8f0a5a07e14a136efc...58d6aa40
  Next_Pubkey.Gy = 0x7fa92916374041ad65...90c4b968
[ STEP 212 ] Bit #045 = '1' → Using Private_Key_Odd
  Next_Pubkey.Gx = 0xe9dba43fcd89a29ede...1f55514a
  Next_Pubkey.Gy = 0x302d94c30d504d45da...b4eb2623
[ STEP 213 ] Bit #044 = '1' → Using Private_Key_Odd
  Next_Pubkey.Gx = 0xb5a7eb6f1b4ab8c0ab...7bd58954
  Next_Pubkey.Gy = 0x60422da5625748c3e5...b32ef709
[ STEP 214 ] Bit #043 = '0' → Using Private_Key_Even
  Next_Pubkey.Gx = 0xf37a46125941cbcfaa...e5b1e003
  Next_Pubkey.Gy = 0x874a6e40a5e6e5a168...4544af71
[ STEP 215 ] Bit #042 = '0' → Using Private_Key_Even
  Next_Pubkey.Gx = 0xd041b5348b48307466...7b22d3e6
  Next_Pubkey.Gy = 0xf03693831ee425cd56...0e772fb5
[ STEP 216 ] Bit #041 = '1' → Using Private_Key_Odd
  Next_Pubkey.Gx = 0x430e35709708a76614...4ea1fb64
  Next_Pubkey.Gy = 0xc9a2959692ef1c17fa...25516fe4
[ STEP 217 ] Bit #040 = '0' → Using Private_Key_Even
  Next_Pubkey.Gx = 0x5910f5d9ff585b4c6b...92cfa3a2
  Next_Pubkey.Gy = 0x9d89fc1cd9f85f20f4...e06f8bbc
[ STEP 218 ] Bit #039 = '1' → Using Private_Key_Odd
  Next_Pubkey.Gx = 0x6a4ca9fd63a3a942d7...cd7f22fc
  Next_Pubkey.Gy = 0x69b68289f9923e2b54...1be67849
[ STEP 219 ] Bit #038 = '1' → Using Private_Key_Odd
  Next_Pubkey.Gx = 0xf434232ac72893e863...d76de632
  Next_Pubkey.Gy = 0x7d62cb6bdb6fad7a1a...e0959f94
[ STEP 220 ] Bit #037 = '1' → Using Private_Key_Odd
  Next_Pubkey.Gx = 0x1f4580a17bc90c89b9...ab479765
  Next_Pubkey.Gy = 0x45355413205e13bc22...59a27030
[ STEP 221 ] Bit #036 = '0' → Using Private_Key_Even
  Next_Pubkey.Gx = 0x6a07b6098e5d6f66c3...a879e6d4
  Next_Pubkey.Gy = 0x6d891832520356c5e5...4c2a3f2b
[ STEP 222 ] Bit #035 = '1' → Using Private_Key_Odd
  Next_Pubkey.Gx = 0x754dd1b2bb7cc0983a...f59c05c8
  Next_Pubkey.Gy = 0x61d08fa59758d35380...523ad2a8
[ STEP 223 ] Bit #034 = '0' → Using Private_Key_Even
  Next_Pubkey.Gx = 0xdb9b289c019c7ef687...35151367
  Next_Pubkey.Gy = 0x84bdf1876125d737a8...b089c6f0
[ STEP 224 ] Bit #033 = '0' → Using Private_Key_Even
  Next_Pubkey.Gx = 0x2938c6cc47936e9064...6fc8820b
  Next_Pubkey.Gy = 0x97908275fa06dae1f7...b6867e50
[ STEP 225 ] Bit #032 = '0' → Using Private_Key_Even
  Next_Pubkey.Gx = 0x2ffe537aeb1b456cb7...3abb204d
  Next_Pubkey.Gy = 0xb9df273d5607596b5f...5380e089
[ STEP 226 ] Bit #031 = '0' → Using Private_Key_Even
  Next_Pubkey.Gx = 0x936b6138b8c69ed15f...a4c8a0e5
  Next_Pubkey.Gy = 0xb68ac2c9ec6643cfe2...e7a5bbeb
[ STEP 227 ] Bit #030 = '0' → Using Private_Key_Even
  Next_Pubkey.Gx = 0x8113789fd3e894aa30...483393f2
  Next_Pubkey.Gy = 0x9f8d704b0ee9bc9ebe...e0e1a10c
[ STEP 228 ] Bit #029 = '0' → Using Private_Key_Even
  Next_Pubkey.Gx = 0x5f5501103a02ab3b3c...0196cf70
  Next_Pubkey.Gy = 0xbf55b16a613b7fe1cc...9599ed50
[ STEP 229 ] Bit #028 = '0' → Using Private_Key_Even
  Next_Pubkey.Gx = 0xed6356735e34fe745d...2abe9582
  Next_Pubkey.Gy = 0x38f9b8cb1de0332f98...7cbe7974
[ STEP 230 ] Bit #027 = '0' → Using Private_Key_Even
  Next_Pubkey.Gx = 0xa3a823e509fca2b5a4...b6dc0337
  Next_Pubkey.Gy = 0x9971e18663a783e931...3a8c7442
[ STEP 231 ] Bit #026 = '1' → Using Private_Key_Odd
  Next_Pubkey.Gx = 0x614b1656f269999843...328fe115
  Next_Pubkey.Gy = 0x180c7a1cfe934a53d8...9759c3da
[ STEP 232 ] Bit #025 = '0' → Using Private_Key_Even
  Next_Pubkey.Gx = 0xfb76e4ed49e8f6d656...c1623e5c
  Next_Pubkey.Gy = 0x2196ffc49ad51159ed...d277384b
[ STEP 233 ] Bit #024 = '1' → Using Private_Key_Odd
  Next_Pubkey.Gx = 0xec9bf86b85b349f98d...ac47974b
  Next_Pubkey.Gy = 0xe4a2b18666a507611b...8be5ef1a
[ STEP 234 ] Bit #023 = '1' → Using Private_Key_Odd
  Next_Pubkey.Gx = 0xed040d790fbea73414...dd6d97d2
  Next_Pubkey.Gy = 0x3f99b3b7b6a8fa416d...b4410eb2
[ STEP 235 ] Bit #022 = '1' → Using Private_Key_Odd
  Next_Pubkey.Gx = 0x3dd079b3ebc05b9a03...a9e9f588
  Next_Pubkey.Gy = 0xf3d28c01705da18658...07470c31
[ STEP 236 ] Bit #021 = '0' → Using Private_Key_Even
  Next_Pubkey.Gx = 0xc4424b8eaac57b0363...48cab405
  Next_Pubkey.Gy = 0xbdb8a6b5fddaa1e76d...0687809a
[ STEP 237 ] Bit #020 = '1' → Using Private_Key_Odd
  Next_Pubkey.Gx = 0x3b8c2564ae4a3403fc...ccc09e3e
  Next_Pubkey.Gy = 0x43339447148484c9e3...420f3493
[ STEP 238 ] Bit #019 = '0' → Using Private_Key_Even
  Next_Pubkey.Gx = 0x397081f248e4a061ed...33276a4f
  Next_Pubkey.Gy = 0x9f13f2b6e7ba639368...9764fc1a
[ STEP 239 ] Bit #018 = '0' → Using Private_Key_Even
  Next_Pubkey.Gx = 0x950965ad16a7f5a91e...a2e5cd19
  Next_Pubkey.Gy = 0x9118ad8f388d02ff9c...b79640ec
[ STEP 240 ] Bit #017 = '0' → Using Private_Key_Even
  Next_Pubkey.Gx = 0x937ab57e16d14c4170...70c4e0ff
  Next_Pubkey.Gy = 0x1a648120e3f72fe6b6...d7327fd6
[ STEP 241 ] Bit #016 = '1' → Using Private_Key_Odd
  Next_Pubkey.Gx = 0xc08fe015244e26698f...b26b7fd2
  Next_Pubkey.Gy = 0x681ae375b844a375c2...57b611ab
[ STEP 242 ] Bit #015 = '0' → Using Private_Key_Even
  Next_Pubkey.Gx = 0x49bab1b84dac002b7b...c8c96f3e
  Next_Pubkey.Gy = 0xc32d2e571af9a0e761...3fb151ce
[ STEP 243 ] Bit #014 = '0' → Using Private_Key_Even
  Next_Pubkey.Gx = 0xfb2ff42c51da8ea549...7cf353f0
  Next_Pubkey.Gy = 0xc448f0d4ca76d1ed18...d95b832d
[ STEP 244 ] Bit #013 = '1' → Using Private_Key_Odd
  Next_Pubkey.Gx = 0xef4e51e6052ebff29a...4f8b5cce
  Next_Pubkey.Gy = 0x401ffc8c9156e914e0...e00c697d
[ STEP 245 ] Bit #012 = '0' → Using Private_Key_Even
  Next_Pubkey.Gx = 0x52805f9a2668e95e9a...93b4092f
  Next_Pubkey.Gy = 0x38025ceca508d308ca...f856b812
[ STEP 246 ] Bit #011 = '0' → Using Private_Key_Even
  Next_Pubkey.Gx = 0x5ee36566586ac0647f...4feb5ab3
  Next_Pubkey.Gy = 0xc9bf41bf109dde5983...c6b4cd8f
[ STEP 247 ] Bit #010 = '1' → Using Private_Key_Odd
  Next_Pubkey.Gx = 0xc21c359e3e3e2836f1...552fbda9
  Next_Pubkey.Gy = 0x148d7d1979a5aa1ff4...681870fc
[ STEP 248 ] Bit #009 = '0' → Using Private_Key_Even
  Next_Pubkey.Gx = 0x31eea9e6cdfd4feebc...f855a903
  Next_Pubkey.Gy = 0x5c1a20df4213954f44...66168951
[ STEP 249 ] Bit #008 = '1' → Using Private_Key_Odd
  Next_Pubkey.Gx = 0x24ed17f8c479e72c50...17bad126
  Next_Pubkey.Gy = 0x2794a98c7f87b05883...c37faf55
[ STEP 250 ] Bit #007 = '1' → Using Private_Key_Odd
  Next_Pubkey.Gx = 0x6f6f16c2ee153545f4...56669e54
  Next_Pubkey.Gy = 0xebf476d4e0983db4fc...c09cd7b8
[ STEP 251 ] Bit #006 = '0' → Using Private_Key_Even
  Next_Pubkey.Gx = 0x530efc9b6dc86e9bd8...8c9742b3
  Next_Pubkey.Gy = 0xd78daeadb26faf7d98...cb8d29a4
[ STEP 252 ] Bit #005 = '1' → Using Private_Key_Odd
  Next_Pubkey.Gx = 0xb3fd35a9d05e4fafaf...a9b43135
  Next_Pubkey.Gy = 0x7cc07064a9296dffcb...c8b8abc1
[ STEP 253 ] Bit #004 = '1' → Using Private_Key_Odd
  Next_Pubkey.Gx = 0x3cd285e8bbbba1c2db...8b9cbd53
  Next_Pubkey.Gy = 0xed2c3c7f69d1a87334...12185dff
[ STEP 254 ] Bit #003 = '1' → Using Private_Key_Odd
  Next_Pubkey.Gx = 0xbdf87b9644f081bd99...4b38e586
  Next_Pubkey.Gy = 0x7ed57c48cfc71ac885...21335e37
[ STEP 255 ] Bit #002 = '1' → Using Private_Key_Odd
  Next_Pubkey.Gx = 0x22d2cbe7a1efec242b...17c1a8cc
  Next_Pubkey.Gy = 0x2e0d5c84df58d45d92...4fba15a3
[ STEP 256 ] Bit #001 = '1' → Using Private_Key_Odd
  Next_Pubkey.Gx = 0x60a2be0b3b073dadcd...c20e2a97
  Next_Pubkey.Gy = 0x9df8b7317cf1df0dd7...80601d21
──────────────────────────────────────────────────────────────────────────────
[ RUN ] Scalar multiplication cycle COMPLETE.
[ RUN ] Press BIN to HEX to convert the accumulated bit sequence.
──────────────────────────────────────────────────────────────────────────────
Private Key Hexadecimal Format (64 characters [0-9A-F]):
FB4917402E9CFAEDD9832D4C57119DD424431CE7BC1ED263D61B01B4B7CDEF24
──────────────────────────────────────────────────────────────────────────────
──────────────────────────────────────────────────────────────────────────────
Private Key WIF (uncompressed):
5KixLFDJBYAmvKuRNtj3b9aWpM2pA5KHUCuuwmuGPwaAErY65i1
Private Key WIF (compressed):
L5eBDwjGqWa9GNSNbdJaRirvbyR1943hh5aYgmBgxFsMmfXz5D2P
──────────────────────────────────────────────────────────────────────────────