◈ BTCDetect Software Even and ODD v3.5 — Crypto Research Interface
──────────────────────────────────────────────────────────────────────────────
[ REVERSE ] All fields cleared. Enter a new Bitcoin Address.
──────────────────────────────────────────────────────────────────────────────
[ EXTRACT ] Bitcoin Address: 1CaUiP1BvwJkU2o5tnEDoUe8XKLWxAzsSN
[ EXTRACT ] Querying Blockstream API...
[ EXTRACT ] Public Key found:
  03eb75f450f90c9677cac8acda45bd1a93f79820189102d4aad4a1f4c2a9df7aa5
  Gx = 0xeb75f450f90c9677cac8acda45bd1a93f79820189102d4aad4a1f4c2a9df7aa5
  Gy = 0xbc89ef610cd9c7b2f995abd11e16259383454f0a9f589990bd4d110e9f37291
[ EXTRACT ] Ready. Press RUN to start scalar multiplication.
──────────────────────────────────────────────────────────────────────────────
[ RUN ] Starting scalar multiplication cycle...
[ RUN ] Total bits: 256
[ STEP 001 ] Bit #256 = '0' → Using Private_Key_Even
  Next_Pubkey.Gx = 0x39f558ca2fb7bbdd9f...69e23d62
  Next_Pubkey.Gy = 0x1d3d380b2b8a6b1e3c...a431f0f1
[ STEP 002 ] Bit #255 = '0' → Using Private_Key_Even
  Next_Pubkey.Gx = 0xb8baf16b314264860b...68ffe5cb
  Next_Pubkey.Gy = 0x96e18baad94fbfc106...7894a8f2
[ STEP 003 ] Bit #254 = '1' → Using Private_Key_Odd
  Next_Pubkey.Gx = 0x1c83a2d0c77b37aa73...953ec014
  Next_Pubkey.Gy = 0xb6bb9a5262d892801f...3b55995c
[ STEP 004 ] Bit #253 = '0' → Using Private_Key_Even
  Next_Pubkey.Gx = 0xba7cae4ab71e31b74d...33381f6e
  Next_Pubkey.Gy = 0x2d1d9d3fa3347c52b3...c91cb127
[ STEP 005 ] Bit #252 = '1' → Using Private_Key_Odd
  Next_Pubkey.Gx = 0x9057c14c6484e6636d...f745d950
  Next_Pubkey.Gy = 0x5bc3c49ee2b66230d4...bf002709
[ STEP 006 ] Bit #251 = '0' → Using Private_Key_Even
  Next_Pubkey.Gx = 0xfc161a66aea40ee461...dccc3a2b
  Next_Pubkey.Gy = 0x38df2251969ddd0511...9c128cca
[ STEP 007 ] Bit #250 = '0' → Using Private_Key_Even
  Next_Pubkey.Gx = 0xdd8de9a3531e200f9a...c380e4d0
  Next_Pubkey.Gy = 0xdcfdc1a8739f2654a1...0131fbc1
[ STEP 008 ] Bit #249 = '0' → Using Private_Key_Even
  Next_Pubkey.Gx = 0xc45dfce0cda063d28c...91cd7d60
  Next_Pubkey.Gy = 0xc95bd0300fe092b894...0e67f2de
[ STEP 009 ] Bit #248 = '1' → Using Private_Key_Odd
  Next_Pubkey.Gx = 0xb284e0745c760b2c62...4d9b79e1
  Next_Pubkey.Gy = 0x6b480783d6c63b044c...4da20426
[ STEP 010 ] Bit #247 = '1' → Using Private_Key_Odd
  Next_Pubkey.Gx = 0xf4424014950d8e781a...67546930
  Next_Pubkey.Gy = 0xb5a813093f2147a9ec...bfedc54b
[ STEP 011 ] Bit #246 = '1' → Using Private_Key_Odd
  Next_Pubkey.Gx = 0x48466aa0698e9c8ea1...9540adb9
  Next_Pubkey.Gy = 0xf614d1dbedf21541c2...72d342ff
[ STEP 012 ] Bit #245 = '0' → Using Private_Key_Even
  Next_Pubkey.Gx = 0xe224117068167db58a...c318e34d
  Next_Pubkey.Gy = 0xaef3796618610d5efd...b5c9ecef
[ STEP 013 ] Bit #244 = '0' → Using Private_Key_Even
  Next_Pubkey.Gx = 0xf8fb3171d7cbb158a4...668ddc43
  Next_Pubkey.Gy = 0xcacef3e5b08c87d4ce...318f0e1f
[ STEP 014 ] Bit #243 = '1' → Using Private_Key_Odd
  Next_Pubkey.Gx = 0xbdad652011277947b9...7a08a393
  Next_Pubkey.Gy = 0x6d2390f0215dfff8b6...f2dcad5b
[ STEP 015 ] Bit #242 = '1' → Using Private_Key_Odd
  Next_Pubkey.Gx = 0xf3fc7296e9eea801e0...f2c4d517
  Next_Pubkey.Gy = 0x2bc33fac5f516f0c36...adef15e4
[ STEP 016 ] Bit #241 = '1' → Using Private_Key_Odd
  Next_Pubkey.Gx = 0x80f789d6657e581b88...f182a3e5
  Next_Pubkey.Gy = 0x695fc88905654245e3...fb808a2d
[ STEP 017 ] Bit #240 = '1' → Using Private_Key_Odd
  Next_Pubkey.Gx = 0xd0c96c83377ff7f561...2f4b31b0
  Next_Pubkey.Gy = 0xd1b07b7bd9ec8a5970...84a3154f
[ STEP 018 ] Bit #239 = '1' → Using Private_Key_Odd
  Next_Pubkey.Gx = 0x74ecdb0d298e45c587...9c23d427
  Next_Pubkey.Gy = 0x83c38810c0040d08be...e7db35d4
[ STEP 019 ] Bit #238 = '0' → Using Private_Key_Even
  Next_Pubkey.Gx = 0x2e6588c02690f49f13...40eaa6ec
  Next_Pubkey.Gy = 0xd8059b1582fd3d4f36...030550bb
[ STEP 020 ] Bit #237 = '0' → Using Private_Key_Even
  Next_Pubkey.Gx = 0x9f9c3d98e2b2ded778...bd735a3c
  Next_Pubkey.Gy = 0xca6eaeefd3f66c460f...efcfb9b7
[ STEP 021 ] Bit #236 = '1' → Using Private_Key_Odd
  Next_Pubkey.Gx = 0x96d298a53f2846d530...fd1e4afa
  Next_Pubkey.Gy = 0xa6f7f0e1a9c5bc9567...974f1bee
[ STEP 022 ] Bit #235 = '1' → Using Private_Key_Odd
  Next_Pubkey.Gx = 0x73a8c521672c1f1747...644795fa
  Next_Pubkey.Gy = 0xfe812d91a5ea963a96...748ba45e
[ STEP 023 ] Bit #234 = '1' → Using Private_Key_Odd
  Next_Pubkey.Gx = 0x99ddbbada32d760301...d65549e4
  Next_Pubkey.Gy = 0x379aab41b6e40879de...5a4b59f0
[ STEP 024 ] Bit #233 = '0' → Using Private_Key_Even
  Next_Pubkey.Gx = 0x6ed1479cd6215730e3...9cdaaef0
  Next_Pubkey.Gy = 0xec07c86b02d0c57e2e...a0433f3e
[ STEP 025 ] Bit #232 = '0' → Using Private_Key_Even
  Next_Pubkey.Gx = 0x4ab9806349d20ac8f5...66302680
  Next_Pubkey.Gy = 0x1677fabae4db8c959c...e559f290
[ STEP 026 ] Bit #231 = '0' → Using Private_Key_Even
  Next_Pubkey.Gx = 0x7a75a6c39a60d04d19...f305a75a
  Next_Pubkey.Gy = 0x34caffbdd57343df96...4b2cb450
[ STEP 027 ] Bit #230 = '0' → Using Private_Key_Even
  Next_Pubkey.Gx = 0xce5efe38a4976bac54...f9da36bf
  Next_Pubkey.Gy = 0xb7481869e614fa9248...24e5cf51
[ STEP 028 ] Bit #229 = '1' → Using Private_Key_Odd
  Next_Pubkey.Gx = 0xb9c3de656a3f07ecb3...9197e11e
  Next_Pubkey.Gy = 0x118c75d4e2f5229132...28793559
[ STEP 029 ] Bit #228 = '1' → Using Private_Key_Odd
  Next_Pubkey.Gx = 0xb6052c84893ffe2559...f39435ee
  Next_Pubkey.Gy = 0x25384ea5d3a52f1685...1473d3c4
[ STEP 030 ] Bit #227 = '1' → Using Private_Key_Odd
  Next_Pubkey.Gx = 0x9faf82a8e11c4f3113...d9f0c9dd
  Next_Pubkey.Gy = 0x3cbef51030b20f6c5d...44a648de
[ STEP 031 ] Bit #226 = '0' → Using Private_Key_Even
  Next_Pubkey.Gx = 0xd503b093a3052d2406...21f126ba
  Next_Pubkey.Gy = 0xb1dc9b0b74c787d853...be08ee5f
[ STEP 032 ] Bit #225 = '1' → Using Private_Key_Odd
  Next_Pubkey.Gx = 0xd08c1a1b51bd757433...a7c38b70
  Next_Pubkey.Gy = 0xdf7c61fc2da5973c84...08cb22fd
[ STEP 033 ] Bit #224 = '0' → Using Private_Key_Even
  Next_Pubkey.Gx = 0x8996b1fc76ddf24c11...8a75c7c2
  Next_Pubkey.Gy = 0xe4c45093cd7798e4b6...a466abe2
[ STEP 034 ] Bit #223 = '0' → Using Private_Key_Even
  Next_Pubkey.Gx = 0x7f54063d7f5eac861b...4854c40e
  Next_Pubkey.Gy = 0x96c14313b13a6c41be...8616f19a
[ STEP 035 ] Bit #222 = '1' → Using Private_Key_Odd
  Next_Pubkey.Gx = 0xd25f1bd73b446d87b9...db32faf3
  Next_Pubkey.Gy = 0x117ef56b013e547b81...2fff3e94
[ STEP 036 ] Bit #221 = '1' → Using Private_Key_Odd
  Next_Pubkey.Gx = 0xcfb4cdacf1ee440ed6...0dd3e94f
  Next_Pubkey.Gy = 0xc76789772273813679...85636bf6
[ STEP 037 ] Bit #220 = '1' → Using Private_Key_Odd
  Next_Pubkey.Gx = 0xcc83de2a63986eae91...f2587140
  Next_Pubkey.Gy = 0x610717f125a5165093...73012b04
[ STEP 038 ] Bit #219 = '1' → Using Private_Key_Odd
  Next_Pubkey.Gx = 0xd099f386fe7179b67b...fa951f09
  Next_Pubkey.Gy = 0xfb84c2783923214b37...2e451361
[ STEP 039 ] Bit #218 = '0' → Using Private_Key_Even
  Next_Pubkey.Gx = 0xace63d7dfd295cd953...e814eaab
  Next_Pubkey.Gy = 0xa4d24b2ee005785213...fb208ec4
[ STEP 040 ] Bit #217 = '1' → Using Private_Key_Odd
  Next_Pubkey.Gx = 0xc6b68722d31147834f...190aa929
  Next_Pubkey.Gy = 0x74bec567d29bc5e55a...d708d7b9
[ STEP 041 ] Bit #216 = '0' → Using Private_Key_Even
  Next_Pubkey.Gx = 0x61341736a4b3efca4c...095199aa
  Next_Pubkey.Gy = 0xf20ed076c213868249...fb2d8991
[ STEP 042 ] Bit #215 = '0' → Using Private_Key_Even
  Next_Pubkey.Gx = 0x979606f3dc74129aa8...103f810d
  Next_Pubkey.Gy = 0x2958756203b1f027c0...e991c993
[ STEP 043 ] Bit #214 = '1' → Using Private_Key_Odd
  Next_Pubkey.Gx = 0x2bd85372ee85808f0d...1ddfd8f7
  Next_Pubkey.Gy = 0xf026ed922a29b7b1cb...ddef7b45
[ STEP 044 ] Bit #213 = '0' → Using Private_Key_Even
  Next_Pubkey.Gx = 0xe659476c74d7a66c35...03f7f97b
  Next_Pubkey.Gy = 0x3c0d036f9f260a2623...8e1107e5
[ STEP 045 ] Bit #212 = '0' → Using Private_Key_Even
  Next_Pubkey.Gx = 0x32544a6a89d3fd1407...a7981177
  Next_Pubkey.Gy = 0xfa76950b8aa71b4617...ddb7fbc6
[ STEP 046 ] Bit #211 = '1' → Using Private_Key_Odd
  Next_Pubkey.Gx = 0x4f50275786634a7e60...b480b965
  Next_Pubkey.Gy = 0x6cca94c2cac0512652...f35b240f
[ STEP 047 ] Bit #210 = '0' → Using Private_Key_Even
  Next_Pubkey.Gx = 0xd224105f17c50b2684...a2bc1d51
  Next_Pubkey.Gy = 0x7b495d9cd675e438ee...bfaf5d69
[ STEP 048 ] Bit #209 = '0' → Using Private_Key_Even
  Next_Pubkey.Gx = 0xbdf402e4597ab40a5c...8e17e49d
  Next_Pubkey.Gy = 0x42d44be990218b1d90...c07d7799
[ STEP 049 ] Bit #208 = '1' → Using Private_Key_Odd
  Next_Pubkey.Gx = 0x652981ef0cdba0352b...b828bb0a
  Next_Pubkey.Gy = 0x8007f7f99cfac19340...8cb57f16
[ STEP 050 ] Bit #207 = '0' → Using Private_Key_Even
  Next_Pubkey.Gx = 0x7dc0da31cca6291081...a9a740b3
  Next_Pubkey.Gy = 0xe38d1d39090218ad31...a14f1e9b
[ STEP 051 ] Bit #206 = '1' → Using Private_Key_Odd
  Next_Pubkey.Gx = 0x39b22bff39f73b342a...dc209121
  Next_Pubkey.Gy = 0xfcf8d81d95849ca736...0f408845
[ STEP 052 ] Bit #205 = '0' → Using Private_Key_Even
  Next_Pubkey.Gx = 0xac2bf52e77922a0923...38a65a0a
  Next_Pubkey.Gy = 0x26a36128f9ea905ba4...304cbf3e
[ STEP 053 ] Bit #204 = '0' → Using Private_Key_Even
  Next_Pubkey.Gx = 0x2bd1c4995f0b39ad9e...2097fcf8
  Next_Pubkey.Gy = 0xc45b79dad718a198dc...418c0986
[ STEP 054 ] Bit #203 = '0' → Using Private_Key_Even
  Next_Pubkey.Gx = 0x4c6ddb78987d4bf186...413a60de
  Next_Pubkey.Gy = 0xcbc1932a6de9ed90db...91eb4866
[ STEP 055 ] Bit #202 = '0' → Using Private_Key_Even
  Next_Pubkey.Gx = 0x33e7a18bf058b26efa...ce23cca2
  Next_Pubkey.Gy = 0x8742ab932330e9ccf7...a352f49b
[ STEP 056 ] Bit #201 = '1' → Using Private_Key_Odd
  Next_Pubkey.Gx = 0x1a63e5c5a4bde6f50c...2137f188
  Next_Pubkey.Gy = 0x37599a635b9742ef63...8953083b
[ STEP 057 ] Bit #200 = '0' → Using Private_Key_Even
  Next_Pubkey.Gx = 0xa848f994f40764c279...cd7f6766
  Next_Pubkey.Gy = 0xfe37ff0f8c899f7a4c...30cecb9b
[ STEP 058 ] Bit #199 = '0' → Using Private_Key_Even
  Next_Pubkey.Gx = 0x29a4c7cbc6853f5120...4c39b107
  Next_Pubkey.Gy = 0xfb99e02b92decaed15...563b5670
[ STEP 059 ] Bit #198 = '0' → Using Private_Key_Even
  Next_Pubkey.Gx = 0x9bf2a7923f137231b2...920b2ae4
  Next_Pubkey.Gy = 0x1f72d596763393aaac...bab52faa
[ STEP 060 ] Bit #197 = '1' → Using Private_Key_Odd
  Next_Pubkey.Gx = 0x15f7e0d93fb9a66eed...d2441e19
  Next_Pubkey.Gy = 0xd88f7c1984f154d385...42355e84
[ STEP 061 ] Bit #196 = '0' → Using Private_Key_Even
  Next_Pubkey.Gx = 0x6a8f7cf4d7da7c46f7...518ebc1d
  Next_Pubkey.Gy = 0x5bdcdd40374240e39d...8d10745d
[ STEP 062 ] Bit #195 = '0' → Using Private_Key_Even
  Next_Pubkey.Gx = 0x26f11fff65951b029e...2aeadfa9
  Next_Pubkey.Gy = 0x7a4a3a0b523824d37a...4813d80f
[ STEP 063 ] Bit #194 = '0' → Using Private_Key_Even
  Next_Pubkey.Gx = 0xed1ff05a73ffe9ae2a...429054ab
  Next_Pubkey.Gy = 0xae2c2b34ab0a30057f...8a341b79
[ STEP 064 ] Bit #193 = '1' → Using Private_Key_Odd
  Next_Pubkey.Gx = 0x57c544c16627626fe1...d2bfc08d
  Next_Pubkey.Gy = 0x328cba17385a45b4bb...820dab8f
[ STEP 065 ] Bit #192 = '1' → Using Private_Key_Odd
  Next_Pubkey.Gx = 0xe8de896c52c770965f...10733ae7
  Next_Pubkey.Gy = 0x4008088dff7c1bc58b...6660770a
[ STEP 066 ] Bit #191 = '1' → Using Private_Key_Odd
  Next_Pubkey.Gx = 0xfc848597e1e5970d83...0ad70ce2
  Next_Pubkey.Gy = 0xe78434354d8ff92725...b0c2471f
[ STEP 067 ] Bit #190 = '1' → Using Private_Key_Odd
  Next_Pubkey.Gx = 0x18b05818c72840eb20...9bc91777
  Next_Pubkey.Gy = 0x1b44113ac5e0493582...6258f265
[ STEP 068 ] Bit #189 = '1' → Using Private_Key_Odd
  Next_Pubkey.Gx = 0xe6b42fb97c915589d1...aa00144e
  Next_Pubkey.Gy = 0x938b8b2d01a1e4a442...326f3d90
[ STEP 069 ] Bit #188 = '0' → Using Private_Key_Even
  Next_Pubkey.Gx = 0x5d493a408681afe8ca...014df009
  Next_Pubkey.Gy = 0x2ecdffc9832f2babec...41f93f76
[ STEP 070 ] Bit #187 = '1' → Using Private_Key_Odd
  Next_Pubkey.Gx = 0x28a8b95a49eecea47a...a4bfb75d
  Next_Pubkey.Gy = 0x35dd64fae76d52170d...9312c2f3
[ STEP 071 ] Bit #186 = '1' → Using Private_Key_Odd
  Next_Pubkey.Gx = 0x607e8e2000336d8c8e...1d2d57af
  Next_Pubkey.Gy = 0x531adda9aaeba60f95...a8202ef3
[ STEP 072 ] Bit #185 = '0' → Using Private_Key_Even
  Next_Pubkey.Gx = 0xe75dcda862572dede5...d357c317
  Next_Pubkey.Gy = 0xedaea6c1877e3b2852...d4d46aeb
[ STEP 073 ] Bit #184 = '0' → Using Private_Key_Even
  Next_Pubkey.Gx = 0x8f5cc182bba79b2088...bd690ce8
  Next_Pubkey.Gy = 0x29f53b79849e12c6cf...a81d1235
[ STEP 074 ] Bit #183 = '1' → Using Private_Key_Odd
  Next_Pubkey.Gx = 0x83bdeda56f421b4513...b9547d93
  Next_Pubkey.Gy = 0xa4786adf5aea5b5756...8eb8a4a8
[ STEP 075 ] Bit #182 = '0' → Using Private_Key_Even
  Next_Pubkey.Gx = 0xb585a1f445570ca1fc...3788fb4f
  Next_Pubkey.Gy = 0xc95a50d1fa69bc96e0...51e61fcf
[ STEP 076 ] Bit #181 = '0' → Using Private_Key_Even
  Next_Pubkey.Gx = 0x1f5d780437bd5e6aaa...f62d0af7
  Next_Pubkey.Gy = 0xf095cc4b71a33e379a...5a6171de
[ STEP 077 ] Bit #180 = '0' → Using Private_Key_Even
  Next_Pubkey.Gx = 0x1a4b68b906159cf877...974e296c
  Next_Pubkey.Gy = 0x9152e3a4193d9b7a6a...7af2f805
[ STEP 078 ] Bit #179 = '1' → Using Private_Key_Odd
  Next_Pubkey.Gx = 0xe0d70bbf981a4158ab...e3d985bd
  Next_Pubkey.Gy = 0x9842f0a2d3f76278fb...fd59e537
[ STEP 079 ] Bit #178 = '0' → Using Private_Key_Even
  Next_Pubkey.Gx = 0x65f5afa1d07eb73cc1...0579b852
  Next_Pubkey.Gy = 0x3641d3225cc238f1ea...3d81c527
[ STEP 080 ] Bit #177 = '0' → Using Private_Key_Even
  Next_Pubkey.Gx = 0x89e49710ceb095a756...2ea99808
  Next_Pubkey.Gy = 0xabac01619c98365fb8...b251acf8
[ STEP 081 ] Bit #176 = '0' → Using Private_Key_Even
  Next_Pubkey.Gx = 0x298948d72c93987c90...b790fb47
  Next_Pubkey.Gy = 0x4c2079f32cef67b524...e34faee9
[ STEP 082 ] Bit #175 = '1' → Using Private_Key_Odd
  Next_Pubkey.Gx = 0xcc577a585622aeb03c...871daaa8
  Next_Pubkey.Gy = 0x71237ec97d0d54a125...be4e96a7
[ STEP 083 ] Bit #174 = '0' → Using Private_Key_Even
  Next_Pubkey.Gx = 0x4f0058eb9bd29653e8...955d9897
  Next_Pubkey.Gy = 0x88a61a87c2071d3525...8000392c
[ STEP 084 ] Bit #173 = '0' → Using Private_Key_Even
  Next_Pubkey.Gx = 0x4b153de9cba1148a18...f9c589c0
  Next_Pubkey.Gy = 0x6e96e01196b1fa4a77...3f9f6d6f
[ STEP 085 ] Bit #172 = '1' → Using Private_Key_Odd
  Next_Pubkey.Gx = 0x50f2ff5b99015891e9...bf3f26f4
  Next_Pubkey.Gy = 0x59228cae8a7b5c9e17...25528cbe
[ STEP 086 ] Bit #171 = '1' → Using Private_Key_Odd
  Next_Pubkey.Gx = 0x221bc1067e8df05e85...d4793a6a
  Next_Pubkey.Gy = 0x9006607e3ffa4d996c...b9250d85
[ STEP 087 ] Bit #170 = '0' → Using Private_Key_Even
  Next_Pubkey.Gx = 0xfc79c2ae854c58198e...8c9035dc
  Next_Pubkey.Gy = 0x8ab369d8efcaa54c8c...b674fb09
[ STEP 088 ] Bit #169 = '1' → Using Private_Key_Odd
  Next_Pubkey.Gx = 0x783b2dd5b43f5899e1...e505086d
  Next_Pubkey.Gy = 0x23bbfe7c2a46ffbde6...a6081091
[ STEP 089 ] Bit #168 = '1' → Using Private_Key_Odd
  Next_Pubkey.Gx = 0x387d0c4b0bfbde8e8a...eb9b39d2
  Next_Pubkey.Gy = 0x5fbe91df1eceb2f157...510e311c
[ STEP 090 ] Bit #167 = '0' → Using Private_Key_Even
  Next_Pubkey.Gx = 0x7c9b9a0f7b6e0e8b2a...1c3c8d45
  Next_Pubkey.Gy = 0xb67d188fe80beef4b6...eb3042c1
[ STEP 091 ] Bit #166 = '0' → Using Private_Key_Even
  Next_Pubkey.Gx = 0x8743594be4d874a343...d2d2729b
  Next_Pubkey.Gy = 0x5c1668c061d5d09fa8...e2f878a9
[ STEP 092 ] Bit #165 = '0' → Using Private_Key_Even
  Next_Pubkey.Gx = 0x918720d2a3b9213ced...1c09a5a2
  Next_Pubkey.Gy = 0x934d4934117022914b...2e361636
[ STEP 093 ] Bit #164 = '0' → Using Private_Key_Even
  Next_Pubkey.Gx = 0x4a91fd4d21b8c48fad...14aa971c
  Next_Pubkey.Gy = 0xb528f02f7ef671e00b...dc73e000
[ STEP 094 ] Bit #163 = '1' → Using Private_Key_Odd
  Next_Pubkey.Gx = 0x2b19d77283573374bf...5ca64d23
  Next_Pubkey.Gy = 0xa46739b53ad9e4c8b1...a9069ab8
[ STEP 095 ] Bit #162 = '1' → Using Private_Key_Odd
  Next_Pubkey.Gx = 0x3d674470119fa74b82...04228603
  Next_Pubkey.Gy = 0xd00c250cb1b5f4abfb...c59cd72d
[ STEP 096 ] Bit #161 = '1' → Using Private_Key_Odd
  Next_Pubkey.Gx = 0x7efdf8d9c787ceef6c...38b91fca
  Next_Pubkey.Gy = 0x49662a9d50f870de25...8c9a7dcc
[ STEP 097 ] Bit #160 = '0' → Using Private_Key_Even
  Next_Pubkey.Gx = 0xb95433e579d69063cf...a353b4d9
  Next_Pubkey.Gy = 0x1890f3e957393df162...bd598ce5
[ STEP 098 ] Bit #159 = '1' → Using Private_Key_Odd
  Next_Pubkey.Gx = 0x50ef3a92dbf737967b...576ff034
  Next_Pubkey.Gy = 0x25bef281db6b543dc2...a20ac9ea
[ STEP 099 ] Bit #158 = '1' → Using Private_Key_Odd
  Next_Pubkey.Gx = 0x92cdf68313a6f1c567...dcfe146a
  Next_Pubkey.Gy = 0x762563cee022cda170...970cf899
[ STEP 100 ] Bit #157 = '0' → Using Private_Key_Even
  Next_Pubkey.Gx = 0x61acabc8784c4d6dbe...064b2ac1
  Next_Pubkey.Gy = 0xfb48788bb16e6aa3fa...a6b07c31
[ STEP 101 ] Bit #156 = '0' → Using Private_Key_Even
  Next_Pubkey.Gx = 0xcae7fbffe3154796f0...6a186843
  Next_Pubkey.Gy = 0xa7ad5e444e07d62195...57e7fc5b
[ STEP 102 ] Bit #155 = '1' → Using Private_Key_Odd
  Next_Pubkey.Gx = 0x7267d2528a8346bc07...6f99b4e3
  Next_Pubkey.Gy = 0x8902747ce0efda3b4c...a728a223
[ STEP 103 ] Bit #154 = '1' → Using Private_Key_Odd
  Next_Pubkey.Gx = 0x905c23b4b24ec12493...e227691a
  Next_Pubkey.Gy = 0x1d159ecbba680222bb...f0dd3236
[ STEP 104 ] Bit #153 = '0' → Using Private_Key_Even
  Next_Pubkey.Gx = 0x800962730c330b4ba5...39b2f877
  Next_Pubkey.Gy = 0x6d292ac5a49f0ac00c...2c19a6b9
[ STEP 105 ] Bit #152 = '1' → Using Private_Key_Odd
  Next_Pubkey.Gx = 0x4f6ddb656faf5d684a...d7f81ecb
  Next_Pubkey.Gy = 0x382e233cb94e573a1b...4d5b832e
[ STEP 106 ] Bit #151 = '1' → Using Private_Key_Odd
  Next_Pubkey.Gx = 0x1e11052a39f6f62331...ddaee442
  Next_Pubkey.Gy = 0xed3fd61ee0d22c66aa...e8da761d
[ STEP 107 ] Bit #150 = '1' → Using Private_Key_Odd
  Next_Pubkey.Gx = 0x130b5776cc39119c73...e0d8a826
  Next_Pubkey.Gy = 0x326e3dc662a85c3106...0d5e6b97
[ STEP 108 ] Bit #149 = '1' → Using Private_Key_Odd
  Next_Pubkey.Gx = 0xb4773388e944a2ad5a...7062ee56
  Next_Pubkey.Gy = 0xac8e053030d6f4b107...3b222777
[ STEP 109 ] Bit #148 = '0' → Using Private_Key_Even
  Next_Pubkey.Gx = 0x966a6692f06981ce32...727d0657
  Next_Pubkey.Gy = 0xf918a459be200c067d...a0841924
[ STEP 110 ] Bit #147 = '1' → Using Private_Key_Odd
  Next_Pubkey.Gx = 0xe67a77e182da58e4c3...97abccc1
  Next_Pubkey.Gy = 0xb4b753e5efadbe5bcf...98ae11e4
[ STEP 111 ] Bit #146 = '1' → Using Private_Key_Odd
  Next_Pubkey.Gx = 0x3724cfb0f635d76679...e9c2b5c6
  Next_Pubkey.Gy = 0x75a0ea06acaf0b6df5...f8995b93
[ STEP 112 ] Bit #145 = '1' → Using Private_Key_Odd
  Next_Pubkey.Gx = 0xfbb264219fd2a7ed5e...d2105574
  Next_Pubkey.Gy = 0xa8ecf85dc272d2321b...25d5164d
[ STEP 113 ] Bit #144 = '0' → Using Private_Key_Even
  Next_Pubkey.Gx = 0xfd7e48bb457d9995ca...4ee7ddd8
  Next_Pubkey.Gy = 0x53ebfc75548ca569e8...63226ae9
[ STEP 114 ] Bit #143 = '1' → Using Private_Key_Odd
  Next_Pubkey.Gx = 0x8e395c1e01a8f013dc...60125904
  Next_Pubkey.Gy = 0xcda6cf3bfd3241336b...b8619a74
[ STEP 115 ] Bit #142 = '1' → Using Private_Key_Odd
  Next_Pubkey.Gx = 0x2b147a451cbc839e0b...e408b8c7
  Next_Pubkey.Gy = 0xcde9ce9cb2a519fe79...33893ff3
[ STEP 116 ] Bit #141 = '0' → Using Private_Key_Even
  Next_Pubkey.Gx = 0x6106438bd3b17899cf...d1049386
  Next_Pubkey.Gy = 0xd054fc4d122f55a791...a85e5518
[ STEP 117 ] Bit #140 = '0' → Using Private_Key_Even
  Next_Pubkey.Gx = 0x3ab30f4c7714598da8...bc5c6bd2
  Next_Pubkey.Gy = 0xf8867022128d7a1e34...4f3e05f7
[ STEP 118 ] Bit #139 = '1' → Using Private_Key_Odd
  Next_Pubkey.Gx = 0x6e1b83cd3ad19c46a6...867af09b
  Next_Pubkey.Gy = 0xbaf75f2d2b2bce1165...4a0e364a
[ STEP 119 ] Bit #138 = '0' → Using Private_Key_Even
  Next_Pubkey.Gx = 0x86862cd08de62f80ce...f7b88549
  Next_Pubkey.Gy = 0xe5822bb25ca39426e8...385c896a
[ STEP 120 ] Bit #137 = '1' → Using Private_Key_Odd
  Next_Pubkey.Gx = 0x299c9eb98beb542d91...565d4f0b
  Next_Pubkey.Gy = 0xe97dc41725341ab244...53bafab8
[ STEP 121 ] Bit #136 = '0' → Using Private_Key_Even
  Next_Pubkey.Gx = 0xf83ae7919c48393327...0adb15bd
  Next_Pubkey.Gy = 0x23e805e095ce3a36ff...2486e806
[ STEP 122 ] Bit #135 = '1' → Using Private_Key_Odd
  Next_Pubkey.Gx = 0xb296f7c391fa14b7e5...c64b47d0
  Next_Pubkey.Gy = 0xf1bc720b1215993304...9b56b27b
[ STEP 123 ] Bit #134 = '1' → Using Private_Key_Odd
  Next_Pubkey.Gx = 0xb24fcd3f3917069cef...8c7ff770
  Next_Pubkey.Gy = 0xca75f218757267184d...44637945
[ STEP 124 ] Bit #133 = '1' → Using Private_Key_Odd
  Next_Pubkey.Gx = 0xdc176ae40ee1001da9...cb86da4b
  Next_Pubkey.Gy = 0x3471b047d339719e1c...ad273d73
[ STEP 125 ] Bit #132 = '0' → Using Private_Key_Even
  Next_Pubkey.Gx = 0x2c562c6055192c8441...e42b60f9
  Next_Pubkey.Gy = 0x329893597fd44c2eab...46a6838f
[ STEP 126 ] Bit #131 = '0' → Using Private_Key_Even
  Next_Pubkey.Gx = 0x1a9ef4f7cab3d75f9b...65c5c6c2
  Next_Pubkey.Gy = 0xe8765fce1e08a7294b...893933f4
[ STEP 127 ] Bit #130 = '0' → Using Private_Key_Even
  Next_Pubkey.Gx = 0x5fe865624d25cad74b...7b1c8cc9
  Next_Pubkey.Gy = 0x76f3b0534cae41601f...6d366a3a
[ STEP 128 ] Bit #129 = '0' → Using Private_Key_Even
  Next_Pubkey.Gx = 0x80ad2b87c2287f6fc6...7b708a9e
  Next_Pubkey.Gy = 0x3ff52c634831f906c8...77eee457
[ STEP 129 ] Bit #128 = '0' → Using Private_Key_Even
  Next_Pubkey.Gx = 0x754211e853a6d73a53...cf707acb
  Next_Pubkey.Gy = 0x4ac329ab72d173d6c6...e080337a
[ STEP 130 ] Bit #127 = '0' → Using Private_Key_Even
  Next_Pubkey.Gx = 0x29fd666563a967bc93...622f7d06
  Next_Pubkey.Gy = 0x8d34a97e2ef5ceb039...55fd69c6
[ STEP 131 ] Bit #126 = '1' → Using Private_Key_Odd
  Next_Pubkey.Gx = 0x17cd0c01eb500b2454...6b8f0858
  Next_Pubkey.Gy = 0x19daf475b6c8887203...73c26fbf
[ STEP 132 ] Bit #125 = '0' → Using Private_Key_Even
  Next_Pubkey.Gx = 0xc4854c68a8fc93fd60...2e95099f
  Next_Pubkey.Gy = 0xc5ad1c09c511558eaa...e9fdae5c
[ STEP 133 ] Bit #124 = '1' → Using Private_Key_Odd
  Next_Pubkey.Gx = 0x4eb72e5d0a7a61f71a...8e59e4a4
  Next_Pubkey.Gy = 0x3809d45eb195d8f4da...0c2fdcfd
[ STEP 134 ] Bit #123 = '0' → Using Private_Key_Even
  Next_Pubkey.Gx = 0x3f7305cf6fedbebe7f...0c6825e3
  Next_Pubkey.Gy = 0x264b0952c13e99bf10...ed31384c
[ STEP 135 ] Bit #122 = '1' → Using Private_Key_Odd
  Next_Pubkey.Gx = 0xe4d0cb93852a926ffa...bd29b848
  Next_Pubkey.Gy = 0xc2261f4068c63fc1bc...e0af07f0
[ STEP 136 ] Bit #121 = '0' → Using Private_Key_Even
  Next_Pubkey.Gx = 0x898e90d169b9c79018...dec9c4fd
  Next_Pubkey.Gy = 0xfad01acb97f51fa6e9...80c30234
[ STEP 137 ] Bit #120 = '1' → Using Private_Key_Odd
  Next_Pubkey.Gx = 0x86c10254bd99e2fd9a...53f6d382
  Next_Pubkey.Gy = 0xf56d228a00a9da3aa9...bd28c836
[ STEP 138 ] Bit #119 = '1' → Using Private_Key_Odd
  Next_Pubkey.Gx = 0x50f21989084807dc80...4b8425ce
  Next_Pubkey.Gy = 0x6763804b362c278b31...7e2c1dfd
[ STEP 139 ] Bit #118 = '0' → Using Private_Key_Even
  Next_Pubkey.Gx = 0xd157f256ffb90eac0a...b0c21f4b
  Next_Pubkey.Gy = 0x2d21831e5aacc12500...935964f9
[ STEP 140 ] Bit #117 = '1' → Using Private_Key_Odd
  Next_Pubkey.Gx = 0x20edcb5923077f24dc...5a56b45e
  Next_Pubkey.Gy = 0xe02d73de1d3f80e4a1...3c3e88d3
[ STEP 141 ] Bit #116 = '1' → Using Private_Key_Odd
  Next_Pubkey.Gx = 0x36778a4e6a974ff859...29393e60
  Next_Pubkey.Gy = 0x956a2a6c15b9b82d8e...15f629a8
[ STEP 142 ] Bit #115 = '1' → Using Private_Key_Odd
  Next_Pubkey.Gx = 0x1bb7a247370b5924e6...a94a96b9
  Next_Pubkey.Gy = 0xb9d5776ad5b9e11071...e406936a
[ STEP 143 ] Bit #114 = '0' → Using Private_Key_Even
  Next_Pubkey.Gx = 0xa902015fcbb039b7ab...4ab5d468
  Next_Pubkey.Gy = 0x1438c4f8deac7a291d...3109909b
[ STEP 144 ] Bit #113 = '1' → Using Private_Key_Odd
  Next_Pubkey.Gx = 0xf8d955d3d73d25f298...a40d1fba
  Next_Pubkey.Gy = 0x100932ea9830f220f1...3626700f
[ STEP 145 ] Bit #112 = '1' → Using Private_Key_Odd
  Next_Pubkey.Gx = 0xd52e30b44a0572c732...04550200
  Next_Pubkey.Gy = 0x850051532f344a9be9...65dabf42
[ STEP 146 ] Bit #111 = '0' → Using Private_Key_Even
  Next_Pubkey.Gx = 0xf2afc996e5a0f9958f...dd0e0dd3
  Next_Pubkey.Gy = 0xadceb84a58b5a9f695...773d6b1a
[ STEP 147 ] Bit #110 = '1' → Using Private_Key_Odd
  Next_Pubkey.Gx = 0xeb77109fc3172adfdb...810bdd89
  Next_Pubkey.Gy = 0x777fe638555840ae7d...50ad8614
[ STEP 148 ] Bit #109 = '1' → Using Private_Key_Odd
  Next_Pubkey.Gx = 0x2b265e4f7530bc2d94...685c1b4d
  Next_Pubkey.Gy = 0xaf5f2713867b1f1fa4...10bdca03
[ STEP 149 ] Bit #108 = '0' → Using Private_Key_Even
  Next_Pubkey.Gx = 0xdaf8de570bbacdca50...ddab3ebe
  Next_Pubkey.Gy = 0xfe47d381e382a22ec9...fd4b8293
[ STEP 150 ] Bit #107 = '0' → Using Private_Key_Even
  Next_Pubkey.Gx = 0xf536084472a9ef6ff1...05b3587e
  Next_Pubkey.Gy = 0x74c470a86bb1a7325d...47f024c9
[ STEP 151 ] Bit #106 = '0' → Using Private_Key_Even
  Next_Pubkey.Gx = 0x214e82ec2468c12d08...e891f3cd
  Next_Pubkey.Gy = 0x71971b790126e5051f...344a9619
[ STEP 152 ] Bit #105 = '1' → Using Private_Key_Odd
  Next_Pubkey.Gx = 0xd5731fc6fa2c45ee74...2d05e691
  Next_Pubkey.Gy = 0xac465ad86b689d87a4...3ac1fca9
[ STEP 153 ] Bit #104 = '1' → Using Private_Key_Odd
  Next_Pubkey.Gx = 0x1a81a03ee1ad750357...922ee71a
  Next_Pubkey.Gy = 0xf5764e5b61c966cda5...2904e6fb
[ STEP 154 ] Bit #103 = '1' → Using Private_Key_Odd
  Next_Pubkey.Gx = 0x9abbff2db28054e1c3...37f2b888
  Next_Pubkey.Gy = 0x91c6e152b6cae96eb1...f62b56f9
[ STEP 155 ] Bit #102 = '1' → Using Private_Key_Odd
  Next_Pubkey.Gx = 0xe2d5166b6ffef73a3c...11d2abd0
  Next_Pubkey.Gy = 0x6e5f9b93bc3a8ff5e2...65d9e15c
[ STEP 156 ] Bit #101 = '1' → Using Private_Key_Odd
  Next_Pubkey.Gx = 0x79b487e72d07ccf886...5507604e
  Next_Pubkey.Gy = 0x3131a8f04bd15afb3c...fc76d2d9
[ STEP 157 ] Bit #100 = '0' → Using Private_Key_Even
  Next_Pubkey.Gx = 0x6de15e5cdd2f400372...8cea9de9
  Next_Pubkey.Gy = 0xcc6c28195df8b034eb...b33ade5c
[ STEP 158 ] Bit #099 = '0' → Using Private_Key_Even
  Next_Pubkey.Gx = 0x9097955e02f6f8f7d0...1503c72c
  Next_Pubkey.Gy = 0x54d54290fc7023910f...0f4493be
[ STEP 159 ] Bit #098 = '0' → Using Private_Key_Even
  Next_Pubkey.Gx = 0x840bec12226007c723...a9d707ba
  Next_Pubkey.Gy = 0x112d3f46de4a425625...70694bfc
[ STEP 160 ] Bit #097 = '0' → Using Private_Key_Even
  Next_Pubkey.Gx = 0x47417e47e70638497d...f16c67cf
  Next_Pubkey.Gy = 0xc16d12acb7f4052e34...feaf1793
[ STEP 161 ] Bit #096 = '1' → Using Private_Key_Odd
  Next_Pubkey.Gx = 0xe2291c2199437ed1fb...07c30c51
  Next_Pubkey.Gy = 0xbbde38bcba34556520...4ab96193
[ STEP 162 ] Bit #095 = '1' → Using Private_Key_Odd
  Next_Pubkey.Gx = 0xb13bc33b02ae07034a...415233b1
  Next_Pubkey.Gy = 0x2d0f902f82c72ebfdc...18a92035
[ STEP 163 ] Bit #094 = '1' → Using Private_Key_Odd
  Next_Pubkey.Gx = 0x481a33f1061f23486e...183f4622
  Next_Pubkey.Gy = 0xab27f34bbf52efdf49...392f81f7
[ STEP 164 ] Bit #093 = '1' → Using Private_Key_Odd
  Next_Pubkey.Gx = 0xd93d3e1982801781ce...eeff7061
  Next_Pubkey.Gy = 0xb16b9fc7eba8ad9f6b...ab7de361
[ STEP 165 ] Bit #092 = '0' → Using Private_Key_Even
  Next_Pubkey.Gx = 0x475aaa40521e463821...86167ad2
  Next_Pubkey.Gy = 0xb3b25a5c5c6cdab9cb...2b993ac4
[ STEP 166 ] Bit #091 = '1' → Using Private_Key_Odd
  Next_Pubkey.Gx = 0xf5ac4bdb55986a0745...a622f4d4
  Next_Pubkey.Gy = 0xfa0782e2a100c3c6bc...aa3bb07f
[ STEP 167 ] Bit #090 = '0' → Using Private_Key_Even
  Next_Pubkey.Gx = 0x48ca147202026dff80...1d7550e8
  Next_Pubkey.Gy = 0x23b4c7b51b11aced67...61a9450b
[ STEP 168 ] Bit #089 = '0' → Using Private_Key_Even
  Next_Pubkey.Gx = 0x885baf1f6bda89135d...f6273ff8
  Next_Pubkey.Gy = 0x2b2660f79908b06b1e...c3cca428
[ STEP 169 ] Bit #088 = '1' → Using Private_Key_Odd
  Next_Pubkey.Gx = 0xace7fcd6cfd485d2ff...402ed4aa
  Next_Pubkey.Gy = 0xc9e2b9cd1d11617300...bdb5d63f
[ STEP 170 ] Bit #087 = '0' → Using Private_Key_Even
  Next_Pubkey.Gx = 0x4d1d4e4393a6e96d36...e09e5e65
  Next_Pubkey.Gy = 0xabd5d9db955f11c6ac...1dd3a13c
[ STEP 171 ] Bit #086 = '0' → Using Private_Key_Even
  Next_Pubkey.Gx = 0x30519c6db924f64e10...a49db0da
  Next_Pubkey.Gy = 0xf3d3bdb82dbad3c904...7e0f66ea
[ STEP 172 ] Bit #085 = '0' → Using Private_Key_Even
  Next_Pubkey.Gx = 0xc6472bea84de2005c7...5522d5ae
  Next_Pubkey.Gy = 0x3cb2010c4c38e2072b...ce3d6f66
[ STEP 173 ] Bit #084 = '1' → Using Private_Key_Odd
  Next_Pubkey.Gx = 0x6fcc31f2616a4f6eac...1384f902
  Next_Pubkey.Gy = 0x2ba8cc27ef37315228...aac3b0b7
[ STEP 174 ] Bit #083 = '1' → Using Private_Key_Odd
  Next_Pubkey.Gx = 0xbd8f188218db3232a2...865b7a6c
  Next_Pubkey.Gy = 0xc8c8973e892f918d5e...876551be
[ STEP 175 ] Bit #082 = '1' → Using Private_Key_Odd
  Next_Pubkey.Gx = 0x291b49cff471688386...12ba5ac6
  Next_Pubkey.Gy = 0x32960ad4bbc6245409...7597948c
[ STEP 176 ] Bit #081 = '1' → Using Private_Key_Odd
  Next_Pubkey.Gx = 0x2f3cd7b0da6ff88d56...1da64370
  Next_Pubkey.Gy = 0xd195a761877048c6f2...5b1e889f
[ STEP 177 ] Bit #080 = '0' → Using Private_Key_Even
  Next_Pubkey.Gx = 0x2f053ef33958cdecab...5d88c7aa
  Next_Pubkey.Gy = 0xa486d6bdc9ba382eca...95fbbe5d
[ STEP 178 ] Bit #079 = '0' → Using Private_Key_Even
  Next_Pubkey.Gx = 0xe7c57bcb1c8d058b71...7a1cc614
  Next_Pubkey.Gy = 0xcf567f70e8dbf1690d...23814a01
[ STEP 179 ] Bit #078 = '1' → Using Private_Key_Odd
  Next_Pubkey.Gx = 0xb822cd9f1f124b2472...817f7e86
  Next_Pubkey.Gy = 0xe75750d07c0b9eafd5...62e86058
[ STEP 180 ] Bit #077 = '0' → Using Private_Key_Even
  Next_Pubkey.Gx = 0x8db82528a417c2ddd0...1294b90d
  Next_Pubkey.Gy = 0xc964f56d5cd6f30462...9ff407ac
[ STEP 181 ] Bit #076 = '1' → Using Private_Key_Odd
  Next_Pubkey.Gx = 0x95bdb791a2f39fe099...21fec45d
  Next_Pubkey.Gy = 0xfad3b4b9971a23ec7f...d748427e
[ STEP 182 ] Bit #075 = '0' → Using Private_Key_Even
  Next_Pubkey.Gx = 0x88ec7a96e54bcdec1c...98069002
  Next_Pubkey.Gy = 0x78256ef30510ee9e63...323323bc
[ STEP 183 ] Bit #074 = '0' → Using Private_Key_Even
  Next_Pubkey.Gx = 0xf3a3f9af1f5b62141f...5159caf3
  Next_Pubkey.Gy = 0xc49b5945937656273f...071f7f59
[ STEP 184 ] Bit #073 = '1' → Using Private_Key_Odd
  Next_Pubkey.Gx = 0xc1c0a35e7797ca0548...5f1121af
  Next_Pubkey.Gy = 0x733fbc5a7e167a6015...d8b3bf64
[ STEP 185 ] Bit #072 = '0' → Using Private_Key_Even
  Next_Pubkey.Gx = 0x1d4a7758a27f93e1dd...fa124ed9
  Next_Pubkey.Gy = 0x936dc4997f7925b37b...5f1e0e27
[ STEP 186 ] Bit #071 = '1' → Using Private_Key_Odd
  Next_Pubkey.Gx = 0x51fe38dcbe25828f3d...b9426b1f
  Next_Pubkey.Gy = 0x43d656d1ee51eeb0dd...6716e12b
[ STEP 187 ] Bit #070 = '0' → Using Private_Key_Even
  Next_Pubkey.Gx = 0xf200c92a633f66b4ba...570ab4d1
  Next_Pubkey.Gy = 0xee94d942be778e135d...771c22ca
[ STEP 188 ] Bit #069 = '0' → Using Private_Key_Even
  Next_Pubkey.Gx = 0xd7829c805bf9875bc3...dd4a713a
  Next_Pubkey.Gy = 0x1dcf7dd40926f36461...de393018
[ STEP 189 ] Bit #068 = '0' → Using Private_Key_Even
  Next_Pubkey.Gx = 0x548b3363db8d4f76cd...27f33b2f
  Next_Pubkey.Gy = 0xf09b073ec28e6ef257...c01ccda3
[ STEP 190 ] Bit #067 = '0' → Using Private_Key_Even
  Next_Pubkey.Gx = 0x5c065c0d7735964f2c...12917000
  Next_Pubkey.Gy = 0xf044cc3d3f886e525c...26744b70
[ STEP 191 ] Bit #066 = '0' → Using Private_Key_Even
  Next_Pubkey.Gx = 0x61dec71234d2a9bbbd...20ee2ef5
  Next_Pubkey.Gy = 0xc07c73eaf3abddfe8a...e93d7f4d
[ STEP 192 ] Bit #065 = '1' → Using Private_Key_Odd
  Next_Pubkey.Gx = 0xa209b11dda42280f8c...d7e50861
  Next_Pubkey.Gy = 0x16a4e4483891c3a16d...99592e1d
[ STEP 193 ] Bit #064 = '1' → Using Private_Key_Odd
  Next_Pubkey.Gx = 0x99c738501de15dbbdf...f59caad3
  Next_Pubkey.Gy = 0x39cc61d12bd39e04cc...18dece2b
[ STEP 194 ] Bit #063 = '1' → Using Private_Key_Odd
  Next_Pubkey.Gx = 0xf67b2d196cef256b5e...3a15bf8f
  Next_Pubkey.Gy = 0x46c54a59fea39a2a18...24f19fe5
[ STEP 195 ] Bit #062 = '1' → Using Private_Key_Odd
  Next_Pubkey.Gx = 0x8654e3ec41dc0c0ec7...42679066
  Next_Pubkey.Gy = 0xab8825b3aa0af65a5f...8d2418bf
[ STEP 196 ] Bit #061 = '0' → Using Private_Key_Even
  Next_Pubkey.Gx = 0x5f8b408d286100ce73...3c525359
  Next_Pubkey.Gy = 0x99507dd415dd714a63...30d5d5b5
[ STEP 197 ] Bit #060 = '0' → Using Private_Key_Even
  Next_Pubkey.Gx = 0x4dad6d06f1565fe312...43af92fb
  Next_Pubkey.Gy = 0xbe055cf6f063a845a8...897092ea
[ STEP 198 ] Bit #059 = '0' → Using Private_Key_Even
  Next_Pubkey.Gx = 0x8fb8d82cdd7b44d0ed...0cecea8a
  Next_Pubkey.Gy = 0x6f9355d4abe2b42b43...6e9a99e6
[ STEP 199 ] Bit #058 = '0' → Using Private_Key_Even
  Next_Pubkey.Gx = 0xf90b7a8363f957bdaa...dcee1411
  Next_Pubkey.Gy = 0x951a246ecc83af3573...2fdb14f3
[ STEP 200 ] Bit #057 = '1' → Using Private_Key_Odd
  Next_Pubkey.Gx = 0xd9a6f4a340d0e70b77...05d6c2c2
  Next_Pubkey.Gy = 0x2f7482a3ff3f72a4f9...1eba826a
[ STEP 201 ] Bit #056 = '0' → Using Private_Key_Even
  Next_Pubkey.Gx = 0x8da3d7aba923b6aa3b...8cdcf3dc
  Next_Pubkey.Gy = 0x30282525e798d5053f...44d9d9b6
[ STEP 202 ] Bit #055 = '1' → Using Private_Key_Odd
  Next_Pubkey.Gx = 0x88cc6311c0cf548330...82503b06
  Next_Pubkey.Gy = 0x2fe752dca5a8ac45be...01485058
[ STEP 203 ] Bit #054 = '1' → Using Private_Key_Odd
  Next_Pubkey.Gx = 0x5fff599824d0726a27...bcebf4b1
  Next_Pubkey.Gy = 0x845f1c918eb07375c3...1763b7b2
[ STEP 204 ] Bit #053 = '1' → Using Private_Key_Odd
  Next_Pubkey.Gx = 0xd90d408c70edfe2f03...ae66c44b
  Next_Pubkey.Gy = 0x47c72f7fd7ec7feb33...82dd340f
[ STEP 205 ] Bit #052 = '0' → Using Private_Key_Even
  Next_Pubkey.Gx = 0x16ff08909832f8ae91...923369df
  Next_Pubkey.Gy = 0x7a10a8b9a3d7003d80...aac5d885
[ STEP 206 ] Bit #051 = '0' → Using Private_Key_Even
  Next_Pubkey.Gx = 0x5cb4ec36c2f710ab7a...030ec83f
  Next_Pubkey.Gy = 0x6a8ebbd9e5da57a361...4e6f9303
[ STEP 207 ] Bit #050 = '0' → Using Private_Key_Even
  Next_Pubkey.Gx = 0xf8686992f1a29e7f3c...e9cb047d
  Next_Pubkey.Gy = 0x8881bd748f3ab0440a...c1e50008
[ STEP 208 ] Bit #049 = '0' → Using Private_Key_Even
  Next_Pubkey.Gx = 0x27ff5cba4d54f8906a...b13b03b4
  Next_Pubkey.Gy = 0xadd0752887a67f53a8...a4ec012b
[ STEP 209 ] Bit #048 = '1' → Using Private_Key_Odd
  Next_Pubkey.Gx = 0xff3c2de6f55c7bb925...b3a6a675
  Next_Pubkey.Gy = 0xf3c1e57cd38ce8b730...7c491cc0
[ STEP 210 ] Bit #047 = '1' → Using Private_Key_Odd
  Next_Pubkey.Gx = 0xfee6d5c2358804b535...b7892bb4
  Next_Pubkey.Gy = 0x4d5f5b8afdfe9bbe07...a0a10429
[ STEP 211 ] Bit #046 = '0' → Using Private_Key_Even
  Next_Pubkey.Gx = 0x883ddde78c7332548a...02991824
  Next_Pubkey.Gy = 0xb9bf03cd6a5c611714...6fcb2d54
[ STEP 212 ] Bit #045 = '0' → Using Private_Key_Even
  Next_Pubkey.Gx = 0x7ede47f2c9854b79f2...a9f8243f
  Next_Pubkey.Gy = 0xc33ba7b802908a0805...ab0722e6
[ STEP 213 ] Bit #044 = '0' → Using Private_Key_Even
  Next_Pubkey.Gx = 0x6f768dbc629a65f021...75977762
  Next_Pubkey.Gy = 0xa7d594213f5f6d813d...42f947db
[ STEP 214 ] Bit #043 = '0' → Using Private_Key_Even
  Next_Pubkey.Gx = 0x23c30287a92587d412...7cd854fd
  Next_Pubkey.Gy = 0xd38bb9c09761dc22f2...0e28c1cc
[ STEP 215 ] Bit #042 = '1' → Using Private_Key_Odd
  Next_Pubkey.Gx = 0x1f1603461e0bf1eb69...055529d1
  Next_Pubkey.Gy = 0xb845a16e21a6045ca0...126a71ad
[ STEP 216 ] Bit #041 = '1' → Using Private_Key_Odd
  Next_Pubkey.Gx = 0xf6421e3da5f7efef06...b91b9e74
  Next_Pubkey.Gy = 0xee50e25b6d52f62d39...7289530c
[ STEP 217 ] Bit #040 = '1' → Using Private_Key_Odd
  Next_Pubkey.Gx = 0x101983f565061904ba...7c931cfa
  Next_Pubkey.Gy = 0x296f61d870791b4c5a...14818a7b
[ STEP 218 ] Bit #039 = '1' → Using Private_Key_Odd
  Next_Pubkey.Gx = 0x9c5d04ee6504251f30...cdccdf6f
  Next_Pubkey.Gy = 0x718b107761712beaa7...42f00831
[ STEP 219 ] Bit #038 = '1' → Using Private_Key_Odd
  Next_Pubkey.Gx = 0xdf7cf4e2192ac34fd2...0579cdf1
  Next_Pubkey.Gy = 0xc69bc637350f68d38b...059903fc
[ STEP 220 ] Bit #037 = '0' → Using Private_Key_Even
  Next_Pubkey.Gx = 0x8241f856f7751d0724...8dfdd6ee
  Next_Pubkey.Gy = 0x81dca70b45186b7cf8...db5d0040
[ STEP 221 ] Bit #036 = '1' → Using Private_Key_Odd
  Next_Pubkey.Gx = 0x2a2d26ca23665666c6...e74a9dd6
  Next_Pubkey.Gy = 0x8858aacbfc171086d5...2cee794c
[ STEP 222 ] Bit #035 = '0' → Using Private_Key_Even
  Next_Pubkey.Gx = 0x32ec2957eb34f19989...89f98fa3
  Next_Pubkey.Gy = 0x1c345169d4bcb03785...978394c5
[ STEP 223 ] Bit #034 = '1' → Using Private_Key_Odd
  Next_Pubkey.Gx = 0x62f727a3e6ad14a9ba...971d2d36
  Next_Pubkey.Gy = 0x637de58d1cdce49681...0ba6a861
[ STEP 224 ] Bit #033 = '1' → Using Private_Key_Odd
  Next_Pubkey.Gx = 0x4d4e38463dd27aa2e3...6a84275f
  Next_Pubkey.Gy = 0x126066284258e014a3...3d728255
[ STEP 225 ] Bit #032 = '1' → Using Private_Key_Odd
  Next_Pubkey.Gx = 0xe502082af5c6a48000...a50cad31
  Next_Pubkey.Gy = 0xab2423f3f6bb3d7611...5835703e
[ STEP 226 ] Bit #031 = '0' → Using Private_Key_Even
  Next_Pubkey.Gx = 0x38b61f72840054ab35...c3098eec
  Next_Pubkey.Gy = 0x81bc7e036ee8360e7b...c7d9544a
[ STEP 227 ] Bit #030 = '1' → Using Private_Key_Odd
  Next_Pubkey.Gx = 0xed4f3de033a8bde6c2...4e4b9d66
  Next_Pubkey.Gy = 0xa2f440ca3021c68200...c13c0038
[ STEP 228 ] Bit #029 = '0' → Using Private_Key_Even
  Next_Pubkey.Gx = 0x576d8f8a1076cf45d9...8c00a420
  Next_Pubkey.Gy = 0x241a200526136717a0...fd22d478
[ STEP 229 ] Bit #028 = '1' → Using Private_Key_Odd
  Next_Pubkey.Gx = 0x76011a782989443999...562433e5
  Next_Pubkey.Gy = 0xb3977b109af2c33524...81a26c55
[ STEP 230 ] Bit #027 = '0' → Using Private_Key_Even
  Next_Pubkey.Gx = 0x6fd4eefd09e00fb790...e69bb18f
  Next_Pubkey.Gy = 0x24a167d5309c1b8d31...7981334b
[ STEP 231 ] Bit #026 = '1' → Using Private_Key_Odd
  Next_Pubkey.Gx = 0xddca277205e087eb32...478924a7
  Next_Pubkey.Gy = 0xb42484f628ff92368e...98f3dbba
[ STEP 232 ] Bit #025 = '0' → Using Private_Key_Even
  Next_Pubkey.Gx = 0xa5f4c06d33fd8571dc...da7fff71
  Next_Pubkey.Gy = 0x97b13f076bd8a16992...5d43d7dd
[ STEP 233 ] Bit #024 = '1' → Using Private_Key_Odd
  Next_Pubkey.Gx = 0x29936c1c4f360058b3...7661704f
  Next_Pubkey.Gy = 0xf9edb51a877764bec3...639edd35
[ STEP 234 ] Bit #023 = '1' → Using Private_Key_Odd
  Next_Pubkey.Gx = 0x90e6435bd0a83f6ebe...ba57f351
  Next_Pubkey.Gy = 0xafdca070d370154eb1...c4271ec1
[ STEP 235 ] Bit #022 = '1' → Using Private_Key_Odd
  Next_Pubkey.Gx = 0x3b1815de3487179fab...993f3674
  Next_Pubkey.Gy = 0x102bfa731e092e045e...cb9142a6
[ STEP 236 ] Bit #021 = '1' → Using Private_Key_Odd
  Next_Pubkey.Gx = 0x4b0c6350cf31e8c4ef...2dc5caa2
  Next_Pubkey.Gy = 0xf4d252211ef1be0103...18cf37ab
[ STEP 237 ] Bit #020 = '1' → Using Private_Key_Odd
  Next_Pubkey.Gx = 0xa5230a31eb730f784b...7d9fb1c3
  Next_Pubkey.Gy = 0xbbf02c2ff1d5f4834a...154a8b4f
[ STEP 238 ] Bit #019 = '0' → Using Private_Key_Even
  Next_Pubkey.Gx = 0x651fca5761ad9c8078...2abbbabc
  Next_Pubkey.Gy = 0xf3a2b2bdcadce86456...1376a675
[ STEP 239 ] Bit #018 = '1' → Using Private_Key_Odd
  Next_Pubkey.Gx = 0x6065a2355bb070abad...1cabb07d
  Next_Pubkey.Gy = 0x9dda0d671ea9a429e2...f7d5acdc
[ STEP 240 ] Bit #017 = '0' → Using Private_Key_Even
  Next_Pubkey.Gx = 0x7dc0cbb87e420cee47...93b86a2e
  Next_Pubkey.Gy = 0xe595801560c0919962...0e90579f
[ STEP 241 ] Bit #016 = '0' → Using Private_Key_Even
  Next_Pubkey.Gx = 0x44e038cf562efb136c...ebc72752
  Next_Pubkey.Gy = 0xcc59bf2e045850eb90...34cfc4ec
[ STEP 242 ] Bit #015 = '0' → Using Private_Key_Even
  Next_Pubkey.Gx = 0x557dc27158fc9f0f9b...7bb71e7c
  Next_Pubkey.Gy = 0xb2193c9458f669af1e...29ea1449
[ STEP 243 ] Bit #014 = '1' → Using Private_Key_Odd
  Next_Pubkey.Gx = 0x297e12e2c26987e001...01c26337
  Next_Pubkey.Gy = 0xfdbadf35b368ccc259...9ea97468
[ STEP 244 ] Bit #013 = '1' → Using Private_Key_Odd
  Next_Pubkey.Gx = 0x46031841a3ad51e7be...68268fa0
  Next_Pubkey.Gy = 0x1e076643f8e49518ab...6dfa8603
[ STEP 245 ] Bit #012 = '0' → Using Private_Key_Even
  Next_Pubkey.Gx = 0x7a945e5fee247dd201...00b96ad5
  Next_Pubkey.Gy = 0xd4e99c6f2e59dd4921...ab2a4ca5
[ STEP 246 ] Bit #011 = '0' → Using Private_Key_Even
  Next_Pubkey.Gx = 0xf06a455ff259a29962...b79d907b
  Next_Pubkey.Gy = 0xca4583bddd112ac0a8...ec2c5dba
[ STEP 247 ] Bit #010 = '0' → Using Private_Key_Even
  Next_Pubkey.Gx = 0xf8d1c010fcb4f714a3...c0e40c29
  Next_Pubkey.Gy = 0x7b9dc028ec3f98b1af...518eb4c0
[ STEP 248 ] Bit #009 = '0' → Using Private_Key_Even
  Next_Pubkey.Gx = 0x787f122f2dff0f096f...1dd3bde9
  Next_Pubkey.Gy = 0xc8f36dc6e8ba5abf6d...0a5239b9
[ STEP 249 ] Bit #008 = '1' → Using Private_Key_Odd
  Next_Pubkey.Gx = 0xa9511f2d978c81b0aa...8e3fdd63
  Next_Pubkey.Gy = 0x8464376a195f9e7eab...c80c82ce
[ STEP 250 ] Bit #007 = '1' → Using Private_Key_Odd
  Next_Pubkey.Gx = 0x46dd1b450e5bd66320...5219b54c
  Next_Pubkey.Gy = 0xd5290c81fea1bedf51...ab9b7509
[ STEP 251 ] Bit #006 = '1' → Using Private_Key_Odd
  Next_Pubkey.Gx = 0xd5bb50761a6416ef7b...2e02e673
  Next_Pubkey.Gy = 0x25ff4be8aec26e29cc...232abd1c
[ STEP 252 ] Bit #005 = '0' → Using Private_Key_Even
  Next_Pubkey.Gx = 0xba411b3c12d9f4d800...197dcf16
  Next_Pubkey.Gy = 0xe4a450cc8fc1539ee8...8a7225f9
[ STEP 253 ] Bit #004 = '1' → Using Private_Key_Odd
  Next_Pubkey.Gx = 0x1f8102540eb7a581eb...48fe242b
  Next_Pubkey.Gy = 0x933a212c8ff56865e9...ff231f5d
[ STEP 254 ] Bit #003 = '1' → Using Private_Key_Odd
  Next_Pubkey.Gx = 0x1a076f5bf8fd4e81ad...67bed5e7
  Next_Pubkey.Gy = 0xd5b7eb02333abda689...9d0415e2
[ STEP 255 ] Bit #002 = '1' → Using Private_Key_Odd
  Next_Pubkey.Gx = 0x4dbfb321b29a402d7c...9dfdf3cb
  Next_Pubkey.Gy = 0xdf33b2d7ab714daead...799921e1
[ STEP 256 ] Bit #001 = '1' → Using Private_Key_Odd
  Next_Pubkey.Gx = 0x1dfc362e3a2850a30b...d502ddbe
  Next_Pubkey.Gy = 0xf59242ae9d4a3312e5...0df5257e
──────────────────────────────────────────────────────────────────────────────
[ RUN ] Scalar multiplication cycle COMPLETE.
[ RUN ] Press BIN to HEX to convert the accumulated bit sequence.
──────────────────────────────────────────────────────────────────────────────
Private Key Hexadecimal Format (64 characters [0-9A-F]):
F70C5F55D7C30E878294F12F0F8DBB540EA6EF66E1B2226F888524BCB873E714
──────────────────────────────────────────────────────────────────────────────
──────────────────────────────────────────────────────────────────────────────
Private Key WIF (uncompressed):
5Kh66j2iw5UW9mYKqFL8tJp6X28bTUXu4i2bxZkzaKkGzPcQRPf
Private Key WIF (compressed):
L5VwWGWc5gkPfhbG7xFToTcsMVzX5rXNoN65JFbB85k1ZrUB1tKC
──────────────────────────────────────────────────────────────────────────────