◈ BTCDetect Software Even and ODD v3.5 — Crypto Research Interface
──────────────────────────────────────────────────────────────────────────────
[ REVERSE ] All fields cleared. Enter a new Bitcoin Address.
──────────────────────────────────────────────────────────────────────────────
[ EXTRACT ] Bitcoin Address: 1BSWEWuF51Q9dYnhnNAwrfJop6S4KhyYMf
[ EXTRACT ] Querying Blockstream API...
[ EXTRACT ] Public Key found:
  020c8225b41de975f84276c640fcae7283f0ecf8b460c92017655a9ed61e934a89
  Gx = 0xc8225b41de975f84276c640fcae7283f0ecf8b460c92017655a9ed61e934a89
  Gy = 0x433154b91f4640432f4c39e1942051eb56a7678c4152cdc8bf1ea23767aa1214
[ EXTRACT ] Ready. Press RUN to start scalar multiplication.
──────────────────────────────────────────────────────────────────────────────
[ RUN ] Starting scalar multiplication cycle...
[ RUN ] Total bits: 256
[ STEP 001 ] Bit #256 = '0' → Using Private_Key_Even
  Next_Pubkey.Gx = 0xa7524b5b99eb91ad3c...6ba64025
  Next_Pubkey.Gy = 0xd483c7bc10d742cedc...fab2d3b2
[ STEP 002 ] Bit #255 = '0' → Using Private_Key_Even
  Next_Pubkey.Gx = 0xe336e7d0687024aaba...ae15ea79
  Next_Pubkey.Gy = 0xcfe5a7053162e41ff8...dba404f4
[ STEP 003 ] Bit #254 = '1' → Using Private_Key_Odd
  Next_Pubkey.Gx = 0x97f46c9d26ec7fc2aa...9d078ea6
  Next_Pubkey.Gy = 0xb662445051cd76b4cc...42c780ae
[ STEP 004 ] Bit #253 = '0' → Using Private_Key_Even
  Next_Pubkey.Gx = 0x3b73460e7776ac1319...b874e5c0
  Next_Pubkey.Gy = 0x94256ecc67751f0490...b32fb8a0
[ STEP 005 ] Bit #252 = '1' → Using Private_Key_Odd
  Next_Pubkey.Gx = 0x67de33e46f5049c231...0cee2543
  Next_Pubkey.Gy = 0xb65061d3eb060c2d87...da6b4a80
[ STEP 006 ] Bit #251 = '1' → Using Private_Key_Odd
  Next_Pubkey.Gx = 0x240ddf5203b918f18b...9f081519
  Next_Pubkey.Gy = 0x3f4ea22f7c8a0ad1c7...4fe8b3cc
[ STEP 007 ] Bit #250 = '1' → Using Private_Key_Odd
  Next_Pubkey.Gx = 0xbbfd1db1092210b808...ca0e78cb
  Next_Pubkey.Gy = 0x3f49a86895770eaef3...b31257e1
[ STEP 008 ] Bit #249 = '0' → Using Private_Key_Even
  Next_Pubkey.Gx = 0xa307c2bd46f44cf8a3...563df9ce
  Next_Pubkey.Gy = 0xd84b5d67c8ee7ead4c...6ecb37a1
[ STEP 009 ] Bit #248 = '0' → Using Private_Key_Even
  Next_Pubkey.Gx = 0x8269fe2e9ccdb09d14...f07a82c3
  Next_Pubkey.Gy = 0x5b2aed2ccf2ea2ff22...67e6af62
[ STEP 010 ] Bit #247 = '1' → Using Private_Key_Odd
  Next_Pubkey.Gx = 0xb9b2a89be69a3cd3f1...0013fb6c
  Next_Pubkey.Gy = 0x891d98876bee19a380...0e770332
[ STEP 011 ] Bit #246 = '1' → Using Private_Key_Odd
  Next_Pubkey.Gx = 0x86dbc3bd7e05f0c599...a6544b13
  Next_Pubkey.Gy = 0x22391c31e372b116b7...61be3803
[ STEP 012 ] Bit #245 = '1' → Using Private_Key_Odd
  Next_Pubkey.Gx = 0x4edb7e797fb3616af1...d8af9180
  Next_Pubkey.Gy = 0xbd74355f47bd3edd1c...576c75c0
[ STEP 013 ] Bit #244 = '1' → Using Private_Key_Odd
  Next_Pubkey.Gx = 0xbad01af59d715d18c9...1de4761d
  Next_Pubkey.Gy = 0xd6ca3349006dfb2ec5...33346dfb
[ STEP 014 ] Bit #243 = '1' → Using Private_Key_Odd
  Next_Pubkey.Gx = 0x88069f367df910e6e0...14ef6f08
  Next_Pubkey.Gy = 0x7900dbd8de98bda710...7c2ee60b
[ STEP 015 ] Bit #242 = '0' → Using Private_Key_Even
  Next_Pubkey.Gx = 0xf59f39f33a065de243...6b239e7c
  Next_Pubkey.Gy = 0xdadae8ce41e038f01c...1eb53ab5
[ STEP 016 ] Bit #241 = '1' → Using Private_Key_Odd
  Next_Pubkey.Gx = 0x517456656533e69e17...e8fcb46d
  Next_Pubkey.Gy = 0x12dd98f71710a6ebec...b5fa1c49
[ STEP 017 ] Bit #240 = '0' → Using Private_Key_Even
  Next_Pubkey.Gx = 0xdfb9d46cd25b52b9b8...222a24fc
  Next_Pubkey.Gy = 0xc6a0179500197497af...11da1df3
[ STEP 018 ] Bit #239 = '1' → Using Private_Key_Odd
  Next_Pubkey.Gx = 0x5dcd1d33f0db8bbbd6...4b6aa3bf
  Next_Pubkey.Gy = 0xb461e244aad48d9af0...586b286e
[ STEP 019 ] Bit #238 = '1' → Using Private_Key_Odd
  Next_Pubkey.Gx = 0xcd247faa9177b2dc60...1b90303e
  Next_Pubkey.Gy = 0xd984d74660bf989713...52d2298b
[ STEP 020 ] Bit #237 = '0' → Using Private_Key_Even
  Next_Pubkey.Gx = 0xe6d5dc36efdd6bb58c...9dfd695a
  Next_Pubkey.Gy = 0xff87701ee0b888fc08...9e6d8f18
[ STEP 021 ] Bit #236 = '1' → Using Private_Key_Odd
  Next_Pubkey.Gx = 0x8b166d06b8385ad4fc...7132a672
  Next_Pubkey.Gy = 0x9c0c2357f1f6ccbbef...9a6cda49
[ STEP 022 ] Bit #235 = '1' → Using Private_Key_Odd
  Next_Pubkey.Gx = 0x23a405c904260a8c37...1ac25ae8
  Next_Pubkey.Gy = 0xc89af9821c44f755d3...2481ed9c
[ STEP 023 ] Bit #234 = '0' → Using Private_Key_Even
  Next_Pubkey.Gx = 0xb2b4db1098895ee3c4...b3327c33
  Next_Pubkey.Gy = 0x12380c4308aadd88d5...36c37330
[ STEP 024 ] Bit #233 = '0' → Using Private_Key_Even
  Next_Pubkey.Gx = 0xf4235aa46d90f07814...ff4194ba
  Next_Pubkey.Gy = 0x8e79fc72d0edaf53a5...453dd4bc
[ STEP 025 ] Bit #232 = '0' → Using Private_Key_Even
  Next_Pubkey.Gx = 0x79702d25939cd27d6e...efdcb349
  Next_Pubkey.Gy = 0xc4d4ff29fe88f41a97...a15785da
[ STEP 026 ] Bit #231 = '0' → Using Private_Key_Even
  Next_Pubkey.Gx = 0x791263f877c6df5e81...18c23658
  Next_Pubkey.Gy = 0x70a3aa0f1ea374d7ed...5176b965
[ STEP 027 ] Bit #230 = '0' → Using Private_Key_Even
  Next_Pubkey.Gx = 0xac1dac62728dc76aba...083a4c59
  Next_Pubkey.Gy = 0x1fe6a56219d9bdd586...bd6d97fd
[ STEP 028 ] Bit #229 = '0' → Using Private_Key_Even
  Next_Pubkey.Gx = 0x76e59c460272ab65d9...262510b7
  Next_Pubkey.Gy = 0x3825d9856648e61d03...5150a7b7
[ STEP 029 ] Bit #228 = '1' → Using Private_Key_Odd
  Next_Pubkey.Gx = 0xad33f7ae83594d2318...f78b14f4
  Next_Pubkey.Gy = 0x24d5a2928940389783...8914e81f
[ STEP 030 ] Bit #227 = '0' → Using Private_Key_Even
  Next_Pubkey.Gx = 0xf4f4e7a168efaac49e...185d820a
  Next_Pubkey.Gy = 0xecf75bdcaf0bc50379...e2ffcbfd
[ STEP 031 ] Bit #226 = '1' → Using Private_Key_Odd
  Next_Pubkey.Gx = 0xbb057fee31a38a96a9...ce869deb
  Next_Pubkey.Gy = 0xd22a9d4437e68905e0...8e6b2b0c
[ STEP 032 ] Bit #225 = '0' → Using Private_Key_Even
  Next_Pubkey.Gx = 0xca2b070ac568d89c46...243d657d
  Next_Pubkey.Gy = 0xd974cfd301e748e7c0...d7cd67b4
[ STEP 033 ] Bit #224 = '1' → Using Private_Key_Odd
  Next_Pubkey.Gx = 0x39fdac21f99cd13454...9dedf2ce
  Next_Pubkey.Gy = 0x75380f6fe764df4254...cd59f418
[ STEP 034 ] Bit #223 = '1' → Using Private_Key_Odd
  Next_Pubkey.Gx = 0x9ae6129273eb947d03...f2c79076
  Next_Pubkey.Gy = 0x19d43c9eaf10722ea7...fd376735
[ STEP 035 ] Bit #222 = '0' → Using Private_Key_Even
  Next_Pubkey.Gx = 0xfb6181cfa20294aa84...86ac78c8
  Next_Pubkey.Gy = 0x96d0bb8bce72d4c436...aa9ae264
[ STEP 036 ] Bit #221 = '0' → Using Private_Key_Even
  Next_Pubkey.Gx = 0xb436148dd1f7547ecd...57e47919
  Next_Pubkey.Gy = 0x8e2670141656824087...53053fc1
[ STEP 037 ] Bit #220 = '1' → Using Private_Key_Odd
  Next_Pubkey.Gx = 0x65ead4262bb5d3cafa...de397ed5
  Next_Pubkey.Gy = 0xbdf216d6a70c998681...a9ef1984
[ STEP 038 ] Bit #219 = '0' → Using Private_Key_Even
  Next_Pubkey.Gx = 0x15f0790e508318a0e5...966d7eed
  Next_Pubkey.Gy = 0xdb0ba5fcf4bac95c03...caac1fa9
[ STEP 039 ] Bit #218 = '0' → Using Private_Key_Even
  Next_Pubkey.Gx = 0x5701227d346a9f0044...e18c3d47
  Next_Pubkey.Gy = 0xc5f444211e02b4a9ab...8350180a
[ STEP 040 ] Bit #217 = '1' → Using Private_Key_Odd
  Next_Pubkey.Gx = 0x5247817b53affbac01...8c15b1ce
  Next_Pubkey.Gy = 0xb40f98ba89e12a2b88...6da2f030
[ STEP 041 ] Bit #216 = '1' → Using Private_Key_Odd
  Next_Pubkey.Gx = 0x5e88b58af57071cb67...f0242173
  Next_Pubkey.Gy = 0xdafd81fc8f1b32ed50...31186b09
[ STEP 042 ] Bit #215 = '0' → Using Private_Key_Even
  Next_Pubkey.Gx = 0xfa9722247ecce731dc...dad50199
  Next_Pubkey.Gy = 0x910e5cbd265f844c4e...a7d3ba78
[ STEP 043 ] Bit #214 = '1' → Using Private_Key_Odd
  Next_Pubkey.Gx = 0x805f756e5cfb7015ed...0fb74bf0
  Next_Pubkey.Gy = 0x28d50901cb27ff1575...9cc51a99
[ STEP 044 ] Bit #213 = '1' → Using Private_Key_Odd
  Next_Pubkey.Gx = 0xc6795cb3e1f67e79d6...3e834873
  Next_Pubkey.Gy = 0x3a2830420a1c8175ca...7ac62bdb
[ STEP 045 ] Bit #212 = '1' → Using Private_Key_Odd
  Next_Pubkey.Gx = 0x1cfb6b6516b6dc55b7...408ed4e7
  Next_Pubkey.Gy = 0xc4cb203642f8e0d8a3...21059d18
[ STEP 046 ] Bit #211 = '1' → Using Private_Key_Odd
  Next_Pubkey.Gx = 0xea5f593e2eecddf573...d61c67da
  Next_Pubkey.Gy = 0x3e671d445a8a0a1c2b...3bafadd3
[ STEP 047 ] Bit #210 = '1' → Using Private_Key_Odd
  Next_Pubkey.Gx = 0x6da727cb30fe35ad4e...7b39ab47
  Next_Pubkey.Gy = 0x904722ccabd8426e51...74853ecd
[ STEP 048 ] Bit #209 = '0' → Using Private_Key_Even
  Next_Pubkey.Gx = 0x5fe9eeab48601f201e...bc1f63bf
  Next_Pubkey.Gy = 0x87d114cc4e9ec4697c...3cd3c97d
[ STEP 049 ] Bit #208 = '0' → Using Private_Key_Even
  Next_Pubkey.Gx = 0xfe07e8122d3d7b3c58...11348050
  Next_Pubkey.Gy = 0x25f2633018ac4b558f...e542a0dd
[ STEP 050 ] Bit #207 = '0' → Using Private_Key_Even
  Next_Pubkey.Gx = 0x2230cd22953a65247d...f5c5ba84
  Next_Pubkey.Gy = 0x63455182df62f252c1...1ad7bdae
[ STEP 051 ] Bit #206 = '0' → Using Private_Key_Even
  Next_Pubkey.Gx = 0x587bab6863145d3e7f...e624fdd0
  Next_Pubkey.Gy = 0x6c8b82a719f5d1e6f4...001ec9e2
[ STEP 052 ] Bit #205 = '1' → Using Private_Key_Odd
  Next_Pubkey.Gx = 0x8f89cf28fbd5a6df4c...12cb7416
  Next_Pubkey.Gy = 0xa02ed8b4d9bb48bdc3...9f370830
[ STEP 053 ] Bit #204 = '1' → Using Private_Key_Odd
  Next_Pubkey.Gx = 0xba8cca1eaa7881860f...66fae250
  Next_Pubkey.Gy = 0x3503032126a95fd9ad...101f635b
[ STEP 054 ] Bit #203 = '1' → Using Private_Key_Odd
  Next_Pubkey.Gx = 0x5c2fe4a14489d279e2...05bf4a53
  Next_Pubkey.Gy = 0xc53051e8ab78a53380...d9e4314f
[ STEP 055 ] Bit #202 = '1' → Using Private_Key_Odd
  Next_Pubkey.Gx = 0x8a0b360175d5c48649...669563d5
  Next_Pubkey.Gy = 0x5a7b2fe3f59bdc2118...ad4ca099
[ STEP 056 ] Bit #201 = '1' → Using Private_Key_Odd
  Next_Pubkey.Gx = 0xc5b24f33ae63c4c61c...288cb24a
  Next_Pubkey.Gy = 0x75586fd9f29a2094c8...88863749
[ STEP 057 ] Bit #200 = '1' → Using Private_Key_Odd
  Next_Pubkey.Gx = 0x91e6939c6eca6b9845...c554b8d5
  Next_Pubkey.Gy = 0x868872f4b32f09e05a...3773b0cd
[ STEP 058 ] Bit #199 = '1' → Using Private_Key_Odd
  Next_Pubkey.Gx = 0x3ae75e70d884fc7d25...ddefe53e
  Next_Pubkey.Gy = 0x7e9100c137241d2cc0...ddda6740
[ STEP 059 ] Bit #198 = '0' → Using Private_Key_Even
  Next_Pubkey.Gx = 0xd6df221fa1cc3ee225...fc2e905e
  Next_Pubkey.Gy = 0xb01f32f558f2bc7085...0f668100
[ STEP 060 ] Bit #197 = '1' → Using Private_Key_Odd
  Next_Pubkey.Gx = 0xb1c15fb2f481421fd1...8dae0778
  Next_Pubkey.Gy = 0xd0defac53b6a2cc85f...ffc68602
[ STEP 061 ] Bit #196 = '1' → Using Private_Key_Odd
  Next_Pubkey.Gx = 0xa30c3c9c006579b6e3...d3f5dc3d
  Next_Pubkey.Gy = 0xa8f0af051b27d5df01...14f98bf7
[ STEP 062 ] Bit #195 = '0' → Using Private_Key_Even
  Next_Pubkey.Gx = 0xd35523ea30a6395e9f...96bfbb1e
  Next_Pubkey.Gy = 0xada6c6e27116c5b2ef...bf308d52
[ STEP 063 ] Bit #194 = '0' → Using Private_Key_Even
  Next_Pubkey.Gx = 0x1c1dc7f28f37bd1534...c1b4ba73
  Next_Pubkey.Gy = 0x53aba080d61143bb87...b20ed9ad
[ STEP 064 ] Bit #193 = '1' → Using Private_Key_Odd
  Next_Pubkey.Gx = 0xea90e72d92f8eb7164...34b9a6d2
  Next_Pubkey.Gy = 0xd1715d9f56aa629361...f9ea1228
[ STEP 065 ] Bit #192 = '1' → Using Private_Key_Odd
  Next_Pubkey.Gx = 0x8b24ea833793c50603...9753949c
  Next_Pubkey.Gy = 0x910c93a78c81d7d5ed...bccffdd1
[ STEP 066 ] Bit #191 = '0' → Using Private_Key_Even
  Next_Pubkey.Gx = 0xf8482dadf8f60ef1bf...a37b425a
  Next_Pubkey.Gy = 0x34ddcb3a39745070fc...35e8903b
[ STEP 067 ] Bit #190 = '0' → Using Private_Key_Even
  Next_Pubkey.Gx = 0xce5cf2e4aef080167f...ceafd1e5
  Next_Pubkey.Gy = 0x7a57fee47e5176112c...e5ba7cee
[ STEP 068 ] Bit #189 = '0' → Using Private_Key_Even
  Next_Pubkey.Gx = 0x3c5763faeba96f7c76...cf842f93
  Next_Pubkey.Gy = 0x54c8a38ad62190bc3c...9cc10df5
[ STEP 069 ] Bit #188 = '0' → Using Private_Key_Even
  Next_Pubkey.Gx = 0x7da13c47f8d42587ae...3970915d
  Next_Pubkey.Gy = 0xa9c71c4d6cb3086ce3...cb08c08c
[ STEP 070 ] Bit #187 = '1' → Using Private_Key_Odd
  Next_Pubkey.Gx = 0x7a4f0b1e3672dc90fa...2406eeca
  Next_Pubkey.Gy = 0xc54f1d8a6a2093836d...31a141ce
[ STEP 071 ] Bit #186 = '1' → Using Private_Key_Odd
  Next_Pubkey.Gx = 0xe1f2915e26731de26d...276bf075
  Next_Pubkey.Gy = 0x52bd1326110d1243c5...6d563225
[ STEP 072 ] Bit #185 = '0' → Using Private_Key_Even
  Next_Pubkey.Gx = 0x7ff504ec9bf3b323d3...473c5b55
  Next_Pubkey.Gy = 0x79c9d710f7671d997f...7239bf20
[ STEP 073 ] Bit #184 = '0' → Using Private_Key_Even
  Next_Pubkey.Gx = 0x4e8e8bcd685e4fccd0...f9bf5e86
  Next_Pubkey.Gy = 0xa055e1ac444fa6277c...ff63d85a
[ STEP 074 ] Bit #183 = '1' → Using Private_Key_Odd
  Next_Pubkey.Gx = 0x455d061352406e6602...25896f34
  Next_Pubkey.Gy = 0x94ae0c7195dc1b31ba...ac043a94
[ STEP 075 ] Bit #182 = '0' → Using Private_Key_Even
  Next_Pubkey.Gx = 0xe345ffd7d95774e5e6...35c8ba28
  Next_Pubkey.Gy = 0xa152df1cf134bf3088...e54a849c
[ STEP 076 ] Bit #181 = '1' → Using Private_Key_Odd
  Next_Pubkey.Gx = 0x3a13c3a18eda039766...446dd89b
  Next_Pubkey.Gy = 0xb581965d9fa6a9dfe2...81f29afb
[ STEP 077 ] Bit #180 = '0' → Using Private_Key_Even
  Next_Pubkey.Gx = 0x9b177e6bd65ad24020...509347c5
  Next_Pubkey.Gy = 0x46d7b3f3911d1aa4d0...3f44fa9c
[ STEP 078 ] Bit #179 = '1' → Using Private_Key_Odd
  Next_Pubkey.Gx = 0xc5e56ca505b8bcca3b...4df3fd84
  Next_Pubkey.Gy = 0x883d27ce3db8df9b57...c01ceadf
[ STEP 079 ] Bit #178 = '1' → Using Private_Key_Odd
  Next_Pubkey.Gx = 0xc997cae3f569144b9d...57f70eab
  Next_Pubkey.Gy = 0xf124b9572e45151175...3ef0144d
[ STEP 080 ] Bit #177 = '1' → Using Private_Key_Odd
  Next_Pubkey.Gx = 0xf59d5b411366bcfb5a...ede51588
  Next_Pubkey.Gy = 0xb220c575d38d403d2c...34f70e94
[ STEP 081 ] Bit #176 = '1' → Using Private_Key_Odd
  Next_Pubkey.Gx = 0xf10582dcb23251e39d...3daf7c72
  Next_Pubkey.Gy = 0x2ab77fb9a45e7dd0bc...9563ba99
[ STEP 082 ] Bit #175 = '1' → Using Private_Key_Odd
  Next_Pubkey.Gx = 0x92c3e0f47c5d85b6ae...57f55cf4
  Next_Pubkey.Gy = 0xf4e5dbd1dcb4373b2a...4691a593
[ STEP 083 ] Bit #174 = '0' → Using Private_Key_Even
  Next_Pubkey.Gx = 0x4e727d6482cf4655fd...3ab67a70
  Next_Pubkey.Gy = 0x4b06605124173ad02c...81df6c49
[ STEP 084 ] Bit #173 = '1' → Using Private_Key_Odd
  Next_Pubkey.Gx = 0xe8b1fe07e601406835...29f773d2
  Next_Pubkey.Gy = 0x3fc1f19265e22b7517...28e171b3
[ STEP 085 ] Bit #172 = '0' → Using Private_Key_Even
  Next_Pubkey.Gx = 0x7ecc1591de87a897af...1ba89a39
  Next_Pubkey.Gy = 0x4051df7cb12e073b3c...ff4e796e
[ STEP 086 ] Bit #171 = '0' → Using Private_Key_Even
  Next_Pubkey.Gx = 0xdd5acf31b774c2009e...5cba3d84
  Next_Pubkey.Gy = 0xa187cef9bb1499f2a5...2467cb95
[ STEP 087 ] Bit #170 = '0' → Using Private_Key_Even
  Next_Pubkey.Gx = 0x16a1fb4d2a4979d042...afbeb014
  Next_Pubkey.Gy = 0xcb5747836cd0dbdf45...be8a4820
[ STEP 088 ] Bit #169 = '1' → Using Private_Key_Odd
  Next_Pubkey.Gx = 0x5e773cbff003f5633b...bf768123
  Next_Pubkey.Gy = 0x8d6516cf76602f85c4...eb62fe68
[ STEP 089 ] Bit #168 = '0' → Using Private_Key_Even
  Next_Pubkey.Gx = 0xba92515f3831dc528b...13ec5c5b
  Next_Pubkey.Gy = 0x893d3d19a49c7ba6b1...57d2d119
[ STEP 090 ] Bit #167 = '0' → Using Private_Key_Even
  Next_Pubkey.Gx = 0x351a1097bc27864858...6b494e7f
  Next_Pubkey.Gy = 0xdea6997223d5690eda...317d367f
[ STEP 091 ] Bit #166 = '1' → Using Private_Key_Odd
  Next_Pubkey.Gx = 0xffb4080164e00a5230...a8beec28
  Next_Pubkey.Gy = 0xb2f1497aa727eff4a8...4d3df674
[ STEP 092 ] Bit #165 = '0' → Using Private_Key_Even
  Next_Pubkey.Gx = 0xb5d62d0e3fe109d7d6...4b3c4ff3
  Next_Pubkey.Gy = 0x4a40433879d0785f39...b6105702
[ STEP 093 ] Bit #164 = '0' → Using Private_Key_Even
  Next_Pubkey.Gx = 0x1b138691e1bca5550c...978f41f8
  Next_Pubkey.Gy = 0x13081fad124c10198e...7f0da85b
[ STEP 094 ] Bit #163 = '1' → Using Private_Key_Odd
  Next_Pubkey.Gx = 0xde908eb9538bcc6e5d...f8026ce8
  Next_Pubkey.Gy = 0x2abf2938fe3613294a...6832d013
[ STEP 095 ] Bit #162 = '1' → Using Private_Key_Odd
  Next_Pubkey.Gx = 0x8eb06eb3f98f746d0e...f7e758e9
  Next_Pubkey.Gy = 0x4c46882e99f0a55f47...bc43331e
[ STEP 096 ] Bit #161 = '0' → Using Private_Key_Even
  Next_Pubkey.Gx = 0xdd252376726c551ffc...de813fef
  Next_Pubkey.Gy = 0x2d542b5e43ec4ad0b7...6509b67b
[ STEP 097 ] Bit #160 = '0' → Using Private_Key_Even
  Next_Pubkey.Gx = 0xbcedf230596e616321...bc64cd22
  Next_Pubkey.Gy = 0x677a33cde8e461bb2d...42fe6a93
[ STEP 098 ] Bit #159 = '1' → Using Private_Key_Odd
  Next_Pubkey.Gx = 0xe32134031a65c25d3a...fd3cdb92
  Next_Pubkey.Gy = 0x4bb3087f325b9b0c1f...f88f334b
[ STEP 099 ] Bit #158 = '1' → Using Private_Key_Odd
  Next_Pubkey.Gx = 0xdc0e29159ebb5bac2e...029d380c
  Next_Pubkey.Gy = 0x18f23ea0b9cb8c6ddd...e2806c87
[ STEP 100 ] Bit #157 = '0' → Using Private_Key_Even
  Next_Pubkey.Gx = 0xd08b7a1eeb29bc8cea...a95a681d
  Next_Pubkey.Gy = 0x6838b3d2e78372bc70...80d524a6
[ STEP 101 ] Bit #156 = '1' → Using Private_Key_Odd
  Next_Pubkey.Gx = 0x3c4fc93df758e030d3...bd7a9d28
  Next_Pubkey.Gy = 0x953e6c1f69203e057f...73825d0a
[ STEP 102 ] Bit #155 = '0' → Using Private_Key_Even
  Next_Pubkey.Gx = 0x55c0d807d4446c83f8...e1124b44
  Next_Pubkey.Gy = 0xc93b34fd18a25e8de9...c6ff6bfc
[ STEP 103 ] Bit #154 = '0' → Using Private_Key_Even
  Next_Pubkey.Gx = 0x5c5eb8d45a29db2fa4...c0fcbc7d
  Next_Pubkey.Gy = 0x735969d89c943f5bb2...51ed51d3
[ STEP 104 ] Bit #153 = '0' → Using Private_Key_Even
  Next_Pubkey.Gx = 0x1ad7ee026d1b65f6f2...0022d16c
  Next_Pubkey.Gy = 0x1a72f2ba0680d02ef7...6ad0e1cc
[ STEP 105 ] Bit #152 = '1' → Using Private_Key_Odd
  Next_Pubkey.Gx = 0x629693dc39fb271f1e...e9cb8154
  Next_Pubkey.Gy = 0x85b26f0909386a68dc...75ef5f75
[ STEP 106 ] Bit #151 = '1' → Using Private_Key_Odd
  Next_Pubkey.Gx = 0x855b88db7f9b13b774...aa2f8cca
  Next_Pubkey.Gy = 0x64af1f576ceefa744f...416241ad
[ STEP 107 ] Bit #150 = '0' → Using Private_Key_Even
  Next_Pubkey.Gx = 0x5885da83511924034f...8d144bfd
  Next_Pubkey.Gy = 0xdb8968f449db18fcb9...ed49bb54
[ STEP 108 ] Bit #149 = '0' → Using Private_Key_Even
  Next_Pubkey.Gx = 0xadd393567a98a96cd5...40e3f5c2
  Next_Pubkey.Gy = 0xbaf022c3620c80c37c...40bf7229
[ STEP 109 ] Bit #148 = '1' → Using Private_Key_Odd
  Next_Pubkey.Gx = 0xa6e6fb867a10cc4c8d...f5755d3c
  Next_Pubkey.Gy = 0x9308f8673baf5012ee...91ce8cb6
[ STEP 110 ] Bit #147 = '0' → Using Private_Key_Even
  Next_Pubkey.Gx = 0x6d7e26ed9ae7b0c900...8bdf6f31
  Next_Pubkey.Gy = 0x67bf523458680554ab...b3d2a46b
[ STEP 111 ] Bit #146 = '0' → Using Private_Key_Even
  Next_Pubkey.Gx = 0x2382cad6b2f61fadaa...76411b4a
  Next_Pubkey.Gy = 0xfa0010a1b2ff6fb1c4...8c3be0a7
[ STEP 112 ] Bit #145 = '0' → Using Private_Key_Even
  Next_Pubkey.Gx = 0x791b1758ffccd51a83...899a5bdc
  Next_Pubkey.Gy = 0x77e5b04c84bee35681...59b153ec
[ STEP 113 ] Bit #144 = '1' → Using Private_Key_Odd
  Next_Pubkey.Gx = 0x946915fd16083e7e7f...63b9dbe0
  Next_Pubkey.Gy = 0x230ba3698b5803f805...7a20776a
[ STEP 114 ] Bit #143 = '1' → Using Private_Key_Odd
  Next_Pubkey.Gx = 0x1e4dfeb4365af693a2...4bd6a864
  Next_Pubkey.Gy = 0xc6868f783510ac9625...2f75ad98
[ STEP 115 ] Bit #142 = '0' → Using Private_Key_Even
  Next_Pubkey.Gx = 0x4b2334d0011c2cd0c0...c87a98c8
  Next_Pubkey.Gy = 0x53801c0c0b6a1c11f5...b8a9057f
[ STEP 116 ] Bit #141 = '0' → Using Private_Key_Even
  Next_Pubkey.Gx = 0xf273dacdb270db5b90...a110955f
  Next_Pubkey.Gy = 0x9007605934b160d38e...8bbb0dd7
[ STEP 117 ] Bit #140 = '0' → Using Private_Key_Even
  Next_Pubkey.Gx = 0x59c1b3be09d30c1d8a...5074b7ad
  Next_Pubkey.Gy = 0x486d17f2f531de90af...8a9bab77
[ STEP 118 ] Bit #139 = '0' → Using Private_Key_Even
  Next_Pubkey.Gx = 0x79c56b9c2c8c3f0e98...46039288
  Next_Pubkey.Gy = 0x33de679fe56cd29b6c...092c44d6
[ STEP 119 ] Bit #138 = '1' → Using Private_Key_Odd
  Next_Pubkey.Gx = 0x9708236343c6159794...2dd4c0df
  Next_Pubkey.Gy = 0x384c13eba2d28077f2...b9b17473
[ STEP 120 ] Bit #137 = '1' → Using Private_Key_Odd
  Next_Pubkey.Gx = 0x5cc1f5e90b20287a29...1781f393
  Next_Pubkey.Gy = 0xf5699544bd2abcd9eb...6e4a007f
[ STEP 121 ] Bit #136 = '1' → Using Private_Key_Odd
  Next_Pubkey.Gx = 0xf9feeeaace6f805944...cd0a22e0
  Next_Pubkey.Gy = 0x91d38195ee6f254cb2...35aa66d4
[ STEP 122 ] Bit #135 = '1' → Using Private_Key_Odd
  Next_Pubkey.Gx = 0x3a6ac8d13471f23f86...a8040b94
  Next_Pubkey.Gy = 0x1137d1a0ead570078f...437a2a29
[ STEP 123 ] Bit #134 = '0' → Using Private_Key_Even
  Next_Pubkey.Gx = 0xccf3105dab6dea023b...b675fd78
  Next_Pubkey.Gy = 0x51b1c789becc5dd27e...48ab4737
[ STEP 124 ] Bit #133 = '0' → Using Private_Key_Even
  Next_Pubkey.Gx = 0xd8fe209b7a06ce979d...aa4cc456
  Next_Pubkey.Gy = 0x4e10bb6ad4ea9f4372...de25de2e
[ STEP 125 ] Bit #132 = '1' → Using Private_Key_Odd
  Next_Pubkey.Gx = 0xd2ed0384d3204a1d43...ade91e95
  Next_Pubkey.Gy = 0xb2916d047b13b561e3...ab2d377d
[ STEP 126 ] Bit #131 = '1' → Using Private_Key_Odd
  Next_Pubkey.Gx = 0xeb7f2ebafb6f12610d...9c92b4a9
  Next_Pubkey.Gy = 0x95258cd7d842f5c77b...c1fcf65d
[ STEP 127 ] Bit #130 = '1' → Using Private_Key_Odd
  Next_Pubkey.Gx = 0xa78f184e8d2430aee0...771e19bd
  Next_Pubkey.Gy = 0x2a3ac0ca3bed183cc4...fa58b02a
[ STEP 128 ] Bit #129 = '0' → Using Private_Key_Even
  Next_Pubkey.Gx = 0x1cadf70762a8ba6681...05a89656
  Next_Pubkey.Gy = 0x99b068628740739578...7f9938d8
[ STEP 129 ] Bit #128 = '0' → Using Private_Key_Even
  Next_Pubkey.Gx = 0xa37a452167d924ccd5...b977866e
  Next_Pubkey.Gy = 0xff7031eed6ae52760f...84b36d24
[ STEP 130 ] Bit #127 = '1' → Using Private_Key_Odd
  Next_Pubkey.Gx = 0xd3d24a5d49ccb76ac8...0a66f1c6
  Next_Pubkey.Gy = 0x1cfc4677f2c773e1e6...6183276a
[ STEP 131 ] Bit #126 = '1' → Using Private_Key_Odd
  Next_Pubkey.Gx = 0x6b96452d30a1ecf5fd...0158052f
  Next_Pubkey.Gy = 0xba10462ca19243c90e...9a5f269d
[ STEP 132 ] Bit #125 = '0' → Using Private_Key_Even
  Next_Pubkey.Gx = 0x5b0929adb0db7b27a8...1d3bfaa8
  Next_Pubkey.Gy = 0x55b782e5f429688136...5da98288
[ STEP 133 ] Bit #124 = '1' → Using Private_Key_Odd
  Next_Pubkey.Gx = 0x9db49d562d87c2f763...4f83f6af
  Next_Pubkey.Gy = 0x55fd9f14728e41bd47...0b4e93d8
[ STEP 134 ] Bit #123 = '1' → Using Private_Key_Odd
  Next_Pubkey.Gx = 0xd7647b48616f731310...930d4cfb
  Next_Pubkey.Gy = 0xceca2b15d9b8a38f9f...5578661c
[ STEP 135 ] Bit #122 = '0' → Using Private_Key_Even
  Next_Pubkey.Gx = 0xbe6866783e19754e51...eba89977
  Next_Pubkey.Gy = 0x7fe5ab7fed83da5ce6...00ba8bf8
[ STEP 136 ] Bit #121 = '1' → Using Private_Key_Odd
  Next_Pubkey.Gx = 0xa27905d8fd4539af8c...f854f770
  Next_Pubkey.Gy = 0x9c146390f38c159804...13bc696d
[ STEP 137 ] Bit #120 = '0' → Using Private_Key_Even
  Next_Pubkey.Gx = 0x749b65ccfc2ace214f...9a1ef0a1
  Next_Pubkey.Gy = 0x834c9bfe3505093d59...0dee707e
[ STEP 138 ] Bit #119 = '0' → Using Private_Key_Even
  Next_Pubkey.Gx = 0xf8b56f84620db469e7...b2b6b13b
  Next_Pubkey.Gy = 0x2863d19701a8061eb9...6cc6ea81
[ STEP 139 ] Bit #118 = '1' → Using Private_Key_Odd
  Next_Pubkey.Gx = 0xcd04ddb0e68056d86a...3e26f3eb
  Next_Pubkey.Gy = 0x4613dc5289f9ffccf4...027d20d3
[ STEP 140 ] Bit #117 = '1' → Using Private_Key_Odd
  Next_Pubkey.Gx = 0x9db9be93f4af9f548a...fd0c6690
  Next_Pubkey.Gy = 0x9277b73761923f74ac...9fdd34a7
[ STEP 141 ] Bit #116 = '0' → Using Private_Key_Even
  Next_Pubkey.Gx = 0x1a61f531dc03de6c1c...9a9a6264
  Next_Pubkey.Gy = 0xe2343ecadb520a1670...b5ba0bd6
[ STEP 142 ] Bit #115 = '0' → Using Private_Key_Even
  Next_Pubkey.Gx = 0x7f92d3417851f93bf1...7285e1b8
  Next_Pubkey.Gy = 0x65a69e94c83065a205...657563d9
[ STEP 143 ] Bit #114 = '0' → Using Private_Key_Even
  Next_Pubkey.Gx = 0xffc13ada906c894601...2e999e84
  Next_Pubkey.Gy = 0xfe95af529fca00df0e...7a54bccf
[ STEP 144 ] Bit #113 = '1' → Using Private_Key_Odd
  Next_Pubkey.Gx = 0xc7e61afa1b0e0114fe...880d58c0
  Next_Pubkey.Gy = 0xd46feb3cd390aa9b24...828976df
[ STEP 145 ] Bit #112 = '0' → Using Private_Key_Even
  Next_Pubkey.Gx = 0x83e8ac921d610c1736...a769a73d
  Next_Pubkey.Gy = 0x5961074b226a4f7a2c...e5b04456
[ STEP 146 ] Bit #111 = '1' → Using Private_Key_Odd
  Next_Pubkey.Gx = 0xf5e8e12733ec81d0f3...ad5f7100
  Next_Pubkey.Gy = 0xebfa4123d3e3a58131...f2a2e0fc
[ STEP 147 ] Bit #110 = '1' → Using Private_Key_Odd
  Next_Pubkey.Gx = 0xe601cb54a0e8838c75...68794d5b
  Next_Pubkey.Gy = 0x6ae0a49928edc82331...3908a2d6
[ STEP 148 ] Bit #109 = '1' → Using Private_Key_Odd
  Next_Pubkey.Gx = 0x2b4e75e905b2d53e00...0e82db27
  Next_Pubkey.Gy = 0xffb93c90124ea2c50e...e7d20b45
[ STEP 149 ] Bit #108 = '0' → Using Private_Key_Even
  Next_Pubkey.Gx = 0x67d39d4446f72c53f1...20f6732a
  Next_Pubkey.Gy = 0xd5519574fd61187e07...ca402b9a
[ STEP 150 ] Bit #107 = '0' → Using Private_Key_Even
  Next_Pubkey.Gx = 0x850175056da626416c...c3d7f986
  Next_Pubkey.Gy = 0x26dac3219da0500ee8...9d6dc0fe
[ STEP 151 ] Bit #106 = '0' → Using Private_Key_Even
  Next_Pubkey.Gx = 0x9632eda95863abcb4f...71a182b7
  Next_Pubkey.Gy = 0x62831c82ed180bddc0...edd25756
[ STEP 152 ] Bit #105 = '1' → Using Private_Key_Odd
  Next_Pubkey.Gx = 0x692d9ae56829c2fe30...4bfb5c49
  Next_Pubkey.Gy = 0xc050a9856fc723e55e...fae29f6c
[ STEP 153 ] Bit #104 = '0' → Using Private_Key_Even
  Next_Pubkey.Gx = 0xc7eaa4c31c8d36580b...eec0c5d3
  Next_Pubkey.Gy = 0x70b292c720fc7fa584...33a2257b
[ STEP 154 ] Bit #103 = '1' → Using Private_Key_Odd
  Next_Pubkey.Gx = 0xfea573f5562567c4b4...604e4473
  Next_Pubkey.Gy = 0x62eaf6cb9a3e041c79...02cf53d1
[ STEP 155 ] Bit #102 = '1' → Using Private_Key_Odd
  Next_Pubkey.Gx = 0xa031edc77e52aa5295...1e21d5f3
  Next_Pubkey.Gy = 0x89c6ca6939072b7b58...334e96e2
[ STEP 156 ] Bit #101 = '1' → Using Private_Key_Odd
  Next_Pubkey.Gx = 0x4c38fac580c6893a32...869b2eda
  Next_Pubkey.Gy = 0xbccd23467c4a0b36ab...02a9499b
[ STEP 157 ] Bit #100 = '1' → Using Private_Key_Odd
  Next_Pubkey.Gx = 0x87a59dcae48c6d6e6f...e382c076
  Next_Pubkey.Gy = 0xfb49ac116641bad85c...1096375a
[ STEP 158 ] Bit #099 = '0' → Using Private_Key_Even
  Next_Pubkey.Gx = 0x47b040da9803ce76cd...d6fd1634
  Next_Pubkey.Gy = 0x1d3bcf69cc41f9d964...b2d63460
[ STEP 159 ] Bit #098 = '1' → Using Private_Key_Odd
  Next_Pubkey.Gx = 0xf3af5833c2220f0a97...ff9352fd
  Next_Pubkey.Gy = 0xa2026460ff9e778dd6...81c020c7
[ STEP 160 ] Bit #097 = '0' → Using Private_Key_Even
  Next_Pubkey.Gx = 0x2813b1b715e94dcf7c...797c23e5
  Next_Pubkey.Gy = 0x7e2df9205e58decba6...1a1ea820
[ STEP 161 ] Bit #096 = '1' → Using Private_Key_Odd
  Next_Pubkey.Gx = 0x4086b1dfda82d99e75...27578ec2
  Next_Pubkey.Gy = 0xa0b6a4300f4b55a396...ad6d613b
[ STEP 162 ] Bit #095 = '1' → Using Private_Key_Odd
  Next_Pubkey.Gx = 0x6ebb86bd0b21404578...954c915c
  Next_Pubkey.Gy = 0xd1e138427bdad500fb...d518e249
[ STEP 163 ] Bit #094 = '0' → Using Private_Key_Even
  Next_Pubkey.Gx = 0xc91cebca9bcc05d2a3...97f48551
  Next_Pubkey.Gy = 0x4b55336788c2157eb2...75706623
[ STEP 164 ] Bit #093 = '1' → Using Private_Key_Odd
  Next_Pubkey.Gx = 0x694052cfa3ca6b0baf...37a43613
  Next_Pubkey.Gy = 0x943d7a793d1d995151...882fdf3f
[ STEP 165 ] Bit #092 = '0' → Using Private_Key_Even
  Next_Pubkey.Gx = 0x6448e75d159ef747a6...cc1bf219
  Next_Pubkey.Gy = 0xba71df03c0409ce43a...0bb5ed68
[ STEP 166 ] Bit #091 = '1' → Using Private_Key_Odd
  Next_Pubkey.Gx = 0x97fc5b3fb47bf022eb...2c473c8d
  Next_Pubkey.Gy = 0x456b40ccd256b84797...ea0c1efe
[ STEP 167 ] Bit #090 = '1' → Using Private_Key_Odd
  Next_Pubkey.Gx = 0x77cff17574df358cce...86fcf2c2
  Next_Pubkey.Gy = 0x952172762221475402...aba1a85f
[ STEP 168 ] Bit #089 = '0' → Using Private_Key_Even
  Next_Pubkey.Gx = 0xb4f5c8908d483c539e...7568c977
  Next_Pubkey.Gy = 0xf4a2337d40603e9373...e9f03eef
[ STEP 169 ] Bit #088 = '1' → Using Private_Key_Odd
  Next_Pubkey.Gx = 0xc9f62e1730d3a4e912...311b35e6
  Next_Pubkey.Gy = 0x751cb317e99a31c821...63059a2e
[ STEP 170 ] Bit #087 = '0' → Using Private_Key_Even
  Next_Pubkey.Gx = 0x3daafa7d3633a2ec5f...c99a96b2
  Next_Pubkey.Gy = 0x967bc507cc05604267...08347e6a
[ STEP 171 ] Bit #086 = '0' → Using Private_Key_Even
  Next_Pubkey.Gx = 0xbb98f84e9a66ac974b...2f31da26
  Next_Pubkey.Gy = 0x6f4fcf71c0e9ae4352...2f5eb92a
[ STEP 172 ] Bit #085 = '1' → Using Private_Key_Odd
  Next_Pubkey.Gx = 0xd9da46044a05beb0fc...d94a8772
  Next_Pubkey.Gy = 0xd2856c30f655e5f140...04e50ede
[ STEP 173 ] Bit #084 = '0' → Using Private_Key_Even
  Next_Pubkey.Gx = 0x7642261050ab5b0370...316b1a5a
  Next_Pubkey.Gy = 0x9b7f9a7e31b8470c5f...f9a01332
[ STEP 174 ] Bit #083 = '1' → Using Private_Key_Odd
  Next_Pubkey.Gx = 0x5db6727b1069fcc7cb...9f544de5
  Next_Pubkey.Gy = 0x1b8272e309bd1cdbde...4d46a0d1
[ STEP 175 ] Bit #082 = '1' → Using Private_Key_Odd
  Next_Pubkey.Gx = 0xb638ffef42cbd22833...ac290446
  Next_Pubkey.Gy = 0x956e1970dd6bc2e110...4edadffb
[ STEP 176 ] Bit #081 = '1' → Using Private_Key_Odd
  Next_Pubkey.Gx = 0x2da5b4c267e8c21616...7cf88b09
  Next_Pubkey.Gy = 0x87d06bef4edc55d03b...c23cc333
[ STEP 177 ] Bit #080 = '0' → Using Private_Key_Even
  Next_Pubkey.Gx = 0xddcf53ba40c132d4a8...7dbae5a0
  Next_Pubkey.Gy = 0xe1124c48a07b8a9796...ea236052
[ STEP 178 ] Bit #079 = '1' → Using Private_Key_Odd
  Next_Pubkey.Gx = 0x76be04031c61516e57...86e3620c
  Next_Pubkey.Gy = 0xa1e609450fd2a3bc1a...faef0a14
[ STEP 179 ] Bit #078 = '0' → Using Private_Key_Even
  Next_Pubkey.Gx = 0x6e222f430a209dd6a9...ca12d8a1
  Next_Pubkey.Gy = 0x876394e188dc692e6e...2dfa5071
[ STEP 180 ] Bit #077 = '0' → Using Private_Key_Even
  Next_Pubkey.Gx = 0x506b6f7f8df95a5a97...29fc5fb0
  Next_Pubkey.Gy = 0xcc24ddaa587a8d45c8...74c9c461
[ STEP 181 ] Bit #076 = '0' → Using Private_Key_Even
  Next_Pubkey.Gx = 0x1d4a054392e92a8964...c7ad845d
  Next_Pubkey.Gy = 0xabab17dac9daab75c4...1d5ad773
[ STEP 182 ] Bit #075 = '1' → Using Private_Key_Odd
  Next_Pubkey.Gx = 0x5114241411aaf43b40...9c28ad19
  Next_Pubkey.Gy = 0xc9cb0ef09198ccf8ce...cde3fa0f
[ STEP 183 ] Bit #074 = '0' → Using Private_Key_Even
  Next_Pubkey.Gx = 0xae4b40ace1c3a88904...adbf1cf1
  Next_Pubkey.Gy = 0x7584ec73e308a6ee76...5eac8d17
[ STEP 184 ] Bit #073 = '0' → Using Private_Key_Even
  Next_Pubkey.Gx = 0x4d78711f3767fc78b4...46d08c0c
  Next_Pubkey.Gy = 0x5b42a77fa169d182d7...81ce81e5
[ STEP 185 ] Bit #072 = '1' → Using Private_Key_Odd
  Next_Pubkey.Gx = 0x4dca13dd968f0af2d7...f40fc934
  Next_Pubkey.Gy = 0x11805e0900aacd066f...3e7ede55
[ STEP 186 ] Bit #071 = '0' → Using Private_Key_Even
  Next_Pubkey.Gx = 0x70cd69d23c03a9a4dc...9ff7b7bc
  Next_Pubkey.Gy = 0x2c44eb42e25d76cbe5...283c4c0e
[ STEP 187 ] Bit #070 = '0' → Using Private_Key_Even
  Next_Pubkey.Gx = 0xb1f5e1fde825898852...2a512716
  Next_Pubkey.Gy = 0x5dd6aa7c470439045f...6a9330ac
[ STEP 188 ] Bit #069 = '1' → Using Private_Key_Odd
  Next_Pubkey.Gx = 0xbf76bc4ff143be44a4...7878776e
  Next_Pubkey.Gy = 0x422b06a4fcecac3d7e...d9423a05
[ STEP 189 ] Bit #068 = '0' → Using Private_Key_Even
  Next_Pubkey.Gx = 0x4ec455827560908688...3b0505ae
  Next_Pubkey.Gy = 0xdbb643003ad829e3b1...ad3fcc4a
[ STEP 190 ] Bit #067 = '1' → Using Private_Key_Odd
  Next_Pubkey.Gx = 0x9d9ec423b035e4e43c...e2cf2020
  Next_Pubkey.Gy = 0x4ce33468a45a2c0714...335003ce
[ STEP 191 ] Bit #066 = '0' → Using Private_Key_Even
  Next_Pubkey.Gx = 0x16644314bea0995d9f...3652667c
  Next_Pubkey.Gy = 0x9ee43eb95ecd237174...a5a85abe
[ STEP 192 ] Bit #065 = '1' → Using Private_Key_Odd
  Next_Pubkey.Gx = 0x3605604f4b7c320d48...7943b957
  Next_Pubkey.Gy = 0x46fbd47393681238b8...4e636159
[ STEP 193 ] Bit #064 = '1' → Using Private_Key_Odd
  Next_Pubkey.Gx = 0xd583e6aa38ea4ca9fe...30afa418
  Next_Pubkey.Gy = 0xc7f7e73c9a075486cb...b3c4443b
[ STEP 194 ] Bit #063 = '0' → Using Private_Key_Even
  Next_Pubkey.Gx = 0x648251e637fa7a49ca...6af07f11
  Next_Pubkey.Gy = 0x1d12d3aaebf9f56181...aaf2f558
[ STEP 195 ] Bit #062 = '1' → Using Private_Key_Odd
  Next_Pubkey.Gx = 0xfe693eb91b41e21e1c...cca20176
  Next_Pubkey.Gy = 0xe6c4cbbf1906019ccd...83deb44d
[ STEP 196 ] Bit #061 = '1' → Using Private_Key_Odd
  Next_Pubkey.Gx = 0xa947a95a299f1b030b...7283dd8f
  Next_Pubkey.Gy = 0xed99fc233677aa3d75...17a46f04
[ STEP 197 ] Bit #060 = '0' → Using Private_Key_Even
  Next_Pubkey.Gx = 0x76675aa0209dec17d4...57d26de3
  Next_Pubkey.Gy = 0xb19c8831e9f3a87445...f2f0e1e8
[ STEP 198 ] Bit #059 = '0' → Using Private_Key_Even
  Next_Pubkey.Gx = 0xaec72780b8640af1fd...61a6c0ce
  Next_Pubkey.Gy = 0xce63710ed40856c755...ca4860da
[ STEP 199 ] Bit #058 = '1' → Using Private_Key_Odd
  Next_Pubkey.Gx = 0x89a0debf7e7b302fa9...fda75164
  Next_Pubkey.Gy = 0x41fcd3317e05292bf3...ffe66b99
[ STEP 200 ] Bit #057 = '0' → Using Private_Key_Even
  Next_Pubkey.Gx = 0xe62b50bd8db7865e62...91fda238
  Next_Pubkey.Gy = 0xa471831d7bd425d984...790ee393
[ STEP 201 ] Bit #056 = '1' → Using Private_Key_Odd
  Next_Pubkey.Gx = 0xd3b74972c03d16995e...c2d7ba59
  Next_Pubkey.Gy = 0x4ca13472024356d2c2...b402aa5b
[ STEP 202 ] Bit #055 = '1' → Using Private_Key_Odd
  Next_Pubkey.Gx = 0x7b3a16b230f53efb6b...481d63a2
  Next_Pubkey.Gy = 0x1e2cead4b578bc3c00...42ff5179
[ STEP 203 ] Bit #054 = '1' → Using Private_Key_Odd
  Next_Pubkey.Gx = 0x91a0202bfc1791b8a2...174aa08a
  Next_Pubkey.Gy = 0x8f1415ed8c2c01f5da...a349b259
[ STEP 204 ] Bit #053 = '1' → Using Private_Key_Odd
  Next_Pubkey.Gx = 0x23fa82582accc37591...6930f2c3
  Next_Pubkey.Gy = 0x9b73e4aee7083bfa71...6e206f3b
[ STEP 205 ] Bit #052 = '0' → Using Private_Key_Even
  Next_Pubkey.Gx = 0xee52e652ac3a6b720c...ca65b0a7
  Next_Pubkey.Gy = 0x7c5c9155570a010338...f5e490f8
[ STEP 206 ] Bit #051 = '1' → Using Private_Key_Odd
  Next_Pubkey.Gx = 0x24f0eaec1e922e38f5...12323603
  Next_Pubkey.Gy = 0x785e0a64305c7c131d...655c5d3d
[ STEP 207 ] Bit #050 = '0' → Using Private_Key_Even
  Next_Pubkey.Gx = 0x3d6dbb6066d1301f6e...17f5c516
  Next_Pubkey.Gy = 0x64a4860c2997d01911...a42b819d
[ STEP 208 ] Bit #049 = '0' → Using Private_Key_Even
  Next_Pubkey.Gx = 0xcd4d9da84ac1ca3807...86e80941
  Next_Pubkey.Gy = 0x2fa692448613a9530c...eb678e9d
[ STEP 209 ] Bit #048 = '0' → Using Private_Key_Even
  Next_Pubkey.Gx = 0x7eda698f8175fe6181...e8e1fadb
  Next_Pubkey.Gy = 0x54a4b897c09aecddc0...fb75e90f
[ STEP 210 ] Bit #047 = '0' → Using Private_Key_Even
  Next_Pubkey.Gx = 0xcbe640b4600e9b6c41...08e51043
  Next_Pubkey.Gy = 0x1b4794b9237f8e2958...bbf6c8bb
[ STEP 211 ] Bit #046 = '0' → Using Private_Key_Even
  Next_Pubkey.Gx = 0xbf20837618721b01ea...5ca63f77
  Next_Pubkey.Gy = 0xd9eab198d566f789ef...da950b0d
[ STEP 212 ] Bit #045 = '1' → Using Private_Key_Odd
  Next_Pubkey.Gx = 0xeec7af768811d6fe49...25fd754c
  Next_Pubkey.Gy = 0xbf1d6bc478c03b8a90...74d83456
[ STEP 213 ] Bit #044 = '1' → Using Private_Key_Odd
  Next_Pubkey.Gx = 0x303d6e7764dbc8371e...ac1cdf64
  Next_Pubkey.Gy = 0xf4751861ba5d6cea16...826be39a
[ STEP 214 ] Bit #043 = '1' → Using Private_Key_Odd
  Next_Pubkey.Gx = 0xe2903d0bb28554594e...1ab28a7c
  Next_Pubkey.Gy = 0x40ce7f48b48865a338...52329d00
[ STEP 215 ] Bit #042 = '1' → Using Private_Key_Odd
  Next_Pubkey.Gx = 0x2d0d44b46be81fe8d6...4a795cef
  Next_Pubkey.Gy = 0x1712af3639911db17b...251f5e08
[ STEP 216 ] Bit #041 = '1' → Using Private_Key_Odd
  Next_Pubkey.Gx = 0x3cfd4b4ae2e16a2e06...0caf9dcf
  Next_Pubkey.Gy = 0xe1c31014c7f5670912...74219b16
[ STEP 217 ] Bit #040 = '0' → Using Private_Key_Even
  Next_Pubkey.Gx = 0x37fffd1a3ff6da7ba8...6e4cdc49
  Next_Pubkey.Gy = 0x28705e3918c8a3238b...317c7e7e
[ STEP 218 ] Bit #039 = '0' → Using Private_Key_Even
  Next_Pubkey.Gx = 0xc2eeabcfeb9a7f0cd3...c9ebc866
  Next_Pubkey.Gy = 0xbd72b9eade68031042...2075ce6a
[ STEP 219 ] Bit #038 = '1' → Using Private_Key_Odd
  Next_Pubkey.Gx = 0xc43f9c1e87e2700914...93406bba
  Next_Pubkey.Gy = 0xd4e9b6741a7baf6555...73066d0f
[ STEP 220 ] Bit #037 = '0' → Using Private_Key_Even
  Next_Pubkey.Gx = 0xccc950c18bde41d10e...a6c40319
  Next_Pubkey.Gy = 0xc3dd7fbc458a06bb03...1150489e
[ STEP 221 ] Bit #036 = '1' → Using Private_Key_Odd
  Next_Pubkey.Gx = 0xdea6a7a823d6bcbc96...d83387e5
  Next_Pubkey.Gy = 0xca0a1dcc6f67eb3f34...100009d1
[ STEP 222 ] Bit #035 = '0' → Using Private_Key_Even
  Next_Pubkey.Gx = 0x13a7559af8e6c03446...bb01750d
  Next_Pubkey.Gy = 0x7c04f6a73e1c17f93b...55a13e06
[ STEP 223 ] Bit #034 = '1' → Using Private_Key_Odd
  Next_Pubkey.Gx = 0x25ee4dc1aa305e5cf6...f3ed5c4f
  Next_Pubkey.Gy = 0x85a80051e147b0b198...c6b5d6c9
[ STEP 224 ] Bit #033 = '1' → Using Private_Key_Odd
  Next_Pubkey.Gx = 0x2e7cb4cdbe5e916a61...07a3b18f
  Next_Pubkey.Gy = 0x8632a3aad33fbe2ec8...ef4b0b27
[ STEP 225 ] Bit #032 = '0' → Using Private_Key_Even
  Next_Pubkey.Gx = 0xdfa1410cd242989400...ad4c85bf
  Next_Pubkey.Gy = 0x8d830f3d76c21080af...a25e8ad4
[ STEP 226 ] Bit #031 = '0' → Using Private_Key_Even
  Next_Pubkey.Gx = 0x6dbeb247675ade6e8e...472e90ba
  Next_Pubkey.Gy = 0x5627bd49b24fab8183...e8349a92
[ STEP 227 ] Bit #030 = '1' → Using Private_Key_Odd
  Next_Pubkey.Gx = 0xf01c75c04cac277701...ec43840d
  Next_Pubkey.Gy = 0xbda992c672f50b10d0...0e994399
[ STEP 228 ] Bit #029 = '1' → Using Private_Key_Odd
  Next_Pubkey.Gx = 0xa8588966786120bff9...e697304e
  Next_Pubkey.Gy = 0x78679158a333b4e77a...9a9b088e
[ STEP 229 ] Bit #028 = '1' → Using Private_Key_Odd
  Next_Pubkey.Gx = 0x559534614d392af006...fe1d3cf3
  Next_Pubkey.Gy = 0xb62a55190294e90ad6...650906be
[ STEP 230 ] Bit #027 = '1' → Using Private_Key_Odd
  Next_Pubkey.Gx = 0xa8208bb0b1a7951cf7...44a19dcd
  Next_Pubkey.Gy = 0xb23a7992924e5682fb...5d366987
[ STEP 231 ] Bit #026 = '1' → Using Private_Key_Odd
  Next_Pubkey.Gx = 0x8bd3f7035420672b5d...9f211c34
  Next_Pubkey.Gy = 0x953f652b1dc8edc23c...d123b6a1
[ STEP 232 ] Bit #025 = '1' → Using Private_Key_Odd
  Next_Pubkey.Gx = 0x83e464a46e81ebdf63...2420e639
  Next_Pubkey.Gy = 0xd1176c8c702c583d30...6f3e71f4
[ STEP 233 ] Bit #024 = '0' → Using Private_Key_Even
  Next_Pubkey.Gx = 0x933d8f9c410dedd866...6e7e9147
  Next_Pubkey.Gy = 0xc2ac1f734190392437...3c7cd8d1
[ STEP 234 ] Bit #023 = '0' → Using Private_Key_Even
  Next_Pubkey.Gx = 0xcf9ce02f6d6a1edc85...2a19e88a
  Next_Pubkey.Gy = 0x6536b4b3ebbca27298...e24800fb
[ STEP 235 ] Bit #022 = '0' → Using Private_Key_Even
  Next_Pubkey.Gx = 0x9dc6635649500518b1...ff6b46f0
  Next_Pubkey.Gy = 0x859290bd4150101bd6...558660c5
[ STEP 236 ] Bit #021 = '1' → Using Private_Key_Odd
  Next_Pubkey.Gx = 0xb95d075661e39631ee...57350232
  Next_Pubkey.Gy = 0x93021f0fcb124a0ca9...2bb0733e
[ STEP 237 ] Bit #020 = '0' → Using Private_Key_Even
  Next_Pubkey.Gx = 0x8fc4f5bc1f39142c11...64ffd151
  Next_Pubkey.Gy = 0xa0efa32f4a34757f11...28e84c4f
[ STEP 238 ] Bit #019 = '1' → Using Private_Key_Odd
  Next_Pubkey.Gx = 0x5eb2904215d321b5a6...674f4092
  Next_Pubkey.Gy = 0x31ed465e0ffcc4d38c...6d6e95b5
[ STEP 239 ] Bit #018 = '0' → Using Private_Key_Even
  Next_Pubkey.Gx = 0x3944e1d8bb82fd1910...a2a65804
  Next_Pubkey.Gy = 0x64db8034475709689d...31c20313
[ STEP 240 ] Bit #017 = '0' → Using Private_Key_Even
  Next_Pubkey.Gx = 0xcad0fe4f98477e611a...427ad21d
  Next_Pubkey.Gy = 0xf7ce97103fd6d3b6b4...bbbce9be
[ STEP 241 ] Bit #016 = '0' → Using Private_Key_Even
  Next_Pubkey.Gx = 0x9c81cccfb259fe4a7b...e66de188
  Next_Pubkey.Gy = 0x534cf56f68ed6430c1...73abe7ea
[ STEP 242 ] Bit #015 = '0' → Using Private_Key_Even
  Next_Pubkey.Gx = 0xb16c788f60d56eeaf9...31b85c19
  Next_Pubkey.Gy = 0x76f9ab408505110bb0...f737c9b3
[ STEP 243 ] Bit #014 = '1' → Using Private_Key_Odd
  Next_Pubkey.Gx = 0xd5e076f97d54af2375...555d9dd2
  Next_Pubkey.Gy = 0xe5d868afbb3aedc1f5...620b259e
[ STEP 244 ] Bit #013 = '1' → Using Private_Key_Odd
  Next_Pubkey.Gx = 0x5386d13b908dfe8b68...aed00f44
  Next_Pubkey.Gy = 0x79b4414a1113988e83...ac1c5369
[ STEP 245 ] Bit #012 = '1' → Using Private_Key_Odd
  Next_Pubkey.Gx = 0x7064b0a790c2d7b5d8...b1f39384
  Next_Pubkey.Gy = 0x773568654f9c1ba618...cbcf790d
[ STEP 246 ] Bit #011 = '0' → Using Private_Key_Even
  Next_Pubkey.Gx = 0x5fa184800904365cba...20cf0c1f
  Next_Pubkey.Gy = 0xdd6701cf348fc0bc43...fad46b22
[ STEP 247 ] Bit #010 = '1' → Using Private_Key_Odd
  Next_Pubkey.Gx = 0xc45fac5807d4e8687d...45e6c7db
  Next_Pubkey.Gy = 0x9a23ca85b08b7b18bb...35832a09
[ STEP 248 ] Bit #009 = '1' → Using Private_Key_Odd
  Next_Pubkey.Gx = 0x244ed19c3a6075cc9f...bf1a6257
  Next_Pubkey.Gy = 0x6ad170b86173471c0f...e42e77b9
[ STEP 249 ] Bit #008 = '0' → Using Private_Key_Even
  Next_Pubkey.Gx = 0xbf9c0d816bf52f5b75...b801383b
  Next_Pubkey.Gy = 0xb5901587ba94834483...7fed1083
[ STEP 250 ] Bit #007 = '1' → Using Private_Key_Odd
  Next_Pubkey.Gx = 0x9bd4f078598c7d3a25...62e83693
  Next_Pubkey.Gy = 0x1612d147ae24860a85...110d4526
[ STEP 251 ] Bit #006 = '0' → Using Private_Key_Even
  Next_Pubkey.Gx = 0xb41cc45864106650c6...23b4b4eb
  Next_Pubkey.Gy = 0xc961a9535603a5443a...8e8d1856
[ STEP 252 ] Bit #005 = '0' → Using Private_Key_Even
  Next_Pubkey.Gx = 0x789dbadf6669f1a3d1...461c2a82
  Next_Pubkey.Gy = 0xdf8d5203ddac5e450c...28fe53ef
[ STEP 253 ] Bit #004 = '1' → Using Private_Key_Odd
  Next_Pubkey.Gx = 0x9fa7534aa1b1176bb4...4be05d2c
  Next_Pubkey.Gy = 0x207e338e21b78b1a32...9ae22baa
[ STEP 254 ] Bit #003 = '1' → Using Private_Key_Odd
  Next_Pubkey.Gx = 0xc9add625fdc5728930...71e65f5b
  Next_Pubkey.Gy = 0x149dc070cd4392e952...7edae6dd
[ STEP 255 ] Bit #002 = '1' → Using Private_Key_Odd
  Next_Pubkey.Gx = 0xdb196884d09c6c2a4a...24d3b432
  Next_Pubkey.Gy = 0xc0afc2811e7b5b4619...60147905
[ STEP 256 ] Bit #001 = '0' → Using Private_Key_Even
  Next_Pubkey.Gx = 0xb84c53e5a3551e4ab2...75980b68
  Next_Pubkey.Gy = 0x8c9195f0c691ab85b7...420c607d
──────────────────────────────────────────────────────────────────────────────
[ RUN ] Scalar multiplication cycle COMPLETE.
[ RUN ] Press BIN to HEX to convert the accumulated bit sequence.
──────────────────────────────────────────────────────────────────────────────
Private Key Hexadecimal Format (64 characters [0-9A-F]):
72DC28FCD4F82F4DA922E96B5E8E8CB673C31316648BEA619BF87D935036BE74
──────────────────────────────────────────────────────────────────────────────
──────────────────────────────────────────────────────────────────────────────
Private Key WIF (uncompressed):
5JgsXTvatKALZ7GTUqSS53Y2mVJHqah5g6qBLgQMo3Sqesz8iVh
Private Key WIF (compressed):
L14z1TqWZVADJifDsroFerBxoMuKKRhudajedrv6nDo3jrpXaN14
──────────────────────────────────────────────────────────────────────────────