◈ BTCDetect Software Even and ODD v3.5 — Crypto Research Interface
──────────────────────────────────────────────────────────────────────────────
[ REVERSE ] All fields cleared. Enter a new Bitcoin Address.
──────────────────────────────────────────────────────────────────────────────
[ EXTRACT ] Bitcoin Address: 1GbTorUsbqMfk2dikY7yMF7v8HDdfmYhwv
[ EXTRACT ] Querying Blockstream API...
[ EXTRACT ] Public Key found:
  02db6707ed7c1537bd880d1c23ab81d662cd33d0ae8840007ae674ec4268c96c19
  Gx = 0xdb6707ed7c1537bd880d1c23ab81d662cd33d0ae8840007ae674ec4268c96c19
  Gy = 0xb51697dec97148ad7a9ff98bcf662efc7faf1ea019fac9f26cb35088d294a2ba
[ EXTRACT ] Ready. Press RUN to start scalar multiplication.
──────────────────────────────────────────────────────────────────────────────
[ RUN ] Starting scalar multiplication cycle...
[ RUN ] Total bits: 256
[ STEP 001 ] Bit #256 = '1' → Using Private_Key_Odd
  Next_Pubkey.Gx = 0x6fee1a1fbbd2d5d6ab...8c8d13fd
  Next_Pubkey.Gy = 0xd8400104cdac345619...688f61a7
[ STEP 002 ] Bit #255 = '1' → Using Private_Key_Odd
  Next_Pubkey.Gx = 0x7bd387ec06dbf8fb18...cf5a7a3f
  Next_Pubkey.Gy = 0x70e9228e169c55b153...87cc4e06
[ STEP 003 ] Bit #254 = '1' → Using Private_Key_Odd
  Next_Pubkey.Gx = 0x4a08b552e4f65e701a...9c92652f
  Next_Pubkey.Gy = 0x77f7725c1f8d44f9be...9b75f531
[ STEP 004 ] Bit #253 = '1' → Using Private_Key_Odd
  Next_Pubkey.Gx = 0xb2a2cc08b14f1f4e3f...6930e127
  Next_Pubkey.Gy = 0x9c0717dfa2679ac011...83de44c2
[ STEP 005 ] Bit #252 = '1' → Using Private_Key_Odd
  Next_Pubkey.Gx = 0x380f4c6f260e78a7df...4cb8e3b3
  Next_Pubkey.Gy = 0xe37a57c0747a9d12a0...7511abc3
[ STEP 006 ] Bit #251 = '0' → Using Private_Key_Even
  Next_Pubkey.Gx = 0xbfe7a5022bdc22ceaa...fe143a4b
  Next_Pubkey.Gy = 0xcf930631b27459ab19...1ba42e32
[ STEP 007 ] Bit #250 = '0' → Using Private_Key_Even
  Next_Pubkey.Gx = 0x48a5c99a2142318b68...a42017c8
  Next_Pubkey.Gy = 0x9711bf29385f117672...57a08e7a
[ STEP 008 ] Bit #249 = '1' → Using Private_Key_Odd
  Next_Pubkey.Gx = 0x58cbd7b97cea6d225c...857df901
  Next_Pubkey.Gy = 0x4ac4e8681949cce3db...cd8fb5c2
[ STEP 009 ] Bit #248 = '0' → Using Private_Key_Even
  Next_Pubkey.Gx = 0xd21e3188b182409b0c...165711e3
  Next_Pubkey.Gy = 0x4212f1e3314b096379...dc02200b
[ STEP 010 ] Bit #247 = '0' → Using Private_Key_Even
  Next_Pubkey.Gx = 0x7bf03c83f10225740f...e66ee960
  Next_Pubkey.Gy = 0xe2948cd5210c6f16fe...d8f71b1e
[ STEP 011 ] Bit #246 = '1' → Using Private_Key_Odd
  Next_Pubkey.Gx = 0x2594bd6bea631ebe0f...eec7d4a9
  Next_Pubkey.Gy = 0xbdf18cf824307ad848...26240a8e
[ STEP 012 ] Bit #245 = '1' → Using Private_Key_Odd
  Next_Pubkey.Gx = 0x5acd025cc315307e2a...17416e27
  Next_Pubkey.Gy = 0x3d4f19de8f64a011a9...26125141
[ STEP 013 ] Bit #244 = '1' → Using Private_Key_Odd
  Next_Pubkey.Gx = 0xa3962eb562b4b3bb6c...a25d873c
  Next_Pubkey.Gy = 0xddbaf59da53f53586f...b8142ac3
[ STEP 014 ] Bit #243 = '0' → Using Private_Key_Even
  Next_Pubkey.Gx = 0xa336cf127eef91e7de...7de9b64c
  Next_Pubkey.Gy = 0x7befda9e33db82d95b...77f9754e
[ STEP 015 ] Bit #242 = '1' → Using Private_Key_Odd
  Next_Pubkey.Gx = 0xa5152f773dc6bde72f...9b5ca418
  Next_Pubkey.Gy = 0xaed5c104f790ca2911...60f28d2e
[ STEP 016 ] Bit #241 = '0' → Using Private_Key_Even
  Next_Pubkey.Gx = 0x180fefd3e2291ca2f1...a6aee95f
  Next_Pubkey.Gy = 0x6077e90f022d93e5a3...8ecb3abe
[ STEP 017 ] Bit #240 = '1' → Using Private_Key_Odd
  Next_Pubkey.Gx = 0xd37f74f58828724ac9...cc53ee5e
  Next_Pubkey.Gy = 0x6b6e4da372bfd39e43...c749b125
[ STEP 018 ] Bit #239 = '0' → Using Private_Key_Even
  Next_Pubkey.Gx = 0x41d60c57fb4b8a0efe...a801283f
  Next_Pubkey.Gy = 0xd30ac04767213ca2c7...b6628f67
[ STEP 019 ] Bit #238 = '0' → Using Private_Key_Even
  Next_Pubkey.Gx = 0x1fa664e304c7b463fb...fee1bed3
  Next_Pubkey.Gy = 0x9b0d2627be02fb4ed9...87c72d6b
[ STEP 020 ] Bit #237 = '0' → Using Private_Key_Even
  Next_Pubkey.Gx = 0x26c08db288e2fe47d6...71da90be
  Next_Pubkey.Gy = 0xdd20096d0d06b2ff6d...b0cf70f7
[ STEP 021 ] Bit #236 = '1' → Using Private_Key_Odd
  Next_Pubkey.Gx = 0xa6725e86b77fb69b3c...0386146c
  Next_Pubkey.Gy = 0x64a3883a18701a8083...15757ef6
[ STEP 022 ] Bit #235 = '0' → Using Private_Key_Even
  Next_Pubkey.Gx = 0x3b501c53e5d7412799...0a2e47db
  Next_Pubkey.Gy = 0x76d2941476b16a7821...7f52edee
[ STEP 023 ] Bit #234 = '1' → Using Private_Key_Odd
  Next_Pubkey.Gx = 0xab890a608b1a9a49bd...6c81f662
  Next_Pubkey.Gy = 0x41b981cdb810d11df5...cb977211
[ STEP 024 ] Bit #233 = '0' → Using Private_Key_Even
  Next_Pubkey.Gx = 0x17fcdacf074bf15e68...f1da25e7
  Next_Pubkey.Gy = 0x2097065c1ee05a1b1d...c0e0f4f4
[ STEP 025 ] Bit #232 = '0' → Using Private_Key_Even
  Next_Pubkey.Gx = 0x254d50c1de44e3ec6d...552113f3
  Next_Pubkey.Gy = 0x9038c527263e586aa4...b05fdf45
[ STEP 026 ] Bit #231 = '0' → Using Private_Key_Even
  Next_Pubkey.Gx = 0xcf0fe22009126b04a7...f7a6a5b0
  Next_Pubkey.Gy = 0x2a686e0251a27548b0...6cd84bbd
[ STEP 027 ] Bit #230 = '0' → Using Private_Key_Even
  Next_Pubkey.Gx = 0xfe0a42cf15d3dc078c...5e8c187b
  Next_Pubkey.Gy = 0xa3772a2288accb9cef...4988fdf9
[ STEP 028 ] Bit #229 = '0' → Using Private_Key_Even
  Next_Pubkey.Gx = 0x6700942e6a2f944ef3...e506a3de
  Next_Pubkey.Gy = 0x68b4b37a64be7d0cea...da253623
[ STEP 029 ] Bit #228 = '0' → Using Private_Key_Even
  Next_Pubkey.Gx = 0x7cc7ddcd7b57df39ba...0cc23fcc
  Next_Pubkey.Gy = 0x23d1fb04c3780188ae...3e58c9b3
[ STEP 030 ] Bit #227 = '1' → Using Private_Key_Odd
  Next_Pubkey.Gx = 0x8426eacba02c518ae9...73ac5f34
  Next_Pubkey.Gy = 0x1572d45b0fa9a8197a...8dbcfdd7
[ STEP 031 ] Bit #226 = '1' → Using Private_Key_Odd
  Next_Pubkey.Gx = 0x84621923dea9fb5093...a4a585ca
  Next_Pubkey.Gy = 0x7a505000bc7193e93f...b738b6b3
[ STEP 032 ] Bit #225 = '0' → Using Private_Key_Even
  Next_Pubkey.Gx = 0x4a949389188ff700f1...3801c619
  Next_Pubkey.Gy = 0xada5be24c1348123a7...eb13a782
[ STEP 033 ] Bit #224 = '1' → Using Private_Key_Odd
  Next_Pubkey.Gx = 0xbb41ed694427a6f1a7...98e0997d
  Next_Pubkey.Gy = 0xdc5a2826805c8cf838...9136bdbf
[ STEP 034 ] Bit #223 = '1' → Using Private_Key_Odd
  Next_Pubkey.Gx = 0xce4338db066d11cd56...14f5d2db
  Next_Pubkey.Gy = 0xf09f0511a4626ca531...99c92a68
[ STEP 035 ] Bit #222 = '1' → Using Private_Key_Odd
  Next_Pubkey.Gx = 0xd5740453783f084c8e...f3f96f84
  Next_Pubkey.Gy = 0x94ad09349b6b1d012f...0d1fe6d3
[ STEP 036 ] Bit #221 = '0' → Using Private_Key_Even
  Next_Pubkey.Gx = 0x43c8a3801c3e08e955...324ec448
  Next_Pubkey.Gy = 0xf392ca68a1880f9405...91bf2689
[ STEP 037 ] Bit #220 = '1' → Using Private_Key_Odd
  Next_Pubkey.Gx = 0x95a43940665f24701d...cee36bac
  Next_Pubkey.Gy = 0xab6ed7556d95dd9cee...ad118514
[ STEP 038 ] Bit #219 = '1' → Using Private_Key_Odd
  Next_Pubkey.Gx = 0xbe336e3b11b8069e1b...0b582cf4
  Next_Pubkey.Gy = 0xfc5560c6a0b8d6e2d0...894e731d
[ STEP 039 ] Bit #218 = '1' → Using Private_Key_Odd
  Next_Pubkey.Gx = 0x1576156d5d1d34f9b5...9b67c3fb
  Next_Pubkey.Gy = 0xc79205e747d8bb6e8b...826497bb
[ STEP 040 ] Bit #217 = '1' → Using Private_Key_Odd
  Next_Pubkey.Gx = 0x749d19fd58d5ffd6b5...56149532
  Next_Pubkey.Gy = 0x62da7bb8a658a487c9...af5669a8
[ STEP 041 ] Bit #216 = '0' → Using Private_Key_Even
  Next_Pubkey.Gx = 0x4c35e48ffc685c180d...957385c7
  Next_Pubkey.Gy = 0xcb39df170652d112d5...077336a0
[ STEP 042 ] Bit #215 = '1' → Using Private_Key_Odd
  Next_Pubkey.Gx = 0x4bd12672f190771482...dba8279d
  Next_Pubkey.Gy = 0x4587a8c1d0ee25185e...074054e0
[ STEP 043 ] Bit #214 = '0' → Using Private_Key_Even
  Next_Pubkey.Gx = 0xe1d655838cbe76116c...1f03c202
  Next_Pubkey.Gy = 0x46caf8587fa2079634...0ec9fc0c
[ STEP 044 ] Bit #213 = '0' → Using Private_Key_Even
  Next_Pubkey.Gx = 0x7479b64fe149408af7...7b3eaa32
  Next_Pubkey.Gy = 0x894565346d06e3e971...b3ed8e95
[ STEP 045 ] Bit #212 = '1' → Using Private_Key_Odd
  Next_Pubkey.Gx = 0xdc270c36351a5ab62e...5728efed
  Next_Pubkey.Gy = 0x8a97e0fb4b786a1f33...b141d7ea
[ STEP 046 ] Bit #211 = '1' → Using Private_Key_Odd
  Next_Pubkey.Gx = 0xbd58b8a4a7c7b5c505...cbdebe0b
  Next_Pubkey.Gy = 0x8fb9baba3986980811...e6289d27
[ STEP 047 ] Bit #210 = '0' → Using Private_Key_Even
  Next_Pubkey.Gx = 0xce6c5826ee0ba876fe...4ff8942b
  Next_Pubkey.Gy = 0x6b09095220d275d39f...033c2db8
[ STEP 048 ] Bit #209 = '1' → Using Private_Key_Odd
  Next_Pubkey.Gx = 0x93d2458126f63ae5e0...97e428ca
  Next_Pubkey.Gy = 0xde720068fa98b9bcce...426e11ca
[ STEP 049 ] Bit #208 = '1' → Using Private_Key_Odd
  Next_Pubkey.Gx = 0xc6045cefd100e5be84...6bf98aa8
  Next_Pubkey.Gy = 0x9e43519b1b41621e75...4598da8d
[ STEP 050 ] Bit #207 = '0' → Using Private_Key_Even
  Next_Pubkey.Gx = 0x5d6674381816b54121...d4cf9a31
  Next_Pubkey.Gy = 0x8c27ab07b36a37279b...cf7282ec
[ STEP 051 ] Bit #206 = '0' → Using Private_Key_Even
  Next_Pubkey.Gx = 0x9a04b7e862ffab3a5b...2cb756fe
  Next_Pubkey.Gy = 0xc2109bc82f2a034a58...d1e06879
[ STEP 052 ] Bit #205 = '0' → Using Private_Key_Even
  Next_Pubkey.Gx = 0xead61bbf31aec890e1...2b158bcc
  Next_Pubkey.Gy = 0x18c6606476c5937046...4db299ef
[ STEP 053 ] Bit #204 = '0' → Using Private_Key_Even
  Next_Pubkey.Gx = 0xe251f8664cc9188d92...580545da
  Next_Pubkey.Gy = 0x618cd7629bf56925f7...b23b97fb
[ STEP 054 ] Bit #203 = '0' → Using Private_Key_Even
  Next_Pubkey.Gx = 0x36c1b4878fc979b7a4...690ff6f4
  Next_Pubkey.Gy = 0x51a972121065749d6e...b85b97c7
[ STEP 055 ] Bit #202 = '1' → Using Private_Key_Odd
  Next_Pubkey.Gx = 0x9c0e67143d469de0d4...a1b471f4
  Next_Pubkey.Gy = 0x5b4c9128307670329c...168af37d
[ STEP 056 ] Bit #201 = '1' → Using Private_Key_Odd
  Next_Pubkey.Gx = 0x4440cfa311f756209b...942f3953
  Next_Pubkey.Gy = 0xd0960a2fecd2d3615d...a46aed38
[ STEP 057 ] Bit #200 = '1' → Using Private_Key_Odd
  Next_Pubkey.Gx = 0x17069192aeecf4494f...00bb4d4c
  Next_Pubkey.Gy = 0xb799f371ae9e2bb6dd...3af41dd5
[ STEP 058 ] Bit #199 = '1' → Using Private_Key_Odd
  Next_Pubkey.Gx = 0xd8f9f73a72b91e9e19...b50c5784
  Next_Pubkey.Gy = 0xfd8a67f8e4c0d71411...cdb39356
[ STEP 059 ] Bit #198 = '1' → Using Private_Key_Odd
  Next_Pubkey.Gx = 0x501b0c7b2c034d118e...08c0d106
  Next_Pubkey.Gy = 0xacb2630659c85ea3a8...096ad545
[ STEP 060 ] Bit #197 = '0' → Using Private_Key_Even
  Next_Pubkey.Gx = 0x2ab3c8d472b253a3ec...1b319eba
  Next_Pubkey.Gy = 0x4c1a8b716c6e8dfc40...73d26ab0
[ STEP 061 ] Bit #196 = '1' → Using Private_Key_Odd
  Next_Pubkey.Gx = 0x75a3dc6937bd3f355d...ff25cd4f
  Next_Pubkey.Gy = 0x51f1e62abba64c5119...d6bd5ece
[ STEP 062 ] Bit #195 = '0' → Using Private_Key_Even
  Next_Pubkey.Gx = 0x2c0cdb1dcdcd6a5588...3b3ad2c5
  Next_Pubkey.Gy = 0x81419c1aa946bed789...3eb82086
[ STEP 063 ] Bit #194 = '1' → Using Private_Key_Odd
  Next_Pubkey.Gx = 0x9bf2aa403ab27ecd3f...6cd1c3c4
  Next_Pubkey.Gy = 0x9c7f1bee7d74114be9...10d893ff
[ STEP 064 ] Bit #193 = '1' → Using Private_Key_Odd
  Next_Pubkey.Gx = 0x309527420ce6bd0978...87f850bb
  Next_Pubkey.Gy = 0x590c49f8cedc1d0546...9e3dc1ff
[ STEP 065 ] Bit #192 = '0' → Using Private_Key_Even
  Next_Pubkey.Gx = 0x580da35eef8730dae0...07102956
  Next_Pubkey.Gy = 0x7aa6fe20fc6b694f86...f5c4bebd
[ STEP 066 ] Bit #191 = '0' → Using Private_Key_Even
  Next_Pubkey.Gx = 0x412e1ede688ad424c8...49b3c353
  Next_Pubkey.Gy = 0x4c2f75c5c376e67cb9...9b8c19ec
[ STEP 067 ] Bit #190 = '1' → Using Private_Key_Odd
  Next_Pubkey.Gx = 0xa8dd477ab43f21d32e...55c03f00
  Next_Pubkey.Gy = 0x24c2f67b6c23e72e41...0224e83c
[ STEP 068 ] Bit #189 = '0' → Using Private_Key_Even
  Next_Pubkey.Gx = 0xcff0a6b5f83a4fb0f3...e1337967
  Next_Pubkey.Gy = 0xe4dfa173ea1f7d2c34...508a0891
[ STEP 069 ] Bit #188 = '0' → Using Private_Key_Even
  Next_Pubkey.Gx = 0xd0793d2bf984692e18...735a0f04
  Next_Pubkey.Gy = 0xf10de91bd0b0379ecc...f37d9896
[ STEP 070 ] Bit #187 = '0' → Using Private_Key_Even
  Next_Pubkey.Gx = 0x95893142195b121ad2...4256519e
  Next_Pubkey.Gy = 0x586c012ea8f76861e0...f4b5387a
[ STEP 071 ] Bit #186 = '1' → Using Private_Key_Odd
  Next_Pubkey.Gx = 0xfb9831e16499d6a3d0...fe108e40
  Next_Pubkey.Gy = 0x3a9902c26fd94162c1...d6efb758
[ STEP 072 ] Bit #185 = '1' → Using Private_Key_Odd
  Next_Pubkey.Gx = 0x126262d428d6ff579d...66b6b055
  Next_Pubkey.Gy = 0xb6271e698365db08cf...14e8b93c
[ STEP 073 ] Bit #184 = '1' → Using Private_Key_Odd
  Next_Pubkey.Gx = 0x295659a791b4b0f9d0...99630bf8
  Next_Pubkey.Gy = 0x357012355bc3516cd6...b8a7048c
[ STEP 074 ] Bit #183 = '0' → Using Private_Key_Even
  Next_Pubkey.Gx = 0x23234f65a0856a7b78...927a21a1
  Next_Pubkey.Gy = 0xe5fe3ff0d63b961e79...462aec88
[ STEP 075 ] Bit #182 = '1' → Using Private_Key_Odd
  Next_Pubkey.Gx = 0x979818d426990e843e...a07f8ab9
  Next_Pubkey.Gy = 0xd69af0ba76d45b87fb...368ae43e
[ STEP 076 ] Bit #181 = '0' → Using Private_Key_Even
  Next_Pubkey.Gx = 0xe6480f0e2e1d1cdc53...b2afee0d
  Next_Pubkey.Gy = 0x50fdaf1f24b46a837d...11077273
[ STEP 077 ] Bit #180 = '1' → Using Private_Key_Odd
  Next_Pubkey.Gx = 0x3980601a20e18500d6...9203c71b
  Next_Pubkey.Gy = 0x73aa8d238db358a2aa...8e3d8d36
[ STEP 078 ] Bit #179 = '0' → Using Private_Key_Even
  Next_Pubkey.Gx = 0xf48ec938c210f8b74b...acf66ee0
  Next_Pubkey.Gy = 0x5dc4e2aa2823abf0c1...d236291c
[ STEP 079 ] Bit #178 = '1' → Using Private_Key_Odd
  Next_Pubkey.Gx = 0x901a98f6c0460a1486...e91441f9
  Next_Pubkey.Gy = 0xf43f5c2fa4a148a334...61d57f9d
[ STEP 080 ] Bit #177 = '0' → Using Private_Key_Even
  Next_Pubkey.Gx = 0xbe0248feab60e4ff57...ad0fe252
  Next_Pubkey.Gy = 0xcfcb0da77fe2d978c2...26a9e01a
[ STEP 081 ] Bit #176 = '1' → Using Private_Key_Odd
  Next_Pubkey.Gx = 0x86a3cf8f9b8e6800ea...e6b18c1a
  Next_Pubkey.Gy = 0x25e28c648bdca72f82...3e48cf2b
[ STEP 082 ] Bit #175 = '1' → Using Private_Key_Odd
  Next_Pubkey.Gx = 0x348d121b8a2bb82ee6...d11680dc
  Next_Pubkey.Gy = 0x8624095608dcd9cb2b...64693b82
[ STEP 083 ] Bit #174 = '1' → Using Private_Key_Odd
  Next_Pubkey.Gx = 0xdccafc1fa87609398a...37926c25
  Next_Pubkey.Gy = 0x2ed96370cfab634068...0706e548
[ STEP 084 ] Bit #173 = '1' → Using Private_Key_Odd
  Next_Pubkey.Gx = 0x268930b14b29d10279...53504eed
  Next_Pubkey.Gy = 0x4d17024a14f5d71aaf...71262a60
[ STEP 085 ] Bit #172 = '1' → Using Private_Key_Odd
  Next_Pubkey.Gx = 0x7dcd30aa43ccd163fc...07255725
  Next_Pubkey.Gy = 0xc4a41e453f33fc5112...c7622875
[ STEP 086 ] Bit #171 = '1' → Using Private_Key_Odd
  Next_Pubkey.Gx = 0x6d3bb2d8d26d04991e...7ad6ceff
  Next_Pubkey.Gy = 0x6e0eed5dd6db571cac...371d96df
[ STEP 087 ] Bit #170 = '1' → Using Private_Key_Odd
  Next_Pubkey.Gx = 0x53a7d70ef66e7521e8...f6f77d94
  Next_Pubkey.Gy = 0xaa1489ebddc8cc805f...90dfa052
[ STEP 088 ] Bit #169 = '1' → Using Private_Key_Odd
  Next_Pubkey.Gx = 0xa20ba7d8c11cd6a229...1016e7a2
  Next_Pubkey.Gy = 0xf4bd6215b11fc3397b...09dad1de
[ STEP 089 ] Bit #168 = '1' → Using Private_Key_Odd
  Next_Pubkey.Gx = 0x5659f9afc98412307b...53ede699
  Next_Pubkey.Gy = 0xcd3417d736b05e822b...ce62d1b0
[ STEP 090 ] Bit #167 = '0' → Using Private_Key_Even
  Next_Pubkey.Gx = 0xb4f7c58667ee6dee72...31f8d30e
  Next_Pubkey.Gy = 0xc2ec3336c84a03e496...49dfc0a7
[ STEP 091 ] Bit #166 = '0' → Using Private_Key_Even
  Next_Pubkey.Gx = 0x30e4ab0dbf65480779...07815699
  Next_Pubkey.Gy = 0xd7a354109b0968bc40...0451a91f
[ STEP 092 ] Bit #165 = '0' → Using Private_Key_Even
  Next_Pubkey.Gx = 0x1de57c5baac04410e3...e800ed7e
  Next_Pubkey.Gy = 0xbf2fc7b8b55a4ef121...35cc557a
[ STEP 093 ] Bit #164 = '0' → Using Private_Key_Even
  Next_Pubkey.Gx = 0xb3f0617e4d64fb39e2...beafeea2
  Next_Pubkey.Gy = 0x63382641b10286659f...493c30a7
[ STEP 094 ] Bit #163 = '1' → Using Private_Key_Odd
  Next_Pubkey.Gx = 0x7b5c7f5a357e245d6e...7cb0db06
  Next_Pubkey.Gy = 0x8071ca93903245abd9...05abc30a
[ STEP 095 ] Bit #162 = '1' → Using Private_Key_Odd
  Next_Pubkey.Gx = 0x14e7bec5e4aa0a3839...68b80eaa
  Next_Pubkey.Gy = 0xf8d8a9d869a0a92cd7...c860536c
[ STEP 096 ] Bit #161 = '1' → Using Private_Key_Odd
  Next_Pubkey.Gx = 0xf93e4214ea42c55330...1e383ac4
  Next_Pubkey.Gy = 0x5bb28f959b46c4bb33...412016d4
[ STEP 097 ] Bit #160 = '0' → Using Private_Key_Even
  Next_Pubkey.Gx = 0x21cc37b79c24c6e87f...267f840f
  Next_Pubkey.Gy = 0x77df1438af5681fd2a...353f11b6
[ STEP 098 ] Bit #159 = '1' → Using Private_Key_Odd
  Next_Pubkey.Gx = 0x4a02ca044adb98fe48...0fa28af4
  Next_Pubkey.Gy = 0x443a3ba564ac7caa33...bab5900e
[ STEP 099 ] Bit #158 = '0' → Using Private_Key_Even
  Next_Pubkey.Gx = 0xf36dcbe6a719aab6f6...fa960846
  Next_Pubkey.Gy = 0xd9bacd7caddbcc4c5f...12994a6a
[ STEP 100 ] Bit #157 = '1' → Using Private_Key_Odd
  Next_Pubkey.Gx = 0x2ab832f57cc248dc97...5c4515b0
  Next_Pubkey.Gy = 0x7c0c39f3be2b3ae0db...ed2f57a5
[ STEP 101 ] Bit #156 = '1' → Using Private_Key_Odd
  Next_Pubkey.Gx = 0x663ad1f4cf0022ca99...bd7e01f8
  Next_Pubkey.Gy = 0x991c837a6d8b908320...83e3d94d
[ STEP 102 ] Bit #155 = '0' → Using Private_Key_Even
  Next_Pubkey.Gx = 0x430e1e9046ebd5864b...5fc80d64
  Next_Pubkey.Gy = 0xf44faf67a733bee137...aec416ed
[ STEP 103 ] Bit #154 = '0' → Using Private_Key_Even
  Next_Pubkey.Gx = 0x6176bd6999df00db57...9ac0866b
  Next_Pubkey.Gy = 0xcaf6349b452d441ada...00167a7d
[ STEP 104 ] Bit #153 = '0' → Using Private_Key_Even
  Next_Pubkey.Gx = 0x1353cfa2d59940ea8d...60b2d649
  Next_Pubkey.Gy = 0x601fd6fcbec02583cf...cc59fbe5
[ STEP 105 ] Bit #152 = '0' → Using Private_Key_Even
  Next_Pubkey.Gx = 0x28e22d3074cc67d8e3...be39ff8b
  Next_Pubkey.Gy = 0xf285f9d14bbf18e38f...d78b8ee7
[ STEP 106 ] Bit #151 = '0' → Using Private_Key_Even
  Next_Pubkey.Gx = 0x96e5b90fed23be12ed...59f68435
  Next_Pubkey.Gy = 0xcb840a841e43b1a4e3...af933a42
[ STEP 107 ] Bit #150 = '0' → Using Private_Key_Even
  Next_Pubkey.Gx = 0x3fdd50c37189718351...31a33ae0
  Next_Pubkey.Gy = 0x5b55c1c6a4a35da929...e2882d11
[ STEP 108 ] Bit #149 = '1' → Using Private_Key_Odd
  Next_Pubkey.Gx = 0xdff480da38e8f95b9e...d5f38706
  Next_Pubkey.Gy = 0xbf367f92a56b244b70...3cd237d1
[ STEP 109 ] Bit #148 = '1' → Using Private_Key_Odd
  Next_Pubkey.Gx = 0xdbf22464b05bd340a5...5f5f04fb
  Next_Pubkey.Gy = 0x94ce88755e0c594002...1d4e0a62
[ STEP 110 ] Bit #147 = '0' → Using Private_Key_Even
  Next_Pubkey.Gx = 0xfc01e91af548df914d...4c9891d1
  Next_Pubkey.Gy = 0x74c4036d5bff0a8bf5...db215774
[ STEP 111 ] Bit #146 = '1' → Using Private_Key_Odd
  Next_Pubkey.Gx = 0x880c40470f1de04c7a...f76a91ba
  Next_Pubkey.Gy = 0x5e592b056a404f851e...c58f4b78
[ STEP 112 ] Bit #145 = '0' → Using Private_Key_Even
  Next_Pubkey.Gx = 0x48d57ea202d3131b54...5cc7dbc6
  Next_Pubkey.Gy = 0x2ef5ef4b6b81cdceed...765d8346
[ STEP 113 ] Bit #144 = '0' → Using Private_Key_Even
  Next_Pubkey.Gx = 0x160d046b250d2a022f...75dcc4fc
  Next_Pubkey.Gy = 0xea77a0159e9d56b4bb...2d02bff5
[ STEP 114 ] Bit #143 = '1' → Using Private_Key_Odd
  Next_Pubkey.Gx = 0xbfbe73e39432fcfe33...827525a1
  Next_Pubkey.Gy = 0x7489ee4496f9837b8b...a20c3b1d
[ STEP 115 ] Bit #142 = '1' → Using Private_Key_Odd
  Next_Pubkey.Gx = 0x4b8fd6682b800ee142...5dd93b01
  Next_Pubkey.Gy = 0xdc61283bd431285472...e525993a
[ STEP 116 ] Bit #141 = '0' → Using Private_Key_Even
  Next_Pubkey.Gx = 0xe623141caf669714eb...c13bfa6f
  Next_Pubkey.Gy = 0xfabff8a1658920eb69...f94ad1d0
[ STEP 117 ] Bit #140 = '0' → Using Private_Key_Even
  Next_Pubkey.Gx = 0xe01bbe3ee147b88376...47789d57
  Next_Pubkey.Gy = 0x294cc0e1ec2713248a...e08a6657
[ STEP 118 ] Bit #139 = '1' → Using Private_Key_Odd
  Next_Pubkey.Gx = 0xa612f2b08e2e492041...2bb6ed9f
  Next_Pubkey.Gy = 0x44eec12d9b3ff39d26...468cee94
[ STEP 119 ] Bit #138 = '0' → Using Private_Key_Even
  Next_Pubkey.Gx = 0x72a17952b969d1d0ae...9572c9e1
  Next_Pubkey.Gy = 0x89b9d4e95b84ffb024...5b8deb58
[ STEP 120 ] Bit #137 = '0' → Using Private_Key_Even
  Next_Pubkey.Gx = 0x36502eab2972c9fa4b...abb0a2b2
  Next_Pubkey.Gy = 0x96253a5782a0dbd09d...38c4d672
[ STEP 121 ] Bit #136 = '1' → Using Private_Key_Odd
  Next_Pubkey.Gx = 0x2b6ff79b4ed30034cc...0c03e1a4
  Next_Pubkey.Gy = 0x69d04a575d7d73242b...d5ecbd42
[ STEP 122 ] Bit #135 = '0' → Using Private_Key_Even
  Next_Pubkey.Gx = 0xdc037027e9efb8bb84...5db1107d
  Next_Pubkey.Gy = 0xc26ebe0b5aeb684a6f...e04fc719
[ STEP 123 ] Bit #134 = '0' → Using Private_Key_Even
  Next_Pubkey.Gx = 0x6b4798792a28bd5084...04ba86ae
  Next_Pubkey.Gy = 0xa8277087da2e41696b...54695d01
[ STEP 124 ] Bit #133 = '0' → Using Private_Key_Even
  Next_Pubkey.Gx = 0xf6231c2b10bd85028e...bc38b59e
  Next_Pubkey.Gy = 0x6f28d5f26dc6d52f11...7f2a2533
[ STEP 125 ] Bit #132 = '1' → Using Private_Key_Odd
  Next_Pubkey.Gx = 0xde992050514b902261...e6c46dab
  Next_Pubkey.Gy = 0xd22d5ef75f39dfbab9...bd41e6de
[ STEP 126 ] Bit #131 = '0' → Using Private_Key_Even
  Next_Pubkey.Gx = 0xb250a2723886f1caee...95be5d3b
  Next_Pubkey.Gy = 0xe9e15e82c9c23f3f0a...c89146ba
[ STEP 127 ] Bit #130 = '0' → Using Private_Key_Even
  Next_Pubkey.Gx = 0x99ff59179feda441b5...1463736a
  Next_Pubkey.Gy = 0x39770e9d60694cabb9...72df83c5
[ STEP 128 ] Bit #129 = '0' → Using Private_Key_Even
  Next_Pubkey.Gx = 0xfd34274e2474943ffb...7add393b
  Next_Pubkey.Gy = 0xabe5ba51bcb187f26c...7af83da7
[ STEP 129 ] Bit #128 = '1' → Using Private_Key_Odd
  Next_Pubkey.Gx = 0x8637d2dbdf59fb622b...1c1eb36a
  Next_Pubkey.Gy = 0xe3200c379c39f4d009...ce7a3b4b
[ STEP 130 ] Bit #127 = '1' → Using Private_Key_Odd
  Next_Pubkey.Gx = 0x9f66a70a55a347a330...c101fcfd
  Next_Pubkey.Gy = 0xe10098ff4b5cd35601...a2c088ae
[ STEP 131 ] Bit #126 = '1' → Using Private_Key_Odd
  Next_Pubkey.Gx = 0xc9a33a18a47a785522...9d227992
  Next_Pubkey.Gy = 0xa11984d44023d3298d...d0ce91ac
[ STEP 132 ] Bit #125 = '1' → Using Private_Key_Odd
  Next_Pubkey.Gx = 0xf1e01dd0f9bb881e88...a3c829fd
  Next_Pubkey.Gy = 0x107144fe717c69de3c...efb3aa42
[ STEP 133 ] Bit #124 = '1' → Using Private_Key_Odd
  Next_Pubkey.Gx = 0xc7a02bb077843a1d08...1131a3d2
  Next_Pubkey.Gy = 0xe6228c7db8945a9638...727069f0
[ STEP 134 ] Bit #123 = '0' → Using Private_Key_Even
  Next_Pubkey.Gx = 0xf3370b6e1788247949...6edada36
  Next_Pubkey.Gy = 0x178377fbcfba556f34...66cf7cb8
[ STEP 135 ] Bit #122 = '1' → Using Private_Key_Odd
  Next_Pubkey.Gx = 0x4a09936533b6af2d18...9cc9eb82
  Next_Pubkey.Gy = 0x46bdf597fcb7fca6c7...37e76f89
[ STEP 136 ] Bit #121 = '0' → Using Private_Key_Even
  Next_Pubkey.Gx = 0x83659b1f508516a105...51dbc5d1
  Next_Pubkey.Gy = 0xc13f8c2625e5ca85f6...0031fd89
[ STEP 137 ] Bit #120 = '0' → Using Private_Key_Even
  Next_Pubkey.Gx = 0x9b8aa4e3188fa53cf4...56cd2649
  Next_Pubkey.Gy = 0x391c201c98897671fa...47f01db1
[ STEP 138 ] Bit #119 = '1' → Using Private_Key_Odd
  Next_Pubkey.Gx = 0xa046b6f3a2aaa403ec...4f9785a7
  Next_Pubkey.Gy = 0xb1c60f11fc7d1f16e0...4e24e311
[ STEP 139 ] Bit #118 = '1' → Using Private_Key_Odd
  Next_Pubkey.Gx = 0xd93b5b0a44764caff5...7ffb468b
  Next_Pubkey.Gy = 0xca2b0b4fff377a09f4...4779c223
[ STEP 140 ] Bit #117 = '1' → Using Private_Key_Odd
  Next_Pubkey.Gx = 0x2d90124ece1bab4fa4...de7ac761
  Next_Pubkey.Gy = 0xdfad6edba032e360cc...1ca0ea98
[ STEP 141 ] Bit #116 = '0' → Using Private_Key_Even
  Next_Pubkey.Gx = 0xdebad1ef529489fee8...c314c440
  Next_Pubkey.Gy = 0x26a1cf9bdb3f79fd7a...8174f00b
[ STEP 142 ] Bit #115 = '1' → Using Private_Key_Odd
  Next_Pubkey.Gx = 0xe39e54c2756f1d7714...648278b8
  Next_Pubkey.Gy = 0xa12e507ea6abc7bc14...7041a16a
[ STEP 143 ] Bit #114 = '0' → Using Private_Key_Even
  Next_Pubkey.Gx = 0xda3620ad2f795e8251...fac8642f
  Next_Pubkey.Gy = 0xae9deb1fec268bdbd4...f07a4872
[ STEP 144 ] Bit #113 = '1' → Using Private_Key_Odd
  Next_Pubkey.Gx = 0xe53279eb3935963213...32646cb4
  Next_Pubkey.Gy = 0x7b2f40b1e636837607...2e71bd4a
[ STEP 145 ] Bit #112 = '1' → Using Private_Key_Odd
  Next_Pubkey.Gx = 0xcb00b03fbc316bcb44...da0c70f3
  Next_Pubkey.Gy = 0x3a573a4a090049c8e3...1a721c2c
[ STEP 146 ] Bit #111 = '1' → Using Private_Key_Odd
  Next_Pubkey.Gx = 0x34ced98e954f8bf751...1e19ebe8
  Next_Pubkey.Gy = 0x11479c79fbdb666023...1febe6d5
[ STEP 147 ] Bit #110 = '1' → Using Private_Key_Odd
  Next_Pubkey.Gx = 0x6b08b794818e393bcd...df804d3d
  Next_Pubkey.Gy = 0x7e903e4dfe93e64f73...6ecf4378
[ STEP 148 ] Bit #109 = '1' → Using Private_Key_Odd
  Next_Pubkey.Gx = 0x6f3f9d918d2c24ffd4...3d361481
  Next_Pubkey.Gy = 0xba1e1a45073661d4c4...37cb9857
[ STEP 149 ] Bit #108 = '0' → Using Private_Key_Even
  Next_Pubkey.Gx = 0xfcc5548153cb6c79d0...f006f7fc
  Next_Pubkey.Gy = 0x54641376882a2a87fe...4754666f
[ STEP 150 ] Bit #107 = '1' → Using Private_Key_Odd
  Next_Pubkey.Gx = 0x1eb1e2a0fb4667265f...d4c151c6
  Next_Pubkey.Gy = 0xa14c6fdc0f7ef163f0...023052b8
[ STEP 151 ] Bit #106 = '0' → Using Private_Key_Even
  Next_Pubkey.Gx = 0x93be714d954211a9af...fe6d568e
  Next_Pubkey.Gy = 0x3a4bb42f6cfde5590f...d669edba
[ STEP 152 ] Bit #105 = '0' → Using Private_Key_Even
  Next_Pubkey.Gx = 0x5f9e5ef1a62f62beb4...2550246f
  Next_Pubkey.Gy = 0x546f8c5b7bba224a95...bcaabbd9
[ STEP 153 ] Bit #104 = '0' → Using Private_Key_Even
  Next_Pubkey.Gx = 0x9119fa292c0fd7f2ef...1e483c99
  Next_Pubkey.Gy = 0xe276b1ce3d7a117f15...ed0f373b
[ STEP 154 ] Bit #103 = '1' → Using Private_Key_Odd
  Next_Pubkey.Gx = 0xb83352f8141d3eb70a...b1a51aa0
  Next_Pubkey.Gy = 0x6e1063f5a9d4275b0c...7d653a1c
[ STEP 155 ] Bit #102 = '1' → Using Private_Key_Odd
  Next_Pubkey.Gx = 0x7de7570d47787483ef...93373958
  Next_Pubkey.Gy = 0x80ca06607cf5df18c8...07313bb9
[ STEP 156 ] Bit #101 = '1' → Using Private_Key_Odd
  Next_Pubkey.Gx = 0x1893232e6fc18b27ff...e00101b0
  Next_Pubkey.Gy = 0x2b99a165a7e5b4c82e...d1212ae4
[ STEP 157 ] Bit #100 = '1' → Using Private_Key_Odd
  Next_Pubkey.Gx = 0xe92076b635e982508c...89121181
  Next_Pubkey.Gy = 0x2fabf3ca06030d80e2...d45fc0de
[ STEP 158 ] Bit #099 = '1' → Using Private_Key_Odd
  Next_Pubkey.Gx = 0xa800f1d5e7c6ae0383...9c32cdc0
  Next_Pubkey.Gy = 0xfe8eddfbd88d8d22b7...e4e04ceb
[ STEP 159 ] Bit #098 = '1' → Using Private_Key_Odd
  Next_Pubkey.Gx = 0xce646fa5427a5ff862...f12d80e6
  Next_Pubkey.Gy = 0x4aea5022d647630013...9a1419b8
[ STEP 160 ] Bit #097 = '1' → Using Private_Key_Odd
  Next_Pubkey.Gx = 0xaeb2b300c4147ce3c7...984c3862
  Next_Pubkey.Gy = 0x4dce517fe56b747515...b2190834
[ STEP 161 ] Bit #096 = '1' → Using Private_Key_Odd
  Next_Pubkey.Gx = 0xf18f894e91e4f27f1c...ca8f4e97
  Next_Pubkey.Gy = 0x34fbe254d4335a8a5c...1538148c
[ STEP 162 ] Bit #095 = '0' → Using Private_Key_Even
  Next_Pubkey.Gx = 0xc576d7c55c59727460...ef9ae3e8
  Next_Pubkey.Gy = 0xb3b44f4e8105fb86b8...5b891705
[ STEP 163 ] Bit #094 = '0' → Using Private_Key_Even
  Next_Pubkey.Gx = 0xeeb50c91f0f9814f2a...6e073be4
  Next_Pubkey.Gy = 0x485ee133e5f155d237...0c4897c4
[ STEP 164 ] Bit #093 = '1' → Using Private_Key_Odd
  Next_Pubkey.Gx = 0x4461f38a014a5c7ad1...ca6238f8
  Next_Pubkey.Gy = 0x27c08e93f54e766645...48127bdf
[ STEP 165 ] Bit #092 = '1' → Using Private_Key_Odd
  Next_Pubkey.Gx = 0xb46ae47cdc6ddce2a7...1813df6f
  Next_Pubkey.Gy = 0x42406dfe10a9704e12...21a4a30c
[ STEP 166 ] Bit #091 = '0' → Using Private_Key_Even
  Next_Pubkey.Gx = 0xe85937bba42991c484...5cd2daeb
  Next_Pubkey.Gy = 0x562780c046e001c9c1...0985df79
[ STEP 167 ] Bit #090 = '1' → Using Private_Key_Odd
  Next_Pubkey.Gx = 0x6caeb4e840b6cefa53...cff7f716
  Next_Pubkey.Gy = 0xed7b646d6a1154becc...9c36e052
[ STEP 168 ] Bit #089 = '0' → Using Private_Key_Even
  Next_Pubkey.Gx = 0xf6bc566f0c83bd0788...93ae30e3
  Next_Pubkey.Gy = 0x73ab4d8e046a8b084f...a4a01c76
[ STEP 169 ] Bit #088 = '1' → Using Private_Key_Odd
  Next_Pubkey.Gx = 0x8046efdffaf01beea2...3c39d57a
  Next_Pubkey.Gy = 0xc852d03cbe6667209a...7a3ffbf4
[ STEP 170 ] Bit #087 = '1' → Using Private_Key_Odd
  Next_Pubkey.Gx = 0xf78e26660fb27a5c1e...d05471ac
  Next_Pubkey.Gy = 0x4c3c4686b5f627979a...e252b5b3
[ STEP 171 ] Bit #086 = '1' → Using Private_Key_Odd
  Next_Pubkey.Gx = 0x41e325060762415ae8...c3cc1545
  Next_Pubkey.Gy = 0xf7d229bc00562a7925...617de38f
[ STEP 172 ] Bit #085 = '0' → Using Private_Key_Even
  Next_Pubkey.Gx = 0xb7dad7192bfd941687...ecdebf75
  Next_Pubkey.Gy = 0x6ad10b7e51660bf91b...395ff78d
[ STEP 173 ] Bit #084 = '1' → Using Private_Key_Odd
  Next_Pubkey.Gx = 0x568519d0e65d1dea5f...52504460
  Next_Pubkey.Gy = 0xadde5b7df7f4f80edb...9134452e
[ STEP 174 ] Bit #083 = '1' → Using Private_Key_Odd
  Next_Pubkey.Gx = 0x21b84e868cdae23725...07036d1e
  Next_Pubkey.Gy = 0xd45e8dc289ef193b37...ccaae322
[ STEP 175 ] Bit #082 = '1' → Using Private_Key_Odd
  Next_Pubkey.Gx = 0x1eae5cba1b4ecef57a...b54b76fd
  Next_Pubkey.Gy = 0x47580b9d98c9b9cab7...0686ecd2
[ STEP 176 ] Bit #081 = '0' → Using Private_Key_Even
  Next_Pubkey.Gx = 0xc9d9ad20d3d3092458...415eaa66
  Next_Pubkey.Gy = 0x3d9e7132a1eb73a399...eaf4fdfc
[ STEP 177 ] Bit #080 = '1' → Using Private_Key_Odd
  Next_Pubkey.Gx = 0x6783e91176e526039a...996b8949
  Next_Pubkey.Gy = 0x8313241de318a8ce8e...e8775ca6
[ STEP 178 ] Bit #079 = '0' → Using Private_Key_Even
  Next_Pubkey.Gx = 0x928448dee476dca5db...8ec53e03
  Next_Pubkey.Gy = 0x6f18a2ab7170937c72...425344ff
[ STEP 179 ] Bit #078 = '1' → Using Private_Key_Odd
  Next_Pubkey.Gx = 0xc2278b797e1534ad64...67194789
  Next_Pubkey.Gy = 0x7c3ff2d31d87a6ef18...f391e29b
[ STEP 180 ] Bit #077 = '1' → Using Private_Key_Odd
  Next_Pubkey.Gx = 0x53e3709384ae633857...2144f47f
  Next_Pubkey.Gy = 0x21c2bf2b7e6b965def...5da2faa3
[ STEP 181 ] Bit #076 = '0' → Using Private_Key_Even
  Next_Pubkey.Gx = 0x37658c07607d6b05bf...9fda3dff
  Next_Pubkey.Gy = 0xd84216317b89621e24...38663fca
[ STEP 182 ] Bit #075 = '1' → Using Private_Key_Odd
  Next_Pubkey.Gx = 0x530ec7928b97b09350...66663d5b
  Next_Pubkey.Gy = 0xfb2c1c42b71fff7e52...8e3436fe
[ STEP 183 ] Bit #074 = '0' → Using Private_Key_Even
  Next_Pubkey.Gx = 0x389c3bf698b50a2e63...ccb2580b
  Next_Pubkey.Gy = 0x296ea0f760292b3464...a4e2c1a8
[ STEP 184 ] Bit #073 = '1' → Using Private_Key_Odd
  Next_Pubkey.Gx = 0x3b48505ba2753e37f5...8a1fbab2
  Next_Pubkey.Gy = 0x39d0feb3ccdc7a4ae4...a9c31ad2
[ STEP 185 ] Bit #072 = '0' → Using Private_Key_Even
  Next_Pubkey.Gx = 0xdeec1d0fe62d0e763f...32356b81
  Next_Pubkey.Gy = 0x5acad5a5a58b534829...e0896d1b
[ STEP 186 ] Bit #071 = '0' → Using Private_Key_Even
  Next_Pubkey.Gx = 0xc0221f985d338df781...c834b6a9
  Next_Pubkey.Gy = 0x57fca6b6d42bd97a77...bea02f2a
[ STEP 187 ] Bit #070 = '0' → Using Private_Key_Even
  Next_Pubkey.Gx = 0xef4ac19d97742f3144...95b67ee0
  Next_Pubkey.Gy = 0x7109e09b1aedbf9b66...47ebfb1b
[ STEP 188 ] Bit #069 = '1' → Using Private_Key_Odd
  Next_Pubkey.Gx = 0x1dd8edef6481eaae97...0ecf32c1
  Next_Pubkey.Gy = 0xca29b45556123f0126...15b31487
[ STEP 189 ] Bit #068 = '1' → Using Private_Key_Odd
  Next_Pubkey.Gx = 0x157e13275bf1a34ce5...1ba243c9
  Next_Pubkey.Gy = 0xee49b31a1f6bcde341...acfa276d
[ STEP 190 ] Bit #067 = '1' → Using Private_Key_Odd
  Next_Pubkey.Gx = 0x961be2d881a3420677...da09677a
  Next_Pubkey.Gy = 0x407605116794e0a823...ef9c9d02
[ STEP 191 ] Bit #066 = '1' → Using Private_Key_Odd
  Next_Pubkey.Gx = 0xeb3b5baa28ed83ed68...4586e827
  Next_Pubkey.Gy = 0xcf462484750940343d...78e03223
[ STEP 192 ] Bit #065 = '0' → Using Private_Key_Even
  Next_Pubkey.Gx = 0xb88b2d7548d06c2e66...6326f748
  Next_Pubkey.Gy = 0x7b8a78ef18e8d6550c...a168ec24
[ STEP 193 ] Bit #064 = '1' → Using Private_Key_Odd
  Next_Pubkey.Gx = 0x637b98b30416d1fdfb...f7bf2e2e
  Next_Pubkey.Gy = 0x1e8b5fe808462b8d9b...aa13e47b
[ STEP 194 ] Bit #063 = '0' → Using Private_Key_Even
  Next_Pubkey.Gx = 0x22d6b97aaf40111dd5...d69d1932
  Next_Pubkey.Gy = 0xaeff28540c527c31ee...af9017f3
[ STEP 195 ] Bit #062 = '1' → Using Private_Key_Odd
  Next_Pubkey.Gx = 0xfb68dff7619aa04ea7...5642ff4a
  Next_Pubkey.Gy = 0x72f8a98a548749ffed...5c3ec862
[ STEP 196 ] Bit #061 = '1' → Using Private_Key_Odd
  Next_Pubkey.Gx = 0x3f4304236ee97939df...c7f23696
  Next_Pubkey.Gy = 0xc883ebf9e5c1e45e6a...ee232dd6
[ STEP 197 ] Bit #060 = '0' → Using Private_Key_Even
  Next_Pubkey.Gx = 0x73794f7adb5d57fe1e...9395f88e
  Next_Pubkey.Gy = 0x6dbe8835e05e8d6183...8e134ed5
[ STEP 198 ] Bit #059 = '0' → Using Private_Key_Even
  Next_Pubkey.Gx = 0x7a13e430f64bfff152...a344fc2e
  Next_Pubkey.Gy = 0xaeab0ec846f6a9910d...275f6cc3
[ STEP 199 ] Bit #058 = '1' → Using Private_Key_Odd
  Next_Pubkey.Gx = 0x1b09bd8b497b3460d8...56a549f1
  Next_Pubkey.Gy = 0xf2b6b07ee7e4d7fb9b...02d10fb3
[ STEP 200 ] Bit #057 = '1' → Using Private_Key_Odd
  Next_Pubkey.Gx = 0xc42f4709410a51bb46...289234c7
  Next_Pubkey.Gy = 0xbd11c53140ff31f3c0...66b96592
[ STEP 201 ] Bit #056 = '1' → Using Private_Key_Odd
  Next_Pubkey.Gx = 0xdbc8f783fd1dcd9bdb...cc2da276
  Next_Pubkey.Gy = 0x8f620534182ddb9c04...cf71d6ec
[ STEP 202 ] Bit #055 = '0' → Using Private_Key_Even
  Next_Pubkey.Gx = 0x526ac897af21b4778b...06249c3a
  Next_Pubkey.Gy = 0x11d8f55ec2d9021ade...bd49745d
[ STEP 203 ] Bit #054 = '0' → Using Private_Key_Even
  Next_Pubkey.Gx = 0x2115930c5b230bdda5...928d0884
  Next_Pubkey.Gy = 0xbe5ac528f0bdb608d3...5b38b9eb
[ STEP 204 ] Bit #053 = '0' → Using Private_Key_Even
  Next_Pubkey.Gx = 0x818ef43e5cca5510d4...578cd9fd
  Next_Pubkey.Gy = 0x6cd8229657b93332ec...0692054e
[ STEP 205 ] Bit #052 = '0' → Using Private_Key_Even
  Next_Pubkey.Gx = 0x3da7b6038ec0fff707...ef0fd32c
  Next_Pubkey.Gy = 0x199556fc507fcedd26...c5292c18
[ STEP 206 ] Bit #051 = '0' → Using Private_Key_Even
  Next_Pubkey.Gx = 0x9cf36bd88a69055fe6...d042a058
  Next_Pubkey.Gy = 0x98f17084fc43357164...7111b12e
[ STEP 207 ] Bit #050 = '0' → Using Private_Key_Even
  Next_Pubkey.Gx = 0x8c3779530fb5cfad75...f960d7a0
  Next_Pubkey.Gy = 0x12b155836ddd4c1a25...a88f3215
[ STEP 208 ] Bit #049 = '1' → Using Private_Key_Odd
  Next_Pubkey.Gx = 0x616d65c0ed246d3325...dec6d5a4
  Next_Pubkey.Gy = 0x60ffd48c4550d03b09...dd602ef7
[ STEP 209 ] Bit #048 = '1' → Using Private_Key_Odd
  Next_Pubkey.Gx = 0xc34adba1d69f133201...7a30e0ce
  Next_Pubkey.Gy = 0xd51f5b8592195cbc1f...c3e6e973
[ STEP 210 ] Bit #047 = '0' → Using Private_Key_Even
  Next_Pubkey.Gx = 0x1056044f090ebc3fbf...8d16e9bd
  Next_Pubkey.Gy = 0xefa3e22c7b0f972432...322f7e30
[ STEP 211 ] Bit #046 = '1' → Using Private_Key_Odd
  Next_Pubkey.Gx = 0x72a85503142bb69e9e...160a7e1a
  Next_Pubkey.Gy = 0x56aa8c5da80821c5c0...76310275
[ STEP 212 ] Bit #045 = '0' → Using Private_Key_Even
  Next_Pubkey.Gx = 0xe39869cdc703eb2ea8...942fb512
  Next_Pubkey.Gy = 0x6feb6243962d3f2b23...035467d9
[ STEP 213 ] Bit #044 = '0' → Using Private_Key_Even
  Next_Pubkey.Gx = 0x67e80fdf2222645422...709d926c
  Next_Pubkey.Gy = 0x46091adffb68f35823...a5411856
[ STEP 214 ] Bit #043 = '0' → Using Private_Key_Even
  Next_Pubkey.Gx = 0x375c0bf0e5a7f6ce82...6587448b
  Next_Pubkey.Gy = 0x17f254b646decab185...aab2f34b
[ STEP 215 ] Bit #042 = '0' → Using Private_Key_Even
  Next_Pubkey.Gx = 0xb1b94fe60b0c848f9d...4d8270fa
  Next_Pubkey.Gy = 0xadc8063be0616c9ee5...291c44b0
[ STEP 216 ] Bit #041 = '1' → Using Private_Key_Odd
  Next_Pubkey.Gx = 0xcc80bdb88658edfce5...768e12cd
  Next_Pubkey.Gy = 0x2ead46332eba72ddc8...a2e92250
[ STEP 217 ] Bit #040 = '1' → Using Private_Key_Odd
  Next_Pubkey.Gx = 0x76ea25002b87590a6d...7accf8f3
  Next_Pubkey.Gy = 0x75573075c64423d310...7aaaf474
[ STEP 218 ] Bit #039 = '0' → Using Private_Key_Even
  Next_Pubkey.Gx = 0x793b48c92ecf2cc583...a73e1f22
  Next_Pubkey.Gy = 0xa74c8d93246e8f75c6...eb8e9bb9
[ STEP 219 ] Bit #038 = '1' → Using Private_Key_Odd
  Next_Pubkey.Gx = 0xe7ff6a27a6d2e6c1cb...74c96e17
  Next_Pubkey.Gy = 0x3536a8c42d9a39c405...04c9c352
[ STEP 220 ] Bit #037 = '1' → Using Private_Key_Odd
  Next_Pubkey.Gx = 0x70aed2562ad61db5f5...195045f8
  Next_Pubkey.Gy = 0x716319f8b0ce776ee7...999fa6d3
[ STEP 221 ] Bit #036 = '0' → Using Private_Key_Even
  Next_Pubkey.Gx = 0x99f563d41263306d7a...5dc0375b
  Next_Pubkey.Gy = 0x4d6af9f21b9ef112ef...be501911
[ STEP 222 ] Bit #035 = '0' → Using Private_Key_Even
  Next_Pubkey.Gx = 0xc7b19d422c3ff52c41...abb36276
  Next_Pubkey.Gy = 0xc52c94e7f7e6871f33...fa68dd44
[ STEP 223 ] Bit #034 = '0' → Using Private_Key_Even
  Next_Pubkey.Gx = 0xf89ce04d637e5015ba...05b2ea4d
  Next_Pubkey.Gy = 0xc209870937edc8c785...53e59702
[ STEP 224 ] Bit #033 = '1' → Using Private_Key_Odd
  Next_Pubkey.Gx = 0x346b7ddabf3e10427d...2f2886bc
  Next_Pubkey.Gy = 0xf7a48785c3b22441ea...e8e27cf6
[ STEP 225 ] Bit #032 = '0' → Using Private_Key_Even
  Next_Pubkey.Gx = 0xb78375393804d9fa3f...47f1245e
  Next_Pubkey.Gy = 0x5d4df8bbcf6293bee9...4cbbd597
[ STEP 226 ] Bit #031 = '1' → Using Private_Key_Odd
  Next_Pubkey.Gx = 0x35a823bbfc0bdb6f28...ad7a5609
  Next_Pubkey.Gy = 0x74d86b6dcd00248cc6...bbf8192a
[ STEP 227 ] Bit #030 = '1' → Using Private_Key_Odd
  Next_Pubkey.Gx = 0x104f6e17e562c909e2...3e091f6e
  Next_Pubkey.Gy = 0xe5653796f6ee444784...130389b3
[ STEP 228 ] Bit #029 = '1' → Using Private_Key_Odd
  Next_Pubkey.Gx = 0x63b02213d1cd553262...03cc72fa
  Next_Pubkey.Gy = 0xd52bb57bb806c9ed7b...01d33083
[ STEP 229 ] Bit #028 = '0' → Using Private_Key_Even
  Next_Pubkey.Gx = 0xbb98f5d4574e23d30f...b890f1dc
  Next_Pubkey.Gy = 0x23310897772267b2f5...b0d6ddca
[ STEP 230 ] Bit #027 = '1' → Using Private_Key_Odd
  Next_Pubkey.Gx = 0xff2d5f62c8789c6c3d...44a1b5b5
  Next_Pubkey.Gy = 0xac24a5007d8f80932f...5b9c22cb
[ STEP 231 ] Bit #026 = '0' → Using Private_Key_Even
  Next_Pubkey.Gx = 0x468b2f93dd19dd07e1...a70cfbbf
  Next_Pubkey.Gy = 0xa3bd524a2e0ebb525f...d4f7b8c6
[ STEP 232 ] Bit #025 = '1' → Using Private_Key_Odd
  Next_Pubkey.Gx = 0x50ce44ce2cc3fdcf7e...d63cca0d
  Next_Pubkey.Gy = 0x9e380b0799a1a17cb6...cf557186
[ STEP 233 ] Bit #024 = '1' → Using Private_Key_Odd
  Next_Pubkey.Gx = 0x34fc0b164aa603181b...a61259e3
  Next_Pubkey.Gy = 0x633a12762483a1245b...31a55126
[ STEP 234 ] Bit #023 = '1' → Using Private_Key_Odd
  Next_Pubkey.Gx = 0x38b461d3de255342f8...260dde5b
  Next_Pubkey.Gy = 0xc70ed9573141d504ca...8a972e9c
[ STEP 235 ] Bit #022 = '1' → Using Private_Key_Odd
  Next_Pubkey.Gx = 0x17f9c3b461e0366b67...b15fe635
  Next_Pubkey.Gy = 0x5ce161a2755b26920c...26b260d2
[ STEP 236 ] Bit #021 = '0' → Using Private_Key_Even
  Next_Pubkey.Gx = 0x7c44c5d72800c04056...69b3b0a9
  Next_Pubkey.Gy = 0x32ea1d2eb1349567cc...267b7343
[ STEP 237 ] Bit #020 = '0' → Using Private_Key_Even
  Next_Pubkey.Gx = 0xdacb2c230f44d78f18...626fca69
  Next_Pubkey.Gy = 0x53adc571bc8b37f1e6...be5b2e38
[ STEP 238 ] Bit #019 = '1' → Using Private_Key_Odd
  Next_Pubkey.Gx = 0xc132741abb81369c0c...89739768
  Next_Pubkey.Gy = 0x334e2025aa0397f8ed...8e7717c6
[ STEP 239 ] Bit #018 = '0' → Using Private_Key_Even
  Next_Pubkey.Gx = 0x55908791a6e74fc132...fc70e3ab
  Next_Pubkey.Gy = 0xa4652e0b7411403a84...1b8442ba
[ STEP 240 ] Bit #017 = '0' → Using Private_Key_Even
  Next_Pubkey.Gx = 0x5df9c4cd8e400e95d7...20dc1f66
  Next_Pubkey.Gy = 0xd562de06eb4709def1...00db9ded
[ STEP 241 ] Bit #016 = '0' → Using Private_Key_Even
  Next_Pubkey.Gx = 0x8f48b3db511c7c7cd3...e0d31bde
  Next_Pubkey.Gy = 0xaa0be74bc157c95ed7...36ea852c
[ STEP 242 ] Bit #015 = '0' → Using Private_Key_Even
  Next_Pubkey.Gx = 0xc88e65db31c8fe2c9f...1ab7a10d
  Next_Pubkey.Gy = 0x8ef8190a4da569126a...d01e630a
[ STEP 243 ] Bit #014 = '0' → Using Private_Key_Even
  Next_Pubkey.Gx = 0xce0d5c8cf82d6671a6...9396fafd
  Next_Pubkey.Gy = 0xd7ab01d0af1537b181...3ae2a6da
[ STEP 244 ] Bit #013 = '0' → Using Private_Key_Even
  Next_Pubkey.Gx = 0x2bf93d70143481417c...021c73f5
  Next_Pubkey.Gy = 0xc121fb71db9782974a...4561763a
[ STEP 245 ] Bit #012 = '0' → Using Private_Key_Even
  Next_Pubkey.Gx = 0x88317beef17053b04f...b982c315
  Next_Pubkey.Gy = 0x6b8cd4af1adfe346ef...889bd4a3
[ STEP 246 ] Bit #011 = '0' → Using Private_Key_Even
  Next_Pubkey.Gx = 0xb7143cd472cfa7919c...b86f9ce0
  Next_Pubkey.Gy = 0xceeedee2bea7f54627...7affd17f
[ STEP 247 ] Bit #010 = '1' → Using Private_Key_Odd
  Next_Pubkey.Gx = 0x8e497fdca02b68996d...f4388344
  Next_Pubkey.Gy = 0x447cd86b4e7cabbe76...fd070703
[ STEP 248 ] Bit #009 = '0' → Using Private_Key_Even
  Next_Pubkey.Gx = 0x98a62422748ab9aa61...a891d4a3
  Next_Pubkey.Gy = 0xae70dc2349d78d1e52...06898e6e
[ STEP 249 ] Bit #008 = '0' → Using Private_Key_Even
  Next_Pubkey.Gx = 0x8319698480e9721af3...3a959377
  Next_Pubkey.Gy = 0xc3d6188b1502d4308a...1062306c
[ STEP 250 ] Bit #007 = '0' → Using Private_Key_Even
  Next_Pubkey.Gx = 0xf8cfda9d62328bea71...33a58aab
  Next_Pubkey.Gy = 0x2f71cff56b6c3487de...b695660c
[ STEP 251 ] Bit #006 = '0' → Using Private_Key_Even
  Next_Pubkey.Gx = 0x10f8c7d4d3bcca6811...e43d0230
  Next_Pubkey.Gy = 0xcaf94fe63f4f9f58ab...d290fbf4
[ STEP 252 ] Bit #005 = '1' → Using Private_Key_Odd
  Next_Pubkey.Gx = 0x385669c7f88495e33a...0eab5bf4
  Next_Pubkey.Gy = 0x33b163e49a6ab272fd...b4740aa0
[ STEP 253 ] Bit #004 = '1' → Using Private_Key_Odd
  Next_Pubkey.Gx = 0x5347231ce609d87043...fe3797e2
  Next_Pubkey.Gy = 0x5e0b2f7fed9946f793...2951e350
[ STEP 254 ] Bit #003 = '1' → Using Private_Key_Odd
  Next_Pubkey.Gx = 0xc33c0eb5d5b0a8a725...b7819bcc
  Next_Pubkey.Gy = 0xc072dc9d549b78fb27...a7b9802e
[ STEP 255 ] Bit #002 = '0' → Using Private_Key_Even
  Next_Pubkey.Gx = 0xdc449155f896ea1b18...eb483fc9
  Next_Pubkey.Gy = 0x9ad3a9ae9732ab98ba...abeccf4b
[ STEP 256 ] Bit #001 = '1' → Using Private_Key_Odd
  Next_Pubkey.Gx = 0x1e27598b7b4722e7eb...b46bf90e
  Next_Pubkey.Gy = 0xd9ada5bf7a1dfe05f7...01e0f119
──────────────────────────────────────────────────────────────────────────────
[ RUN ] Scalar multiplication cycle COMPLETE.
[ RUN ] Press BIN to HEX to convert the accumulated bit sequence.
──────────────────────────────────────────────────────────────────────────────
Private Key Hexadecimal Format (64 characters [0-9A-F]):
B84027AE8D8581CD78AD7759FE2FAE5F1126581AE1FF55C4D7C1B2F760515C9F
──────────────────────────────────────────────────────────────────────────────
──────────────────────────────────────────────────────────────────────────────
Private Key WIF (uncompressed):
5KDS1srzwf4P38SGYFgbQnajRG9DekeReustrRccZK4teV7zQTv
Private Key WIF (compressed):
L3PsQsVgkEyvGPpXawokszBtE5qGqdeBpLPds9eBwckAxE9Ubi6e
──────────────────────────────────────────────────────────────────────────────