◈ BTCDetect Software Even and ODD v3.5 — Crypto Research Interface
──────────────────────────────────────────────────────────────────────────────
[ REVERSE ] All fields cleared. Enter a new Bitcoin Address.
──────────────────────────────────────────────────────────────────────────────
[ EXTRACT ] Bitcoin Address: 12RkjSWoNsoPeYVP7dKWBk9nTKzfYUQ7HA
[ EXTRACT ] Querying Blockstream API...
[ EXTRACT ] Public Key found:
  033eabf6890970e9735dee762aed2ac7db8db3ffa41e049b1311d5a8d2224eea45
  Gx = 0x3eabf6890970e9735dee762aed2ac7db8db3ffa41e049b1311d5a8d2224eea45
  Gy = 0xd6df142625bf58c1177668aab4886b486b4bd7c34b1a9182cf41bd9e4c7939a5
[ EXTRACT ] Ready. Press RUN to start scalar multiplication.
──────────────────────────────────────────────────────────────────────────────
[ RUN ] Starting scalar multiplication cycle...
[ RUN ] Total bits: 256
[ STEP 001 ] Bit #256 = '1' → Using Private_Key_Odd
  Next_Pubkey.Gx = 0xc2c351fc820f274009...71c60fef
  Next_Pubkey.Gy = 0x8799bbc639cd6645b8...0f5f7cef
[ STEP 002 ] Bit #255 = '0' → Using Private_Key_Even
  Next_Pubkey.Gx = 0xe2765cc56c2b749c57...8d09269f
  Next_Pubkey.Gy = 0xa1b97dab143dacbf11...491157f5
[ STEP 003 ] Bit #254 = '0' → Using Private_Key_Even
  Next_Pubkey.Gx = 0xef331e9ca6be4dbdc9...ebbf5a8c
  Next_Pubkey.Gy = 0x34621ff40a82e7cd4b...2e23ad88
[ STEP 004 ] Bit #253 = '0' → Using Private_Key_Even
  Next_Pubkey.Gx = 0x281716829f460f022c...ae26e663
  Next_Pubkey.Gy = 0xee9080f60abef2f343...88d08d95
[ STEP 005 ] Bit #252 = '0' → Using Private_Key_Even
  Next_Pubkey.Gx = 0xe3c0cb5bc9eefe2154...4534b6e7
  Next_Pubkey.Gy = 0x1a4fecb32cce235cf1...06d7c44b
[ STEP 006 ] Bit #251 = '0' → Using Private_Key_Even
  Next_Pubkey.Gx = 0x2ae9117ea2428f6266...41e1238e
  Next_Pubkey.Gy = 0x8844cfd945dd7badbc...e95f2cfe
[ STEP 007 ] Bit #250 = '0' → Using Private_Key_Even
  Next_Pubkey.Gx = 0xfb46e04d10b4fff37e...fd77a03f
  Next_Pubkey.Gy = 0x25b2770b9a54096f01...39011b54
[ STEP 008 ] Bit #249 = '1' → Using Private_Key_Odd
  Next_Pubkey.Gx = 0xb98903dbbe42cf154e...b517131f
  Next_Pubkey.Gy = 0x8d71cd57d737a3794e...fcb9ada1
[ STEP 009 ] Bit #248 = '0' → Using Private_Key_Even
  Next_Pubkey.Gx = 0xa19f2634d6f60b55b5...990dc83a
  Next_Pubkey.Gy = 0x4f2c438ae9b4529bec...d9d9d4ef
[ STEP 010 ] Bit #247 = '1' → Using Private_Key_Odd
  Next_Pubkey.Gx = 0x8828769cd166cc13b8...d9932fcb
  Next_Pubkey.Gy = 0xdc8b5bda7c0869bd46...9fd5d443
[ STEP 011 ] Bit #246 = '1' → Using Private_Key_Odd
  Next_Pubkey.Gx = 0xfcaa1219975aeafe15...c4d10620
  Next_Pubkey.Gy = 0xaf83a1e5e1221cd0c3...755f78d8
[ STEP 012 ] Bit #245 = '1' → Using Private_Key_Odd
  Next_Pubkey.Gx = 0xe5bd0733cfa1ab3bc1...4858ea04
  Next_Pubkey.Gy = 0x5f4f756b1717a1ab1e...b2f9fca1
[ STEP 013 ] Bit #244 = '0' → Using Private_Key_Even
  Next_Pubkey.Gx = 0x475b8ab68add3ff477...e3cb86e4
  Next_Pubkey.Gy = 0x3d2597a53847dcea43...ad010647
[ STEP 014 ] Bit #243 = '0' → Using Private_Key_Even
  Next_Pubkey.Gx = 0xadc776cb69f8f16b89...f201f121
  Next_Pubkey.Gy = 0xed6bbf997dfeb195bb...ca54624e
[ STEP 015 ] Bit #242 = '1' → Using Private_Key_Odd
  Next_Pubkey.Gx = 0x2d018914f58f48818b...88fb89e5
  Next_Pubkey.Gy = 0x9d5777d5712c4b1e7f...d55a9834
[ STEP 016 ] Bit #241 = '1' → Using Private_Key_Odd
  Next_Pubkey.Gx = 0xd974d47e89db2f9223...371dad45
  Next_Pubkey.Gy = 0x191269a89688c61410...589ae061
[ STEP 017 ] Bit #240 = '1' → Using Private_Key_Odd
  Next_Pubkey.Gx = 0x511615c12cfb60db34...925fdbde
  Next_Pubkey.Gy = 0x6a6a48d20d4ac2d315...cb85a811
[ STEP 018 ] Bit #239 = '1' → Using Private_Key_Odd
  Next_Pubkey.Gx = 0x9cca948af8ab587a86...a6419ddb
  Next_Pubkey.Gy = 0xc91ed3b10c853f7ea8...fa1edbac
[ STEP 019 ] Bit #238 = '1' → Using Private_Key_Odd
  Next_Pubkey.Gx = 0x589a6b37aa771b004b...34975fd1
  Next_Pubkey.Gy = 0xb793b5b0b2b98dd54a...8da8ce5e
[ STEP 020 ] Bit #237 = '0' → Using Private_Key_Even
  Next_Pubkey.Gx = 0x42218c970a8bba05e9...1a42a454
  Next_Pubkey.Gy = 0x1e9637ea3c82bfdc49...3310bf3b
[ STEP 021 ] Bit #236 = '0' → Using Private_Key_Even
  Next_Pubkey.Gx = 0x2a3d98e68d3c4ce14a...f2b3b266
  Next_Pubkey.Gy = 0xebf54192b3e5db52f0...3f3c9c7d
[ STEP 022 ] Bit #235 = '0' → Using Private_Key_Even
  Next_Pubkey.Gx = 0xd79ddccf412c43c1fd...dfa57c5c
  Next_Pubkey.Gy = 0x9432cf3e7407fd20a7...ccceaccc
[ STEP 023 ] Bit #234 = '0' → Using Private_Key_Even
  Next_Pubkey.Gx = 0x4fb6ad1f0adc75c886...058959e8
  Next_Pubkey.Gy = 0xb81a60ab35a7cab54d...2575cf3f
[ STEP 024 ] Bit #233 = '1' → Using Private_Key_Odd
  Next_Pubkey.Gx = 0x562cdf3db118a9df0c...70d234cb
  Next_Pubkey.Gy = 0x41b4525034bf960f45...702d78db
[ STEP 025 ] Bit #232 = '1' → Using Private_Key_Odd
  Next_Pubkey.Gx = 0xda59215d7b35cfb89e...6fc23ed1
  Next_Pubkey.Gy = 0x616873595938411e5b...2ad23ff7
[ STEP 026 ] Bit #231 = '1' → Using Private_Key_Odd
  Next_Pubkey.Gx = 0x55a7fcaeea9fe95092...27a174b1
  Next_Pubkey.Gy = 0xd0b7e1196005dbcde9...39f9f422
[ STEP 027 ] Bit #230 = '1' → Using Private_Key_Odd
  Next_Pubkey.Gx = 0xb8eab0a9ca07268c0a...b02edad2
  Next_Pubkey.Gy = 0x53970e1480e4c311ad...379e3fa5
[ STEP 028 ] Bit #229 = '0' → Using Private_Key_Even
  Next_Pubkey.Gx = 0x8b9e259f1c229dfc66...a3fb8e8a
  Next_Pubkey.Gy = 0x5b4c1183ad132a16ad...d16d5832
[ STEP 029 ] Bit #228 = '1' → Using Private_Key_Odd
  Next_Pubkey.Gx = 0x9f3eeb288402b88d84...2bd614f1
  Next_Pubkey.Gy = 0xaa901079b91e940fb3...408538d4
[ STEP 030 ] Bit #227 = '1' → Using Private_Key_Odd
  Next_Pubkey.Gx = 0xb0600e3bc2835fb4cf...9cc1f918
  Next_Pubkey.Gy = 0x964e5adbcbfaf1a7dc...c892dd02
[ STEP 031 ] Bit #226 = '1' → Using Private_Key_Odd
  Next_Pubkey.Gx = 0x5e985422d7f513071e...c969f445
  Next_Pubkey.Gy = 0x2560f12a9379237947...b1451ca9
[ STEP 032 ] Bit #225 = '1' → Using Private_Key_Odd
  Next_Pubkey.Gx = 0xf6a99ce806a4671ecd...ed53e895
  Next_Pubkey.Gy = 0x99f34398abafdeccff...31e86b21
[ STEP 033 ] Bit #224 = '0' → Using Private_Key_Even
  Next_Pubkey.Gx = 0x2beb03ac121811b3d1...2ce83cee
  Next_Pubkey.Gy = 0x9315425463d001373d...fcb4538f
[ STEP 034 ] Bit #223 = '1' → Using Private_Key_Odd
  Next_Pubkey.Gx = 0x1691a33115df901d3b...a27c6cdb
  Next_Pubkey.Gy = 0x344818d7262dc6d2f1...190d3ae8
[ STEP 035 ] Bit #222 = '1' → Using Private_Key_Odd
  Next_Pubkey.Gx = 0xec4fb336acefd6dd98...7bfec19f
  Next_Pubkey.Gy = 0xdbcd96829afbe844fb...4dc8bdf1
[ STEP 036 ] Bit #221 = '0' → Using Private_Key_Even
  Next_Pubkey.Gx = 0x722d5513b0659fe3e2...a1006075
  Next_Pubkey.Gy = 0x37b439effc15ceedf7...392fc7c4
[ STEP 037 ] Bit #220 = '0' → Using Private_Key_Even
  Next_Pubkey.Gx = 0xb7bbb54567f0f3a374...2829cd53
  Next_Pubkey.Gy = 0x6e42a027e43f2d4703...bd19b64e
[ STEP 038 ] Bit #219 = '0' → Using Private_Key_Even
  Next_Pubkey.Gx = 0xd98391aab4fb350e78...d23dc935
  Next_Pubkey.Gy = 0x815bd24c5024ff2469...6472747f
[ STEP 039 ] Bit #218 = '1' → Using Private_Key_Odd
  Next_Pubkey.Gx = 0x74c07bb57acca40329...eec50ecb
  Next_Pubkey.Gy = 0x47910fdec3ac42dc4a...1422c3c4
[ STEP 040 ] Bit #217 = '0' → Using Private_Key_Even
  Next_Pubkey.Gx = 0x73fe2620e6d9a1e9b0...b3178bf5
  Next_Pubkey.Gy = 0xb5ae443645c3ed0437...4fbaf0a6
[ STEP 041 ] Bit #216 = '0' → Using Private_Key_Even
  Next_Pubkey.Gx = 0x2937648d2167ee37a6...0731b5ee
  Next_Pubkey.Gy = 0xbe3f492dcc7cc5ac8e...102b3753
[ STEP 042 ] Bit #215 = '0' → Using Private_Key_Even
  Next_Pubkey.Gx = 0xdf43adb841e0a10ab5...b8b77738
  Next_Pubkey.Gy = 0xb572466ccec4b4951c...d45c1456
[ STEP 043 ] Bit #214 = '1' → Using Private_Key_Odd
  Next_Pubkey.Gx = 0x570dd6bca6f52b212a...49246324
  Next_Pubkey.Gy = 0x4e022572596e64999c...e0301903
[ STEP 044 ] Bit #213 = '0' → Using Private_Key_Even
  Next_Pubkey.Gx = 0x9617fbe84d14cc61ed...64eead44
  Next_Pubkey.Gy = 0xd4a640ef853e90f73b...598c0938
[ STEP 045 ] Bit #212 = '1' → Using Private_Key_Odd
  Next_Pubkey.Gx = 0x43ae8a7ab83c8d130e...b8eb8d48
  Next_Pubkey.Gy = 0x2475956894105c92db...333dd758
[ STEP 046 ] Bit #211 = '0' → Using Private_Key_Even
  Next_Pubkey.Gx = 0xc47b7dc17bb03a0e50...d1515e39
  Next_Pubkey.Gy = 0x1ea9c0ee1b71473132...bf74d624
[ STEP 047 ] Bit #210 = '1' → Using Private_Key_Odd
  Next_Pubkey.Gx = 0x7d90da10e04f5aae35...e342e0af
  Next_Pubkey.Gy = 0xde32d27f5a3a66797d...8547c53b
[ STEP 048 ] Bit #209 = '0' → Using Private_Key_Even
  Next_Pubkey.Gx = 0x8f38ed07d3d2fe4a5b...fe6d8c6d
  Next_Pubkey.Gy = 0xd062c70402fdb99ac4...398c0cae
[ STEP 049 ] Bit #208 = '1' → Using Private_Key_Odd
  Next_Pubkey.Gx = 0x2ed4f4600fb7a8e54b...bdb79ad7
  Next_Pubkey.Gy = 0xc74b95def57a4e9dcf...54609f99
[ STEP 050 ] Bit #207 = '0' → Using Private_Key_Even
  Next_Pubkey.Gx = 0xe6338c9e0b87b5d890...bfc80a46
  Next_Pubkey.Gy = 0xe4c0f9e122f6a54f9d...1deabd3e
[ STEP 051 ] Bit #206 = '0' → Using Private_Key_Even
  Next_Pubkey.Gx = 0x673435d456ed46c07d...fada1be1
  Next_Pubkey.Gy = 0xe00e6ab229c9421515...591083a9
[ STEP 052 ] Bit #205 = '0' → Using Private_Key_Even
  Next_Pubkey.Gx = 0xd423a6dde63902de82...b4b9faa1
  Next_Pubkey.Gy = 0xf479ec3b19ade11de0...b0bb313e
[ STEP 053 ] Bit #204 = '1' → Using Private_Key_Odd
  Next_Pubkey.Gx = 0xae0b87885cb2cb7086...a9f8f47e
  Next_Pubkey.Gy = 0x6b4e6976c6bb79e7cd...532efdef
[ STEP 054 ] Bit #203 = '0' → Using Private_Key_Even
  Next_Pubkey.Gx = 0xa5c378ac3c289e5210...a432d1e7
  Next_Pubkey.Gy = 0xfe32021cff091265a1...7825a1f1
[ STEP 055 ] Bit #202 = '0' → Using Private_Key_Even
  Next_Pubkey.Gx = 0xcd0ba14e2ebc3e9eb3...930d4c26
  Next_Pubkey.Gy = 0x624a16f7d2f6c3f5fb...161b1ae0
[ STEP 056 ] Bit #201 = '0' → Using Private_Key_Even
  Next_Pubkey.Gx = 0xcb22994fb6b06355c9...5b229389
  Next_Pubkey.Gy = 0x4bab68b4b37e7282a8...d3f4ad40
[ STEP 057 ] Bit #200 = '1' → Using Private_Key_Odd
  Next_Pubkey.Gx = 0xa7e947d1b3440b2d3a...43d6ba8e
  Next_Pubkey.Gy = 0x7ee8fdcd11e2fdbc60...616dd12f
[ STEP 058 ] Bit #199 = '0' → Using Private_Key_Even
  Next_Pubkey.Gx = 0x310fc75b70b6451e7f...2fde526d
  Next_Pubkey.Gy = 0x831f1c562c523a5304...7f1425fa
[ STEP 059 ] Bit #198 = '1' → Using Private_Key_Odd
  Next_Pubkey.Gx = 0xa0f29280a73af34c56...9aaca1a0
  Next_Pubkey.Gy = 0x6a4bd9735b04aed6de...dd9f8a7d
[ STEP 060 ] Bit #197 = '0' → Using Private_Key_Even
  Next_Pubkey.Gx = 0xb1dc9de9d6b801ece8...38c5ea03
  Next_Pubkey.Gy = 0x4f855b4163c75da34a...a1deaa74
[ STEP 061 ] Bit #196 = '0' → Using Private_Key_Even
  Next_Pubkey.Gx = 0xa2a98edf947d6e28bd...04d1def4
  Next_Pubkey.Gy = 0x7b4a77948f72fba222...1b5ed434
[ STEP 062 ] Bit #195 = '1' → Using Private_Key_Odd
  Next_Pubkey.Gx = 0x3448f06a4d03ce13ef...7f0cb1fd
  Next_Pubkey.Gy = 0x1a257767669955a56a...c5c9543e
[ STEP 063 ] Bit #194 = '0' → Using Private_Key_Even
  Next_Pubkey.Gx = 0x6a182f48470555f08a...de17f46a
  Next_Pubkey.Gy = 0x1d8c0db6f1b71135c8...3f638cf0
[ STEP 064 ] Bit #193 = '0' → Using Private_Key_Even
  Next_Pubkey.Gx = 0x97498e8c58872f6634...a75330c3
  Next_Pubkey.Gy = 0x95a4a6d5bbd0ab0d07...4bfc5edd
[ STEP 065 ] Bit #192 = '0' → Using Private_Key_Even
  Next_Pubkey.Gx = 0xac631677d9766921d8...3bf80682
  Next_Pubkey.Gy = 0x33e703fca1912444d8...c9ed066f
[ STEP 066 ] Bit #191 = '1' → Using Private_Key_Odd
  Next_Pubkey.Gx = 0x2082af8b982ccaeb15...eab8a11e
  Next_Pubkey.Gy = 0x2d405796864639594d...a0cfd6c9
[ STEP 067 ] Bit #190 = '0' → Using Private_Key_Even
  Next_Pubkey.Gx = 0xde3888150cfca84a84...2b54cbd2
  Next_Pubkey.Gy = 0xb604531e0b5479e6f8...c3511a47
[ STEP 068 ] Bit #189 = '0' → Using Private_Key_Even
  Next_Pubkey.Gx = 0x4326f0e6017e246f63...2ccd4465
  Next_Pubkey.Gy = 0xe8120ee44a0921c80f...d3c1cf35
[ STEP 069 ] Bit #188 = '0' → Using Private_Key_Even
  Next_Pubkey.Gx = 0x7fad8f6f1c3a337583...8d4e2a58
  Next_Pubkey.Gy = 0x563b8722bd8e3ead67...f8563ffc
[ STEP 070 ] Bit #187 = '1' → Using Private_Key_Odd
  Next_Pubkey.Gx = 0x76f6f6dbb4e07c2a32...c2601c43
  Next_Pubkey.Gy = 0xaff556c9ac9d55ebb4...ab497682
[ STEP 071 ] Bit #186 = '0' → Using Private_Key_Even
  Next_Pubkey.Gx = 0xf97ae418c46aaf1ef7...bfcda7c7
  Next_Pubkey.Gy = 0x54996a8832080cf948...2c425205
[ STEP 072 ] Bit #185 = '1' → Using Private_Key_Odd
  Next_Pubkey.Gx = 0xad841bbc284d067e02...63ba0e71
  Next_Pubkey.Gy = 0x57f69f978ba232223d...77d7c482
[ STEP 073 ] Bit #184 = '0' → Using Private_Key_Even
  Next_Pubkey.Gx = 0x9e2fa6dc381bbc46c0...55fb4c34
  Next_Pubkey.Gy = 0xf3adf85ddf1c7fda82...3aee4cfa
[ STEP 074 ] Bit #183 = '0' → Using Private_Key_Even
  Next_Pubkey.Gx = 0xfc0957d2221cded89c...266ddf03
  Next_Pubkey.Gy = 0x824b3088fa6ee15670...f3d3c9d5
[ STEP 075 ] Bit #182 = '1' → Using Private_Key_Odd
  Next_Pubkey.Gx = 0xcbe3fd77280a96c99d...5c3e2cee
  Next_Pubkey.Gy = 0xc6b7c5a70b0f9244cd...ffb1fd00
[ STEP 076 ] Bit #181 = '1' → Using Private_Key_Odd
  Next_Pubkey.Gx = 0xdb136b565cf00d6d5f...b08ac671
  Next_Pubkey.Gy = 0x888056b57f6c1ebec6...4c958671
[ STEP 077 ] Bit #180 = '1' → Using Private_Key_Odd
  Next_Pubkey.Gx = 0x34df555e55bdc4c0e7...1c590d45
  Next_Pubkey.Gy = 0x3ef280eb575969f691...50cd10fd
[ STEP 078 ] Bit #179 = '0' → Using Private_Key_Even
  Next_Pubkey.Gx = 0x43f0e90aab34955afa...1e7f023e
  Next_Pubkey.Gy = 0x867ab19b6abe5ba2ea...2698e089
[ STEP 079 ] Bit #178 = '1' → Using Private_Key_Odd
  Next_Pubkey.Gx = 0x3ec5d69bcc90875fb3...30024d0f
  Next_Pubkey.Gy = 0x3499673d0aec04f72c...9bc67c04
[ STEP 080 ] Bit #177 = '0' → Using Private_Key_Even
  Next_Pubkey.Gx = 0xad897b1f2b6d0f9394...4256a075
  Next_Pubkey.Gy = 0x14bed2e01c64e221f0...9c3a0843
[ STEP 081 ] Bit #176 = '0' → Using Private_Key_Even
  Next_Pubkey.Gx = 0xc9c2ecc378d7cde289...e851d393
  Next_Pubkey.Gy = 0xe5f4c4b4ed59b9e74a...08cb8157
[ STEP 082 ] Bit #175 = '1' → Using Private_Key_Odd
  Next_Pubkey.Gx = 0xadc6e19fa03684dd8e...170f9d0b
  Next_Pubkey.Gy = 0x8dddd0cf166cede352...0b879627
[ STEP 083 ] Bit #174 = '1' → Using Private_Key_Odd
  Next_Pubkey.Gx = 0x290577b94118e9c0a6...cc70f0b3
  Next_Pubkey.Gy = 0x53c48725b8e8abad38...cf58c704
[ STEP 084 ] Bit #173 = '0' → Using Private_Key_Even
  Next_Pubkey.Gx = 0xc3088746557ecae452...eecf740a
  Next_Pubkey.Gy = 0x776c6efc2ff2642cd8...f80bda4f
[ STEP 085 ] Bit #172 = '1' → Using Private_Key_Odd
  Next_Pubkey.Gx = 0xadc962e40efbe3eb5b...169a1429
  Next_Pubkey.Gy = 0x16a41bba80a33b8208...e4c87128
[ STEP 086 ] Bit #171 = '0' → Using Private_Key_Even
  Next_Pubkey.Gx = 0x1de302b339700aaf51...bb0e0fdc
  Next_Pubkey.Gy = 0x4dfc057d5ebe206bc8...e5c24761
[ STEP 087 ] Bit #170 = '1' → Using Private_Key_Odd
  Next_Pubkey.Gx = 0x78307ab2a5cf5c750b...6ea8ecca
  Next_Pubkey.Gy = 0xc4087ead8e26c94c46...47fd4c28
[ STEP 088 ] Bit #169 = '1' → Using Private_Key_Odd
  Next_Pubkey.Gx = 0x9fba9393485f8a1083...ce8ed46b
  Next_Pubkey.Gy = 0x2da458517f74aac52f...77389069
[ STEP 089 ] Bit #168 = '0' → Using Private_Key_Even
  Next_Pubkey.Gx = 0x41e2e25b6f13af3441...67f93f00
  Next_Pubkey.Gy = 0x4834cbbe490143dd2b...b4d601de
[ STEP 090 ] Bit #167 = '1' → Using Private_Key_Odd
  Next_Pubkey.Gx = 0x576646b4e6c8da41e3...b6f1a007
  Next_Pubkey.Gy = 0x5bb7c6627b516d8416...cb17311d
[ STEP 091 ] Bit #166 = '0' → Using Private_Key_Even
  Next_Pubkey.Gx = 0xd92beb0ec8ac976319...f6113d0c
  Next_Pubkey.Gy = 0xd6e871b011d876cd43...8f2540da
[ STEP 092 ] Bit #165 = '0' → Using Private_Key_Even
  Next_Pubkey.Gx = 0xa040d5bc00ef428808...b79a03d3
  Next_Pubkey.Gy = 0x7fccd6aed64d69b4d5...364b9f80
[ STEP 093 ] Bit #164 = '1' → Using Private_Key_Odd
  Next_Pubkey.Gx = 0x235f9a677861e45c16...2aec46a4
  Next_Pubkey.Gy = 0xdf473a552151878a1b...178c4c96
[ STEP 094 ] Bit #163 = '1' → Using Private_Key_Odd
  Next_Pubkey.Gx = 0x4768258cc1bcc3b1ee...138732de
  Next_Pubkey.Gy = 0xd2dd3fcccc69a203c7...657e4664
[ STEP 095 ] Bit #162 = '1' → Using Private_Key_Odd
  Next_Pubkey.Gx = 0x52c87863a8b1d58bc9...084c24da
  Next_Pubkey.Gy = 0xa49900ec16386bac98...be7ec80d
[ STEP 096 ] Bit #161 = '1' → Using Private_Key_Odd
  Next_Pubkey.Gx = 0xc8a0177f68931bae37...0c443b58
  Next_Pubkey.Gy = 0xf542e7d8aed4a4f381...bcfc4afe
[ STEP 097 ] Bit #160 = '1' → Using Private_Key_Odd
  Next_Pubkey.Gx = 0xfd5b33a93e45f0a977...4f36664a
  Next_Pubkey.Gy = 0x39e722f0780e20892f...477a8766
[ STEP 098 ] Bit #159 = '1' → Using Private_Key_Odd
  Next_Pubkey.Gx = 0xf83a254f2936b9fe8b...916fd9e3
  Next_Pubkey.Gy = 0xf19878444fc5c93ddb...5b4f7c53
[ STEP 099 ] Bit #158 = '1' → Using Private_Key_Odd
  Next_Pubkey.Gx = 0xff0c81ad5fb594dec0...495957e2
  Next_Pubkey.Gy = 0x1749267bd33434131a...12a813c1
[ STEP 100 ] Bit #157 = '1' → Using Private_Key_Odd
  Next_Pubkey.Gx = 0xe88388c9372e943202...f627fc22
  Next_Pubkey.Gy = 0xe8af6340aad886205c...fbd7eeba
[ STEP 101 ] Bit #156 = '1' → Using Private_Key_Odd
  Next_Pubkey.Gx = 0xb1ba3d334a7b65e1f9...6f973e4e
  Next_Pubkey.Gy = 0xaa103928df8fc16649...4e80cdf7
[ STEP 102 ] Bit #155 = '0' → Using Private_Key_Even
  Next_Pubkey.Gx = 0x279779ccb300bea834...9a59788b
  Next_Pubkey.Gy = 0xdda6702894b340b490...8f770e1d
[ STEP 103 ] Bit #154 = '0' → Using Private_Key_Even
  Next_Pubkey.Gx = 0xf28cee90b0ff3aa396...b31b3396
  Next_Pubkey.Gy = 0x8bad6f10b2a44e9a47...c8980a5a
[ STEP 104 ] Bit #153 = '1' → Using Private_Key_Odd
  Next_Pubkey.Gx = 0xe730e6d73a25ad87f7...dabc13c3
  Next_Pubkey.Gy = 0x4026ff436f7f7952c4...b42eb91d
[ STEP 105 ] Bit #152 = '1' → Using Private_Key_Odd
  Next_Pubkey.Gx = 0x1d2bb8ef22479d0a9d...6802f7b1
  Next_Pubkey.Gy = 0xfe97fcf566018b337d...b5581f3e
[ STEP 106 ] Bit #151 = '0' → Using Private_Key_Even
  Next_Pubkey.Gx = 0x4287b5b83a725a9bcd...26c25613
  Next_Pubkey.Gy = 0x6757a30c41be60fe9b...b601410c
[ STEP 107 ] Bit #150 = '1' → Using Private_Key_Odd
  Next_Pubkey.Gx = 0x2ef8915c5101b3b544...da0fdaed
  Next_Pubkey.Gy = 0x18e400889462aac789...3eb03489
[ STEP 108 ] Bit #149 = '1' → Using Private_Key_Odd
  Next_Pubkey.Gx = 0x5c84150364ae106ea8...83c6e142
  Next_Pubkey.Gy = 0xc9752f80ef74ac5fb4...f5a9de68
[ STEP 109 ] Bit #148 = '0' → Using Private_Key_Even
  Next_Pubkey.Gx = 0x7a98fd21923636b8fd...09b736b8
  Next_Pubkey.Gy = 0xf269f4b5bf642553f8...d1fd0f1b
[ STEP 110 ] Bit #147 = '1' → Using Private_Key_Odd
  Next_Pubkey.Gx = 0xd57158d2cd78228540...c1b5dc94
  Next_Pubkey.Gy = 0xc447ea5ece2a92bbed...acf66676
[ STEP 111 ] Bit #146 = '0' → Using Private_Key_Even
  Next_Pubkey.Gx = 0x7638cab4100e3a8944...d6bf9ca7
  Next_Pubkey.Gy = 0x72912a41df7cd12ff1...8d00bd61
[ STEP 112 ] Bit #145 = '1' → Using Private_Key_Odd
  Next_Pubkey.Gx = 0x8682ecc766d532d381...205dbb93
  Next_Pubkey.Gy = 0x5b1dcc6bf2b779748c...bedb32f9
[ STEP 113 ] Bit #144 = '1' → Using Private_Key_Odd
  Next_Pubkey.Gx = 0x6cfe6d3060bc153ba2...af1565bb
  Next_Pubkey.Gy = 0x8cf5fe357b1e4ca9e7...b0f8351d
[ STEP 114 ] Bit #143 = '1' → Using Private_Key_Odd
  Next_Pubkey.Gx = 0x1e4e8a04557054e29f...c08d027c
  Next_Pubkey.Gy = 0xb1902dd929da227535...7c99328d
[ STEP 115 ] Bit #142 = '1' → Using Private_Key_Odd
  Next_Pubkey.Gx = 0x662eb0bd9d335e21ff...6759b901
  Next_Pubkey.Gy = 0xe0935fa9f6f39907df...d3b45407
[ STEP 116 ] Bit #141 = '1' → Using Private_Key_Odd
  Next_Pubkey.Gx = 0x532d27ea7f5c3426a7...73ff5b04
  Next_Pubkey.Gy = 0x7df4b17489499c1217...f158316e
[ STEP 117 ] Bit #140 = '0' → Using Private_Key_Even
  Next_Pubkey.Gx = 0x4cbab2ecee7226698b...623bf2ca
  Next_Pubkey.Gy = 0x7e6c5a5e86994b35e4...2ccd6f8b
[ STEP 118 ] Bit #139 = '1' → Using Private_Key_Odd
  Next_Pubkey.Gx = 0xf7799cf5eea2d4368c...3205257c
  Next_Pubkey.Gy = 0x4d272b3dc0af7f749a...b4d7a957
[ STEP 119 ] Bit #138 = '0' → Using Private_Key_Even
  Next_Pubkey.Gx = 0xb191467ff54522905c...3e09be76
  Next_Pubkey.Gy = 0x417511157ee56ea0e2...84468eb6
[ STEP 120 ] Bit #137 = '1' → Using Private_Key_Odd
  Next_Pubkey.Gx = 0x30b260faf26f29e39c...bdedbbf5
  Next_Pubkey.Gy = 0x2fbd7b85462ebe7e51...f4b6b927
[ STEP 121 ] Bit #136 = '1' → Using Private_Key_Odd
  Next_Pubkey.Gx = 0x92a4c44cb615d9413a...a383e42e
  Next_Pubkey.Gy = 0xebc9b57b88eac0b1bb...e8351537
[ STEP 122 ] Bit #135 = '0' → Using Private_Key_Even
  Next_Pubkey.Gx = 0x93d6bdfa2c78fca9fd...b00be491
  Next_Pubkey.Gy = 0xc0612b53db1373974b...5de963dc
[ STEP 123 ] Bit #134 = '1' → Using Private_Key_Odd
  Next_Pubkey.Gx = 0xc57cabce0ed629fd26...fdb3a9b4
  Next_Pubkey.Gy = 0x7db9fad6da8ff10f4c...848f139d
[ STEP 124 ] Bit #133 = '0' → Using Private_Key_Even
  Next_Pubkey.Gx = 0x7a9021afd0dd57cf9f...3d202021
  Next_Pubkey.Gy = 0x4970bdbf5adec9a0e5...a74bb248
[ STEP 125 ] Bit #132 = '0' → Using Private_Key_Even
  Next_Pubkey.Gx = 0x5115c2360d0fbe894e...28f0f428
  Next_Pubkey.Gy = 0x9ca27ff7a80a27f99e...88eaae8e
[ STEP 126 ] Bit #131 = '1' → Using Private_Key_Odd
  Next_Pubkey.Gx = 0x24eed337246597fcd5...e7215202
  Next_Pubkey.Gy = 0x518340b267a06a1278...2cc1eb5e
[ STEP 127 ] Bit #130 = '0' → Using Private_Key_Even
  Next_Pubkey.Gx = 0x3d764fe9a4728c46f7...682e1788
  Next_Pubkey.Gy = 0x914a9bcc32c838df3c...878fa438
[ STEP 128 ] Bit #129 = '1' → Using Private_Key_Odd
  Next_Pubkey.Gx = 0x82279b8ea7a7a23704...45e7c879
  Next_Pubkey.Gy = 0x372271769d69d09b76...bafb62c8
[ STEP 129 ] Bit #128 = '0' → Using Private_Key_Even
  Next_Pubkey.Gx = 0xc02a6ec2b228dfe2af...fb27e287
  Next_Pubkey.Gy = 0x1d9824e0b251775f5e...9a272c31
[ STEP 130 ] Bit #127 = '0' → Using Private_Key_Even
  Next_Pubkey.Gx = 0xd45eac65bd56b48846...c859f9e9
  Next_Pubkey.Gy = 0x4fe9a24a54f027d320...0b728155
[ STEP 131 ] Bit #126 = '0' → Using Private_Key_Even
  Next_Pubkey.Gx = 0x9cc2c88f3c65cf6616...93b7cb92
  Next_Pubkey.Gy = 0x2d54dbc64a785ecc9f...4df66e03
[ STEP 132 ] Bit #125 = '0' → Using Private_Key_Even
  Next_Pubkey.Gx = 0xade1fe5f73382488b4...c7164438
  Next_Pubkey.Gy = 0xbc367ae29e94c00afd...524c5ad2
[ STEP 133 ] Bit #124 = '1' → Using Private_Key_Odd
  Next_Pubkey.Gx = 0x5cb8e44c2603c5f02b...22553e86
  Next_Pubkey.Gy = 0x84439a606433dcc259...e2030518
[ STEP 134 ] Bit #123 = '0' → Using Private_Key_Even
  Next_Pubkey.Gx = 0x539b60dc6e266df676...982e503e
  Next_Pubkey.Gy = 0x1fcf795d953f7eea56...022f3312
[ STEP 135 ] Bit #122 = '0' → Using Private_Key_Even
  Next_Pubkey.Gx = 0x98c3f6aa99846dd300...aeafc5a8
  Next_Pubkey.Gy = 0x734baf8abf649ac59d...fa74919a
[ STEP 136 ] Bit #121 = '0' → Using Private_Key_Even
  Next_Pubkey.Gx = 0x3b87a6ef341d496360...49f84cbc
  Next_Pubkey.Gy = 0x4800161f07550ef537...6196a557
[ STEP 137 ] Bit #120 = '1' → Using Private_Key_Odd
  Next_Pubkey.Gx = 0x5d88da8b8e93aaa70e...9ea6bb8f
  Next_Pubkey.Gy = 0x146b2df6eb2e53e9c7...70c10793
[ STEP 138 ] Bit #119 = '1' → Using Private_Key_Odd
  Next_Pubkey.Gx = 0x5fcf3425bf3fe25196...eb3d0048
  Next_Pubkey.Gy = 0xf10dc6efb83005db24...1954fe47
[ STEP 139 ] Bit #118 = '0' → Using Private_Key_Even
  Next_Pubkey.Gx = 0x3689e60be7a3d55e6f...acaaa203
  Next_Pubkey.Gy = 0x829f00ea29e7f1d0cd...93da6e38
[ STEP 140 ] Bit #117 = '0' → Using Private_Key_Even
  Next_Pubkey.Gx = 0x7c1c8f4c90f077c91d...03111da0
  Next_Pubkey.Gy = 0xefcf2a3444f997df33...fdcda7fa
[ STEP 141 ] Bit #116 = '0' → Using Private_Key_Even
  Next_Pubkey.Gx = 0xb5185f5b61cdeec378...6cfec720
  Next_Pubkey.Gy = 0x46d2dbcd053f1f4457...1b16d179
[ STEP 142 ] Bit #115 = '0' → Using Private_Key_Even
  Next_Pubkey.Gx = 0xc2bd45e1486eed1f08...300112b2
  Next_Pubkey.Gy = 0xae0f009c0034cbc9cb...2d3a3050
[ STEP 143 ] Bit #114 = '1' → Using Private_Key_Odd
  Next_Pubkey.Gx = 0x696ad1319d389d4011...c59dd1af
  Next_Pubkey.Gy = 0xc3aa28bf59120574c4...d5cef98b
[ STEP 144 ] Bit #113 = '1' → Using Private_Key_Odd
  Next_Pubkey.Gx = 0xf874d32a9f6b0e6b00...c0c3a7dd
  Next_Pubkey.Gy = 0xd1bb4bb816f5d11530...ade248ea
[ STEP 145 ] Bit #112 = '0' → Using Private_Key_Even
  Next_Pubkey.Gx = 0x2111fe84bfcc71bb46...82b7e0a0
  Next_Pubkey.Gy = 0x33bc3d67443696078e...72cdcc30
[ STEP 146 ] Bit #111 = '0' → Using Private_Key_Even
  Next_Pubkey.Gx = 0xfb4a54940a6b8c0ecf...31d8c721
  Next_Pubkey.Gy = 0x7b794554d63f8ecbea...f20e2361
[ STEP 147 ] Bit #110 = '0' → Using Private_Key_Even
  Next_Pubkey.Gx = 0x63255bde568efad491...c907b342
  Next_Pubkey.Gy = 0x60111ce8c684a82459...c701d2d2
[ STEP 148 ] Bit #109 = '1' → Using Private_Key_Odd
  Next_Pubkey.Gx = 0x9af06ec2eeb5f6c499...40e654d4
  Next_Pubkey.Gy = 0xa39057725807af1e15...9015bf52
[ STEP 149 ] Bit #108 = '1' → Using Private_Key_Odd
  Next_Pubkey.Gx = 0x438a2303712f97e334...c0e914ba
  Next_Pubkey.Gy = 0xaa836993b584c21022...716992e6
[ STEP 150 ] Bit #107 = '0' → Using Private_Key_Even
  Next_Pubkey.Gx = 0xfe06fbbbc458b6e1b9...8ab15a67
  Next_Pubkey.Gy = 0x480f06f1bcf9d3c427...8fd649e6
[ STEP 151 ] Bit #106 = '1' → Using Private_Key_Odd
  Next_Pubkey.Gx = 0xb2f9a871bc964ff3b8...49b50473
  Next_Pubkey.Gy = 0x814de319acb52a75b6...fdb766fd
[ STEP 152 ] Bit #105 = '1' → Using Private_Key_Odd
  Next_Pubkey.Gx = 0x39116933ffcdd237db...07c48990
  Next_Pubkey.Gy = 0xbd1b444def0f62963d...d4f7b80b
[ STEP 153 ] Bit #104 = '0' → Using Private_Key_Even
  Next_Pubkey.Gx = 0xbdbe0fa517b25a737e...a4922ed8
  Next_Pubkey.Gy = 0xf5204ef891cb7390d5...3cecfdf6
[ STEP 154 ] Bit #103 = '0' → Using Private_Key_Even
  Next_Pubkey.Gx = 0x9fa0774fad531616fe...46435be1
  Next_Pubkey.Gy = 0x1b9f8b7c48bdcfa8d5...cefb0bc3
[ STEP 155 ] Bit #102 = '1' → Using Private_Key_Odd
  Next_Pubkey.Gx = 0x508bf9dcdd54739e71...2e8164dd
  Next_Pubkey.Gy = 0xfe840205b4d106d650...7682ca73
[ STEP 156 ] Bit #101 = '1' → Using Private_Key_Odd
  Next_Pubkey.Gx = 0x1890117b2dca287fbc...08021926
  Next_Pubkey.Gy = 0x2c149fd012f6651e01...2d6451e6
[ STEP 157 ] Bit #100 = '0' → Using Private_Key_Even
  Next_Pubkey.Gx = 0xc46e76d8a8d4f60ef8...ad47929e
  Next_Pubkey.Gy = 0x228af53ddf82705519...e0331b47
[ STEP 158 ] Bit #099 = '1' → Using Private_Key_Odd
  Next_Pubkey.Gx = 0x18d253181375c59152...87ccec5d
  Next_Pubkey.Gy = 0x49277556189eb91e24...06e55e5c
[ STEP 159 ] Bit #098 = '1' → Using Private_Key_Odd
  Next_Pubkey.Gx = 0x60f0e76c36db8ed28d...96422308
  Next_Pubkey.Gy = 0x7fda26320e9e6285f8...6253031e
[ STEP 160 ] Bit #097 = '0' → Using Private_Key_Even
  Next_Pubkey.Gx = 0xb925577c8809d29069...dd915c7b
  Next_Pubkey.Gy = 0xed68755d00cce1b91c...2ca0a8af
[ STEP 161 ] Bit #096 = '0' → Using Private_Key_Even
  Next_Pubkey.Gx = 0xf06605731a2a699fcd...ecf29590
  Next_Pubkey.Gy = 0x1b5c3fec5df1f97526...19f6c7f3
[ STEP 162 ] Bit #095 = '0' → Using Private_Key_Even
  Next_Pubkey.Gx = 0x3353a09ad66b285351...103ecbd3
  Next_Pubkey.Gy = 0x6492c332de6f623e88...33034d37
[ STEP 163 ] Bit #094 = '0' → Using Private_Key_Even
  Next_Pubkey.Gx = 0x180ad855df855468d1...b5a6aaa8
  Next_Pubkey.Gy = 0x99fdb8844f6a45aeb1...ab7ab9d8
[ STEP 164 ] Bit #093 = '0' → Using Private_Key_Even
  Next_Pubkey.Gx = 0xf78eee4a8527912265...2887f676
  Next_Pubkey.Gy = 0xc5e1f0d1397444aed4...3552aa8e
[ STEP 165 ] Bit #092 = '1' → Using Private_Key_Odd
  Next_Pubkey.Gx = 0xd2c50534e41a62f5ec...c958cbc5
  Next_Pubkey.Gy = 0x543d80b28d8c655a48...c416e6db
[ STEP 166 ] Bit #091 = '1' → Using Private_Key_Odd
  Next_Pubkey.Gx = 0x80913014a71db2005e...8718cff0
  Next_Pubkey.Gy = 0xa21b9d1b936c2dfbf4...da4e5a9d
[ STEP 167 ] Bit #090 = '0' → Using Private_Key_Even
  Next_Pubkey.Gx = 0xbf121ddaa49634317a...f651b69c
  Next_Pubkey.Gy = 0xca40f688abd6e69a91...de8472d8
[ STEP 168 ] Bit #089 = '1' → Using Private_Key_Odd
  Next_Pubkey.Gx = 0x6cfa1533c8ef8ed119...885a2be9
  Next_Pubkey.Gy = 0x9a8997a0f723b26839...622949c5
[ STEP 169 ] Bit #088 = '0' → Using Private_Key_Even
  Next_Pubkey.Gx = 0xece0ce11f1c158ea82...04a44add
  Next_Pubkey.Gy = 0xaf6401f53da28f1fa0...bc6e1f2b
[ STEP 170 ] Bit #087 = '0' → Using Private_Key_Even
  Next_Pubkey.Gx = 0xaa4ca7e472885fed3f...3752619f
  Next_Pubkey.Gy = 0x9f3e9e99a1d58e8d1c...c5b54e25
[ STEP 171 ] Bit #086 = '0' → Using Private_Key_Even
  Next_Pubkey.Gx = 0x8e44cc1cf39ab4f9fd...f4669089
  Next_Pubkey.Gy = 0xad48a059dc012db036...127b0a47
[ STEP 172 ] Bit #085 = '0' → Using Private_Key_Even
  Next_Pubkey.Gx = 0x730945962661d2f3a3...b63e100c
  Next_Pubkey.Gy = 0x504cc3050d2309ea04...0c2bcd49
[ STEP 173 ] Bit #084 = '1' → Using Private_Key_Odd
  Next_Pubkey.Gx = 0xba8e1627fea7f743c4...9694007e
  Next_Pubkey.Gy = 0xdbfdbcae512d67b508...bde5723b
[ STEP 174 ] Bit #083 = '0' → Using Private_Key_Even
  Next_Pubkey.Gx = 0xe19fb8f4e52c805911...c8fc55d3
  Next_Pubkey.Gy = 0xdef0333925142db889...a8387bb3
[ STEP 175 ] Bit #082 = '0' → Using Private_Key_Even
  Next_Pubkey.Gx = 0x7431cae52006d6484c...f5270015
  Next_Pubkey.Gy = 0xb772649afd5afd8005...7effeff4
[ STEP 176 ] Bit #081 = '0' → Using Private_Key_Even
  Next_Pubkey.Gx = 0xb78282ef1c89275b0c...7fb7f474
  Next_Pubkey.Gy = 0x831f0fb2c6acaef1d3...ec9734f0
[ STEP 177 ] Bit #080 = '1' → Using Private_Key_Odd
  Next_Pubkey.Gx = 0x59ad7303d6ef0b10c7...47c71439
  Next_Pubkey.Gy = 0xceb9192123354191b8...ea36bea0
[ STEP 178 ] Bit #079 = '1' → Using Private_Key_Odd
  Next_Pubkey.Gx = 0x5789c32c6bc6da62ed...215a1503
  Next_Pubkey.Gy = 0x7d4e7ad608649d08ec...11ec2650
[ STEP 179 ] Bit #078 = '1' → Using Private_Key_Odd
  Next_Pubkey.Gx = 0x977a4859f4399ed70e...0dc95498
  Next_Pubkey.Gy = 0xd9565515c6eea35a7b...b769a84b
[ STEP 180 ] Bit #077 = '0' → Using Private_Key_Even
  Next_Pubkey.Gx = 0x472923a79edaf11be1...ad75dc42
  Next_Pubkey.Gy = 0x930f69821da5544223...7859ee83
[ STEP 181 ] Bit #076 = '1' → Using Private_Key_Odd
  Next_Pubkey.Gx = 0xad478109fda6ed7787...2cb05c93
  Next_Pubkey.Gy = 0x5b04a7e5d9459fc647...39035421
[ STEP 182 ] Bit #075 = '1' → Using Private_Key_Odd
  Next_Pubkey.Gx = 0x13ef0238129fece08b...9c03ddf1
  Next_Pubkey.Gy = 0x6ac7ae5c17d9fcb9b5...d3012399
[ STEP 183 ] Bit #074 = '1' → Using Private_Key_Odd
  Next_Pubkey.Gx = 0x6f62bf73267682e487...7ef8a4be
  Next_Pubkey.Gy = 0x96647cf747cdae9621...855bfcf2
[ STEP 184 ] Bit #073 = '1' → Using Private_Key_Odd
  Next_Pubkey.Gx = 0x4fa7bc422adc4d7e1c...289ac53c
  Next_Pubkey.Gy = 0x2374f1499a49a3ae9c...d4cb448b
[ STEP 185 ] Bit #072 = '1' → Using Private_Key_Odd
  Next_Pubkey.Gx = 0xa29008ff0eb78285ab...8e31e323
  Next_Pubkey.Gy = 0x22dc3ff901102f0197...cfa25d0d
[ STEP 186 ] Bit #071 = '1' → Using Private_Key_Odd
  Next_Pubkey.Gx = 0x8db0a35824c43242ed...bacf1a95
  Next_Pubkey.Gy = 0xb065c78278909871e6...9a16dd4d
[ STEP 187 ] Bit #070 = '1' → Using Private_Key_Odd
  Next_Pubkey.Gx = 0xd86a41f2516c21a121...cbfe5e06
  Next_Pubkey.Gy = 0xcbe74e8265089cdc87...fdf29727
[ STEP 188 ] Bit #069 = '1' → Using Private_Key_Odd
  Next_Pubkey.Gx = 0xfe3d8e70902aeeaa4a...ba8a0237
  Next_Pubkey.Gy = 0xca068d51268ce5a70d...796b8e77
[ STEP 189 ] Bit #068 = '0' → Using Private_Key_Even
  Next_Pubkey.Gx = 0x5b6566ec9cc33489ff...9ab33d69
  Next_Pubkey.Gy = 0x9ff6300f2233d9e5e6...62cd0193
[ STEP 190 ] Bit #067 = '0' → Using Private_Key_Even
  Next_Pubkey.Gx = 0xdea9b4b3f7199fcb53...9d881eaa
  Next_Pubkey.Gy = 0x23a6879099918ab7a3...537186cd
[ STEP 191 ] Bit #066 = '1' → Using Private_Key_Odd
  Next_Pubkey.Gx = 0x5178e89bd2fcacd1ab...e0e42eeb
  Next_Pubkey.Gy = 0x1870eca5889c268fe7...890a7ad6
[ STEP 192 ] Bit #065 = '0' → Using Private_Key_Even
  Next_Pubkey.Gx = 0x7ae1b8f25c8fde87fc...2a6971c9
  Next_Pubkey.Gy = 0x569ef3341ed564a525...bc1aaacc
[ STEP 193 ] Bit #064 = '1' → Using Private_Key_Odd
  Next_Pubkey.Gx = 0x9b971b66d9fe367b75...5d9640ba
  Next_Pubkey.Gy = 0x87c616e7fc5f80c31c...6387e8b6
[ STEP 194 ] Bit #063 = '0' → Using Private_Key_Even
  Next_Pubkey.Gx = 0x317b1aa04f0e71ed38...df6a8c81
  Next_Pubkey.Gy = 0x939b39c80860a7d5b7...ca711c28
[ STEP 195 ] Bit #062 = '0' → Using Private_Key_Even
  Next_Pubkey.Gx = 0xc06cdf2340774435e4...0069b3a4
  Next_Pubkey.Gy = 0xaa7e3c51ee1bdf8b96...4db647a8
[ STEP 196 ] Bit #061 = '0' → Using Private_Key_Even
  Next_Pubkey.Gx = 0x361bdb18805de0a53b...30747399
  Next_Pubkey.Gy = 0x4a9d472ad3d2df0ef2...d4fcfdae
[ STEP 197 ] Bit #060 = '1' → Using Private_Key_Odd
  Next_Pubkey.Gx = 0xee54479fbfe673d94e...e35e768b
  Next_Pubkey.Gy = 0xe702234472bfc6e2e2...95a43661
[ STEP 198 ] Bit #059 = '1' → Using Private_Key_Odd
  Next_Pubkey.Gx = 0x3e7e837639029d8038...8bcabeab
  Next_Pubkey.Gy = 0x88e823c48dade6c14e...1ce40d77
[ STEP 199 ] Bit #058 = '1' → Using Private_Key_Odd
  Next_Pubkey.Gx = 0x66dd17f93d319e2494...eebea78b
  Next_Pubkey.Gy = 0x4c399339f04cb4ffeb...444c4763
[ STEP 200 ] Bit #057 = '1' → Using Private_Key_Odd
  Next_Pubkey.Gx = 0x9886b712e1274afec3...6144dc98
  Next_Pubkey.Gy = 0x8a68ec10587ab55f7d...02e8ba13
[ STEP 201 ] Bit #056 = '0' → Using Private_Key_Even
  Next_Pubkey.Gx = 0xd7f678dbea90705cfe...b8554a70
  Next_Pubkey.Gy = 0x3fb1307c46e1de5126...385e9d18
[ STEP 202 ] Bit #055 = '1' → Using Private_Key_Odd
  Next_Pubkey.Gx = 0x7e562c7cbe99d3aabe...a945cbb7
  Next_Pubkey.Gy = 0x738fd8dea23b5a79c5...ebbff016
[ STEP 203 ] Bit #054 = '1' → Using Private_Key_Odd
  Next_Pubkey.Gx = 0xc7b9251bc49083622e...bbe00487
  Next_Pubkey.Gy = 0x17859fd39044d9c16b...cfad3153
[ STEP 204 ] Bit #053 = '1' → Using Private_Key_Odd
  Next_Pubkey.Gx = 0x66159008bff2c0f739...62ecbb7c
  Next_Pubkey.Gy = 0xf31626cbcc75054b64...9aa00005
[ STEP 205 ] Bit #052 = '0' → Using Private_Key_Even
  Next_Pubkey.Gx = 0xb421c0f236a88d15f9...72699381
  Next_Pubkey.Gy = 0x7cda8f70ffdea8ca33...228416e3
[ STEP 206 ] Bit #051 = '0' → Using Private_Key_Even
  Next_Pubkey.Gx = 0x32732f2e33b2170e9f...8c04df6a
  Next_Pubkey.Gy = 0x5e6c467435e833f44f...70f989cf
[ STEP 207 ] Bit #050 = '1' → Using Private_Key_Odd
  Next_Pubkey.Gx = 0x6cc98182607a1d1645...a20e5ea8
  Next_Pubkey.Gy = 0x566599323dddf39550...181f4e4a
[ STEP 208 ] Bit #049 = '0' → Using Private_Key_Even
  Next_Pubkey.Gx = 0xd1a4907717419e7d8c...63fc65c5
  Next_Pubkey.Gy = 0xfa2860ad8127e25e40...3fba636c
[ STEP 209 ] Bit #048 = '0' → Using Private_Key_Even
  Next_Pubkey.Gx = 0xb4d322e93b9b9ba713...cd1ebe6b
  Next_Pubkey.Gy = 0x4302e17d2d9d1dafa7...89811ad2
[ STEP 210 ] Bit #047 = '0' → Using Private_Key_Even
  Next_Pubkey.Gx = 0x86979b6dd57baa47e1...cc2aab0b
  Next_Pubkey.Gy = 0x626d61aca063122daa...580a7724
[ STEP 211 ] Bit #046 = '0' → Using Private_Key_Even
  Next_Pubkey.Gx = 0x82b58fdafbf3adf180...092d4efa
  Next_Pubkey.Gy = 0xf101ffa1792feb419f...1b3b02b2
[ STEP 212 ] Bit #045 = '0' → Using Private_Key_Even
  Next_Pubkey.Gx = 0x42e29b75adc9be2649...918e99ed
  Next_Pubkey.Gy = 0x3399338680ef1fb3cc...b55dae6b
[ STEP 213 ] Bit #044 = '1' → Using Private_Key_Odd
  Next_Pubkey.Gx = 0x852ab60587c7895e41...4b4bb39d
  Next_Pubkey.Gy = 0xdc2adc2776631002c3...3bbec73f
[ STEP 214 ] Bit #043 = '1' → Using Private_Key_Odd
  Next_Pubkey.Gx = 0xbbaa277cb42531dcc3...5bbc8362
  Next_Pubkey.Gy = 0x761fa246e835fdbf8a...331b3ef6
[ STEP 215 ] Bit #042 = '0' → Using Private_Key_Even
  Next_Pubkey.Gx = 0x620a6388af08000367...e3ae8c0b
  Next_Pubkey.Gy = 0x1754078e616d86e67c...820fb724
[ STEP 216 ] Bit #041 = '0' → Using Private_Key_Even
  Next_Pubkey.Gx = 0x1b176fae78e5f89026...85e65f32
  Next_Pubkey.Gy = 0x8215775d4699f5a086...660a23af
[ STEP 217 ] Bit #040 = '1' → Using Private_Key_Odd
  Next_Pubkey.Gx = 0x226d228644fc8b7da1...55e5cbc6
  Next_Pubkey.Gy = 0xeb63f62018c7f2b5ec...fc588942
[ STEP 218 ] Bit #039 = '1' → Using Private_Key_Odd
  Next_Pubkey.Gx = 0x25945cb390cf1f3e26...67171f4a
  Next_Pubkey.Gy = 0xbbcf53d70aff65744d...0fd2a396
[ STEP 219 ] Bit #038 = '0' → Using Private_Key_Even
  Next_Pubkey.Gx = 0x537eee058c5eb9f04d...fd04d8f0
  Next_Pubkey.Gy = 0x1b874ac0416b65d6cd...75fe04ad
[ STEP 220 ] Bit #037 = '0' → Using Private_Key_Even
  Next_Pubkey.Gx = 0x1b904d84e9bafbc7fc...8a2b53c5
  Next_Pubkey.Gy = 0xe56850854453b05675...6983e7ea
[ STEP 221 ] Bit #036 = '0' → Using Private_Key_Even
  Next_Pubkey.Gx = 0xb76ff1280b833d5c31...94068c2b
  Next_Pubkey.Gy = 0x41b5b6a6d74ada1b35...cd9a9b2b
[ STEP 222 ] Bit #035 = '0' → Using Private_Key_Even
  Next_Pubkey.Gx = 0x9b084828d9bb364cc8...3d13da30
  Next_Pubkey.Gy = 0xeac11b6caa54e354f8...329fea08
[ STEP 223 ] Bit #034 = '1' → Using Private_Key_Odd
  Next_Pubkey.Gx = 0x481336d79c4c764657...efbe57ee
  Next_Pubkey.Gy = 0x935edb6d7b38fdf88c...2802715b
[ STEP 224 ] Bit #033 = '0' → Using Private_Key_Even
  Next_Pubkey.Gx = 0x79a4796e2881468010...6fc9e5c0
  Next_Pubkey.Gy = 0x232ded2c18eb7e8de8...16ec7fad
[ STEP 225 ] Bit #032 = '0' → Using Private_Key_Even
  Next_Pubkey.Gx = 0x438cec2f92c07a1f1d...aa3defd8
  Next_Pubkey.Gy = 0x77acda29fca53f7073...92cc4eb2
[ STEP 226 ] Bit #031 = '0' → Using Private_Key_Even
  Next_Pubkey.Gx = 0x4dc734f11b974976f7...68bd2e58
  Next_Pubkey.Gy = 0x1796c4a8da4de1e613...574c466d
[ STEP 227 ] Bit #030 = '0' → Using Private_Key_Even
  Next_Pubkey.Gx = 0xb338e673631bd335d7...bf211f15
  Next_Pubkey.Gy = 0xb8d3c4ece2636ddf2c...db1f6078
[ STEP 228 ] Bit #029 = '0' → Using Private_Key_Even
  Next_Pubkey.Gx = 0x9c0f8ebf4aaaf5fa85...38f9e978
  Next_Pubkey.Gy = 0x37aca4e3e78d9575d7...3171a0d8
[ STEP 229 ] Bit #028 = '1' → Using Private_Key_Odd
  Next_Pubkey.Gx = 0x35281a98c9d3768e1b...5632546d
  Next_Pubkey.Gy = 0xba88fe36287bab848f...ff3d119b
[ STEP 230 ] Bit #027 = '1' → Using Private_Key_Odd
  Next_Pubkey.Gx = 0x428da2be5dbbc4a09c...40affbb4
  Next_Pubkey.Gy = 0x2f17ca45ed74955600...2deee98b
[ STEP 231 ] Bit #026 = '0' → Using Private_Key_Even
  Next_Pubkey.Gx = 0x8f071b8ef5497b3bb8...2fb46005
  Next_Pubkey.Gy = 0xe074e9ab7a05c62ba8...c095bbd7
[ STEP 232 ] Bit #025 = '1' → Using Private_Key_Odd
  Next_Pubkey.Gx = 0xea0e79e10f34863490...64533ead
  Next_Pubkey.Gy = 0xbd5d03d32c394ee821...6edd15c5
[ STEP 233 ] Bit #024 = '1' → Using Private_Key_Odd
  Next_Pubkey.Gx = 0x2c1ff8f7160ebe80a0...4bf4b467
  Next_Pubkey.Gy = 0xb77539ea298f232591...517c117d
[ STEP 234 ] Bit #023 = '0' → Using Private_Key_Even
  Next_Pubkey.Gx = 0x5308c70f082f64b5c6...d5cdf46f
  Next_Pubkey.Gy = 0x18b0d55617990f7cd2...f7d3a987
[ STEP 235 ] Bit #022 = '0' → Using Private_Key_Even
  Next_Pubkey.Gx = 0x252f5b1e292da76f92...3c8c93ac
  Next_Pubkey.Gy = 0x9dff2e76a3d1eceade...dcf3d8b3
[ STEP 236 ] Bit #021 = '1' → Using Private_Key_Odd
  Next_Pubkey.Gx = 0x84f81128261a069de9...93968312
  Next_Pubkey.Gy = 0x81755c2888d46f8ad5...bb626e63
[ STEP 237 ] Bit #020 = '1' → Using Private_Key_Odd
  Next_Pubkey.Gx = 0x6c00e05a3266dd8ff8...d51b62b3
  Next_Pubkey.Gy = 0xf1cf82f558f7dfc2b3...82867cb6
[ STEP 238 ] Bit #019 = '0' → Using Private_Key_Even
  Next_Pubkey.Gx = 0xe38fb082fdcdd60d29...0215c6a7
  Next_Pubkey.Gy = 0x19b146fb4a77b168cb...04888779
[ STEP 239 ] Bit #018 = '0' → Using Private_Key_Even
  Next_Pubkey.Gx = 0x7d92bef9b770e82527...e5e791f8
  Next_Pubkey.Gy = 0x2a8519c90132363edc...1e746f14
[ STEP 240 ] Bit #017 = '1' → Using Private_Key_Odd
  Next_Pubkey.Gx = 0xbc70ba51370574739b...b31028af
  Next_Pubkey.Gy = 0x60739d50e74ae1d9e5...672b241d
[ STEP 241 ] Bit #016 = '0' → Using Private_Key_Even
  Next_Pubkey.Gx = 0x120bfcb93ec0d3bd1b...0992df63
  Next_Pubkey.Gy = 0x5998da637aa1f82dac...d1988dd5
[ STEP 242 ] Bit #015 = '0' → Using Private_Key_Even
  Next_Pubkey.Gx = 0xe85610d4c99e2f1c76...c63a5a3b
  Next_Pubkey.Gy = 0x66476ab664b74c188a...77ba88fb
[ STEP 243 ] Bit #014 = '0' → Using Private_Key_Even
  Next_Pubkey.Gx = 0x93856cf4b92af7ce35...334dd585
  Next_Pubkey.Gy = 0xfc347e588e6667a93f...fc6f0bff
[ STEP 244 ] Bit #013 = '0' → Using Private_Key_Even
  Next_Pubkey.Gx = 0x850a94d5b9f6e24bba...335cabd4
  Next_Pubkey.Gy = 0xa28995e10d168de4e1...7f62c002
[ STEP 245 ] Bit #012 = '1' → Using Private_Key_Odd
  Next_Pubkey.Gx = 0x48a88ec65db377ec9b...6f8a8503
  Next_Pubkey.Gy = 0x11d793f3dcfb5f908a...70e1662c
[ STEP 246 ] Bit #011 = '0' → Using Private_Key_Even
  Next_Pubkey.Gx = 0xcaf8ebba3193a06ee7...2720d214
  Next_Pubkey.Gy = 0x19590ccacc70264d4a...0cb3d8a2
[ STEP 247 ] Bit #010 = '0' → Using Private_Key_Even
  Next_Pubkey.Gx = 0x1b2b35cf059813742b...fa67ece6
  Next_Pubkey.Gy = 0x8709c2e0a9af3e1dbc...dfc5ac44
[ STEP 248 ] Bit #009 = '1' → Using Private_Key_Odd
  Next_Pubkey.Gx = 0x36ed78d36bb5822f74...ff634340
  Next_Pubkey.Gy = 0xfc453d1801f807206b...e3aca5e9
[ STEP 249 ] Bit #008 = '0' → Using Private_Key_Even
  Next_Pubkey.Gx = 0x7f6b0a34ca06c61bbf...4bb07a07
  Next_Pubkey.Gy = 0x309c335bc3ed78be9e...1c5484ff
[ STEP 250 ] Bit #007 = '1' → Using Private_Key_Odd
  Next_Pubkey.Gx = 0x2eb34ab6484a938e13...ee6fb28b
  Next_Pubkey.Gy = 0x74245ad937657fdc13...3abf61f9
[ STEP 251 ] Bit #006 = '0' → Using Private_Key_Even
  Next_Pubkey.Gx = 0x75ac0667f01049e21e...8be8c34d
  Next_Pubkey.Gy = 0xd3df631c753f4b1170...f99fceb7
[ STEP 252 ] Bit #005 = '1' → Using Private_Key_Odd
  Next_Pubkey.Gx = 0xf30c5d958aad649336...3cb537f7
  Next_Pubkey.Gy = 0x157c6754f98b433297...29012304
[ STEP 253 ] Bit #004 = '0' → Using Private_Key_Even
  Next_Pubkey.Gx = 0xb702b78f239513f684...49dedc4e
  Next_Pubkey.Gy = 0xe97970bfdfb8e955af...38f774cd
[ STEP 254 ] Bit #003 = '1' → Using Private_Key_Odd
  Next_Pubkey.Gx = 0x901724963217a40fb8...6aa2539e
  Next_Pubkey.Gy = 0x66eedea9645c01d893...6986c0fe
[ STEP 255 ] Bit #002 = '0' → Using Private_Key_Even
  Next_Pubkey.Gx = 0x9205d11f2d828c17f9...4b405e4f
  Next_Pubkey.Gy = 0x24b3375c0b6b793d24...684e63b6
[ STEP 256 ] Bit #001 = '0' → Using Private_Key_Even
  Next_Pubkey.Gx = 0xb26839604e21f4b3ac...ba8f965a
  Next_Pubkey.Gy = 0x22e242549fd5a23aa5...623f6194
──────────────────────────────────────────────────────────────────────────────
[ RUN ] Scalar multiplication cycle COMPLETE.
[ RUN ] Press BIN to HEX to convert the accumulated bit sequence.
──────────────────────────────────────────────────────────────────────────────
Private Key Hexadecimal Format (64 characters [0-9A-F]):
2A9099B043304EF14FF710B06CD8C310A5AFAD9FF2D65CA225115446F787CE81
──────────────────────────────────────────────────────────────────────────────
──────────────────────────────────────────────────────────────────────────────
Private Key WIF (uncompressed):
5J92qsHDnpag5hoF7TFzqPT1h3rZb6fHHmcALt3AQnzq2JCUXu4
Private Key WIF (compressed):
KxeT8gvbTF1dVm57HUuCGa5p3mbkqVyxu1tCEkGYY22ExdhDMLh2
──────────────────────────────────────────────────────────────────────────────