◈ BTCDetect Software Even and ODD v3.5 — Crypto Research Interface
──────────────────────────────────────────────────────────────────────────────
[ SYSTEM READY ] Enter a Bitcoin Address and click EXTRACT.
[ ACTIVATION ] Tariff "Advanced" activated. Processes available: 11
──────────────────────────────────────────────────────────────────────────────
[ EXTRACT ] Bitcoin Address: 1QJdwMszhP7NToEPjftEGmWYtM8TyN8KAM
[ EXTRACT ] Querying Blockstream API...
[ EXTRACT ] Public Key found:
  03516669265c791194e282b98e3e8b5ab8674a17cf51e62129d94c4c8edaef46c9
  Gx = 0x516669265c791194e282b98e3e8b5ab8674a17cf51e62129d94c4c8edaef46c9
  Gy = 0xb6efc618fc184cf0e1fcc28d86b8a3f03b53bbb078d8ff261a51f4212838e5ed
[ EXTRACT ] Ready. Press RUN to start scalar multiplication.
──────────────────────────────────────────────────────────────────────────────
[ RUN ] Starting scalar multiplication cycle...
[ RUN ] Total bits: 256
[ STEP 001 ] Bit #256 = '1' → Using Private_Key_Odd
  Next_Pubkey.Gx = 0x6632ffb26afaf439f3...252589af
  Next_Pubkey.Gy = 0x6076c84c731554dae4...e4fbf9d9
[ STEP 002 ] Bit #255 = '0' → Using Private_Key_Even
  Next_Pubkey.Gx = 0x532354f427a895fcdd...92c2efdd
  Next_Pubkey.Gy = 0x3b15af74b6e78555f1...b7b327b7
[ STEP 003 ] Bit #254 = '1' → Using Private_Key_Odd
  Next_Pubkey.Gx = 0xf096784bfb033e7e90...8b91bf20
  Next_Pubkey.Gy = 0x562a104536b7a3843c...12764845
[ STEP 004 ] Bit #253 = '1' → Using Private_Key_Odd
  Next_Pubkey.Gx = 0x5f185ab436996e0d56...c7354077
  Next_Pubkey.Gy = 0x59dd558a7d073c0c2b...e56067d3
[ STEP 005 ] Bit #252 = '1' → Using Private_Key_Odd
  Next_Pubkey.Gx = 0xbbf7d5d80317834089...b1a608ed
  Next_Pubkey.Gy = 0xfaf2b17ee6c0669a02...887e386b
[ STEP 006 ] Bit #251 = '0' → Using Private_Key_Even
  Next_Pubkey.Gx = 0x64661a58551283a5fa...d16f8866
  Next_Pubkey.Gy = 0xe35e804196951081d4...9d3570a1
[ STEP 007 ] Bit #250 = '1' → Using Private_Key_Odd
  Next_Pubkey.Gx = 0x592a2a9d780560dd73...4c5de66a
  Next_Pubkey.Gy = 0x5bb1797ff9f12e5318...333fb484
[ STEP 008 ] Bit #249 = '0' → Using Private_Key_Even
  Next_Pubkey.Gx = 0x8376db8aea5b922e10...a5ae3b1c
  Next_Pubkey.Gy = 0x7e222f9d9a87084947...db812237
[ STEP 009 ] Bit #248 = '1' → Using Private_Key_Odd
  Next_Pubkey.Gx = 0xaf49dde6ea2c933cbb...a6c339d9
  Next_Pubkey.Gy = 0xb0f476a56cc0f51ac3...11720ce1
[ STEP 010 ] Bit #247 = '1' → Using Private_Key_Odd
  Next_Pubkey.Gx = 0xf9496422acbd54309d...84153ca4
  Next_Pubkey.Gy = 0x8d970b0a2f7b5cbeca...907c7b34
[ STEP 011 ] Bit #246 = '0' → Using Private_Key_Even
  Next_Pubkey.Gx = 0xe03cfceb3f03a07d68...85741d27
  Next_Pubkey.Gy = 0x6521c02a4102ab49d0...435feefc
[ STEP 012 ] Bit #245 = '0' → Using Private_Key_Even
  Next_Pubkey.Gx = 0x40d91ab98ad7bd01d9...4feb6939
  Next_Pubkey.Gy = 0x52d05cd948bf6a7fc8...0b7e2041
[ STEP 013 ] Bit #244 = '0' → Using Private_Key_Even
  Next_Pubkey.Gx = 0x98ad65b706a14e3e71...df34be40
  Next_Pubkey.Gy = 0x174443ff3c8fe1af70...d54eb73a
[ STEP 014 ] Bit #243 = '1' → Using Private_Key_Odd
  Next_Pubkey.Gx = 0x4838a2e7f6028c4fe8...ee803329
  Next_Pubkey.Gy = 0x7862bc0b4331554c43...a1616e80
[ STEP 015 ] Bit #242 = '1' → Using Private_Key_Odd
  Next_Pubkey.Gx = 0xfcc80ef7b25620b623...63143bc8
  Next_Pubkey.Gy = 0xf726ce8ce9cd6ed95f...881d95dd
[ STEP 016 ] Bit #241 = '1' → Using Private_Key_Odd
  Next_Pubkey.Gx = 0xc1a6874f6adc2a9adf...296bbef2
  Next_Pubkey.Gy = 0x677a244a8136de588d...72f359f0
[ STEP 017 ] Bit #240 = '0' → Using Private_Key_Even
  Next_Pubkey.Gx = 0x55d508fabd9bf2fcab...78c07f32
  Next_Pubkey.Gy = 0x69ab46ff0e8160b8e0...b88e12e8
[ STEP 018 ] Bit #239 = '0' → Using Private_Key_Even
  Next_Pubkey.Gx = 0x14c710cbb23de0b0ae...327e2f5b
  Next_Pubkey.Gy = 0xa8dc1b7d1dc9a88477...97b4e9ea
[ STEP 019 ] Bit #238 = '1' → Using Private_Key_Odd
  Next_Pubkey.Gx = 0x6f86afa5dee4c95bf9...88ef81a5
  Next_Pubkey.Gy = 0x642c441c492936eac0...81277cf6
[ STEP 020 ] Bit #237 = '0' → Using Private_Key_Even
  Next_Pubkey.Gx = 0xc72847343898f10dcb...471e0e3e
  Next_Pubkey.Gy = 0xb913373b962ceea416...2508b7ac
[ STEP 021 ] Bit #236 = '1' → Using Private_Key_Odd
  Next_Pubkey.Gx = 0xf8e37838465a769fc2...fe706d77
  Next_Pubkey.Gy = 0x93d1ee7eb48e3ac09d...c622ec41
[ STEP 022 ] Bit #235 = '1' → Using Private_Key_Odd
  Next_Pubkey.Gx = 0xa52568a4a86c52975e...e0ca295a
  Next_Pubkey.Gy = 0xe852f5ba649154fc7a...3dbf2b9d
[ STEP 023 ] Bit #234 = '0' → Using Private_Key_Even
  Next_Pubkey.Gx = 0x804edee6c267bff6e4...999cc3e9
  Next_Pubkey.Gy = 0xb4e93c6899025f56d1...4e1884f4
[ STEP 024 ] Bit #233 = '1' → Using Private_Key_Odd
  Next_Pubkey.Gx = 0xe5af45c2ad5e47fa32...ea5c6cb2
  Next_Pubkey.Gy = 0x99579789ecd85b6cb5...83454c52
[ STEP 025 ] Bit #232 = '1' → Using Private_Key_Odd
  Next_Pubkey.Gx = 0x361268b33042e7bf06...90670c07
  Next_Pubkey.Gy = 0xff8bb339710eb7cbcf...450132d7
[ STEP 026 ] Bit #231 = '0' → Using Private_Key_Even
  Next_Pubkey.Gx = 0x5b38b1c70860fe5d6c...345fbd9f
  Next_Pubkey.Gy = 0x648a6664a632c55598...db6a0edf
[ STEP 027 ] Bit #230 = '0' → Using Private_Key_Even
  Next_Pubkey.Gx = 0x159dea9f0cf7d25dac...5788c9ff
  Next_Pubkey.Gy = 0xeca678b80475362a8f...5b5a684e
[ STEP 028 ] Bit #229 = '0' → Using Private_Key_Even
  Next_Pubkey.Gx = 0xfaa14f66f63b50102f...cef81ce4
  Next_Pubkey.Gy = 0xa70188fda550bf2ed8...0b5c4494
[ STEP 029 ] Bit #228 = '1' → Using Private_Key_Odd
  Next_Pubkey.Gx = 0xb3269a0f89fe5af035...dc93c17c
  Next_Pubkey.Gy = 0xb058d04fb7c0298085...6d7afd1a
[ STEP 030 ] Bit #227 = '1' → Using Private_Key_Odd
  Next_Pubkey.Gx = 0xb420579503330955a5...5d645902
  Next_Pubkey.Gy = 0xac5dc8f1b3838ae8f3...25645e6e
[ STEP 031 ] Bit #226 = '0' → Using Private_Key_Even
  Next_Pubkey.Gx = 0xb1fd45c36d722598d6...8c849bec
  Next_Pubkey.Gy = 0x40d720aef993e0a876...e0ea4a4a
[ STEP 032 ] Bit #225 = '1' → Using Private_Key_Odd
  Next_Pubkey.Gx = 0x23478d71b8cf900f20...ca50ce8d
  Next_Pubkey.Gy = 0xf8492e701a54f0610c...f21effb5
[ STEP 033 ] Bit #224 = '1' → Using Private_Key_Odd
  Next_Pubkey.Gx = 0x9ec78e6be3cf40f499...47fbd2fb
  Next_Pubkey.Gy = 0xfecc66898049d1cbdc...af89d084
[ STEP 034 ] Bit #223 = '1' → Using Private_Key_Odd
  Next_Pubkey.Gx = 0xba2939030d1a042ee9...aa723af9
  Next_Pubkey.Gy = 0x9974248d9e7b06f4f8...a0e206cc
[ STEP 035 ] Bit #222 = '0' → Using Private_Key_Even
  Next_Pubkey.Gx = 0x4abced710f67b19caa...7d32e807
  Next_Pubkey.Gy = 0x28d38f11099bbf5fb8...b6bdb521
[ STEP 036 ] Bit #221 = '1' → Using Private_Key_Odd
  Next_Pubkey.Gx = 0xde76310b457688cffc...e683d3e8
  Next_Pubkey.Gy = 0x2750ac7ab58d56ed57...38aa9cc4
[ STEP 037 ] Bit #220 = '0' → Using Private_Key_Even
  Next_Pubkey.Gx = 0x9b932471cc8d5ff2a1...4e544204
  Next_Pubkey.Gy = 0x9f6c8e7b688ae7f497...4d05e51e
[ STEP 038 ] Bit #219 = '1' → Using Private_Key_Odd
  Next_Pubkey.Gx = 0xa911df342020acf824...80b59427
  Next_Pubkey.Gy = 0xd2aaab9e8a6a167aed...7e09567c
[ STEP 039 ] Bit #218 = '1' → Using Private_Key_Odd
  Next_Pubkey.Gx = 0xd7896ec418f54a833e...02506993
  Next_Pubkey.Gy = 0x983e37410853fb9d14...1f79ed3e
[ STEP 040 ] Bit #217 = '0' → Using Private_Key_Even
  Next_Pubkey.Gx = 0xc5b725c2b5696484a2...06dc11f7
  Next_Pubkey.Gy = 0x33736ad9827e35cf44...dbda99bf
[ STEP 041 ] Bit #216 = '0' → Using Private_Key_Even
  Next_Pubkey.Gx = 0xf78342ea6ecd0a26bf...9c77104a
  Next_Pubkey.Gy = 0xf8566f633bc6fa185d...8b97e494
[ STEP 042 ] Bit #215 = '0' → Using Private_Key_Even
  Next_Pubkey.Gx = 0xda26a43544d40a5a30...0b6ee9c8
  Next_Pubkey.Gy = 0xbefebf2bf8e8ab5978...f8a5fe21
[ STEP 043 ] Bit #214 = '0' → Using Private_Key_Even
  Next_Pubkey.Gx = 0xa6b30b94974b85c409...e214c73f
  Next_Pubkey.Gy = 0xc6b196cb5f26e14402...ef40b3f9
[ STEP 044 ] Bit #213 = '0' → Using Private_Key_Even
  Next_Pubkey.Gx = 0x8d3ff5ff412b633e85...f9fc2282
  Next_Pubkey.Gy = 0x4c8d9c349b9d56b405...f04c9e8c
[ STEP 045 ] Bit #212 = '0' → Using Private_Key_Even
  Next_Pubkey.Gx = 0x94bcb3f467c7a7fdc4...ba1c5c8f
  Next_Pubkey.Gy = 0x6d03ace50b5021294a...3b67ece5
[ STEP 046 ] Bit #211 = '1' → Using Private_Key_Odd
  Next_Pubkey.Gx = 0x85d5070131ede28135...68ff0cc9
  Next_Pubkey.Gy = 0x7ff47e3fe447e2aadb...9bf93a35
[ STEP 047 ] Bit #210 = '1' → Using Private_Key_Odd
  Next_Pubkey.Gx = 0x1deb97160bd3b095ff...30483046
  Next_Pubkey.Gy = 0xc888cdd12d738cc985...50c34a7d
[ STEP 048 ] Bit #209 = '1' → Using Private_Key_Odd
  Next_Pubkey.Gx = 0x6cd80bb03b25d3453d...019fcf9d
  Next_Pubkey.Gy = 0x644ee967524024aef1...0090c204
[ STEP 049 ] Bit #208 = '0' → Using Private_Key_Even
  Next_Pubkey.Gx = 0xb19936fed90b115444...d039bd82
  Next_Pubkey.Gy = 0x73b2c8b1d1523baa81...9d6672fd
[ STEP 050 ] Bit #207 = '1' → Using Private_Key_Odd
  Next_Pubkey.Gx = 0x66c93c5acf299bf8ae...6ff0666f
  Next_Pubkey.Gy = 0x44bd7bf6d30d4e3d5b...30a77937
[ STEP 051 ] Bit #206 = '0' → Using Private_Key_Even
  Next_Pubkey.Gx = 0x81c70681a15151193a...7e76e7bf
  Next_Pubkey.Gy = 0x4c335543f0eb1197d5...b86b51a8
[ STEP 052 ] Bit #205 = '0' → Using Private_Key_Even
  Next_Pubkey.Gx = 0xfac4c16aaed38d3325...baa489ab
  Next_Pubkey.Gy = 0x67cc33e6471e45db72...32cc2218
[ STEP 053 ] Bit #204 = '1' → Using Private_Key_Odd
  Next_Pubkey.Gx = 0x31653e890130565f81...e5989033
  Next_Pubkey.Gy = 0xa3a49567bbce19ac28...4a9a0dce
[ STEP 054 ] Bit #203 = '1' → Using Private_Key_Odd
  Next_Pubkey.Gx = 0xde6da1ecfb4ae28383...e4e5da72
  Next_Pubkey.Gy = 0x88c650a72f7cba3db7...d13e704a
[ STEP 055 ] Bit #202 = '0' → Using Private_Key_Even
  Next_Pubkey.Gx = 0xd82d7f04fe566f3887...3f676edf
  Next_Pubkey.Gy = 0xd5d3e0e3a53a758a78...dc8c6b27
[ STEP 056 ] Bit #201 = '0' → Using Private_Key_Even
  Next_Pubkey.Gx = 0xb4bb6e6a54f12d5790...c75657e7
  Next_Pubkey.Gy = 0x28ce4571bd7f9ba778...cabfa7f7
[ STEP 057 ] Bit #200 = '0' → Using Private_Key_Even
  Next_Pubkey.Gx = 0x8fe4aa433f44def735...dbdea5ce
  Next_Pubkey.Gy = 0x6c8bf4cd9e942fd660...53e96a35
[ STEP 058 ] Bit #199 = '0' → Using Private_Key_Even
  Next_Pubkey.Gx = 0x787e18c67e25e30682...587ad0f0
  Next_Pubkey.Gy = 0x8c92b7db6dbc564a0b...de992818
[ STEP 059 ] Bit #198 = '1' → Using Private_Key_Odd
  Next_Pubkey.Gx = 0xaae7803ebde4f84992...52287969
  Next_Pubkey.Gy = 0x84f51baeea55e34eff...34086ad2
[ STEP 060 ] Bit #197 = '0' → Using Private_Key_Even
  Next_Pubkey.Gx = 0x1edc3f4c7eac9d8231...3639b8ae
  Next_Pubkey.Gy = 0xd352ad3e5afeccca4f...f35801dc
[ STEP 061 ] Bit #196 = '0' → Using Private_Key_Even
  Next_Pubkey.Gx = 0x9ee80f16bbc80d5f0c...69e76851
  Next_Pubkey.Gy = 0xc6435361fc1bdc0808...f780a0bd
[ STEP 062 ] Bit #195 = '1' → Using Private_Key_Odd
  Next_Pubkey.Gx = 0x6e15a2df23284e7560...13cdc243
  Next_Pubkey.Gy = 0x1d38190ba1ba755bcc...71497df6
[ STEP 063 ] Bit #194 = '0' → Using Private_Key_Even
  Next_Pubkey.Gx = 0x1e27f75539dfb5cd58...44c46bec
  Next_Pubkey.Gy = 0x461fccdd4fff712b68...6dc332d0
[ STEP 064 ] Bit #193 = '1' → Using Private_Key_Odd
  Next_Pubkey.Gx = 0xfb9ab234ddb8f9a10d...49e47790
  Next_Pubkey.Gy = 0x70d286524423670973...40c2e24e
[ STEP 065 ] Bit #192 = '1' → Using Private_Key_Odd
  Next_Pubkey.Gx = 0x463edee0f27812e76f...ef77ff34
  Next_Pubkey.Gy = 0x948789c8ce6a362f74...90b3084c
[ STEP 066 ] Bit #191 = '1' → Using Private_Key_Odd
  Next_Pubkey.Gx = 0xfff58f725c3a250fd9...95f7a751
  Next_Pubkey.Gy = 0x82848a783810681e5f...900ef1cc
[ STEP 067 ] Bit #190 = '0' → Using Private_Key_Even
  Next_Pubkey.Gx = 0xf385ed7caf090f9453...389869f4
  Next_Pubkey.Gy = 0xa15aaeed260cb12d0f...b0378d1d
[ STEP 068 ] Bit #189 = '0' → Using Private_Key_Even
  Next_Pubkey.Gx = 0x95078510359469ebd5...0422f13c
  Next_Pubkey.Gy = 0xb7d75d96c9491a1b1c...2b5195b4
[ STEP 069 ] Bit #188 = '0' → Using Private_Key_Even
  Next_Pubkey.Gx = 0xffd8feaa957796a64e...fa1df100
  Next_Pubkey.Gy = 0x5794d041bae67d593a...772a7b7f
[ STEP 070 ] Bit #187 = '0' → Using Private_Key_Even
  Next_Pubkey.Gx = 0x7cd162985cc934716c...33a3eb71
  Next_Pubkey.Gy = 0xc6b5cc88e89d1b6b69...4a928647
[ STEP 071 ] Bit #186 = '1' → Using Private_Key_Odd
  Next_Pubkey.Gx = 0x73d6f79134526018ea...12a75f05
  Next_Pubkey.Gy = 0xb21ffdd62b4e1f9a99...a1ace5f2
[ STEP 072 ] Bit #185 = '0' → Using Private_Key_Even
  Next_Pubkey.Gx = 0xcf6e29b33dbc9dfd46...f379d94e
  Next_Pubkey.Gy = 0x697f70abe0c816c876...e65c788c
[ STEP 073 ] Bit #184 = '1' → Using Private_Key_Odd
  Next_Pubkey.Gx = 0xedd0c484cb98c7d365...30dba523
  Next_Pubkey.Gy = 0xde3917c2b4cbefcddd...aa2117d7
[ STEP 074 ] Bit #183 = '1' → Using Private_Key_Odd
  Next_Pubkey.Gx = 0x94c3514d8d97daa7df...0b629801
  Next_Pubkey.Gy = 0xbd0212be0166ff1aa0...519b0954
[ STEP 075 ] Bit #182 = '0' → Using Private_Key_Even
  Next_Pubkey.Gx = 0xa0800d186a20f53aca...c475ba50
  Next_Pubkey.Gy = 0x80486a9a9692d5714b...79533876
[ STEP 076 ] Bit #181 = '1' → Using Private_Key_Odd
  Next_Pubkey.Gx = 0xd49c9140610821bc74...d3c95b21
  Next_Pubkey.Gy = 0xe84201cdf16da797ef...92716499
[ STEP 077 ] Bit #180 = '1' → Using Private_Key_Odd
  Next_Pubkey.Gx = 0x3686aeaa0f514b945a...002fd245
  Next_Pubkey.Gy = 0x3ea2ca1e4fc5eab93c...a2c011ae
[ STEP 078 ] Bit #179 = '1' → Using Private_Key_Odd
  Next_Pubkey.Gx = 0xca01a37dba6eaf455f...a7c121cd
  Next_Pubkey.Gy = 0x20cda007c949feb5a9...f4544b34
[ STEP 079 ] Bit #178 = '0' → Using Private_Key_Even
  Next_Pubkey.Gx = 0x1bb606a003c0d3b1c7...ebc5c7d8
  Next_Pubkey.Gy = 0xfa0f3b4e08d7be1313...262fa22e
[ STEP 080 ] Bit #177 = '1' → Using Private_Key_Odd
  Next_Pubkey.Gx = 0x5759586d53e749b275...de220d01
  Next_Pubkey.Gy = 0x1d054dd8bb7dd51be7...d1b3f63f
[ STEP 081 ] Bit #176 = '0' → Using Private_Key_Even
  Next_Pubkey.Gx = 0x4678dd5faaba199cfa...a4a37258
  Next_Pubkey.Gy = 0x13a6e10127e1b43db0...c60249e3
[ STEP 082 ] Bit #175 = '0' → Using Private_Key_Even
  Next_Pubkey.Gx = 0x9c94b8fd4c1e09f03b...c197fc41
  Next_Pubkey.Gy = 0xb3d4ffa02c8235c004...79bf014b
[ STEP 083 ] Bit #174 = '0' → Using Private_Key_Even
  Next_Pubkey.Gx = 0x3392b15147e4e80027...5c5a9a50
  Next_Pubkey.Gy = 0x4d9f33525a781a9af1...01247721
[ STEP 084 ] Bit #173 = '1' → Using Private_Key_Odd
  Next_Pubkey.Gx = 0xc9c7827e412a6ba6cb...16176a8f
  Next_Pubkey.Gy = 0x22c0b1763bbfd40848...ff4665f3
[ STEP 085 ] Bit #172 = '0' → Using Private_Key_Even
  Next_Pubkey.Gx = 0xbcb53e5408e3859493...cf141fe9
  Next_Pubkey.Gy = 0x35ae578dda8cad1d03...7ec8b125
[ STEP 086 ] Bit #171 = '1' → Using Private_Key_Odd
  Next_Pubkey.Gx = 0x117667bdce5a331be2...8877ea4b
  Next_Pubkey.Gy = 0x9710de647367a8a8d6...3b3640aa
[ STEP 087 ] Bit #170 = '0' → Using Private_Key_Even
  Next_Pubkey.Gx = 0xf7efd532b5d93698dc...58291739
  Next_Pubkey.Gy = 0xaa8ba1363316c20240...54768eb0
[ STEP 088 ] Bit #169 = '0' → Using Private_Key_Even
  Next_Pubkey.Gx = 0xd4412ccfa28846667b...34b7db60
  Next_Pubkey.Gy = 0x6e184cabe850c84550...1c2572f8
[ STEP 089 ] Bit #168 = '0' → Using Private_Key_Even
  Next_Pubkey.Gx = 0x558bc80814aca99728...4dbf7906
  Next_Pubkey.Gy = 0xba3b4374e79748aab1...2865dc79
[ STEP 090 ] Bit #167 = '1' → Using Private_Key_Odd
  Next_Pubkey.Gx = 0x2a7a0f1028b8a14400...f274756c
  Next_Pubkey.Gy = 0x69435292d3f2a970cd...8e4b3bfd
[ STEP 091 ] Bit #166 = '0' → Using Private_Key_Even
  Next_Pubkey.Gx = 0xd86e36af72c325b192...5b72b343
  Next_Pubkey.Gy = 0xa7161a729cf4dc52a5...530b6931
[ STEP 092 ] Bit #165 = '1' → Using Private_Key_Odd
  Next_Pubkey.Gx = 0xf4ac6fb12142fe3b19...179b3f8a
  Next_Pubkey.Gy = 0xf6f0dcfe1d823314b7...cbbc77b4
[ STEP 093 ] Bit #164 = '1' → Using Private_Key_Odd
  Next_Pubkey.Gx = 0xe5ed3561c6609684e2...fc347a20
  Next_Pubkey.Gy = 0x1266a7a92d6b5d2b4b...218abfd3
[ STEP 094 ] Bit #163 = '1' → Using Private_Key_Odd
  Next_Pubkey.Gx = 0x2b161ae3a1a24f1923...58a8d2db
  Next_Pubkey.Gy = 0xaa36d5a83bbd818b5a...1616c88d
[ STEP 095 ] Bit #162 = '1' → Using Private_Key_Odd
  Next_Pubkey.Gx = 0x7f49f14a3c1efefbf2...639e2c05
  Next_Pubkey.Gy = 0xaa3b32db53c618e685...d60304a0
[ STEP 096 ] Bit #161 = '0' → Using Private_Key_Even
  Next_Pubkey.Gx = 0x5c9f59fdada5b7d52e...a93fc429
  Next_Pubkey.Gy = 0x3fd9fc21a2ab9ac578...155b1d39
[ STEP 097 ] Bit #160 = '0' → Using Private_Key_Even
  Next_Pubkey.Gx = 0xfc1e95d771e9603387...5f49ec66
  Next_Pubkey.Gy = 0x56f2f9862e7696c356...70569c77
[ STEP 098 ] Bit #159 = '1' → Using Private_Key_Odd
  Next_Pubkey.Gx = 0xab40085ecaf4588ba0...9b0af483
  Next_Pubkey.Gy = 0x634f3a19c17fc54397...0cbabd52
[ STEP 099 ] Bit #158 = '1' → Using Private_Key_Odd
  Next_Pubkey.Gx = 0x8e884dc20d224ddb91...856a2def
  Next_Pubkey.Gy = 0x2621ade3c7d19710ef...912daefc
[ STEP 100 ] Bit #157 = '1' → Using Private_Key_Odd
  Next_Pubkey.Gx = 0x237e530dde40824c42...5e7f7b08
  Next_Pubkey.Gy = 0xa20fd60844452f9975...5ae437d4
[ STEP 101 ] Bit #156 = '0' → Using Private_Key_Even
  Next_Pubkey.Gx = 0x9e3b6b165e8be4e583...bbdefae9
  Next_Pubkey.Gy = 0x4b278087615bf60de4...d011b2bc
[ STEP 102 ] Bit #155 = '1' → Using Private_Key_Odd
  Next_Pubkey.Gx = 0x4f9fa537c7caddba57...6d336098
  Next_Pubkey.Gy = 0x94c0f67466de93ffed...0aebe6af
[ STEP 103 ] Bit #154 = '1' → Using Private_Key_Odd
  Next_Pubkey.Gx = 0x2cfa2025503770befc...02a40e14
  Next_Pubkey.Gy = 0x939e576bb74e823355...f2cc2f7c
[ STEP 104 ] Bit #153 = '1' → Using Private_Key_Odd
  Next_Pubkey.Gx = 0xe13ba3ce0aed9eb3c6...a027441f
  Next_Pubkey.Gy = 0x69a4cf03e7381a06f8...dc5ba662
[ STEP 105 ] Bit #152 = '1' → Using Private_Key_Odd
  Next_Pubkey.Gx = 0x2905502bebc2515260...922b2d51
  Next_Pubkey.Gy = 0xb0ea25f28b25fd12d4...033be4c5
[ STEP 106 ] Bit #151 = '0' → Using Private_Key_Even
  Next_Pubkey.Gx = 0xe1461065d485e618e3...6b62edcb
  Next_Pubkey.Gy = 0x8d6dcb9cbc40a04e44...f08b792a
[ STEP 107 ] Bit #150 = '0' → Using Private_Key_Even
  Next_Pubkey.Gx = 0xe5592a0195fd9fe1d1...7410994a
  Next_Pubkey.Gy = 0xc4ff63f0f6c8461ad3...e4fbca86
[ STEP 108 ] Bit #149 = '0' → Using Private_Key_Even
  Next_Pubkey.Gx = 0xce10b656d8f6f5e912...7d9d823d
  Next_Pubkey.Gy = 0xdbdc1752a5a4b3a20e...61873713
[ STEP 109 ] Bit #148 = '1' → Using Private_Key_Odd
  Next_Pubkey.Gx = 0xfe04444bffa5af9b1f...c4328890
  Next_Pubkey.Gy = 0x2411772634b56eb7c8...979be4e1
[ STEP 110 ] Bit #147 = '1' → Using Private_Key_Odd
  Next_Pubkey.Gx = 0x3ccf930a7d8050c1fe...1d532c73
  Next_Pubkey.Gy = 0x8aef74435f259404aa...36eb0463
[ STEP 111 ] Bit #146 = '1' → Using Private_Key_Odd
  Next_Pubkey.Gx = 0x52ba049fb1289fbdbf...5d233ab3
  Next_Pubkey.Gy = 0x8fe906c56b0ba7a682...ad0aafa8
[ STEP 112 ] Bit #145 = '1' → Using Private_Key_Odd
  Next_Pubkey.Gx = 0x60f77a9f5edfbd03ca...22c9ccad
  Next_Pubkey.Gy = 0x4875c20b1d9134c1ec...ef8eccfe
[ STEP 113 ] Bit #144 = '1' → Using Private_Key_Odd
  Next_Pubkey.Gx = 0x2d360a2df90d3294d8...d1129c5d
  Next_Pubkey.Gy = 0x4d179e01febe45d03d...699af96f
[ STEP 114 ] Bit #143 = '1' → Using Private_Key_Odd
  Next_Pubkey.Gx = 0xc9bc75b020c40893cb...65f7788e
  Next_Pubkey.Gy = 0xdd1b9b66d7405b3d43...62ee3151
[ STEP 115 ] Bit #142 = '0' → Using Private_Key_Even
  Next_Pubkey.Gx = 0x6e555ae498992466a3...42f22f0b
  Next_Pubkey.Gy = 0x8ea41f67764a4eda13...7b845c87
[ STEP 116 ] Bit #141 = '0' → Using Private_Key_Even
  Next_Pubkey.Gx = 0x2dc29c042b1c0c83b2...628ffdee
  Next_Pubkey.Gy = 0x2b7085f03951b53a25...b40bf5ca
[ STEP 117 ] Bit #140 = '1' → Using Private_Key_Odd
  Next_Pubkey.Gx = 0x71ec711ef30d218a40...fdbb2242
  Next_Pubkey.Gy = 0x3910095cc123915cca...bdf6ca32
[ STEP 118 ] Bit #139 = '0' → Using Private_Key_Even
  Next_Pubkey.Gx = 0x8aa68d42056d24e88c...7d56abd2
  Next_Pubkey.Gy = 0x5506cdff6d8561185a...fdeea03e
[ STEP 119 ] Bit #138 = '1' → Using Private_Key_Odd
  Next_Pubkey.Gx = 0xe8403427eb9a0ec306...f536e6f8
  Next_Pubkey.Gy = 0xa8dd7a6290ed18e8fc...7dc4db57
[ STEP 120 ] Bit #137 = '0' → Using Private_Key_Even
  Next_Pubkey.Gx = 0x72601c835040aade37...8dafaa44
  Next_Pubkey.Gy = 0x29f52e7b5ac1e5a551...5ff4c890
[ STEP 121 ] Bit #136 = '1' → Using Private_Key_Odd
  Next_Pubkey.Gx = 0xf57702f3eb8014ea34...7ed57554
  Next_Pubkey.Gy = 0xaa1c5cc6b9c656e1ed...681ed39a
[ STEP 122 ] Bit #135 = '1' → Using Private_Key_Odd
  Next_Pubkey.Gx = 0xfbd392dc8c9bd82286...7ae5400b
  Next_Pubkey.Gy = 0x593e4da3c12ca44cd7...d242b591
[ STEP 123 ] Bit #134 = '1' → Using Private_Key_Odd
  Next_Pubkey.Gx = 0x7c80152ea87a0fd318...1813a911
  Next_Pubkey.Gy = 0x2eb34192655cb12a4e...47682a02
[ STEP 124 ] Bit #133 = '1' → Using Private_Key_Odd
  Next_Pubkey.Gx = 0x82683a02b50ac9e0fd...8a25dd5e
  Next_Pubkey.Gy = 0x82955ed67a7dbff48c...fa3153f3
[ STEP 125 ] Bit #132 = '1' → Using Private_Key_Odd
  Next_Pubkey.Gx = 0xe76dd0a3c3d0b156bb...f5c0bb77
  Next_Pubkey.Gy = 0xeef0add4c86308043a...b46d346d
[ STEP 126 ] Bit #131 = '1' → Using Private_Key_Odd
  Next_Pubkey.Gx = 0x18077c1be6e3d3d557...92f0fd36
  Next_Pubkey.Gy = 0x86853bc27f8bfa019c...7ddf3ab8
[ STEP 127 ] Bit #130 = '1' → Using Private_Key_Odd
  Next_Pubkey.Gx = 0x8abcd1805ab1c3bbfd...8ab66f73
  Next_Pubkey.Gy = 0x4fe8b24e05e00e92c1...069ce3dc
[ STEP 128 ] Bit #129 = '0' → Using Private_Key_Even
  Next_Pubkey.Gx = 0x2cf316ff198cc200ad...e4e6cdc6
  Next_Pubkey.Gy = 0x8af0203af3bed38bf8...89396dc2
[ STEP 129 ] Bit #128 = '1' → Using Private_Key_Odd
  Next_Pubkey.Gx = 0xdb5e0a1416867dc5a7...34e083e4
  Next_Pubkey.Gy = 0x2e8386499426fec654...3b702454
[ STEP 130 ] Bit #127 = '1' → Using Private_Key_Odd
  Next_Pubkey.Gx = 0xc60d96ec12a1ee85eb...7fda89b5
  Next_Pubkey.Gy = 0xb64932b0e437895aa2...8ae9325c
[ STEP 131 ] Bit #126 = '0' → Using Private_Key_Even
  Next_Pubkey.Gx = 0x330409a682654c7604...22348298
  Next_Pubkey.Gy = 0xf6e1a55372b2ba29ca...fcbd9475
[ STEP 132 ] Bit #125 = '0' → Using Private_Key_Even
  Next_Pubkey.Gx = 0xa39eac96d558e96892...61b10768
  Next_Pubkey.Gy = 0xdafc75ad05c5a95bb3...6c10b986
[ STEP 133 ] Bit #124 = '0' → Using Private_Key_Even
  Next_Pubkey.Gx = 0x489c5d81fac124985d...359c9229
  Next_Pubkey.Gy = 0xc0a17021bcae012bc3...c5a282e3
[ STEP 134 ] Bit #123 = '1' → Using Private_Key_Odd
  Next_Pubkey.Gx = 0x405bc83fba7586c405...87861533
  Next_Pubkey.Gy = 0xe1abd5a514c1311d8e...90d7de8e
[ STEP 135 ] Bit #122 = '0' → Using Private_Key_Even
  Next_Pubkey.Gx = 0x7766c6668cf7e0e4a9...b378af8b
  Next_Pubkey.Gy = 0x20a12cc844b08892d2...ffe01d00
[ STEP 136 ] Bit #121 = '0' → Using Private_Key_Even
  Next_Pubkey.Gx = 0x5ab5315d87d4773b5e...03c2bc9b
  Next_Pubkey.Gy = 0x103f8f89eaff3dd54b...586b2ee4
[ STEP 137 ] Bit #120 = '0' → Using Private_Key_Even
  Next_Pubkey.Gx = 0x6e6387e44b8a1e7867...f31dcbc4
  Next_Pubkey.Gy = 0x8cbeae768edb2bc4b6...27a97965
[ STEP 138 ] Bit #119 = '1' → Using Private_Key_Odd
  Next_Pubkey.Gx = 0xe130d1fc3f37b7bbaf...c874adb2
  Next_Pubkey.Gy = 0xe8760f7806752e8314...a63c900d
[ STEP 139 ] Bit #118 = '0' → Using Private_Key_Even
  Next_Pubkey.Gx = 0xb6436444bf71257007...923c68fe
  Next_Pubkey.Gy = 0xc23555c4b0b2a88908...41b24878
[ STEP 140 ] Bit #117 = '1' → Using Private_Key_Odd
  Next_Pubkey.Gx = 0x47d774205021195b09...e97795af
  Next_Pubkey.Gy = 0xd450cedf17b50a56f4...3bf22c5d
[ STEP 141 ] Bit #116 = '1' → Using Private_Key_Odd
  Next_Pubkey.Gx = 0xa542e8b63fd636b9d2...4817efb1
  Next_Pubkey.Gy = 0x21e0373c5d48d333c9...32414716
[ STEP 142 ] Bit #115 = '1' → Using Private_Key_Odd
  Next_Pubkey.Gx = 0x4f5a9ff33b7d1a692d...50d01644
  Next_Pubkey.Gy = 0xde332e34a68a92b66f...060a5de5
[ STEP 143 ] Bit #114 = '0' → Using Private_Key_Even
  Next_Pubkey.Gx = 0xce120d95fab4a248bb...263f9c93
  Next_Pubkey.Gy = 0x3ee50cd2cf82f4f025...62ddf5dc
[ STEP 144 ] Bit #113 = '1' → Using Private_Key_Odd
  Next_Pubkey.Gx = 0x3f074e1f33690f83ec...11b99caf
  Next_Pubkey.Gy = 0x4eb0b45096f3802fe2...a8bed45e
[ STEP 145 ] Bit #112 = '1' → Using Private_Key_Odd
  Next_Pubkey.Gx = 0x65f0f7e9bdfcd12436...1ba4fb57
  Next_Pubkey.Gy = 0x661fd7dde86d209f24...0f73c6ce
[ STEP 146 ] Bit #111 = '0' → Using Private_Key_Even
  Next_Pubkey.Gx = 0x89a5ae67742e165e90...ff3ef304
  Next_Pubkey.Gy = 0xbdea09670bc5e8c8c1...3bfe530b
[ STEP 147 ] Bit #110 = '0' → Using Private_Key_Even
  Next_Pubkey.Gx = 0xb02e045e7f13872fee...7b197076
  Next_Pubkey.Gy = 0xe488f6528532aac8d4...28483e97
[ STEP 148 ] Bit #109 = '1' → Using Private_Key_Odd
  Next_Pubkey.Gx = 0xbd7e86294b1c9a0cae...8b640653
  Next_Pubkey.Gy = 0x919d5a3fbbaa2643d1...004d41a2
[ STEP 149 ] Bit #108 = '0' → Using Private_Key_Even
  Next_Pubkey.Gx = 0x66f00a90eb39d41928...68627e5f
  Next_Pubkey.Gy = 0xa75c9c9b69f9d4e9d5...dca62721
[ STEP 150 ] Bit #107 = '0' → Using Private_Key_Even
  Next_Pubkey.Gx = 0x41add8679037a317e7...d4f424a0
  Next_Pubkey.Gy = 0x924890423a8aa720d8...fd2f125e
[ STEP 151 ] Bit #106 = '0' → Using Private_Key_Even
  Next_Pubkey.Gx = 0x16be3f4abbcdce0a6e...6daf5187
  Next_Pubkey.Gy = 0x48801e098c139a7a30...db1b7d81
[ STEP 152 ] Bit #105 = '0' → Using Private_Key_Even
  Next_Pubkey.Gx = 0x7a5f68f8615031897b...bd506341
  Next_Pubkey.Gy = 0x991893a8a69c826bf4...38c5bb6a
[ STEP 153 ] Bit #104 = '1' → Using Private_Key_Odd
  Next_Pubkey.Gx = 0xdf371b97f5bf8fd6f5...9a32c53c
  Next_Pubkey.Gy = 0xadbeef777895446786...8c42335f
[ STEP 154 ] Bit #103 = '1' → Using Private_Key_Odd
  Next_Pubkey.Gx = 0xa7bc21d5b081e5093c...3cd4c3fe
  Next_Pubkey.Gy = 0xca7877e757bf5005a5...fcbc82b4
[ STEP 155 ] Bit #102 = '1' → Using Private_Key_Odd
  Next_Pubkey.Gx = 0x9a607623ab16b5258d...ec6e7302
  Next_Pubkey.Gy = 0x6f8423f9532569f506...db7b669b
[ STEP 156 ] Bit #101 = '1' → Using Private_Key_Odd
  Next_Pubkey.Gx = 0x94e727ae7e2bd566e3...5cbcc043
  Next_Pubkey.Gy = 0x95b0b76e5291b19488...75445c47
[ STEP 157 ] Bit #100 = '1' → Using Private_Key_Odd
  Next_Pubkey.Gx = 0x3ef56adba68b1b784b...3f2e10a5
  Next_Pubkey.Gy = 0x4d56e43abc93e1c081...d16e6a8d
[ STEP 158 ] Bit #099 = '1' → Using Private_Key_Odd
  Next_Pubkey.Gx = 0xf35794a00f1df572d1...872569f6
  Next_Pubkey.Gy = 0x12ffb6c2ac11cc79a6...612642e2
[ STEP 159 ] Bit #098 = '1' → Using Private_Key_Odd
  Next_Pubkey.Gx = 0x1320c1123d5fa1122b...f7003835
  Next_Pubkey.Gy = 0x1e352c29416fb28fd4...c364025a
[ STEP 160 ] Bit #097 = '1' → Using Private_Key_Odd
  Next_Pubkey.Gx = 0x9020e4f28b4eaba8e7...d2cca348
  Next_Pubkey.Gy = 0x25377797054d0ae544...8b2862d5
[ STEP 161 ] Bit #096 = '1' → Using Private_Key_Odd
  Next_Pubkey.Gx = 0x634adb83ca4ca3d23d...410eeccf
  Next_Pubkey.Gy = 0x139e6d2ca7685e6f03...f8bac209
[ STEP 162 ] Bit #095 = '1' → Using Private_Key_Odd
  Next_Pubkey.Gx = 0x6bea8b6a3fc37edb75...7fff478c
  Next_Pubkey.Gy = 0x12b2c972f1bce8dfc1...c55bc587
[ STEP 163 ] Bit #094 = '0' → Using Private_Key_Even
  Next_Pubkey.Gx = 0x595160fe39bbb57557...c053bae6
  Next_Pubkey.Gy = 0x4d5592f6eca4c73b75...8784b2d6
[ STEP 164 ] Bit #093 = '1' → Using Private_Key_Odd
  Next_Pubkey.Gx = 0x2def50ac86658ce403...cc4a68ef
  Next_Pubkey.Gy = 0x8c1b4fe7014bf943ed...f945d810
[ STEP 165 ] Bit #092 = '1' → Using Private_Key_Odd
  Next_Pubkey.Gx = 0x4af334361573ac624e...40fc8590
  Next_Pubkey.Gy = 0xf59bf07a0648ce5196...bcbf0b5c
[ STEP 166 ] Bit #091 = '0' → Using Private_Key_Even
  Next_Pubkey.Gx = 0x19518c7454c19a768c...cafa2c81
  Next_Pubkey.Gy = 0xaeba12156eb21ebec0...fc9316f4
[ STEP 167 ] Bit #090 = '0' → Using Private_Key_Even
  Next_Pubkey.Gx = 0x584f8f578d64edac6d...eee9f950
  Next_Pubkey.Gy = 0x6b4a1c3999342b13d7...f59efc7b
[ STEP 168 ] Bit #089 = '1' → Using Private_Key_Odd
  Next_Pubkey.Gx = 0x702f7b30cb158d1a45...8f2ca2b3
  Next_Pubkey.Gy = 0x2a4a52a547144338db...e9906c27
[ STEP 169 ] Bit #088 = '1' → Using Private_Key_Odd
  Next_Pubkey.Gx = 0xa098e23e5bba9c07ee...56fcd7bb
  Next_Pubkey.Gy = 0xf67bf6d3bd4c45f859...bc709d9c
[ STEP 170 ] Bit #087 = '1' → Using Private_Key_Odd
  Next_Pubkey.Gx = 0x8475c309d68e5386bd...4d90942f
  Next_Pubkey.Gy = 0xe832d7f6460695d120...9a0ab419
[ STEP 171 ] Bit #086 = '1' → Using Private_Key_Odd
  Next_Pubkey.Gx = 0x8996bc0702045320fd...7304196e
  Next_Pubkey.Gy = 0xc2cebfa45a5ed4289c...71918056
[ STEP 172 ] Bit #085 = '1' → Using Private_Key_Odd
  Next_Pubkey.Gx = 0x38a38ecf6752f9d469...f964b654
  Next_Pubkey.Gy = 0xfbdf506740104e1bce...c7321f62
[ STEP 173 ] Bit #084 = '0' → Using Private_Key_Even
  Next_Pubkey.Gx = 0xea9d7cd23c71deddad...2899dad9
  Next_Pubkey.Gy = 0xcc3a252a8d96e9f4fe...fadf3a34
[ STEP 174 ] Bit #083 = '0' → Using Private_Key_Even
  Next_Pubkey.Gx = 0xce8a997ece12e00372...d4e46d8a
  Next_Pubkey.Gy = 0x5b09735c88081c4e2d...d8722386
[ STEP 175 ] Bit #082 = '0' → Using Private_Key_Even
  Next_Pubkey.Gx = 0xd9ff37ae1e29dcf063...e61fc800
  Next_Pubkey.Gy = 0x7001725f43f93529c2...381679ee
[ STEP 176 ] Bit #081 = '0' → Using Private_Key_Even
  Next_Pubkey.Gx = 0x78601ea98872242c28...ee610703
  Next_Pubkey.Gy = 0xf18343f8709c65db6e...59788555
[ STEP 177 ] Bit #080 = '0' → Using Private_Key_Even
  Next_Pubkey.Gx = 0xb59e3ceda33bf84b7b...e25816a4
  Next_Pubkey.Gy = 0x946ca3986f4171e426...59828c2c
[ STEP 178 ] Bit #079 = '0' → Using Private_Key_Even
  Next_Pubkey.Gx = 0x9c348e026769c4efb4...bc81f512
  Next_Pubkey.Gy = 0x1cb6c032c2f5f92a80...72d449ec
[ STEP 179 ] Bit #078 = '1' → Using Private_Key_Odd
  Next_Pubkey.Gx = 0x78b875abbf39e2593f...8ca69258
  Next_Pubkey.Gy = 0x7d9770d7c279330515...dd78947a
[ STEP 180 ] Bit #077 = '1' → Using Private_Key_Odd
  Next_Pubkey.Gx = 0xc3f1253c86abffbc40...ba205908
  Next_Pubkey.Gy = 0x4722edaefbe5dc6604...b9e2e44b
[ STEP 181 ] Bit #076 = '0' → Using Private_Key_Even
  Next_Pubkey.Gx = 0x90bad56eb6a587bf81...5fdbf522
  Next_Pubkey.Gy = 0x7f073846a3c9ecba3f...58b9f600
[ STEP 182 ] Bit #075 = '0' → Using Private_Key_Even
  Next_Pubkey.Gx = 0x99c9588a97b1416522...a552c34a
  Next_Pubkey.Gy = 0x967262fe0228c8a5e6...c21d6cbd
[ STEP 183 ] Bit #074 = '1' → Using Private_Key_Odd
  Next_Pubkey.Gx = 0xefedb01918fa67713b...b24aeace
  Next_Pubkey.Gy = 0x71402628558ab7c08f...1916180d
[ STEP 184 ] Bit #073 = '0' → Using Private_Key_Even
  Next_Pubkey.Gx = 0xceebde55b0d70baf86...1586c113
  Next_Pubkey.Gy = 0xb33c7ee0574edb9f27...3a25dd1b
[ STEP 185 ] Bit #072 = '0' → Using Private_Key_Even
  Next_Pubkey.Gx = 0xa8c0c1d0028ed10231...e2520097
  Next_Pubkey.Gy = 0x836c6edd845c18b2a9...1c6b4343
[ STEP 186 ] Bit #071 = '1' → Using Private_Key_Odd
  Next_Pubkey.Gx = 0x2eb2a1000edfa3f167...730ba144
  Next_Pubkey.Gy = 0x829f58045e3e5f3a90...eea2feb6
[ STEP 187 ] Bit #070 = '0' → Using Private_Key_Even
  Next_Pubkey.Gx = 0xdeb6d175de7b84220e...a02e59a5
  Next_Pubkey.Gy = 0x70d4994deea8bf1456...f68aca44
[ STEP 188 ] Bit #069 = '1' → Using Private_Key_Odd
  Next_Pubkey.Gx = 0x442dcd5f53cf280e6a...6d2f5cb6
  Next_Pubkey.Gy = 0x213d8070b057a86172...5e7309e7
[ STEP 189 ] Bit #068 = '1' → Using Private_Key_Odd
  Next_Pubkey.Gx = 0x1abc4caaa442218315...2fae9413
  Next_Pubkey.Gy = 0x47ee22e2445737296b...02c662ce
[ STEP 190 ] Bit #067 = '0' → Using Private_Key_Even
  Next_Pubkey.Gx = 0xdd2e7949cb29fb9c7d...0f3f0d6d
  Next_Pubkey.Gy = 0x979db5008530f2895f...9fbaef72
[ STEP 191 ] Bit #066 = '1' → Using Private_Key_Odd
  Next_Pubkey.Gx = 0xb2864c8948f25131cf...23ad00a7
  Next_Pubkey.Gy = 0xa25497a4703f1a8dfe...25393686
[ STEP 192 ] Bit #065 = '1' → Using Private_Key_Odd
  Next_Pubkey.Gx = 0x1c20f87f18570cc5b0...22d4e4fa
  Next_Pubkey.Gy = 0x93c966bfb7ee8ddbe6...e797ed36
[ STEP 193 ] Bit #064 = '0' → Using Private_Key_Even
  Next_Pubkey.Gx = 0xb9c408cd75afc056eb...2e71ca35
  Next_Pubkey.Gy = 0x35b6540d53b759975b...4b699e7e
[ STEP 194 ] Bit #063 = '1' → Using Private_Key_Odd
  Next_Pubkey.Gx = 0x46af2419dfbb867be3...01b534b2
  Next_Pubkey.Gy = 0x95ad4de39afbf14afc...16833315
[ STEP 195 ] Bit #062 = '0' → Using Private_Key_Even
  Next_Pubkey.Gx = 0x587c9080c75345e0fd...17a93a35
  Next_Pubkey.Gy = 0x8ec8c1cc5eade29ed0...9e8949ae
[ STEP 196 ] Bit #061 = '1' → Using Private_Key_Odd
  Next_Pubkey.Gx = 0xdee517e17f0957f97c...f7227f1f
  Next_Pubkey.Gy = 0xdcd79fa8b9188bcb1a...f1f2f6d4
[ STEP 197 ] Bit #060 = '1' → Using Private_Key_Odd
  Next_Pubkey.Gx = 0xec9b621241d1a110f3...dfbfff98
  Next_Pubkey.Gy = 0xf095779b238327047e...faabbffe
[ STEP 198 ] Bit #059 = '0' → Using Private_Key_Even
  Next_Pubkey.Gx = 0x6a54f68a7e2c3f7bc0...05cc7cdf
  Next_Pubkey.Gy = 0x8a001558fc137e948a...798e0f1d
[ STEP 199 ] Bit #058 = '0' → Using Private_Key_Even
  Next_Pubkey.Gx = 0x886457d0270b9a4e8d...45f4ae43
  Next_Pubkey.Gy = 0x6b7db8a70343dcdeda...9cb83281
[ STEP 200 ] Bit #057 = '1' → Using Private_Key_Odd
  Next_Pubkey.Gx = 0x2106f9675665bd9378...e6310308
  Next_Pubkey.Gy = 0x99a3b8dd419b8c9781...ea2645f3
[ STEP 201 ] Bit #056 = '0' → Using Private_Key_Even
  Next_Pubkey.Gx = 0x2708bcdfb40abaaeb8...7342ddbf
  Next_Pubkey.Gy = 0xbb1fc1f82e4ae173bf...45d7e03e
[ STEP 202 ] Bit #055 = '0' → Using Private_Key_Even
  Next_Pubkey.Gx = 0xd12d346f2f19c0972b...209fc9dc
  Next_Pubkey.Gy = 0x10eb1a6a32d08ee865...604c885c
[ STEP 203 ] Bit #054 = '0' → Using Private_Key_Even
  Next_Pubkey.Gx = 0x82fe8988ca455fa8d1...a360d7d5
  Next_Pubkey.Gy = 0xc3ed83ab3abaa16a0f...75cbaeac
[ STEP 204 ] Bit #053 = '1' → Using Private_Key_Odd
  Next_Pubkey.Gx = 0x8bc5d337e4b7185fb1...6ad49fe4
  Next_Pubkey.Gy = 0x35227100ed5860c153...d90c0ec3
[ STEP 205 ] Bit #052 = '1' → Using Private_Key_Odd
  Next_Pubkey.Gx = 0x8a6200501a7306cf1c...ab0b7142
  Next_Pubkey.Gy = 0xa03371dcf7d282e48a...b09d7e69
[ STEP 206 ] Bit #051 = '0' → Using Private_Key_Even
  Next_Pubkey.Gx = 0xaf5be3ad32d6a5669d...f3511116
  Next_Pubkey.Gy = 0xc696a1c431551397cc...2e435f67
[ STEP 207 ] Bit #050 = '1' → Using Private_Key_Odd
  Next_Pubkey.Gx = 0x9a223a08bbe2606259...2f6ebb91
  Next_Pubkey.Gy = 0x4db91a0ae8f87d8d56...d6b0078b
[ STEP 208 ] Bit #049 = '1' → Using Private_Key_Odd
  Next_Pubkey.Gx = 0x29b2964b05009396b9...9429f676
  Next_Pubkey.Gy = 0xe6af33d90272dcd3f2...b1e30c0a
[ STEP 209 ] Bit #048 = '1' → Using Private_Key_Odd
  Next_Pubkey.Gx = 0xbccd149931b040e901...1a449e1c
  Next_Pubkey.Gy = 0x5b21c2dbdcfd2c4798...51fd7c23
[ STEP 210 ] Bit #047 = '0' → Using Private_Key_Even
  Next_Pubkey.Gx = 0x3f194d3c93fc34b90d...20265a2a
  Next_Pubkey.Gy = 0xb387d9fb0c6cb66b79...103c2630
[ STEP 211 ] Bit #046 = '1' → Using Private_Key_Odd
  Next_Pubkey.Gx = 0x9befb08b566b2a9c27...bb0ba39e
  Next_Pubkey.Gy = 0xaa1b4139c6887b2e1e...84d47a9b
[ STEP 212 ] Bit #045 = '1' → Using Private_Key_Odd
  Next_Pubkey.Gx = 0xe312a4b91958ae5a87...5f033367
  Next_Pubkey.Gy = 0xf36df6b6681847d78e...61f37de3
[ STEP 213 ] Bit #044 = '0' → Using Private_Key_Even
  Next_Pubkey.Gx = 0x6cdf992dbed8259efc...2c515ed9
  Next_Pubkey.Gy = 0x948155ef0c08af063b...16f9dd98
[ STEP 214 ] Bit #043 = '1' → Using Private_Key_Odd
  Next_Pubkey.Gx = 0xb30f8cc0f6fc2df947...5f96cc7c
  Next_Pubkey.Gy = 0xeb4cfc66947de56f53...6cf73ee5
[ STEP 215 ] Bit #042 = '0' → Using Private_Key_Even
  Next_Pubkey.Gx = 0x78cae3cea526a69afd...92f41380
  Next_Pubkey.Gy = 0x7c5e852aa82419ac96...07864ff0
[ STEP 216 ] Bit #041 = '0' → Using Private_Key_Even
  Next_Pubkey.Gx = 0x342f6ba5177cf10136...f7103b32
  Next_Pubkey.Gy = 0x99a6c1dcff49eb183d...ace6af7c
[ STEP 217 ] Bit #040 = '0' → Using Private_Key_Even
  Next_Pubkey.Gx = 0xcf6d402f96123950b1...ecad9eeb
  Next_Pubkey.Gy = 0x68ccce36f4d4933b0b...0bb1579a
[ STEP 218 ] Bit #039 = '1' → Using Private_Key_Odd
  Next_Pubkey.Gx = 0xbea1e54091051c935d...e3725b49
  Next_Pubkey.Gy = 0x5c5cda76e56952a718...64662703
[ STEP 219 ] Bit #038 = '1' → Using Private_Key_Odd
  Next_Pubkey.Gx = 0x125f8d7bcd52d8ce42...d76f3de3
  Next_Pubkey.Gy = 0xb8f1eda7b80e012a9b...4d1cfe63
[ STEP 220 ] Bit #037 = '0' → Using Private_Key_Even
  Next_Pubkey.Gx = 0xbf5ddfc10a8714e188...352c69be
  Next_Pubkey.Gy = 0x65e16944d0dc06d418...bb3eea36
[ STEP 221 ] Bit #036 = '0' → Using Private_Key_Even
  Next_Pubkey.Gx = 0xae0a89d884183ce2c7...714fa806
  Next_Pubkey.Gy = 0xaded0b9aff22ade063...90246cb7
[ STEP 222 ] Bit #035 = '1' → Using Private_Key_Odd
  Next_Pubkey.Gx = 0x4dc7ffc75bd4215797...a8239ce4
  Next_Pubkey.Gy = 0xa1626d8091d636be78...e352eea4
[ STEP 223 ] Bit #034 = '0' → Using Private_Key_Even
  Next_Pubkey.Gx = 0x342e326fd33254bbfc...8c14e335
  Next_Pubkey.Gy = 0xa1cd3d094c3a130d19...9eab3497
[ STEP 224 ] Bit #033 = '1' → Using Private_Key_Odd
  Next_Pubkey.Gx = 0x4ac6c662421a8a9522...5560f999
  Next_Pubkey.Gy = 0xb1e5950fa87e6859fd...9c6e8252
[ STEP 225 ] Bit #032 = '0' → Using Private_Key_Even
  Next_Pubkey.Gx = 0xc9f934604e17348aee...97afaa22
  Next_Pubkey.Gy = 0xb5d2e3356607699916...f8ccc056
[ STEP 226 ] Bit #031 = '1' → Using Private_Key_Odd
  Next_Pubkey.Gx = 0xa6654571d77ae6fc47...fbbdb671
  Next_Pubkey.Gy = 0x239653fe072443bf25...a7b2d322
[ STEP 227 ] Bit #030 = '0' → Using Private_Key_Even
  Next_Pubkey.Gx = 0x2f210b3a900a1b7b41...74497ce0
  Next_Pubkey.Gy = 0x43ecdde5e973bb2b70...feda8f47
[ STEP 228 ] Bit #029 = '1' → Using Private_Key_Odd
  Next_Pubkey.Gx = 0x98a3017ea4c966c504...f1c6c4ef
  Next_Pubkey.Gy = 0x4291f3b1d8d450aab2...66a47dfc
[ STEP 229 ] Bit #028 = '0' → Using Private_Key_Even
  Next_Pubkey.Gx = 0xea6b7b65692928dcfb...a3219e55
  Next_Pubkey.Gy = 0xfdb033fc0c30ab7d30...cdb1f0b8
[ STEP 230 ] Bit #027 = '0' → Using Private_Key_Even
  Next_Pubkey.Gx = 0x3075e71857dff6cafc...03bef724
  Next_Pubkey.Gy = 0xbe1557cd7094758ecb...f1186092
[ STEP 231 ] Bit #026 = '1' → Using Private_Key_Odd
  Next_Pubkey.Gx = 0xff3ac2e74bf9df668a...a3225144
  Next_Pubkey.Gy = 0xe1c4e4fddde49b0d7d...73eafcd9
[ STEP 232 ] Bit #025 = '0' → Using Private_Key_Even
  Next_Pubkey.Gx = 0xdf4041729d3a447143...8f56f321
  Next_Pubkey.Gy = 0xa2ee2025fec5111f82...853f92eb
[ STEP 233 ] Bit #024 = '1' → Using Private_Key_Odd
  Next_Pubkey.Gx = 0xc730bba439b2cea095...15c39b21
  Next_Pubkey.Gy = 0xf0ea8d97fee42e659a...1a8a0335
[ STEP 234 ] Bit #023 = '1' → Using Private_Key_Odd
  Next_Pubkey.Gx = 0xfc4a9a9e1f2b78d87e...258ce3cf
  Next_Pubkey.Gy = 0xa5adf9e91c1e76744d...4d25e6ef
[ STEP 235 ] Bit #022 = '0' → Using Private_Key_Even
  Next_Pubkey.Gx = 0x8c0c540f346006c1eb...b4498810
  Next_Pubkey.Gy = 0xb3d732b3329d21f30c...b876a758
[ STEP 236 ] Bit #021 = '1' → Using Private_Key_Odd
  Next_Pubkey.Gx = 0x73acb3181acd326641...b393f3a2
  Next_Pubkey.Gy = 0xe5163a402a12ba0398...354ae68e
[ STEP 237 ] Bit #020 = '0' → Using Private_Key_Even
  Next_Pubkey.Gx = 0x572c75b9a1fc3aec37...a8999406
  Next_Pubkey.Gy = 0xfaebdf05832364f6ac...8c0c44b3
[ STEP 238 ] Bit #019 = '1' → Using Private_Key_Odd
  Next_Pubkey.Gx = 0x2f7217dcc80171b414...2379e8e0
  Next_Pubkey.Gy = 0xf71baa517f1e57e454...c71aa092
[ STEP 239 ] Bit #018 = '1' → Using Private_Key_Odd
  Next_Pubkey.Gx = 0x1984c0539426d19ba7...0970b551
  Next_Pubkey.Gy = 0x6a1acc3747547a7a5b...2be6ed62
[ STEP 240 ] Bit #017 = '1' → Using Private_Key_Odd
  Next_Pubkey.Gx = 0xb9c956f171729757b3...fac44cfe
  Next_Pubkey.Gy = 0xb1d44621b4a3dfc6bd...b1abdfc5
[ STEP 241 ] Bit #016 = '1' → Using Private_Key_Odd
  Next_Pubkey.Gx = 0x8990ae1efb0fec23ab...23105b15
  Next_Pubkey.Gy = 0x1126ae96d066770067...5b8c751d
[ STEP 242 ] Bit #015 = '0' → Using Private_Key_Even
  Next_Pubkey.Gx = 0xc0e9233883a26259cb...3305fa3c
  Next_Pubkey.Gy = 0xe13b31791b067cb003...b4d637fe
[ STEP 243 ] Bit #014 = '1' → Using Private_Key_Odd
  Next_Pubkey.Gx = 0xbfa8ae71553d78169d...35109a13
  Next_Pubkey.Gy = 0xeaca2c278a2be84365...87e56c8c
[ STEP 244 ] Bit #013 = '0' → Using Private_Key_Even
  Next_Pubkey.Gx = 0x8e79ed10111a6b3c1d...8f5b0c8d
  Next_Pubkey.Gy = 0xc7e56276059a56ceaa...e6bec4c6
[ STEP 245 ] Bit #012 = '0' → Using Private_Key_Even
  Next_Pubkey.Gx = 0x6c1cdc4a35dee83eeb...e2506109
  Next_Pubkey.Gy = 0xc1c3148d363af94b5e...0377249b
[ STEP 246 ] Bit #011 = '1' → Using Private_Key_Odd
  Next_Pubkey.Gx = 0x58e4e738fb08047961...af579e94
  Next_Pubkey.Gy = 0x60666d90cdf5f96f4b...3e1f4fd8
[ STEP 247 ] Bit #010 = '1' → Using Private_Key_Odd
  Next_Pubkey.Gx = 0xb1985d2a77c10d79de...8d71f914
  Next_Pubkey.Gy = 0x88f461e92014d14299...7b56567d
[ STEP 248 ] Bit #009 = '0' → Using Private_Key_Even
  Next_Pubkey.Gx = 0x9e7f13fa2c520f8a24...9dbc3c8b
  Next_Pubkey.Gy = 0xdbcdd9cf7d0f5f049e...c924e976
[ STEP 249 ] Bit #008 = '1' → Using Private_Key_Odd
  Next_Pubkey.Gx = 0xb36a9eab8b86deaa34...4d507268
  Next_Pubkey.Gy = 0x7352f9f4c19a350dfd...f35b12fc
[ STEP 250 ] Bit #007 = '1' → Using Private_Key_Odd
  Next_Pubkey.Gx = 0xd79fba38a548f989b0...8d5840fa
  Next_Pubkey.Gy = 0x5e681f2b7b1e5178b5...3bd0ce65
[ STEP 251 ] Bit #006 = '0' → Using Private_Key_Even
  Next_Pubkey.Gx = 0xa8f194051bb4dc0374...1d677f4b
  Next_Pubkey.Gy = 0x5e94feb929f8d4663d...04d6ff0a
[ STEP 252 ] Bit #005 = '1' → Using Private_Key_Odd
  Next_Pubkey.Gx = 0x22d8f0290eb0ab00d2...b87e6c86
  Next_Pubkey.Gy = 0xee6769b7a9823a4453...4268da4c
[ STEP 253 ] Bit #004 = '0' → Using Private_Key_Even
  Next_Pubkey.Gx = 0x7a2ee385fc5b06829e...9259e057
  Next_Pubkey.Gy = 0x10b030a9687d7e0506...fcb175c6
[ STEP 254 ] Bit #003 = '1' → Using Private_Key_Odd
  Next_Pubkey.Gx = 0x820f88ded7b7383909...18374d2b
  Next_Pubkey.Gy = 0x4f173218e9fdb71384...4f1f78cf
[ STEP 255 ] Bit #002 = '1' → Using Private_Key_Odd
  Next_Pubkey.Gx = 0x84cb542babb057f81d...112384c6
  Next_Pubkey.Gy = 0xfc04e474be0a955888...7f2844d5
[ STEP 256 ] Bit #001 = '0' → Using Private_Key_Even
  Next_Pubkey.Gx = 0x55c36390bb4ff0d9a3...8ddd0371
  Next_Pubkey.Gy = 0x913084e3c777d5445d...d9d2ea2d
──────────────────────────────────────────────────────────────────────────────
[ RUN ] Scalar multiplication cycle COMPLETE.
[ RUN ] Press BIN to HEX to convert the accumulated bit sequence.
──────────────────────────────────────────────────────────────────────────────
Private Key Hexadecimal Format (64 characters [0-9A-F]):
6B65EB4AA62DD89ADA4C0F9BFF09BA237F53F1EE7A28BB43A432E06BB1B4E35D
──────────────────────────────────────────────────────────────────────────────
──────────────────────────────────────────────────────────────────────────────
Private Key WIF (uncompressed):
5JdavT92Z1hypZBFBRj9C8nuCX3PMmin2gtTE9EBgcV83quS3b3
Private Key WIF (compressed):
KzpUivNRrJ7snu2Db291A9PbPqbXggPPkT46m1KC9qd87HX4P7jN
──────────────────────────────────────────────────────────────────────────────