◈ BTCDetect Software Even and ODD v3.5 — Crypto Research Interface
──────────────────────────────────────────────────────────────────────────────
[ REVERSE ] All fields cleared. Enter a new Bitcoin Address.
──────────────────────────────────────────────────────────────────────────────
[ EXTRACT ] Bitcoin Address: 16jfSBQCDGAYbjuQyVkRLZS2LcYSdW3Rou
[ EXTRACT ] Querying Blockstream API...
[ EXTRACT ] Public Key found:
  02b6175a2e7f4d0001bad17a904196335e414b6812dc250f2f0d59959537a18a65
  Gx = 0xb6175a2e7f4d0001bad17a904196335e414b6812dc250f2f0d59959537a18a65
  Gy = 0xfe67eca2d8e78b462a34183c6d14d3dcee420f9d700b4d8bc9a68475e372c6c4
[ EXTRACT ] Ready. Press RUN to start scalar multiplication.
──────────────────────────────────────────────────────────────────────────────
[ RUN ] Starting scalar multiplication cycle...
[ RUN ] Total bits: 256
[ STEP 001 ] Bit #256 = '0' → Using Private_Key_Even
  Next_Pubkey.Gx = 0x2b87e7b6b9a96db641...063addba
  Next_Pubkey.Gy = 0x1fa6746be360b0e0ed...d75215d5
[ STEP 002 ] Bit #255 = '1' → Using Private_Key_Odd
  Next_Pubkey.Gx = 0xdbe46d83186cfcd029...bf677dc9
  Next_Pubkey.Gy = 0x471c6186182b2c2414...b813d5a4
[ STEP 003 ] Bit #254 = '0' → Using Private_Key_Even
  Next_Pubkey.Gx = 0xf6e67fe36659c0e78e...bfc960e8
  Next_Pubkey.Gy = 0x92d9c84507bb7b4343...ae2ec113
[ STEP 004 ] Bit #253 = '1' → Using Private_Key_Odd
  Next_Pubkey.Gx = 0x5be82ea4d10d0b0186...cddcbca7
  Next_Pubkey.Gy = 0x673b41ba3aaa453aee...e384f843
[ STEP 005 ] Bit #252 = '0' → Using Private_Key_Even
  Next_Pubkey.Gx = 0xaf5b8ff13a1a1eff9e...b4386ade
  Next_Pubkey.Gy = 0xfd1a96b025f5e3b456...36b78705
[ STEP 006 ] Bit #251 = '1' → Using Private_Key_Odd
  Next_Pubkey.Gx = 0xcdd32a8eb3db51dc1b...ed349de6
  Next_Pubkey.Gy = 0xe0afa6447695fbf9b4...972b6841
[ STEP 007 ] Bit #250 = '0' → Using Private_Key_Even
  Next_Pubkey.Gx = 0x6dc1ffcfa5ff210215...211fc9c5
  Next_Pubkey.Gy = 0x69e866f600cbd6eb6f...ddcc112a
[ STEP 008 ] Bit #249 = '0' → Using Private_Key_Even
  Next_Pubkey.Gx = 0x7fad0be91e44392e33...989ac9b1
  Next_Pubkey.Gy = 0x65a1e51e0aa5545128...b4de71b6
[ STEP 009 ] Bit #248 = '1' → Using Private_Key_Odd
  Next_Pubkey.Gx = 0xd6362dcad02b0b51d0...293b1b9a
  Next_Pubkey.Gy = 0x31deffb37289fe2d90...d11b4d24
[ STEP 010 ] Bit #247 = '0' → Using Private_Key_Even
  Next_Pubkey.Gx = 0x4419fd0423c6a472d0...f085519d
  Next_Pubkey.Gy = 0x7298c11322a3672fcb...c47ac2aa
[ STEP 011 ] Bit #246 = '0' → Using Private_Key_Even
  Next_Pubkey.Gx = 0x2839b0b99e9b63e469...d8d194d0
  Next_Pubkey.Gy = 0xeb4010648f17a454e2...18900413
[ STEP 012 ] Bit #245 = '0' → Using Private_Key_Even
  Next_Pubkey.Gx = 0x560f16b9b74dd48d8f...3bd8a0f1
  Next_Pubkey.Gy = 0x15da1469e3672d64db...1312c760
[ STEP 013 ] Bit #244 = '0' → Using Private_Key_Even
  Next_Pubkey.Gx = 0x3d77c8a559736cd54f...ddee2087
  Next_Pubkey.Gy = 0xc749fe29a72635d3d5...aa521d9c
[ STEP 014 ] Bit #243 = '0' → Using Private_Key_Even
  Next_Pubkey.Gx = 0x1b7b3cac10573ba120...a8916fb9
  Next_Pubkey.Gy = 0x59029ca95afef19936...faf18b08
[ STEP 015 ] Bit #242 = '0' → Using Private_Key_Even
  Next_Pubkey.Gx = 0x7786cfc5f45ee668ea...82f213de
  Next_Pubkey.Gy = 0x5d7cf8b3158c540df8...0c2d895d
[ STEP 016 ] Bit #241 = '1' → Using Private_Key_Odd
  Next_Pubkey.Gx = 0x171ceec56646a823a7...d470ece9
  Next_Pubkey.Gy = 0x77b6315d2c6ce14531...5848283b
[ STEP 017 ] Bit #240 = '0' → Using Private_Key_Even
  Next_Pubkey.Gx = 0xb6f50e37718562f4dc...f760bf98
  Next_Pubkey.Gy = 0x96d5d1b841bc3940b9...a4819098
[ STEP 018 ] Bit #239 = '0' → Using Private_Key_Even
  Next_Pubkey.Gx = 0x6423c89402cb9ed5a6...93e0d1df
  Next_Pubkey.Gy = 0x3028530dae6c595edc...14380a05
[ STEP 019 ] Bit #238 = '1' → Using Private_Key_Odd
  Next_Pubkey.Gx = 0x20d0ad0db1a1ff7da0...e698afe7
  Next_Pubkey.Gy = 0x563ae102cb982b490d...6b26da2c
[ STEP 020 ] Bit #237 = '1' → Using Private_Key_Odd
  Next_Pubkey.Gx = 0x70ea547c6e17a8cf9b...19e90697
  Next_Pubkey.Gy = 0xd5e669b989d44d4c2e...6e6d0a6b
[ STEP 021 ] Bit #236 = '0' → Using Private_Key_Even
  Next_Pubkey.Gx = 0x503f3a87120dc886b8...141ad3bf
  Next_Pubkey.Gy = 0xc9e401d3b9950fec27...160bb80a
[ STEP 022 ] Bit #235 = '1' → Using Private_Key_Odd
  Next_Pubkey.Gx = 0xe3fea1de9a5683a6d3...a5980c38
  Next_Pubkey.Gy = 0xbc6e9f8b51c77d6eb2...c132b1c9
[ STEP 023 ] Bit #234 = '1' → Using Private_Key_Odd
  Next_Pubkey.Gx = 0xd10f7be6e01e59b09a...52e66f85
  Next_Pubkey.Gy = 0x9f15d9c5a0e2b6bcc6...f32bcb2f
[ STEP 024 ] Bit #233 = '0' → Using Private_Key_Even
  Next_Pubkey.Gx = 0x19928632fe22c583d9...6e5d3730
  Next_Pubkey.Gy = 0x8d81e0da81b3ba54e7...4b95f8ed
[ STEP 025 ] Bit #232 = '1' → Using Private_Key_Odd
  Next_Pubkey.Gx = 0x325007345dc9f05fdd...1189ea77
  Next_Pubkey.Gy = 0xc2b515a421854fb446...a874d5bb
[ STEP 026 ] Bit #231 = '1' → Using Private_Key_Odd
  Next_Pubkey.Gx = 0xb45d125e5c33328793...2ef34ce3
  Next_Pubkey.Gy = 0x904ab06a1bfe2ab868...44cdf43e
[ STEP 027 ] Bit #230 = '1' → Using Private_Key_Odd
  Next_Pubkey.Gx = 0x3e5130c6eb7df482e1...413513cb
  Next_Pubkey.Gy = 0xfa157743149f607a98...3f259782
[ STEP 028 ] Bit #229 = '0' → Using Private_Key_Even
  Next_Pubkey.Gx = 0x5e975db22738879039...55414e7a
  Next_Pubkey.Gy = 0x36f52082608eb6d486...415b04e1
[ STEP 029 ] Bit #228 = '1' → Using Private_Key_Odd
  Next_Pubkey.Gx = 0xb97824618f6ebdbc45...4b0809de
  Next_Pubkey.Gy = 0x5220e2f22c3d954e0b...4115653f
[ STEP 030 ] Bit #227 = '0' → Using Private_Key_Even
  Next_Pubkey.Gx = 0x841a38a442adbdf3f6...6ce7aaaf
  Next_Pubkey.Gy = 0x448770bed48657d9dc...87c39762
[ STEP 031 ] Bit #226 = '1' → Using Private_Key_Odd
  Next_Pubkey.Gx = 0x56d330446ec91bcc61...d0ea36c0
  Next_Pubkey.Gy = 0xc4b50ec83cf0d9ab26...3ee4f269
[ STEP 032 ] Bit #225 = '1' → Using Private_Key_Odd
  Next_Pubkey.Gx = 0xb64c4ac09ed7af3d19...2505d5ea
  Next_Pubkey.Gy = 0x7b64a2659fe817bb7d...5071ef9b
[ STEP 033 ] Bit #224 = '0' → Using Private_Key_Even
  Next_Pubkey.Gx = 0xe5d713664ecb083781...b08fe4a0
  Next_Pubkey.Gy = 0xbcd3ca61973c8e9023...5f7ce65a
[ STEP 034 ] Bit #223 = '1' → Using Private_Key_Odd
  Next_Pubkey.Gx = 0x7218628640d26541cc...ab83663c
  Next_Pubkey.Gy = 0x6dd5eb12605fb8c16e...130acf88
[ STEP 035 ] Bit #222 = '1' → Using Private_Key_Odd
  Next_Pubkey.Gx = 0x61142157bd0b1960a9...61a97bfd
  Next_Pubkey.Gy = 0x71532d3eb714010e37...12c660b9
[ STEP 036 ] Bit #221 = '1' → Using Private_Key_Odd
  Next_Pubkey.Gx = 0xf48d30d144a19f272e...c063982a
  Next_Pubkey.Gy = 0x5352e0e20856e554d8...5acdbbc6
[ STEP 037 ] Bit #220 = '0' → Using Private_Key_Even
  Next_Pubkey.Gx = 0x5d33635701780e8d7f...1b301f83
  Next_Pubkey.Gy = 0x24b4cc451ad2e02f1e...71163046
[ STEP 038 ] Bit #219 = '0' → Using Private_Key_Even
  Next_Pubkey.Gx = 0xd9772192607a7f6d34...43baa3a3
  Next_Pubkey.Gy = 0xf16a35e3d5c2eca6e0...b5ec86c6
[ STEP 039 ] Bit #218 = '0' → Using Private_Key_Even
  Next_Pubkey.Gx = 0x87420b66c557d1de44...27d61bc9
  Next_Pubkey.Gy = 0x671198f5522a598ab7...3daf519a
[ STEP 040 ] Bit #217 = '1' → Using Private_Key_Odd
  Next_Pubkey.Gx = 0x89dc1790bea0987109...a38c4073
  Next_Pubkey.Gy = 0xf0b0dea737c85bd93b...54c5e2f1
[ STEP 041 ] Bit #216 = '0' → Using Private_Key_Even
  Next_Pubkey.Gx = 0x73a03f1450be1e1a41...45ae770e
  Next_Pubkey.Gy = 0x879f6b71d9cc38c4a6...b53cad7f
[ STEP 042 ] Bit #215 = '0' → Using Private_Key_Even
  Next_Pubkey.Gx = 0xefe7aa6eb0603f68fb...a84d1d32
  Next_Pubkey.Gy = 0x6457a5321e673e10c8...f1646987
[ STEP 043 ] Bit #214 = '1' → Using Private_Key_Odd
  Next_Pubkey.Gx = 0x3423f4fb6f9313d1ea...54bf6eb3
  Next_Pubkey.Gy = 0x2abb684ab28c66b575...89ec2506
[ STEP 044 ] Bit #213 = '1' → Using Private_Key_Odd
  Next_Pubkey.Gx = 0xe69b29a100c22c1b69...cd2be6eb
  Next_Pubkey.Gy = 0xe39dc5c79f1b576602...e7a4a553
[ STEP 045 ] Bit #212 = '0' → Using Private_Key_Even
  Next_Pubkey.Gx = 0x5146f1bd497531d970...e6704317
  Next_Pubkey.Gy = 0xd023b7f372bb3ab324...398287c1
[ STEP 046 ] Bit #211 = '1' → Using Private_Key_Odd
  Next_Pubkey.Gx = 0x1be9274370972c6581...02609df9
  Next_Pubkey.Gy = 0x53957e0e7983427b94...266fdd33
[ STEP 047 ] Bit #210 = '0' → Using Private_Key_Even
  Next_Pubkey.Gx = 0xb48f0e339f8814c238...5feb0436
  Next_Pubkey.Gy = 0x228f54cfd7f233d5e1...0da132f5
[ STEP 048 ] Bit #209 = '1' → Using Private_Key_Odd
  Next_Pubkey.Gx = 0x4940e723debd7fe391...3e2a9237
  Next_Pubkey.Gy = 0x64150bf7ed2940b6e8...741c17c0
[ STEP 049 ] Bit #208 = '1' → Using Private_Key_Odd
  Next_Pubkey.Gx = 0x1ef8f6339e4e509d39...27d96940
  Next_Pubkey.Gy = 0x92d917c508dd97addc...8a64eff5
[ STEP 050 ] Bit #207 = '0' → Using Private_Key_Even
  Next_Pubkey.Gx = 0xf60870412f6ab6f24f...90804dde
  Next_Pubkey.Gy = 0x64962c48b10f43a28f...0b01dbc7
[ STEP 051 ] Bit #206 = '1' → Using Private_Key_Odd
  Next_Pubkey.Gx = 0x571579c76e0649f20f...c4067285
  Next_Pubkey.Gy = 0x70665825b3e27159ab...e971f1a1
[ STEP 052 ] Bit #205 = '0' → Using Private_Key_Even
  Next_Pubkey.Gx = 0x412e80061c9520d2a9...39b3d260
  Next_Pubkey.Gy = 0xada50d43db760bf5f8...04a5d997
[ STEP 053 ] Bit #204 = '1' → Using Private_Key_Odd
  Next_Pubkey.Gx = 0x413476a814b9902b51...d761721f
  Next_Pubkey.Gy = 0x5c82e831b0c66aea56...6f3ab394
[ STEP 054 ] Bit #203 = '1' → Using Private_Key_Odd
  Next_Pubkey.Gx = 0x98afffe7eae1c084cd...a603de7d
  Next_Pubkey.Gy = 0xf8d43815bc9a6a6321...83a1e049
[ STEP 055 ] Bit #202 = '0' → Using Private_Key_Even
  Next_Pubkey.Gx = 0x9ce60ce2405024dc00...31a5012b
  Next_Pubkey.Gy = 0x855b969fbe128a461e...38926c2a
[ STEP 056 ] Bit #201 = '0' → Using Private_Key_Even
  Next_Pubkey.Gx = 0x70425551f8a36d9083...20a2edcd
  Next_Pubkey.Gy = 0xbdc979d4983b6508a5...141f960e
[ STEP 057 ] Bit #200 = '0' → Using Private_Key_Even
  Next_Pubkey.Gx = 0x7a15919eeff180c234...cd645184
  Next_Pubkey.Gy = 0xa9bf50dc1ab03b7a87...4fb0ce20
[ STEP 058 ] Bit #199 = '0' → Using Private_Key_Even
  Next_Pubkey.Gx = 0x1a3a1a6c2a0c1ae776...31606d72
  Next_Pubkey.Gy = 0x176c39fe57ca560296...7f1ff179
[ STEP 059 ] Bit #198 = '1' → Using Private_Key_Odd
  Next_Pubkey.Gx = 0xfea7598092afc5f2aa...3d5aebea
  Next_Pubkey.Gy = 0xdf5e71377b0c795140...86ae75e6
[ STEP 060 ] Bit #197 = '0' → Using Private_Key_Even
  Next_Pubkey.Gx = 0x1758f62268f42799bd...a380d7fd
  Next_Pubkey.Gy = 0x87936b42b661774c37...553c31d2
[ STEP 061 ] Bit #196 = '1' → Using Private_Key_Odd
  Next_Pubkey.Gx = 0xa76f80503bd6cbef7a...78cf2d1a
  Next_Pubkey.Gy = 0x1ee22fcefbb756eb1a...d34d3e50
[ STEP 062 ] Bit #195 = '0' → Using Private_Key_Even
  Next_Pubkey.Gx = 0xfef69dc1e91b0f6e3b...1ba0e392
  Next_Pubkey.Gy = 0xcb034335a40bbe8c09...ca25b1d6
[ STEP 063 ] Bit #194 = '0' → Using Private_Key_Even
  Next_Pubkey.Gx = 0xdb0432b19898970767...4dcdc1ed
  Next_Pubkey.Gy = 0x84d734ce2de9013c88...45e28a7e
[ STEP 064 ] Bit #193 = '1' → Using Private_Key_Odd
  Next_Pubkey.Gx = 0xaa70b57453b16ac1d8...dc93e15c
  Next_Pubkey.Gy = 0x2dcf7928f8e67d5ad0...f262973a
[ STEP 065 ] Bit #192 = '0' → Using Private_Key_Even
  Next_Pubkey.Gx = 0x971d8ee580dc8f26b0...0fad71bc
  Next_Pubkey.Gy = 0x6ffa685c995c08f4ce...d62dd7ec
[ STEP 066 ] Bit #191 = '1' → Using Private_Key_Odd
  Next_Pubkey.Gx = 0x62e5af374a5dc6286f...2ec2ce1e
  Next_Pubkey.Gy = 0x119bcbdf15a2fda40f...454d7e2e
[ STEP 067 ] Bit #190 = '1' → Using Private_Key_Odd
  Next_Pubkey.Gx = 0xc9fbd05a6e1ac47070...2feb9b8d
  Next_Pubkey.Gy = 0x823ff15b12a8455586...93cfe23a
[ STEP 068 ] Bit #189 = '0' → Using Private_Key_Even
  Next_Pubkey.Gx = 0xd704a3e3274555b1b7...daef5ae0
  Next_Pubkey.Gy = 0x6c57a7b5c8130cdd2e...6c704f4b
[ STEP 069 ] Bit #188 = '0' → Using Private_Key_Even
  Next_Pubkey.Gx = 0x122ce959cd83206d11...4a042453
  Next_Pubkey.Gy = 0xe331498531f1f44394...73efe30a
[ STEP 070 ] Bit #187 = '1' → Using Private_Key_Odd
  Next_Pubkey.Gx = 0x50dabea6e97b4e40f2...e2cbd124
  Next_Pubkey.Gy = 0xbf44710497d9aa903a...ebdf7cdf
[ STEP 071 ] Bit #186 = '1' → Using Private_Key_Odd
  Next_Pubkey.Gx = 0x90ecb0c8ced702060e...718320ff
  Next_Pubkey.Gy = 0x5b3d027a0bac650f67...8d5c7edb
[ STEP 072 ] Bit #185 = '1' → Using Private_Key_Odd
  Next_Pubkey.Gx = 0xb1ac08c1aa7a82e616...8e114069
  Next_Pubkey.Gy = 0x25410943d894a18c4f...e7ed1385
[ STEP 073 ] Bit #184 = '0' → Using Private_Key_Even
  Next_Pubkey.Gx = 0x5aa5ed25bb7306f718...a11b2a56
  Next_Pubkey.Gy = 0xc5f08014b24ef8d572...296d547d
[ STEP 074 ] Bit #183 = '0' → Using Private_Key_Even
  Next_Pubkey.Gx = 0x1ae3e783fe98d0c455...d7d65ab0
  Next_Pubkey.Gy = 0x6995b6eb61ac08e9ac...ee4fceaa
[ STEP 075 ] Bit #182 = '1' → Using Private_Key_Odd
  Next_Pubkey.Gx = 0xda0061f168573777ab...8dfff20a
  Next_Pubkey.Gy = 0x9858f19b25a455d286...0022d383
[ STEP 076 ] Bit #181 = '0' → Using Private_Key_Even
  Next_Pubkey.Gx = 0x8f8155a14ad1ae1606...71983454
  Next_Pubkey.Gy = 0xfc63b9acb6bd1deced...3e7807b5
[ STEP 077 ] Bit #180 = '0' → Using Private_Key_Even
  Next_Pubkey.Gx = 0x86c99a8db5b02e777e...7acea4b5
  Next_Pubkey.Gy = 0x53bf5c3e51c961acca...0926ee88
[ STEP 078 ] Bit #179 = '1' → Using Private_Key_Odd
  Next_Pubkey.Gx = 0x1c6b94d1df3a005d79...fd364c9e
  Next_Pubkey.Gy = 0xf5e66b1596972af765...22a1c0b1
[ STEP 079 ] Bit #178 = '0' → Using Private_Key_Even
  Next_Pubkey.Gx = 0xd911631a85cff1d34f...6138d981
  Next_Pubkey.Gy = 0x5ab5c5da6800429331...1ed063e3
[ STEP 080 ] Bit #177 = '1' → Using Private_Key_Odd
  Next_Pubkey.Gx = 0x579db2816f94066474...7eb05179
  Next_Pubkey.Gy = 0x9a78bd2370269ef60d...e50eba2f
[ STEP 081 ] Bit #176 = '1' → Using Private_Key_Odd
  Next_Pubkey.Gx = 0x906153d0b0ab2e5ed9...e8f0601a
  Next_Pubkey.Gy = 0x903a8e522df6b6de53...6f8e6103
[ STEP 082 ] Bit #175 = '1' → Using Private_Key_Odd
  Next_Pubkey.Gx = 0x1dd9986b3572c3b47f...d6942e15
  Next_Pubkey.Gy = 0x241ec013db00083e24...dcf65a67
[ STEP 083 ] Bit #174 = '0' → Using Private_Key_Even
  Next_Pubkey.Gx = 0x30945b945bf530be3c...ebcf2217
  Next_Pubkey.Gy = 0x18674bd58884d9e3c4...455758e7
[ STEP 084 ] Bit #173 = '0' → Using Private_Key_Even
  Next_Pubkey.Gx = 0x960e8090e44787f023...48a5a6a6
  Next_Pubkey.Gy = 0x40e8a8ec0dfaebd659...002357ee
[ STEP 085 ] Bit #172 = '1' → Using Private_Key_Odd
  Next_Pubkey.Gx = 0xe3f8343ac8a2ed6043...ff653db2
  Next_Pubkey.Gy = 0xbff6fb68ca50b48bdb...0186d983
[ STEP 086 ] Bit #171 = '0' → Using Private_Key_Even
  Next_Pubkey.Gx = 0x3e2654f8a6a7f6971c...8a9e7199
  Next_Pubkey.Gy = 0x10a1a49a301ca04829...b71599d0
[ STEP 087 ] Bit #170 = '0' → Using Private_Key_Even
  Next_Pubkey.Gx = 0x5426b26410444010d3...3a6f080b
  Next_Pubkey.Gy = 0x54a57a2f9e262826c5...3042347b
[ STEP 088 ] Bit #169 = '1' → Using Private_Key_Odd
  Next_Pubkey.Gx = 0x6b166850d075df323f...59ac993d
  Next_Pubkey.Gy = 0xce9621ce0fb1c30085...fc5b4eff
[ STEP 089 ] Bit #168 = '0' → Using Private_Key_Even
  Next_Pubkey.Gx = 0xdd5798520d62cc4890...96587c30
  Next_Pubkey.Gy = 0x3b3b4fc761907b5cd0...ca3c4beb
[ STEP 090 ] Bit #167 = '0' → Using Private_Key_Even
  Next_Pubkey.Gx = 0xe9a379b3bfc2b345cc...41703591
  Next_Pubkey.Gy = 0x8e4e860285383bc07f...909207be
[ STEP 091 ] Bit #166 = '1' → Using Private_Key_Odd
  Next_Pubkey.Gx = 0xaa7233b40777d342a6...a90fd22a
  Next_Pubkey.Gy = 0x2bf1514e84fb11d7c4...787f5896
[ STEP 092 ] Bit #165 = '1' → Using Private_Key_Odd
  Next_Pubkey.Gx = 0x173c50e2b80c065556...179bbf93
  Next_Pubkey.Gy = 0x61324fa22492d2486a...9dfe61a7
[ STEP 093 ] Bit #164 = '1' → Using Private_Key_Odd
  Next_Pubkey.Gx = 0x47e82d7fdbc81261df...5c168c7a
  Next_Pubkey.Gy = 0xfb7060ef68d8ea8252...e2e51614
[ STEP 094 ] Bit #163 = '0' → Using Private_Key_Even
  Next_Pubkey.Gx = 0x371d7b2a9c4423d894...f7fcd248
  Next_Pubkey.Gy = 0xee1041914602364dca...c8fb7a8a
[ STEP 095 ] Bit #162 = '1' → Using Private_Key_Odd
  Next_Pubkey.Gx = 0x4155473712d4dc3058...2c70a20c
  Next_Pubkey.Gy = 0x6283f4a0fa8acf8b20...8f0b28fe
[ STEP 096 ] Bit #161 = '1' → Using Private_Key_Odd
  Next_Pubkey.Gx = 0xddc3d7739f95f88456...cbe10738
  Next_Pubkey.Gy = 0x5610b5d2e35c7d985e...f7af7f8c
[ STEP 097 ] Bit #160 = '1' → Using Private_Key_Odd
  Next_Pubkey.Gx = 0x27349a3d54c81276cf...8ee3dd59
  Next_Pubkey.Gy = 0xa3fb5ee2db7f59acc3...7a8f36a5
[ STEP 098 ] Bit #159 = '1' → Using Private_Key_Odd
  Next_Pubkey.Gx = 0x83c3ab7c70e1e0b431...e8f8a48f
  Next_Pubkey.Gy = 0xef6ddab2119d155a41...73bb3a39
[ STEP 099 ] Bit #158 = '1' → Using Private_Key_Odd
  Next_Pubkey.Gx = 0xc4ca360a906a793093...d3f91984
  Next_Pubkey.Gy = 0x116b833167705f290e...dedac97a
[ STEP 100 ] Bit #157 = '0' → Using Private_Key_Even
  Next_Pubkey.Gx = 0x70dfc84f74bd410823...9c1aea5c
  Next_Pubkey.Gy = 0xcc43e8f478e64f1996...4b125f40
[ STEP 101 ] Bit #156 = '0' → Using Private_Key_Even
  Next_Pubkey.Gx = 0xa51b2603c3e5207cf8...373a8ae9
  Next_Pubkey.Gy = 0x7039f01e4b37458ac3...6e1100f0
[ STEP 102 ] Bit #155 = '1' → Using Private_Key_Odd
  Next_Pubkey.Gx = 0x6f027c2f1752af51d9...300ce81e
  Next_Pubkey.Gy = 0xed5a3f754c239052ce...c168160b
[ STEP 103 ] Bit #154 = '0' → Using Private_Key_Even
  Next_Pubkey.Gx = 0xa2474cce38023b3d45...40bb549c
  Next_Pubkey.Gy = 0xc0da99e9636166ccf6...e783406a
[ STEP 104 ] Bit #153 = '0' → Using Private_Key_Even
  Next_Pubkey.Gx = 0x2086b0605d455bddf4...ea98739b
  Next_Pubkey.Gy = 0x3648c9b8751c0d76fb...acba9110
[ STEP 105 ] Bit #152 = '0' → Using Private_Key_Even
  Next_Pubkey.Gx = 0x996cc4a08573aa5c2a...7179a43b
  Next_Pubkey.Gy = 0x13ea95c019f6a47830...fd1534d4
[ STEP 106 ] Bit #151 = '1' → Using Private_Key_Odd
  Next_Pubkey.Gx = 0x8387a733da9e6eb8ab...f6544e9b
  Next_Pubkey.Gy = 0x690cb8dbabe4073450...3e986583
[ STEP 107 ] Bit #150 = '1' → Using Private_Key_Odd
  Next_Pubkey.Gx = 0xb1e831e574db0810e9...285bf96f
  Next_Pubkey.Gy = 0x788a2e0f5f3e9c8cea...af14bb77
[ STEP 108 ] Bit #149 = '1' → Using Private_Key_Odd
  Next_Pubkey.Gx = 0x727d20801a6701e3cb...fd09b906
  Next_Pubkey.Gy = 0x8542b47ec73f67431e...51c5393c
[ STEP 109 ] Bit #148 = '1' → Using Private_Key_Odd
  Next_Pubkey.Gx = 0xb437f0b1758adc0fc4...e8929500
  Next_Pubkey.Gy = 0x7e056e685de1e380dc...221bacba
[ STEP 110 ] Bit #147 = '1' → Using Private_Key_Odd
  Next_Pubkey.Gx = 0x6256cf60c0cd5f1423...80951b96
  Next_Pubkey.Gy = 0xa505762954384291bd...c460cae0
[ STEP 111 ] Bit #146 = '1' → Using Private_Key_Odd
  Next_Pubkey.Gx = 0x7e237fbb7dc2dfefd5...d71220bd
  Next_Pubkey.Gy = 0x2c5f5a199bdb487928...48aa0386
[ STEP 112 ] Bit #145 = '0' → Using Private_Key_Even
  Next_Pubkey.Gx = 0x57e9107d5baf3bddf9...b64534a1
  Next_Pubkey.Gy = 0xca4f70b11c3d459c81...9207b005
[ STEP 113 ] Bit #144 = '0' → Using Private_Key_Even
  Next_Pubkey.Gx = 0x9b5ef1581cac32f2b2...6223093f
  Next_Pubkey.Gy = 0x3cb9618ab2bdc40959...e0bd309d
[ STEP 114 ] Bit #143 = '0' → Using Private_Key_Even
  Next_Pubkey.Gx = 0xa04da0dbab0b181ba7...63e000e8
  Next_Pubkey.Gy = 0xe9740f818c88e476f4...b753c11a
[ STEP 115 ] Bit #142 = '1' → Using Private_Key_Odd
  Next_Pubkey.Gx = 0xb79ca81973878c590d...85af34f5
  Next_Pubkey.Gy = 0xe01c62e1ea74951e24...a4953050
[ STEP 116 ] Bit #141 = '1' → Using Private_Key_Odd
  Next_Pubkey.Gx = 0x7842a824f38ef74d5e...20f881ca
  Next_Pubkey.Gy = 0x4b73cac5714c2e5c47...b3e5e4cf
[ STEP 117 ] Bit #140 = '1' → Using Private_Key_Odd
  Next_Pubkey.Gx = 0xbac2ee65a44336fef7...54959b57
  Next_Pubkey.Gy = 0x15a95e15315456203c...e6b241f2
[ STEP 118 ] Bit #139 = '1' → Using Private_Key_Odd
  Next_Pubkey.Gx = 0xefacad56d73a3452f0...e62e6754
  Next_Pubkey.Gy = 0xebec42728068ab0f4c...5fde2a7f
[ STEP 119 ] Bit #138 = '1' → Using Private_Key_Odd
  Next_Pubkey.Gx = 0xe6531963ab715d89c7...7199fa09
  Next_Pubkey.Gy = 0xf8c9344ed1c49c6bbc...fd0c51ff
[ STEP 120 ] Bit #137 = '1' → Using Private_Key_Odd
  Next_Pubkey.Gx = 0x7c2a0f84620cc42f8f...321da6d9
  Next_Pubkey.Gy = 0xb68c048649deff8d5b...1a8de1f4
[ STEP 121 ] Bit #136 = '0' → Using Private_Key_Even
  Next_Pubkey.Gx = 0x41be398396e3839fed...0cc9e10c
  Next_Pubkey.Gy = 0x16ffb359e2db678413...1ce5369a
[ STEP 122 ] Bit #135 = '0' → Using Private_Key_Even
  Next_Pubkey.Gx = 0x66e03164bd25a3db13...412161d5
  Next_Pubkey.Gy = 0xab16be9d4fc242436f...58037d85
[ STEP 123 ] Bit #134 = '0' → Using Private_Key_Even
  Next_Pubkey.Gx = 0xec9e2068702a880a5b...aeecf50a
  Next_Pubkey.Gy = 0xd99ff1042a5ad5a508...380961fb
[ STEP 124 ] Bit #133 = '1' → Using Private_Key_Odd
  Next_Pubkey.Gx = 0x95f1855e40cb67f835...0146beea
  Next_Pubkey.Gy = 0x50ce9d3cafeda8c971...a11a4405
[ STEP 125 ] Bit #132 = '0' → Using Private_Key_Even
  Next_Pubkey.Gx = 0x99ad197f9631c9fd12...9da658aa
  Next_Pubkey.Gy = 0x186652a9a0a70f3758...ef5af870
[ STEP 126 ] Bit #131 = '1' → Using Private_Key_Odd
  Next_Pubkey.Gx = 0x989c2fc890c7e7cd99...5578dc33
  Next_Pubkey.Gy = 0x729db272a7b2455c6f...100055c7
[ STEP 127 ] Bit #130 = '0' → Using Private_Key_Even
  Next_Pubkey.Gx = 0xcee404f6b84ee059fe...0020844e
  Next_Pubkey.Gy = 0x588623c81dfb05816a...f0cb30c1
[ STEP 128 ] Bit #129 = '0' → Using Private_Key_Even
  Next_Pubkey.Gx = 0xe2a1af918829d294ae...443e44a0
  Next_Pubkey.Gy = 0x96002eb5aa85707226...f0653f11
[ STEP 129 ] Bit #128 = '0' → Using Private_Key_Even
  Next_Pubkey.Gx = 0x456e7149e24a86d803...bff6dae6
  Next_Pubkey.Gy = 0x527695bcc045c29220...50768a50
[ STEP 130 ] Bit #127 = '1' → Using Private_Key_Odd
  Next_Pubkey.Gx = 0x8024ae926853e43ee9...ce79593d
  Next_Pubkey.Gy = 0x73a613b344613a80a3...62ae1d65
[ STEP 131 ] Bit #126 = '0' → Using Private_Key_Even
  Next_Pubkey.Gx = 0x8cd140cdba9ef45abb...0fcae7d3
  Next_Pubkey.Gy = 0x285050dc1ea2b14271...67045c03
[ STEP 132 ] Bit #125 = '1' → Using Private_Key_Odd
  Next_Pubkey.Gx = 0x945e2b66b4cf3bc542...5c09151c
  Next_Pubkey.Gy = 0x3f00bbe8147c3b9c1b...2cf47dba
[ STEP 133 ] Bit #124 = '1' → Using Private_Key_Odd
  Next_Pubkey.Gx = 0x2b41e0da0ac8e50798...ca879807
  Next_Pubkey.Gy = 0xa45b353abe55be5021...5130ff9e
[ STEP 134 ] Bit #123 = '0' → Using Private_Key_Even
  Next_Pubkey.Gx = 0x240e5b8fea13c1f876...d8804f03
  Next_Pubkey.Gy = 0x4ffe0784e74a3f3adb...3bb97117
[ STEP 135 ] Bit #122 = '1' → Using Private_Key_Odd
  Next_Pubkey.Gx = 0x5f401233dcacd3bb70...7c6e6415
  Next_Pubkey.Gy = 0x69fbee3fc3c898da21...139c5bee
[ STEP 136 ] Bit #121 = '1' → Using Private_Key_Odd
  Next_Pubkey.Gx = 0x2b9e726f1042e7eb1c...c6870a0e
  Next_Pubkey.Gy = 0xcbb9e8a2445dcf2110...58302ef7
[ STEP 137 ] Bit #120 = '1' → Using Private_Key_Odd
  Next_Pubkey.Gx = 0xb3f269e187d9c007f3...5955d91f
  Next_Pubkey.Gy = 0xcb64a44d273be4a307...096e6ebf
[ STEP 138 ] Bit #119 = '1' → Using Private_Key_Odd
  Next_Pubkey.Gx = 0xb4623cde65dc66574d...9587c364
  Next_Pubkey.Gy = 0x26a5e5053150e28071...ff03de2f
[ STEP 139 ] Bit #118 = '0' → Using Private_Key_Even
  Next_Pubkey.Gx = 0x36993b8a62ad8c2314...1c061b86
  Next_Pubkey.Gy = 0xeaad4cb51e1a6e7195...1964034f
[ STEP 140 ] Bit #117 = '0' → Using Private_Key_Even
  Next_Pubkey.Gx = 0x284a5bec7c0ba30536...984ebf91
  Next_Pubkey.Gy = 0xa870da4e7f46f99e13...1bad65a6
[ STEP 141 ] Bit #116 = '0' → Using Private_Key_Even
  Next_Pubkey.Gx = 0xe3972ac95ac01b25b1...1378e3a1
  Next_Pubkey.Gy = 0x57655b73598b1228b6...3e39838e
[ STEP 142 ] Bit #115 = '0' → Using Private_Key_Even
  Next_Pubkey.Gx = 0xd7f967f4886737a573...6ffc2139
  Next_Pubkey.Gy = 0x7885f00d8cce579505...f472e5b8
[ STEP 143 ] Bit #114 = '1' → Using Private_Key_Odd
  Next_Pubkey.Gx = 0xe8b7ca59c1056487b5...c3a208de
  Next_Pubkey.Gy = 0x9d8f247020beefc80f...27cc13d8
[ STEP 144 ] Bit #113 = '0' → Using Private_Key_Even
  Next_Pubkey.Gx = 0xcd895bfa7d0186f4f1...9f6cc5ef
  Next_Pubkey.Gy = 0xd96778f74abf7b42f5...4d93c729
[ STEP 145 ] Bit #112 = '0' → Using Private_Key_Even
  Next_Pubkey.Gx = 0x7ec4ab3ddc929cabde...080508f3
  Next_Pubkey.Gy = 0x75ad570792c31533d8...02a47c23
[ STEP 146 ] Bit #111 = '0' → Using Private_Key_Even
  Next_Pubkey.Gx = 0x7b3682bb07d0f7ab02...0cbf3a3f
  Next_Pubkey.Gy = 0xc466b8bd67f71dfec5...e7db6e37
[ STEP 147 ] Bit #110 = '1' → Using Private_Key_Odd
  Next_Pubkey.Gx = 0x9a17eb0a93cb5114e0...7f375c50
  Next_Pubkey.Gy = 0x7f9748a57a03874962...3b58214d
[ STEP 148 ] Bit #109 = '1' → Using Private_Key_Odd
  Next_Pubkey.Gx = 0x988d9b51bae179ba5f...d548e3b2
  Next_Pubkey.Gy = 0x8dd6250cf6a81a52d2...4f6b6e14
[ STEP 149 ] Bit #108 = '0' → Using Private_Key_Even
  Next_Pubkey.Gx = 0xc4c5682d01a7a8b55a...bbfa459b
  Next_Pubkey.Gy = 0x7a4ef3d6d12213c432...6a979385
[ STEP 150 ] Bit #107 = '1' → Using Private_Key_Odd
  Next_Pubkey.Gx = 0x1d052bb97e5bd42732...9ce56d0f
  Next_Pubkey.Gy = 0xa7e9dc5cfada4bdf5e...637b197c
[ STEP 151 ] Bit #106 = '1' → Using Private_Key_Odd
  Next_Pubkey.Gx = 0x80faadd34c6e03273b...67670218
  Next_Pubkey.Gy = 0x4f762b1326c07a35b8...032aa8ee
[ STEP 152 ] Bit #105 = '0' → Using Private_Key_Even
  Next_Pubkey.Gx = 0xdcc7dca1035432a150...97f6175c
  Next_Pubkey.Gy = 0xd7e521949cfc365a90...4600ebe2
[ STEP 153 ] Bit #104 = '1' → Using Private_Key_Odd
  Next_Pubkey.Gx = 0x3d951d99b39ad06a8b...635c088d
  Next_Pubkey.Gy = 0x73457c93226d4c0151...07aedb7d
[ STEP 154 ] Bit #103 = '0' → Using Private_Key_Even
  Next_Pubkey.Gx = 0x5f67688599774bfac5...64d16be2
  Next_Pubkey.Gy = 0x46d82e3f0a4d855b61...e739d9a4
[ STEP 155 ] Bit #102 = '1' → Using Private_Key_Odd
  Next_Pubkey.Gx = 0x31a5fc288eb1ae2e98...65fc478e
  Next_Pubkey.Gy = 0x93677c78f09a51376e...33eb59b3
[ STEP 156 ] Bit #101 = '0' → Using Private_Key_Even
  Next_Pubkey.Gx = 0x8a2b66643419a810b3...1aa23d7b
  Next_Pubkey.Gy = 0xa2d3a9fd6fe75385bb...b16d2858
[ STEP 157 ] Bit #100 = '0' → Using Private_Key_Even
  Next_Pubkey.Gx = 0x4314e9fd006a634e9c...7218233a
  Next_Pubkey.Gy = 0x6a3783fa5a5bd6eb77...9c6ec16b
[ STEP 158 ] Bit #099 = '0' → Using Private_Key_Even
  Next_Pubkey.Gx = 0xc6a134c21b95f4b231...a3131169
  Next_Pubkey.Gy = 0xa8ac82c498fb24dfdc...20598814
[ STEP 159 ] Bit #098 = '1' → Using Private_Key_Odd
  Next_Pubkey.Gx = 0xa04e222b489a94922a...f0b3fbc1
  Next_Pubkey.Gy = 0xf59ffe89d167b2d8c9...07df4fb9
[ STEP 160 ] Bit #097 = '0' → Using Private_Key_Even
  Next_Pubkey.Gx = 0xca6c04284bb69f3dde...31a56c26
  Next_Pubkey.Gy = 0x15904081977796ee49...db233993
[ STEP 161 ] Bit #096 = '0' → Using Private_Key_Even
  Next_Pubkey.Gx = 0xae646e1226927406ac...e156b1e5
  Next_Pubkey.Gy = 0x48a9cf6ca44a36acd0...c1819953
[ STEP 162 ] Bit #095 = '1' → Using Private_Key_Odd
  Next_Pubkey.Gx = 0xe75a99a4dfb1dce9a6...6076d6ee
  Next_Pubkey.Gy = 0xdf5834647a94c7947e...d3fbdd4b
[ STEP 163 ] Bit #094 = '1' → Using Private_Key_Odd
  Next_Pubkey.Gx = 0x7b7a4a53d1d7476326...b0cbab9a
  Next_Pubkey.Gy = 0xb2cce608af9abd1da8...0e151d3c
[ STEP 164 ] Bit #093 = '0' → Using Private_Key_Even
  Next_Pubkey.Gx = 0x4ea43f70522afe61e0...5af9081f
  Next_Pubkey.Gy = 0x352e23b9dd64588dd5...e08f60cc
[ STEP 165 ] Bit #092 = '1' → Using Private_Key_Odd
  Next_Pubkey.Gx = 0x285d898a616839ae1f...e42d6914
  Next_Pubkey.Gy = 0x80ac7df0f8a571aead...bffee737
[ STEP 166 ] Bit #091 = '1' → Using Private_Key_Odd
  Next_Pubkey.Gx = 0x28dacf974fc5f79852...43eac537
  Next_Pubkey.Gy = 0x34a96c143e3425f865...83fc8ee4
[ STEP 167 ] Bit #090 = '1' → Using Private_Key_Odd
  Next_Pubkey.Gx = 0xae069304b507a647b4...5df700ac
  Next_Pubkey.Gy = 0xc965ddd0b88bdfe9a7...a54c5712
[ STEP 168 ] Bit #089 = '1' → Using Private_Key_Odd
  Next_Pubkey.Gx = 0xf9897a15afe084dd1d...354ef993
  Next_Pubkey.Gy = 0xa7edacc131458da8fa...c1a3ecd5
[ STEP 169 ] Bit #088 = '0' → Using Private_Key_Even
  Next_Pubkey.Gx = 0x3ec19043e82339f1a8...1b83f89a
  Next_Pubkey.Gy = 0x9e793aa5e6ed99cde8...cb6287b7
[ STEP 170 ] Bit #087 = '0' → Using Private_Key_Even
  Next_Pubkey.Gx = 0x56960656bb2962ec45...ec651179
  Next_Pubkey.Gy = 0xe9a3ad614be9e2cae8...dccc2f11
[ STEP 171 ] Bit #086 = '0' → Using Private_Key_Even
  Next_Pubkey.Gx = 0x5b28d74ca71db1e417...b19d9dda
  Next_Pubkey.Gy = 0xd8615a1151edffcc2e...7d7eceed
[ STEP 172 ] Bit #085 = '1' → Using Private_Key_Odd
  Next_Pubkey.Gx = 0x7f74e6637d33fe57c6...67445fcf
  Next_Pubkey.Gy = 0x820ef8af8f63bbc5b5...a68dcc53
[ STEP 173 ] Bit #084 = '0' → Using Private_Key_Even
  Next_Pubkey.Gx = 0x5b773b40c54260f9d6...92ded1f1
  Next_Pubkey.Gy = 0x8644b93d0490e62408...c4bc731b
[ STEP 174 ] Bit #083 = '0' → Using Private_Key_Even
  Next_Pubkey.Gx = 0xfdaaac605f289491cb...22acc619
  Next_Pubkey.Gy = 0x628d16d3b90cd5f0f3...119f9c58
[ STEP 175 ] Bit #082 = '0' → Using Private_Key_Even
  Next_Pubkey.Gx = 0xebbd2106229d4b745c...396003c3
  Next_Pubkey.Gy = 0x9f7d489443138602a5...adf86132
[ STEP 176 ] Bit #081 = '1' → Using Private_Key_Odd
  Next_Pubkey.Gx = 0x76675009e1cc67511d...3636f09c
  Next_Pubkey.Gy = 0xca9ac85b9eee24b07b...b9989822
[ STEP 177 ] Bit #080 = '0' → Using Private_Key_Even
  Next_Pubkey.Gx = 0xd404aa4f58fe66ef15...536e8649
  Next_Pubkey.Gy = 0x7e4e367c73840d46ce...01bc4413
[ STEP 178 ] Bit #079 = '1' → Using Private_Key_Odd
  Next_Pubkey.Gx = 0x89f29a6233fc8384b1...9a046c96
  Next_Pubkey.Gy = 0x242eb4e44ad5a3da46...5036cc23
[ STEP 179 ] Bit #078 = '0' → Using Private_Key_Even
  Next_Pubkey.Gx = 0x2921496778a91e0bc4...1951456a
  Next_Pubkey.Gy = 0xa4c833cc4dda2d5a79...9e40f685
[ STEP 180 ] Bit #077 = '0' → Using Private_Key_Even
  Next_Pubkey.Gx = 0xcb1a3282b375b9d6cd...9235ab35
  Next_Pubkey.Gy = 0x7a3248576b4c478136...a9f57a70
[ STEP 181 ] Bit #076 = '0' → Using Private_Key_Even
  Next_Pubkey.Gx = 0x67703d6460a6334510...dc1350c2
  Next_Pubkey.Gy = 0x205d7e3213b0ddb22e...b2dcef4a
[ STEP 182 ] Bit #075 = '1' → Using Private_Key_Odd
  Next_Pubkey.Gx = 0xff4d4e70351da8c365...ad123ec4
  Next_Pubkey.Gy = 0xba4b219bb03dec3b58...c89c8370
[ STEP 183 ] Bit #074 = '0' → Using Private_Key_Even
  Next_Pubkey.Gx = 0x4dbf733740402d338c...c16cb6c1
  Next_Pubkey.Gy = 0xbd1f9682edd72cd484...0177c9c6
[ STEP 184 ] Bit #073 = '1' → Using Private_Key_Odd
  Next_Pubkey.Gx = 0xc1323a837de9050a3b...9e0eb4da
  Next_Pubkey.Gy = 0xf5bb683b828097591d...a3d13960
[ STEP 185 ] Bit #072 = '0' → Using Private_Key_Even
  Next_Pubkey.Gx = 0xd46de0073d6177e63c...9c617d6c
  Next_Pubkey.Gy = 0x7a8f8482998deee9d6...ebcadb84
[ STEP 186 ] Bit #071 = '0' → Using Private_Key_Even
  Next_Pubkey.Gx = 0x459587dcca21ebc344...ae984cfe
  Next_Pubkey.Gy = 0x4c54a1b357bcbcfd92...f1b0977a
[ STEP 187 ] Bit #070 = '0' → Using Private_Key_Even
  Next_Pubkey.Gx = 0xe8fd0441a5c423b95b...2404e7c4
  Next_Pubkey.Gy = 0xbf394f9472ccd75895...a49b6b4d
[ STEP 188 ] Bit #069 = '1' → Using Private_Key_Odd
  Next_Pubkey.Gx = 0xa4a071c5c74c6da108...2cdd5ecb
  Next_Pubkey.Gy = 0x7ddcbd16d5e924619d...d930eddc
[ STEP 189 ] Bit #068 = '1' → Using Private_Key_Odd
  Next_Pubkey.Gx = 0x4859ff09b1a7d3a8ab...44d43283
  Next_Pubkey.Gy = 0x7aef6df7bf035c27bd...c337230a
[ STEP 190 ] Bit #067 = '1' → Using Private_Key_Odd
  Next_Pubkey.Gx = 0x2cecf0eca90ffc0b64...f2ca0a39
  Next_Pubkey.Gy = 0x7735ac0dbaaaadf7aa...07b54ca8
[ STEP 191 ] Bit #066 = '0' → Using Private_Key_Even
  Next_Pubkey.Gx = 0x6a1b44b2c50f8a89cc...556e5aef
  Next_Pubkey.Gy = 0xfc5d563abecbee3f77...81a7911d
[ STEP 192 ] Bit #065 = '0' → Using Private_Key_Even
  Next_Pubkey.Gx = 0xfb2292568fea81cd17...2e135da4
  Next_Pubkey.Gy = 0xcbcf8717b566ee9b05...5fdec14a
[ STEP 193 ] Bit #064 = '0' → Using Private_Key_Even
  Next_Pubkey.Gx = 0x104adf7aedd4ee4528...426f1bcf
  Next_Pubkey.Gy = 0xc55d6794aa409a6fe5...ff336a3d
[ STEP 194 ] Bit #063 = '0' → Using Private_Key_Even
  Next_Pubkey.Gx = 0x18d30da8599b6265e8...ee1875f3
  Next_Pubkey.Gy = 0x55f75e799ab2b16d6a...74ea1453
[ STEP 195 ] Bit #062 = '1' → Using Private_Key_Odd
  Next_Pubkey.Gx = 0x7b5b1fca8fcd4738a8...0782ef9d
  Next_Pubkey.Gy = 0xe80f9c7c5c7721141f...6bbce986
[ STEP 196 ] Bit #061 = '0' → Using Private_Key_Even
  Next_Pubkey.Gx = 0x189c068ce0890cb0ea...23e00d6f
  Next_Pubkey.Gy = 0xcaf23519a6c885bc9e...c3dd65fa
[ STEP 197 ] Bit #060 = '1' → Using Private_Key_Odd
  Next_Pubkey.Gx = 0x8cd93af52ee0c3779c...5d831fac
  Next_Pubkey.Gy = 0xe69a2c5368ce0256aa...2c57eb38
[ STEP 198 ] Bit #059 = '0' → Using Private_Key_Even
  Next_Pubkey.Gx = 0x32376bb3598897f64f...9a00952e
  Next_Pubkey.Gy = 0xab83c833efb9b4f668...3139c837
[ STEP 199 ] Bit #058 = '0' → Using Private_Key_Even
  Next_Pubkey.Gx = 0x9546306b61a4e0e5e9...6c75ff52
  Next_Pubkey.Gy = 0x28f84389f5eeafa136...b4bd940e
[ STEP 200 ] Bit #057 = '1' → Using Private_Key_Odd
  Next_Pubkey.Gx = 0x105980cc67b15132f0...4434da93
  Next_Pubkey.Gy = 0xcb7b695f693719f61a...0601db03
[ STEP 201 ] Bit #056 = '1' → Using Private_Key_Odd
  Next_Pubkey.Gx = 0xf3a8913d70e63133fb...b9acbe95
  Next_Pubkey.Gy = 0xaf648a370472f8a8ae...99d9aa35
[ STEP 202 ] Bit #055 = '0' → Using Private_Key_Even
  Next_Pubkey.Gx = 0x4249af4162ac167721...642f7e29
  Next_Pubkey.Gy = 0xb8af05ee4b156f1350...e26b2a83
[ STEP 203 ] Bit #054 = '0' → Using Private_Key_Even
  Next_Pubkey.Gx = 0x32710bfca2bb17ad04...e104ad1e
  Next_Pubkey.Gy = 0x10d4e90a5bd54bec1f...fec8e066
[ STEP 204 ] Bit #053 = '1' → Using Private_Key_Odd
  Next_Pubkey.Gx = 0x276c62d049a957ba48...b115e2fa
  Next_Pubkey.Gy = 0x56173bbf30bab47b60...17bda59b
[ STEP 205 ] Bit #052 = '0' → Using Private_Key_Even
  Next_Pubkey.Gx = 0xe18ae056cd22da58b5...982d2625
  Next_Pubkey.Gy = 0x66029511a2b84824f3...c62e4643
[ STEP 206 ] Bit #051 = '0' → Using Private_Key_Even
  Next_Pubkey.Gx = 0x83b0acb8070992ecde...60cd95ee
  Next_Pubkey.Gy = 0x51927372cface75f6f...b93680fb
[ STEP 207 ] Bit #050 = '0' → Using Private_Key_Even
  Next_Pubkey.Gx = 0x5db6475b9ca4739d0b...6f788bff
  Next_Pubkey.Gy = 0xab88e1f897de733015...0e6fb9a1
[ STEP 208 ] Bit #049 = '1' → Using Private_Key_Odd
  Next_Pubkey.Gx = 0xce4ee92938283b8282...ecac6759
  Next_Pubkey.Gy = 0x25e2e560fea7ea6a3d...2425f9b2
[ STEP 209 ] Bit #048 = '0' → Using Private_Key_Even
  Next_Pubkey.Gx = 0xc8e702cdcdde3d4265...bc2dd306
  Next_Pubkey.Gy = 0xf499fdfe0bfbf9671c...1c5208d7
[ STEP 210 ] Bit #047 = '0' → Using Private_Key_Even
  Next_Pubkey.Gx = 0xe5f1853c092c27b1da...4b3ce1a3
  Next_Pubkey.Gy = 0xf352c90a8813fdb748...2c1e44c2
[ STEP 211 ] Bit #046 = '1' → Using Private_Key_Odd
  Next_Pubkey.Gx = 0x898f57d6bf993d76e5...d9f4d349
  Next_Pubkey.Gy = 0x880e8ae8d2c5a3b30e...51e37dfc
[ STEP 212 ] Bit #045 = '0' → Using Private_Key_Even
  Next_Pubkey.Gx = 0x3b3911867bef49b7e7...81c591d8
  Next_Pubkey.Gy = 0x24a9c57fb16cf490bb...6d44a6c7
[ STEP 213 ] Bit #044 = '1' → Using Private_Key_Odd
  Next_Pubkey.Gx = 0xa8f2c4117c9499176f...5b20cd9d
  Next_Pubkey.Gy = 0x8e3e28781590097d28...a7d63496
[ STEP 214 ] Bit #043 = '1' → Using Private_Key_Odd
  Next_Pubkey.Gx = 0x9a04aba5aec812cda7...717f4b4a
  Next_Pubkey.Gy = 0x718625ca82c4ad56df...83189713
[ STEP 215 ] Bit #042 = '0' → Using Private_Key_Even
  Next_Pubkey.Gx = 0xc7e00a5cee762368c5...e44ce757
  Next_Pubkey.Gy = 0x438b724714a9bfebad...61212008
[ STEP 216 ] Bit #041 = '0' → Using Private_Key_Even
  Next_Pubkey.Gx = 0x7726661302927e13da...64841d93
  Next_Pubkey.Gy = 0xdf83a6d52cd0686aca...c15baa76
[ STEP 217 ] Bit #040 = '1' → Using Private_Key_Odd
  Next_Pubkey.Gx = 0x43e7a4712cf8a096eb...a8778ecd
  Next_Pubkey.Gy = 0x7e2ca2640a9fdad0a7...17ffddec
[ STEP 218 ] Bit #039 = '0' → Using Private_Key_Even
  Next_Pubkey.Gx = 0x68fad128ce25f8200f...c1e90147
  Next_Pubkey.Gy = 0x790384b47ef56d00b6...e18d3d20
[ STEP 219 ] Bit #038 = '1' → Using Private_Key_Odd
  Next_Pubkey.Gx = 0x7fec9b26f3ede932b0...623a321b
  Next_Pubkey.Gy = 0xbbd49b9e54231687ac...0596baf5
[ STEP 220 ] Bit #037 = '1' → Using Private_Key_Odd
  Next_Pubkey.Gx = 0xed92c22a32b4db496b...a06f4c56
  Next_Pubkey.Gy = 0x7f69c6b5401f78373c...a1d5bda1
[ STEP 221 ] Bit #036 = '1' → Using Private_Key_Odd
  Next_Pubkey.Gx = 0x6d7b51580ee3bf0095...df6aa9fc
  Next_Pubkey.Gy = 0x94cbf37231d44b54df...8b3d0333
[ STEP 222 ] Bit #035 = '0' → Using Private_Key_Even
  Next_Pubkey.Gx = 0xe19dd38220aa46cba4...073ffb71
  Next_Pubkey.Gy = 0x8a7049dc5e394409c0...2ec64334
[ STEP 223 ] Bit #034 = '1' → Using Private_Key_Odd
  Next_Pubkey.Gx = 0x3516e39e6cea5fbc0a...40cb1ac4
  Next_Pubkey.Gy = 0x46af7038ea6cb5fa4d...713676d8
[ STEP 224 ] Bit #033 = '1' → Using Private_Key_Odd
  Next_Pubkey.Gx = 0xd369cec1f428f7529c...f7c0383d
  Next_Pubkey.Gy = 0xbac9387672b979c8e5...d2535f4d
[ STEP 225 ] Bit #032 = '0' → Using Private_Key_Even
  Next_Pubkey.Gx = 0x9d54e30de990cb5e58...027f2480
  Next_Pubkey.Gy = 0x6007598282381f68ef...d727232c
[ STEP 226 ] Bit #031 = '1' → Using Private_Key_Odd
  Next_Pubkey.Gx = 0xa705385015c79bbfa4...690e6db2
  Next_Pubkey.Gy = 0x21b249a2889bc9d0df...34f1e6e1
[ STEP 227 ] Bit #030 = '1' → Using Private_Key_Odd
  Next_Pubkey.Gx = 0x89295275660fec0b2a...e5955de2
  Next_Pubkey.Gy = 0xe55ea083ead8414cae...fc14bc2e
[ STEP 228 ] Bit #029 = '1' → Using Private_Key_Odd
  Next_Pubkey.Gx = 0xbe2499f7a9e13aa808...175d85b6
  Next_Pubkey.Gy = 0xe4616598a912dfbf7a...fed3f708
[ STEP 229 ] Bit #028 = '1' → Using Private_Key_Odd
  Next_Pubkey.Gx = 0xe08d943ee0ebe3a7ea...5a7f46b4
  Next_Pubkey.Gy = 0x6046ee29f72fa0fe7c...a95e5ee1
[ STEP 230 ] Bit #027 = '0' → Using Private_Key_Even
  Next_Pubkey.Gx = 0x6baf18802a7d56bac6...5a0b7a85
  Next_Pubkey.Gy = 0xce11cb2a29b3b5f112...e5dd0472
[ STEP 231 ] Bit #026 = '1' → Using Private_Key_Odd
  Next_Pubkey.Gx = 0x7bbe13510f659d30a3...a3cfa6d1
  Next_Pubkey.Gy = 0x99073511b61c36ef84...8357b713
[ STEP 232 ] Bit #025 = '1' → Using Private_Key_Odd
  Next_Pubkey.Gx = 0x6c1797ca863f0b1df6...95ac4d0c
  Next_Pubkey.Gy = 0x8444b4b4f42b176c86...4058f22b
[ STEP 233 ] Bit #024 = '0' → Using Private_Key_Even
  Next_Pubkey.Gx = 0x69443bee4ebe69097a...36213ee5
  Next_Pubkey.Gy = 0x516194df86ed635f81...c88b3c76
[ STEP 234 ] Bit #023 = '1' → Using Private_Key_Odd
  Next_Pubkey.Gx = 0xcbb0e010f902b15c31...d6f108e8
  Next_Pubkey.Gy = 0xf091ea2b2871d211e7...d9e81f84
[ STEP 235 ] Bit #022 = '1' → Using Private_Key_Odd
  Next_Pubkey.Gx = 0xdffc68854fa2201953...5c876c33
  Next_Pubkey.Gy = 0xaceea7fab26e13e528...543ac2e0
[ STEP 236 ] Bit #021 = '0' → Using Private_Key_Even
  Next_Pubkey.Gx = 0xde6c0f795382a3bb34...5bfc3359
  Next_Pubkey.Gy = 0x7379c411ab03b8251e...7f0bb8c6
[ STEP 237 ] Bit #020 = '0' → Using Private_Key_Even
  Next_Pubkey.Gx = 0xecda7168d0438b9cd0...3e7a3275
  Next_Pubkey.Gy = 0xfe8153ef53900090ac...dbd32518
[ STEP 238 ] Bit #019 = '1' → Using Private_Key_Odd
  Next_Pubkey.Gx = 0x7ccbe517f7c7a95879...aca54195
  Next_Pubkey.Gy = 0x8f2fe7fcd749c24e37...08e14dda
[ STEP 239 ] Bit #018 = '1' → Using Private_Key_Odd
  Next_Pubkey.Gx = 0xa4aa79dd7bcd89b645...2af8a889
  Next_Pubkey.Gy = 0x2a3f953bc07e5174d2...7ab88d9b
[ STEP 240 ] Bit #017 = '1' → Using Private_Key_Odd
  Next_Pubkey.Gx = 0x2434ac84cc49ecfe8e...7d478805
  Next_Pubkey.Gy = 0xb4e078aa4fe157e2d7...a1831fc2
[ STEP 241 ] Bit #016 = '0' → Using Private_Key_Even
  Next_Pubkey.Gx = 0x52eb2b3584fb9e64dc...5d58d5cd
  Next_Pubkey.Gy = 0x725ac87117f85b6983...e0189f68
[ STEP 242 ] Bit #015 = '1' → Using Private_Key_Odd
  Next_Pubkey.Gx = 0x5d7267d3b9c28564fb...d1ecb03c
  Next_Pubkey.Gy = 0xdc91bfe170a39a3154...ad4c4b3f
[ STEP 243 ] Bit #014 = '1' → Using Private_Key_Odd
  Next_Pubkey.Gx = 0x9be8d9adfeed8d1ae5...88ae2db3
  Next_Pubkey.Gy = 0x5fac4b48ba9afb621f...aa45d300
[ STEP 244 ] Bit #013 = '1' → Using Private_Key_Odd
  Next_Pubkey.Gx = 0xb281a6d9fce23c384f...3d03c247
  Next_Pubkey.Gy = 0x1eddfe372448e27f2d...222fb85d
[ STEP 245 ] Bit #012 = '1' → Using Private_Key_Odd
  Next_Pubkey.Gx = 0xed40625195106934c5...3d5933d0
  Next_Pubkey.Gy = 0xc9526664604c2aefce...645ab265
[ STEP 246 ] Bit #011 = '1' → Using Private_Key_Odd
  Next_Pubkey.Gx = 0x3651d922bfa7cd198c...1104f045
  Next_Pubkey.Gy = 0x44a8c18594455b5ca1...172798ad
[ STEP 247 ] Bit #010 = '1' → Using Private_Key_Odd
  Next_Pubkey.Gx = 0xbf07a3fd227e48337e...5fb3c77f
  Next_Pubkey.Gy = 0x50582797efde3c4ae6...113b5f5b
[ STEP 248 ] Bit #009 = '0' → Using Private_Key_Even
  Next_Pubkey.Gx = 0x275d5c599fade5db57...0f3354a1
  Next_Pubkey.Gy = 0x72f04606b2acee63b2...55c2976d
[ STEP 249 ] Bit #008 = '1' → Using Private_Key_Odd
  Next_Pubkey.Gx = 0xe31abb7ce3c38e580d...3c036935
  Next_Pubkey.Gy = 0xdcec4e1ae903729626...1817c5c5
[ STEP 250 ] Bit #007 = '0' → Using Private_Key_Even
  Next_Pubkey.Gx = 0x25cc23bd8ca7b1ec12...b6f1ff64
  Next_Pubkey.Gy = 0x3230337310be484b0c...eee782bc
[ STEP 251 ] Bit #006 = '1' → Using Private_Key_Odd
  Next_Pubkey.Gx = 0x34aa5e69694f444b02...13359070
  Next_Pubkey.Gy = 0x21ace377c5c3b1bfa1...0d9e50f8
[ STEP 252 ] Bit #005 = '1' → Using Private_Key_Odd
  Next_Pubkey.Gx = 0xeda77d4f109bd65a91...6e4b448c
  Next_Pubkey.Gy = 0xa1f68b98afca7d24db...eae122ba
[ STEP 253 ] Bit #004 = '1' → Using Private_Key_Odd
  Next_Pubkey.Gx = 0x9c2fa5a55b0e8181d0...4d730e6f
  Next_Pubkey.Gy = 0xfa9330609208131f62...7bdd6f44
[ STEP 254 ] Bit #003 = '1' → Using Private_Key_Odd
  Next_Pubkey.Gx = 0xf38532892962698d1b...e0407221
  Next_Pubkey.Gy = 0xe2063f6c576d013227...16c846f4
[ STEP 255 ] Bit #002 = '0' → Using Private_Key_Even
  Next_Pubkey.Gx = 0x35ff40d25e2c25b7f2...9d7412c7
  Next_Pubkey.Gy = 0x1f3846cecd3f363498...cc3bd8ae
[ STEP 256 ] Bit #001 = '1' → Using Private_Key_Odd
  Next_Pubkey.Gx = 0x8857ba902f31b0357f...3e7c9511
  Next_Pubkey.Gy = 0x7a9fd369557c076bb4...07f46d87
──────────────────────────────────────────────────────────────────────────────
[ RUN ] Scalar multiplication cycle COMPLETE.
[ RUN ] Press BIN to HEX to convert the accumulated bit sequence.
──────────────────────────────────────────────────────────────────────────────
Private Key Hexadecimal Format (64 characters [0-9A-F]):
BD7EE6DEDD34899438A288F6456C43DA28FC7E27DC93A4E69435AC8ED76C812A
──────────────────────────────────────────────────────────────────────────────
──────────────────────────────────────────────────────────────────────────────
Private Key WIF (uncompressed):
5KFjzfmPBb6HPVVKBgNZcn4Lsuf8gUvWDqfjdXnzoUNnj1ozZiA
Private Key WIF (compressed):
L3a4mY6tujUKLGjyG8nAxuskjhRJuGF9yfoyAEv287qAp78Hihyp
──────────────────────────────────────────────────────────────────────────────